<?xml version="1.0" encoding="UTF-8"?>
<testsuite name="com.table.order.domain.user.UserControllerTest" tests="2" skipped="0" failures="0" errors="0" timestamp="2021-06-29T10:47:28" hostname="ibeomjun-ui-MacBookPro.local" time="0.044">
  <properties/>
  <testcase name="user 회원 가입 테스트" classname="com.table.order.domain.user.UserControllerTest" time="0.022"/>
  <testcase name="로그인 테스트" classname="com.table.order.domain.user.UserControllerTest" time="0.021"/>
  <system-out><![CDATA[2021-06-29 19:47:28.128  INFO 71800 --- [    Test worker] .b.t.a.w.s.WebMvcTestContextBootstrapper : Neither @ContextConfiguration nor @ContextHierarchy found for test class [com.table.order.domain.user.UserControllerTest], using SpringBootContextLoader
2021-06-29 19:47:28.129  INFO 71800 --- [    Test worker] o.s.t.c.support.AbstractContextLoader    : Could not detect default resource locations for test class [com.table.order.domain.user.UserControllerTest]: no resource found for suffixes {-context.xml, Context.groovy}.
2021-06-29 19:47:28.129  INFO 71800 --- [    Test worker] t.c.s.AnnotationConfigContextLoaderUtils : Could not detect default configuration classes for test class [com.table.order.domain.user.UserControllerTest]: UserControllerTest does not declare any static, non-private, non-final, nested classes annotated with @Configuration.
2021-06-29 19:47:28.138  INFO 71800 --- [    Test worker] .b.t.c.SpringBootTestContextBootstrapper : Found @SpringBootConfiguration com.table.order.OrderApplication for test class com.table.order.domain.user.UserControllerTest
2021-06-29 19:47:28.139  INFO 71800 --- [    Test worker] .b.t.a.w.s.WebMvcTestContextBootstrapper : Loaded default TestExecutionListener class names from location [META-INF/spring.factories]: [org.springframework.security.test.context.support.WithSecurityContextTestExecutionListener, org.springframework.security.test.context.support.ReactorContextTestExecutionListener, org.springframework.boot.test.autoconfigure.restdocs.RestDocsTestExecutionListener, org.springframework.boot.test.autoconfigure.web.client.MockRestServiceServerResetTestExecutionListener, org.springframework.boot.test.autoconfigure.web.servlet.MockMvcPrintOnlyOnFailureTestExecutionListener, org.springframework.boot.test.autoconfigure.web.servlet.WebDriverTestExecutionListener, org.springframework.boot.test.autoconfigure.webservices.client.MockWebServiceServerTestExecutionListener, org.springframework.boot.test.mock.mockito.MockitoTestExecutionListener, org.springframework.boot.test.mock.mockito.ResetMocksTestExecutionListener, org.springframework.test.context.web.ServletTestExecutionListener, org.springframework.test.context.support.DirtiesContextBeforeModesTestExecutionListener, org.springframework.test.context.event.ApplicationEventsTestExecutionListener, org.springframework.test.context.support.DependencyInjectionTestExecutionListener, org.springframework.test.context.support.DirtiesContextTestExecutionListener, org.springframework.test.context.transaction.TransactionalTestExecutionListener, org.springframework.test.context.jdbc.SqlScriptsTestExecutionListener, org.springframework.test.context.event.EventPublishingTestExecutionListener]
2021-06-29 19:47:28.140  INFO 71800 --- [    Test worker] .b.t.a.w.s.WebMvcTestContextBootstrapper : Using TestExecutionListeners: [org.springframework.test.context.web.ServletTestExecutionListener@41271df6, org.springframework.test.context.support.DirtiesContextBeforeModesTestExecutionListener@304f6ead, org.springframework.test.context.event.ApplicationEventsTestExecutionListener@77714779, org.springframework.boot.test.mock.mockito.MockitoTestExecutionListener@67b9802e, org.springframework.boot.test.autoconfigure.SpringBootDependencyInjectionTestExecutionListener@1e88e982, org.springframework.test.context.support.DirtiesContextTestExecutionListener@55f9c6f8, org.springframework.test.context.transaction.TransactionalTestExecutionListener@284e19b1, org.springframework.test.context.jdbc.SqlScriptsTestExecutionListener@35d5466, org.springframework.security.test.context.support.WithSecurityContextTestExecutionListener@5a407976, org.springframework.test.context.event.EventPublishingTestExecutionListener@4195bac0, org.springframework.security.test.context.support.ReactorContextTestExecutionListener@194ea0d2, org.springframework.boot.test.autoconfigure.restdocs.RestDocsTestExecutionListener@70d939f9, org.springframework.boot.test.autoconfigure.web.client.MockRestServiceServerResetTestExecutionListener@290b755d, org.springframework.boot.test.autoconfigure.web.servlet.MockMvcPrintOnlyOnFailureTestExecutionListener@45a48906, org.springframework.boot.test.autoconfigure.web.servlet.WebDriverTestExecutionListener@2980e950, org.springframework.boot.test.autoconfigure.webservices.client.MockWebServiceServerTestExecutionListener@102f1b68, org.springframework.boot.test.mock.mockito.ResetMocksTestExecutionListener@62fc25ad]

  .   ____          _            __ _ _
 /\\ / ___'_ __ _ _(_)_ __  __ _ \ \ \ \
( ( )\___ | '_ | '_| | '_ \/ _` | \ \ \ \
 \\/  ___)| |_)| | | | | || (_| |  ) ) ) )
  '  |____| .__|_| |_|_| |_\__, | / / / /
 =========|_|==============|___/=/_/_/_/
 :: Spring Boot ::                (v2.4.5)

2021-06-29 19:47:28.157  INFO 71800 --- [    Test worker] c.t.o.domain.user.UserControllerTest     : Starting UserControllerTest using Java 11.0.10 on ibeomjun-ui-MacBookPro.local with PID 71800 (started by leebeomjun in /Users/leebeomjun/Desktop/git/TableOrder/backend)
2021-06-29 19:47:28.157  INFO 71800 --- [    Test worker] c.t.o.domain.user.UserControllerTest     : The following profiles are active: local
2021-06-29 19:47:28.318  INFO 71800 --- [    Test worker] trationDelegate$BeanPostProcessorChecker : Bean 'org.springframework.security.access.expression.method.DefaultMethodSecurityExpressionHandler@747554c6' of type [org.springframework.security.access.expression.method.DefaultMethodSecurityExpressionHandler] is not eligible for getting processed by all BeanPostProcessors (for example: not eligible for auto-proxying)
2021-06-29 19:47:28.324  INFO 71800 --- [    Test worker] trationDelegate$BeanPostProcessorChecker : Bean 'methodSecurityMetadataSource' of type [org.springframework.security.access.method.DelegatingMethodSecurityMetadataSource] is not eligible for getting processed by all BeanPostProcessors (for example: not eligible for auto-proxying)
2021-06-29 19:47:28.417  INFO 71800 --- [    Test worker] o.s.s.web.DefaultSecurityFilterChain     : Will secure Ant [pattern='/app/customers'] with []
2021-06-29 19:47:28.417  INFO 71800 --- [    Test worker] o.s.s.web.DefaultSecurityFilterChain     : Will secure Ant [pattern='/users/login'] with []
2021-06-29 19:47:28.417  INFO 71800 --- [    Test worker] o.s.s.web.DefaultSecurityFilterChain     : Will secure Ant [pattern='/users'] with []
2021-06-29 19:47:28.417  INFO 71800 --- [    Test worker] o.s.s.web.DefaultSecurityFilterChain     : Will secure Ant [pattern='/docs/**'] with []
2021-06-29 19:47:28.417  INFO 71800 --- [    Test worker] o.s.s.web.DefaultSecurityFilterChain     : Will secure Ant [pattern='/swagger-ui**'] with []
2021-06-29 19:47:28.451  INFO 71800 --- [    Test worker] o.s.s.web.DefaultSecurityFilterChain     : Will secure any request with [org.springframework.security.web.context.request.async.WebAsyncManagerIntegrationFilter@2ac5413a, org.springframework.security.web.context.SecurityContextPersistenceFilter@634a631a, org.springframework.security.web.header.HeaderWriterFilter@66440cda, org.springframework.security.web.authentication.logout.LogoutFilter@707c6ea6, com.table.order.global.security.filter.JwtFilter@11fde581, org.springframework.security.web.savedrequest.RequestCacheAwareFilter@7435cad1, org.springframework.security.web.servletapi.SecurityContextHolderAwareRequestFilter@32d13a51, org.springframework.security.web.authentication.AnonymousAuthenticationFilter@25efa6d5, org.springframework.security.web.session.SessionManagementFilter@3a490e91, org.springframework.security.web.access.ExceptionTranslationFilter@2ac7a5ff]
2021-06-29 19:47:28.521  INFO 71800 --- [    Test worker] o.s.s.concurrent.ThreadPoolTaskExecutor  : Initializing ExecutorService 'applicationTaskExecutor'
2021-06-29 19:47:28.642  INFO 71800 --- [    Test worker] o.s.b.t.m.w.SpringBootMockServletContext : Initializing Spring TestDispatcherServlet ''
2021-06-29 19:47:28.642  INFO 71800 --- [    Test worker] o.s.t.web.servlet.TestDispatcherServlet  : Initializing Servlet ''
2021-06-29 19:47:28.643  INFO 71800 --- [    Test worker] o.s.t.web.servlet.TestDispatcherServlet  : Completed initialization in 1 ms
2021-06-29 19:47:28.666  INFO 71800 --- [    Test worker] c.t.o.domain.user.UserControllerTest     : Started UserControllerTest in 0.524 seconds (JVM running for 7.815)

MockHttpServletRequest:
      HTTP Method = POST
      Request URI = /users
       Parameters = {}
          Headers = [Content-Type:"application/json;charset=UTF-8", Accept:"application/json", Content-Length:"121"]
             Body = {"username":"beomjun","password":"1234","name":"이범준","phoneNum":"01012345678","address":"서울시 강남구 0000"}
    Session Attrs = {}

Handler:
             Type = com.table.order.domain.user.controller.UserController
           Method = com.table.order.domain.user.controller.UserController#signUpUser(RequestSignUpUser)

Async:
    Async started = false
     Async result = null

Resolved Exception:
             Type = null

ModelAndView:
        View name = null
             View = null
            Model = null

FlashMap:
       Attributes = null

MockHttpServletResponse:
           Status = 201
    Error message = null
          Headers = [Content-Type:"application/json"]
     Content type = application/json
             Body = {"status":201,"message":"í]]>&#x9a;<![CDATA[]]>&#x8c;<![CDATA[ì]]>&#x9b;<![CDATA[]]>&#x90;<![CDATA[ ê°]]>&#x80;<![CDATA[ì]]>&#x9e;<![CDATA[ ì]]>&#x84;<![CDATA[±ê³µ","data":{"id":1,"username":"beomjun","name":"ì]]>&#x9d;<![CDATA[´ë²]]>&#x94;<![CDATA[ì¤]]>&#x80;<![CDATA[","phoneNum":"01012345678","address":"ì]]>&#x84;<![CDATA[]]>&#x9c;<![CDATA[ì]]>&#x9a;<![CDATA[¸ì]]>&#x8b;<![CDATA[]]>&#x9c;<![CDATA[ ê°]]>&#x95;<![CDATA[ë]]>&#x82;<![CDATA[¨êµ¬ 0000"}}
    Forwarded URL = null
   Redirected URL = null
          Cookies = []

MockHttpServletRequest:
      HTTP Method = POST
      Request URI = /users/login
       Parameters = {}
          Headers = [Content-Type:"application/json;charset=UTF-8", Accept:"application/json", Content-Length:"40"]
             Body = {"username":"beomjun","password":"1234"}
    Session Attrs = {}

Handler:
             Type = com.table.order.domain.user.controller.UserController
           Method = com.table.order.domain.user.controller.UserController#login(RequestLoginUser)

Async:
    Async started = false
     Async result = null

Resolved Exception:
             Type = null

ModelAndView:
        View name = null
             View = null
            Model = null

FlashMap:
       Attributes = null

MockHttpServletResponse:
           Status = 200
    Error message = null
          Headers = [Content-Type:"application/json"]
     Content type = application/json
             Body = {"status":200,"message":"ë¡]]>&#x9c;<![CDATA[ê·¸ì]]>&#x9d;<![CDATA[¸ ì]]>&#x84;<![CDATA[±ê³µ","accessToken":"(accessToken)","expiredAt":"2021-06-29T20:17:28.697311","refreshToken":"(refreshToken)"}
    Forwarded URL = null
   Redirected URL = null
          Cookies = []
]]></system-out>
  <system-err><![CDATA[]]></system-err>
</testsuite>
