<?xml version="1.0" encoding="UTF-8"?>
<testsuite name="com.table.order.domain.table.TableControllerTest" tests="3" skipped="0" failures="0" errors="0" timestamp="2021-09-28T11:54:14" hostname="ibeomjun-ui-MacBookPro.local" time="0.097">
  <properties/>
  <testcase name="테이블 추가 테스트" classname="com.table.order.domain.table.TableControllerTest" time="0.027"/>
  <testcase name="테이블 수정 테스트" classname="com.table.order.domain.table.TableControllerTest" time="0.021"/>
  <testcase name="테이블 전체 조회 테스트" classname="com.table.order.domain.table.TableControllerTest" time="0.047"/>
  <system-out><![CDATA[2021-09-28 20:54:14.088  INFO 69363 --- [    Test worker] .b.t.a.w.s.WebMvcTestContextBootstrapper : Neither @ContextConfiguration nor @ContextHierarchy found for test class [com.table.order.domain.table.TableControllerTest], using SpringBootContextLoader
2021-09-28 20:54:14.089  INFO 69363 --- [    Test worker] o.s.t.c.support.AbstractContextLoader    : Could not detect default resource locations for test class [com.table.order.domain.table.TableControllerTest]: no resource found for suffixes {-context.xml, Context.groovy}.
2021-09-28 20:54:14.089  INFO 69363 --- [    Test worker] t.c.s.AnnotationConfigContextLoaderUtils : Could not detect default configuration classes for test class [com.table.order.domain.table.TableControllerTest]: TableControllerTest does not declare any static, non-private, non-final, nested classes annotated with @Configuration.
2021-09-28 20:54:14.096  INFO 69363 --- [    Test worker] .b.t.c.SpringBootTestContextBootstrapper : Found @SpringBootConfiguration com.table.order.OrderApplication for test class com.table.order.domain.table.TableControllerTest
2021-09-28 20:54:14.097  INFO 69363 --- [    Test worker] .b.t.a.w.s.WebMvcTestContextBootstrapper : Loaded default TestExecutionListener class names from location [META-INF/spring.factories]: [org.springframework.security.test.context.support.WithSecurityContextTestExecutionListener, org.springframework.security.test.context.support.ReactorContextTestExecutionListener, org.springframework.boot.test.autoconfigure.restdocs.RestDocsTestExecutionListener, org.springframework.boot.test.autoconfigure.web.client.MockRestServiceServerResetTestExecutionListener, org.springframework.boot.test.autoconfigure.web.servlet.MockMvcPrintOnlyOnFailureTestExecutionListener, org.springframework.boot.test.autoconfigure.web.servlet.WebDriverTestExecutionListener, org.springframework.boot.test.autoconfigure.webservices.client.MockWebServiceServerTestExecutionListener, org.springframework.boot.test.mock.mockito.MockitoTestExecutionListener, org.springframework.boot.test.mock.mockito.ResetMocksTestExecutionListener, org.springframework.test.context.web.ServletTestExecutionListener, org.springframework.test.context.support.DirtiesContextBeforeModesTestExecutionListener, org.springframework.test.context.event.ApplicationEventsTestExecutionListener, org.springframework.test.context.support.DependencyInjectionTestExecutionListener, org.springframework.test.context.support.DirtiesContextTestExecutionListener, org.springframework.test.context.transaction.TransactionalTestExecutionListener, org.springframework.test.context.jdbc.SqlScriptsTestExecutionListener, org.springframework.test.context.event.EventPublishingTestExecutionListener]
2021-09-28 20:54:14.098  INFO 69363 --- [    Test worker] .b.t.a.w.s.WebMvcTestContextBootstrapper : Using TestExecutionListeners: [org.springframework.test.context.web.ServletTestExecutionListener@78d4a9b2, org.springframework.test.context.support.DirtiesContextBeforeModesTestExecutionListener@32e1cab2, org.springframework.test.context.event.ApplicationEventsTestExecutionListener@727c77bf, org.springframework.boot.test.mock.mockito.MockitoTestExecutionListener@186515fa, org.springframework.boot.test.autoconfigure.SpringBootDependencyInjectionTestExecutionListener@45a1a67d, org.springframework.test.context.support.DirtiesContextTestExecutionListener@79295021, org.springframework.test.context.transaction.TransactionalTestExecutionListener@68f90134, org.springframework.test.context.jdbc.SqlScriptsTestExecutionListener@58831314, org.springframework.security.test.context.support.WithSecurityContextTestExecutionListener@10d9c437, org.springframework.test.context.event.EventPublishingTestExecutionListener@23c22655, org.springframework.security.test.context.support.ReactorContextTestExecutionListener@31273b8, org.springframework.boot.test.autoconfigure.restdocs.RestDocsTestExecutionListener@4349db7d, org.springframework.boot.test.autoconfigure.web.client.MockRestServiceServerResetTestExecutionListener@1def575f, org.springframework.boot.test.autoconfigure.web.servlet.MockMvcPrintOnlyOnFailureTestExecutionListener@2f2d2a39, org.springframework.boot.test.autoconfigure.web.servlet.WebDriverTestExecutionListener@3f3213d7, org.springframework.boot.test.autoconfigure.webservices.client.MockWebServiceServerTestExecutionListener@32ada57f, org.springframework.boot.test.mock.mockito.ResetMocksTestExecutionListener@559f49da]

  .   ____          _            __ _ _
 /\\ / ___'_ __ _ _(_)_ __  __ _ \ \ \ \
( ( )\___ | '_ | '_| | '_ \/ _` | \ \ \ \
 \\/  ___)| |_)| | | | | || (_| |  ) ) ) )
  '  |____| .__|_| |_|_| |_\__, | / / / /
 =========|_|==============|___/=/_/_/_/
 :: Spring Boot ::                (v2.4.5)

2021-09-28 20:54:14.122  INFO 69363 --- [    Test worker] c.t.o.domain.table.TableControllerTest   : Starting TableControllerTest using Java 11.0.10 on ibeomjun-ui-MacBookPro.local with PID 69363 (started by leebeomjun in /Users/leebeomjun/Desktop/git/TableOrder/backend)
2021-09-28 20:54:14.122  INFO 69363 --- [    Test worker] c.t.o.domain.table.TableControllerTest   : The following profiles are active: real
2021-09-28 20:54:14.334  INFO 69363 --- [    Test worker] trationDelegate$BeanPostProcessorChecker : Bean 'org.springframework.security.access.expression.method.DefaultMethodSecurityExpressionHandler@1ef8105c' of type [org.springframework.security.access.expression.method.DefaultMethodSecurityExpressionHandler] is not eligible for getting processed by all BeanPostProcessors (for example: not eligible for auto-proxying)
2021-09-28 20:54:14.341  INFO 69363 --- [    Test worker] trationDelegate$BeanPostProcessorChecker : Bean 'methodSecurityMetadataSource' of type [org.springframework.security.access.method.DelegatingMethodSecurityMetadataSource] is not eligible for getting processed by all BeanPostProcessors (for example: not eligible for auto-proxying)
2021-09-28 20:54:14.463  INFO 69363 --- [    Test worker] o.s.s.web.DefaultSecurityFilterChain     : Will secure Ant [pattern='/app/customers', POST] with []
2021-09-28 20:54:14.464  INFO 69363 --- [    Test worker] o.s.s.web.DefaultSecurityFilterChain     : Will secure Ant [pattern='/users/login', POST] with []
2021-09-28 20:54:14.464  INFO 69363 --- [    Test worker] o.s.s.web.DefaultSecurityFilterChain     : Will secure Ant [pattern='/users', POST] with []
2021-09-28 20:54:14.464  INFO 69363 --- [    Test worker] o.s.s.web.DefaultSecurityFilterChain     : Will secure Ant [pattern='/app/customers/test', GET] with []
2021-09-28 20:54:14.464  INFO 69363 --- [    Test worker] o.s.s.web.DefaultSecurityFilterChain     : Will secure Ant [pattern='/docs/**'] with []
2021-09-28 20:54:14.464  INFO 69363 --- [    Test worker] o.s.s.web.DefaultSecurityFilterChain     : Will secure Ant [pattern='/swagger-ui**'] with []
2021-09-28 20:54:14.514  INFO 69363 --- [    Test worker] o.s.s.web.DefaultSecurityFilterChain     : Will secure any request with [org.springframework.security.web.context.request.async.WebAsyncManagerIntegrationFilter@748f8791, org.springframework.security.web.context.SecurityContextPersistenceFilter@7bd551f2, org.springframework.security.web.header.HeaderWriterFilter@31c1224c, org.springframework.web.filter.CorsFilter@5098ad62, org.springframework.security.web.authentication.logout.LogoutFilter@10472cef, com.table.order.global.security.filter.JwtFilter@7991d3ca, org.springframework.security.web.savedrequest.RequestCacheAwareFilter@4f66f73b, org.springframework.security.web.servletapi.SecurityContextHolderAwareRequestFilter@770d7fd9, org.springframework.security.web.authentication.AnonymousAuthenticationFilter@17e80d4d, org.springframework.security.web.session.SessionManagementFilter@563c0974, org.springframework.security.web.access.ExceptionTranslationFilter@e37461d]
2021-09-28 20:54:14.599  INFO 69363 --- [    Test worker] o.s.s.concurrent.ThreadPoolTaskExecutor  : Initializing ExecutorService 'applicationTaskExecutor'
2021-09-28 20:54:14.739  INFO 69363 --- [    Test worker] o.s.b.t.m.w.SpringBootMockServletContext : Initializing Spring TestDispatcherServlet ''
2021-09-28 20:54:14.739  INFO 69363 --- [    Test worker] o.s.t.web.servlet.TestDispatcherServlet  : Initializing Servlet ''
2021-09-28 20:54:14.740  INFO 69363 --- [    Test worker] o.s.t.web.servlet.TestDispatcherServlet  : Completed initialization in 1 ms
2021-09-28 20:54:14.754  INFO 69363 --- [    Test worker] c.t.o.domain.table.TableControllerTest   : Started TableControllerTest in 0.653 seconds (JVM running for 9.932)
2021-09-28 20:54:14.760  INFO 69363 --- [    Test worker] c.t.o.global.security.filter.JwtFilter   : (accessToken) 추출 완료
2021-09-28 20:54:14.760  INFO 69363 --- [    Test worker] c.t.o.global.security.filter.JwtFilter   : UsernamePasswordAuthenticationToken [Principal=test, Credentials=[PROTECTED], Authenticated=true, Details=null, Granted Authorities=[ROLE_USER]] Authentication 생성

MockHttpServletRequest:
      HTTP Method = POST
      Request URI = /tables
       Parameters = {}
          Headers = [Content-Type:"application/json;charset=UTF-8", Authorization:"Bearer (accessToken)", Accept:"application/json", Content-Length:"41"]
             Body = {"name":"테이블 1","numberOfPeople":5}
    Session Attrs = {}

Handler:
             Type = com.table.order.domain.table.controller.TableController
           Method = com.table.order.domain.table.controller.TableController#addTable(RequestAddTable, Authentication)

Async:
    Async started = false
     Async result = null

Resolved Exception:
             Type = null

ModelAndView:
        View name = null
             View = null
            Model = null

FlashMap:
       Attributes = null

MockHttpServletResponse:
           Status = 201
    Error message = null
          Headers = [Vary:"Origin", "Access-Control-Request-Method", "Access-Control-Request-Headers", Content-Type:"application/json", X-Content-Type-Options:"nosniff", X-XSS-Protection:"1; mode=block", Cache-Control:"no-cache, no-store, max-age=0, must-revalidate", Pragma:"no-cache", Expires:"0", X-Frame-Options:"DENY"]
     Content type = application/json
             Body = {"status":201,"message":"í]]>&#x8c;<![CDATA[ì]]>&#x9d;<![CDATA[´ë¸]]>&#x94;<![CDATA[ ì¶]]>&#x94;<![CDATA[ê°]]>&#x80;<![CDATA[ ì]]>&#x84;<![CDATA[±ê³µ","data":{"id":1,"name":"í]]>&#x8c;<![CDATA[ì]]>&#x9d;<![CDATA[´ë¸]]>&#x94;<![CDATA[ 1","numberOfPeople":5,"totalPrice":10000,"tableStatus":"OPEN","orders":null}}
    Forwarded URL = null
   Redirected URL = null
          Cookies = []
2021-09-28 20:54:14.787  INFO 69363 --- [    Test worker] c.t.o.global.security.filter.JwtFilter   : (accessToken) 추출 완료
2021-09-28 20:54:14.788  INFO 69363 --- [    Test worker] c.t.o.global.security.filter.JwtFilter   : UsernamePasswordAuthenticationToken [Principal=test, Credentials=[PROTECTED], Authenticated=true, Details=null, Granted Authorities=[ROLE_USER]] Authentication 생성

MockHttpServletRequest:
      HTTP Method = PUT
      Request URI = /tables/1
       Parameters = {}
          Headers = [Content-Type:"application/json;charset=UTF-8", Authorization:"Bearer (accessToken)", Accept:"application/json", Content-Length:"52"]
             Body = {"name":"수정된 테이블명","numberOfPeople":5}
    Session Attrs = {}

Handler:
             Type = com.table.order.domain.table.controller.TableController
           Method = com.table.order.domain.table.controller.TableController#updateTable(Long, RequestUpdateTable, Authentication)

Async:
    Async started = false
     Async result = null

Resolved Exception:
             Type = null

ModelAndView:
        View name = null
             View = null
            Model = null

FlashMap:
       Attributes = null

MockHttpServletResponse:
           Status = 200
    Error message = null
          Headers = [Vary:"Origin", "Access-Control-Request-Method", "Access-Control-Request-Headers", Content-Type:"application/json", X-Content-Type-Options:"nosniff", X-XSS-Protection:"1; mode=block", Cache-Control:"no-cache, no-store, max-age=0, must-revalidate", Pragma:"no-cache", Expires:"0", X-Frame-Options:"DENY"]
     Content type = application/json
             Body = {"status":200,"message":"í]]>&#x8c;<![CDATA[ì]]>&#x9d;<![CDATA[´ë¸]]>&#x94;<![CDATA[ ì]]>&#x88;<![CDATA[]]>&#x98;<![CDATA[ì ]]>&#x95;<![CDATA[ ì]]>&#x84;<![CDATA[±ê³µ"}
    Forwarded URL = null
   Redirected URL = null
          Cookies = []
2021-09-28 20:54:14.809  INFO 69363 --- [    Test worker] c.t.o.global.security.filter.JwtFilter   : (accessToken) 추출 완료
2021-09-28 20:54:14.809  INFO 69363 --- [    Test worker] c.t.o.global.security.filter.JwtFilter   : UsernamePasswordAuthenticationToken [Principal=test, Credentials=[PROTECTED], Authenticated=true, Details=null, Granted Authorities=[ROLE_USER]] Authentication 생성

MockHttpServletRequest:
      HTTP Method = GET
      Request URI = /tables
       Parameters = {page=[0], size=[10]}
          Headers = [Content-Type:"application/json;charset=UTF-8", Authorization:"Bearer (accessToken)", Accept:"application/json"]
             Body = null
    Session Attrs = {}

Handler:
             Type = com.table.order.domain.table.controller.TableController
           Method = com.table.order.domain.table.controller.TableController#findTables(Pageable, Authentication)

Async:
    Async started = false
     Async result = null

Resolved Exception:
             Type = null

ModelAndView:
        View name = null
             View = null
            Model = null

FlashMap:
       Attributes = null

MockHttpServletResponse:
           Status = 200
    Error message = null
          Headers = [Vary:"Origin", "Access-Control-Request-Method", "Access-Control-Request-Headers", Content-Type:"application/json", X-Content-Type-Options:"nosniff", X-XSS-Protection:"1; mode=block", Cache-Control:"no-cache, no-store, max-age=0, must-revalidate", Pragma:"no-cache", Expires:"0", X-Frame-Options:"DENY"]
     Content type = application/json
             Body = {"status":200,"message":"í]]>&#x8c;<![CDATA[ì]]>&#x9d;<![CDATA[´ë¸]]>&#x94;<![CDATA[ ê²]]>&#x80;<![CDATA[ì]]>&#x83;<![CDATA[]]>&#x89;<![CDATA[ ì]]>&#x84;<![CDATA[±ê³µ","data":{"content":[{"id":1,"name":"í]]>&#x8c;<![CDATA[ì]]>&#x9d;<![CDATA[´ë¸]]>&#x94;<![CDATA[ 1","numberOfPeople":5,"totalPrice":15000,"tableStatus":"OPEN","orders":[{"id":1,"name":"ì]]>&#x9d;<![CDATA[]]>&#x8c;<![CDATA[ì]]>&#x8b;<![CDATA[]]>&#x9d;<![CDATA[1","orderPrice":5000,"count":1,"request":"ì]]>&#x9e;<![CDATA[]]>&#x98;<![CDATA[ë¶]]>&#x80;<![CDATA[í]]>&#x83;<![CDATA[]]>&#x81;<![CDATA[ë]]>&#x93;<![CDATA[]]>&#x9c;<![CDATA[ë¦½ë]]>&#x8b;<![CDATA[]]>&#x88;<![CDATA[ë]]>&#x8b;<![CDATA[¤","orderStatus":"ORDER"},{"id":2,"name":"ì]]>&#x9d;<![CDATA[]]>&#x8c;<![CDATA[ì]]>&#x8b;<![CDATA[]]>&#x9d;<![CDATA[2","orderPrice":10000,"count":2,"request":"ì]]>&#x9e;<![CDATA[]]>&#x98;<![CDATA[ë¶]]>&#x80;<![CDATA[í]]>&#x83;<![CDATA[]]>&#x81;<![CDATA[ë]]>&#x93;<![CDATA[]]>&#x9c;<![CDATA[ë¦½ë]]>&#x8b;<![CDATA[]]>&#x88;<![CDATA[ë]]>&#x8b;<![CDATA[¤","orderStatus":"ORDER"}]},{"id":1,"name":"í]]>&#x8c;<![CDATA[ì]]>&#x9d;<![CDATA[´ë¸]]>&#x94;<![CDATA[ 1","numberOfPeople":5,"totalPrice":15000,"tableStatus":"OPEN","orders":[{"id":1,"name":"ì]]>&#x9d;<![CDATA[]]>&#x8c;<![CDATA[ì]]>&#x8b;<![CDATA[]]>&#x9d;<![CDATA[1","orderPrice":5000,"count":1,"request":"ì]]>&#x9e;<![CDATA[]]>&#x98;<![CDATA[ë¶]]>&#x80;<![CDATA[í]]>&#x83;<![CDATA[]]>&#x81;<![CDATA[ë]]>&#x93;<![CDATA[]]>&#x9c;<![CDATA[ë¦½ë]]>&#x8b;<![CDATA[]]>&#x88;<![CDATA[ë]]>&#x8b;<![CDATA[¤","orderStatus":"ORDER"},{"id":2,"name":"ì]]>&#x9d;<![CDATA[]]>&#x8c;<![CDATA[ì]]>&#x8b;<![CDATA[]]>&#x9d;<![CDATA[2","orderPrice":10000,"count":2,"request":"ì]]>&#x9e;<![CDATA[]]>&#x98;<![CDATA[ë¶]]>&#x80;<![CDATA[í]]>&#x83;<![CDATA[]]>&#x81;<![CDATA[ë]]>&#x93;<![CDATA[]]>&#x9c;<![CDATA[ë¦½ë]]>&#x8b;<![CDATA[]]>&#x88;<![CDATA[ë]]>&#x8b;<![CDATA[¤","orderStatus":"ORDER"}]}],"pageable":{"sort":{"sorted":false,"unsorted":true,"empty":true},"offset":0,"pageNumber":0,"pageSize":10,"unpaged":false,"paged":true},"totalPages":1,"totalElements":2,"last":true,"number":0,"size":10,"numberOfElements":2,"first":true,"sort":{"sorted":false,"unsorted":true,"empty":true},"empty":false}}
    Forwarded URL = null
   Redirected URL = null
          Cookies = []
]]></system-out>
  <system-err><![CDATA[]]></system-err>
</testsuite>
