<?xml version="1.0" encoding="UTF-8"?>
<testsuite name="com.table.order.domain.user.controller.UserControllerTest" tests="2" skipped="0" failures="0" errors="0" timestamp="2021-06-09T16:53:30" hostname="ibeomjun-ui-MacBookPro.local" time="0.299">
  <properties/>
  <testcase name="user 회원 가입 테스트" classname="com.table.order.domain.user.controller.UserControllerTest" time="0.259"/>
  <testcase name="로그인 테스트" classname="com.table.order.domain.user.controller.UserControllerTest" time="0.038"/>
  <system-out><![CDATA[2021-06-10 01:53:29.352  INFO 51766 --- [    Test worker] .b.t.a.w.s.WebMvcTestContextBootstrapper : Neither @ContextConfiguration nor @ContextHierarchy found for test class [com.table.order.domain.user.controller.UserControllerTest], using SpringBootContextLoader
2021-06-10 01:53:29.353  INFO 51766 --- [    Test worker] o.s.t.c.support.AbstractContextLoader    : Could not detect default resource locations for test class [com.table.order.domain.user.controller.UserControllerTest]: no resource found for suffixes {-context.xml, Context.groovy}.
2021-06-10 01:53:29.353  INFO 51766 --- [    Test worker] t.c.s.AnnotationConfigContextLoaderUtils : Could not detect default configuration classes for test class [com.table.order.domain.user.controller.UserControllerTest]: UserControllerTest does not declare any static, non-private, non-final, nested classes annotated with @Configuration.
2021-06-10 01:53:29.373  INFO 51766 --- [    Test worker] .b.t.c.SpringBootTestContextBootstrapper : Found @SpringBootConfiguration com.table.order.OrderApplication for test class com.table.order.domain.user.controller.UserControllerTest
2021-06-10 01:53:29.374  INFO 51766 --- [    Test worker] .b.t.a.w.s.WebMvcTestContextBootstrapper : Loaded default TestExecutionListener class names from location [META-INF/spring.factories]: [org.springframework.security.test.context.support.WithSecurityContextTestExecutionListener, org.springframework.security.test.context.support.ReactorContextTestExecutionListener, org.springframework.boot.test.autoconfigure.restdocs.RestDocsTestExecutionListener, org.springframework.boot.test.autoconfigure.web.client.MockRestServiceServerResetTestExecutionListener, org.springframework.boot.test.autoconfigure.web.servlet.MockMvcPrintOnlyOnFailureTestExecutionListener, org.springframework.boot.test.autoconfigure.web.servlet.WebDriverTestExecutionListener, org.springframework.boot.test.autoconfigure.webservices.client.MockWebServiceServerTestExecutionListener, org.springframework.boot.test.mock.mockito.MockitoTestExecutionListener, org.springframework.boot.test.mock.mockito.ResetMocksTestExecutionListener, org.springframework.test.context.web.ServletTestExecutionListener, org.springframework.test.context.support.DirtiesContextBeforeModesTestExecutionListener, org.springframework.test.context.event.ApplicationEventsTestExecutionListener, org.springframework.test.context.support.DependencyInjectionTestExecutionListener, org.springframework.test.context.support.DirtiesContextTestExecutionListener, org.springframework.test.context.transaction.TransactionalTestExecutionListener, org.springframework.test.context.jdbc.SqlScriptsTestExecutionListener, org.springframework.test.context.event.EventPublishingTestExecutionListener]
2021-06-10 01:53:29.374  INFO 51766 --- [    Test worker] .b.t.a.w.s.WebMvcTestContextBootstrapper : Using TestExecutionListeners: [org.springframework.test.context.web.ServletTestExecutionListener@2a76d0ca, org.springframework.test.context.support.DirtiesContextBeforeModesTestExecutionListener@d41b6fc, org.springframework.test.context.event.ApplicationEventsTestExecutionListener@1b53d77b, org.springframework.boot.test.mock.mockito.MockitoTestExecutionListener@383055a5, org.springframework.boot.test.autoconfigure.SpringBootDependencyInjectionTestExecutionListener@24dc22e9, org.springframework.test.context.support.DirtiesContextTestExecutionListener@24aa86d8, org.springframework.test.context.transaction.TransactionalTestExecutionListener@21c77539, org.springframework.test.context.jdbc.SqlScriptsTestExecutionListener@1be091d9, org.springframework.security.test.context.support.WithSecurityContextTestExecutionListener@5eee2326, org.springframework.test.context.event.EventPublishingTestExecutionListener@2e82f265, org.springframework.security.test.context.support.ReactorContextTestExecutionListener@34f63431, org.springframework.boot.test.autoconfigure.restdocs.RestDocsTestExecutionListener@2b07152f, org.springframework.boot.test.autoconfigure.web.client.MockRestServiceServerResetTestExecutionListener@4dff47a, org.springframework.boot.test.autoconfigure.web.servlet.MockMvcPrintOnlyOnFailureTestExecutionListener@3d773f5e, org.springframework.boot.test.autoconfigure.web.servlet.WebDriverTestExecutionListener@3825c37d, org.springframework.boot.test.autoconfigure.webservices.client.MockWebServiceServerTestExecutionListener@2b98173b, org.springframework.boot.test.mock.mockito.ResetMocksTestExecutionListener@501f5a16]

  .   ____          _            __ _ _
 /\\ / ___'_ __ _ _(_)_ __  __ _ \ \ \ \
( ( )\___ | '_ | '_| | '_ \/ _` | \ \ \ \
 \\/  ___)| |_)| | | | | || (_| |  ) ) ) )
  '  |____| .__|_| |_|_| |_\__, | / / / /
 =========|_|==============|___/=/_/_/_/
 :: Spring Boot ::                (v2.4.5)

2021-06-10 01:53:29.402  INFO 51766 --- [    Test worker] c.t.o.d.u.controller.UserControllerTest  : Starting UserControllerTest using Java 11.0.10 on ibeomjun-ui-MacBookPro.local with PID 51766 (started by leebeomjun in /Users/leebeomjun/Desktop/git/TableOrder/backend)
2021-06-10 01:53:29.402  INFO 51766 --- [    Test worker] c.t.o.d.u.controller.UserControllerTest  : The following profiles are active: local
2021-06-10 01:53:29.689  INFO 51766 --- [    Test worker] trationDelegate$BeanPostProcessorChecker : Bean 'org.springframework.security.access.expression.method.DefaultMethodSecurityExpressionHandler@7fed01c8' of type [org.springframework.security.access.expression.method.DefaultMethodSecurityExpressionHandler] is not eligible for getting processed by all BeanPostProcessors (for example: not eligible for auto-proxying)
2021-06-10 01:53:29.696  INFO 51766 --- [    Test worker] trationDelegate$BeanPostProcessorChecker : Bean 'methodSecurityMetadataSource' of type [org.springframework.security.access.method.DelegatingMethodSecurityMetadataSource] is not eligible for getting processed by all BeanPostProcessors (for example: not eligible for auto-proxying)
2021-06-10 01:53:29.812  INFO 51766 --- [    Test worker] o.s.s.web.DefaultSecurityFilterChain     : Will secure Ant [pattern='/**'] with []
2021-06-10 01:53:29.812  INFO 51766 --- [    Test worker] o.s.s.web.DefaultSecurityFilterChain     : Will secure Ant [pattern='/docs/**'] with []
2021-06-10 01:53:29.812  INFO 51766 --- [    Test worker] o.s.s.web.DefaultSecurityFilterChain     : Will secure Ant [pattern='/swagger-ui**'] with []
2021-06-10 01:53:29.851  INFO 51766 --- [    Test worker] o.s.s.web.DefaultSecurityFilterChain     : Will secure any request with [org.springframework.security.web.context.request.async.WebAsyncManagerIntegrationFilter@78cde1f5, org.springframework.security.web.context.SecurityContextPersistenceFilter@39dde405, org.springframework.security.web.header.HeaderWriterFilter@2b16fcda, org.springframework.security.web.authentication.logout.LogoutFilter@105412e5, com.table.order.global.security.filter.JwtFilter@6a6356da, org.springframework.security.web.savedrequest.RequestCacheAwareFilter@4675c08a, org.springframework.security.web.servletapi.SecurityContextHolderAwareRequestFilter@5a9914b2, org.springframework.security.web.authentication.AnonymousAuthenticationFilter@55fc5846, org.springframework.security.web.session.SessionManagementFilter@798caecc, org.springframework.security.web.access.ExceptionTranslationFilter@5075f440]
2021-06-10 01:53:30.064  INFO 51766 --- [    Test worker] o.s.s.concurrent.ThreadPoolTaskExecutor  : Initializing ExecutorService 'applicationTaskExecutor'
2021-06-10 01:53:30.438  INFO 51766 --- [    Test worker] o.s.b.t.m.w.SpringBootMockServletContext : Initializing Spring TestDispatcherServlet ''
2021-06-10 01:53:30.438  INFO 51766 --- [    Test worker] o.s.t.web.servlet.TestDispatcherServlet  : Initializing Servlet ''
2021-06-10 01:53:30.439  INFO 51766 --- [    Test worker] o.s.t.web.servlet.TestDispatcherServlet  : Completed initialization in 1 ms
2021-06-10 01:53:30.462  INFO 51766 --- [    Test worker] c.t.o.d.u.controller.UserControllerTest  : Started UserControllerTest in 1.084 seconds (JVM running for 6.395)

MockHttpServletRequest:
      HTTP Method = POST
      Request URI = /users
       Parameters = {}
          Headers = [Content-Type:"application/json;charset=UTF-8", Accept:"application/json", Content-Length:"121"]
             Body = {"username":"beomjun","password":"1234","name":"이범준","phoneNum":"01012345678","address":"서울시 강남구 0000"}
    Session Attrs = {}

Handler:
             Type = com.table.order.domain.user.controller.UserController
           Method = com.table.order.domain.user.controller.UserController#signUpUser(RequestSignUpUser)

Async:
    Async started = false
     Async result = null

Resolved Exception:
             Type = null

ModelAndView:
        View name = null
             View = null
            Model = null

FlashMap:
       Attributes = null

MockHttpServletResponse:
           Status = 201
    Error message = null
          Headers = [Content-Type:"application/json"]
     Content type = application/json
             Body = {"status":201,"message":"í]]>&#x9a;<![CDATA[]]>&#x8c;<![CDATA[ì]]>&#x9b;<![CDATA[]]>&#x90;<![CDATA[ ê°]]>&#x80;<![CDATA[ì]]>&#x9e;<![CDATA[ ì]]>&#x84;<![CDATA[±ê³µ","data":{"id":1,"username":"beomjun","name":"ì]]>&#x9d;<![CDATA[´ë²]]>&#x94;<![CDATA[ì¤]]>&#x80;<![CDATA[","phoneNum":"01012345678","address":"ì]]>&#x84;<![CDATA[]]>&#x9c;<![CDATA[ì]]>&#x9a;<![CDATA[¸ì]]>&#x8b;<![CDATA[]]>&#x9c;<![CDATA[ ê°]]>&#x95;<![CDATA[ë]]>&#x82;<![CDATA[¨êµ¬ 0000"}}
    Forwarded URL = null
   Redirected URL = null
          Cookies = []

MockHttpServletRequest:
      HTTP Method = POST
      Request URI = /users/login
       Parameters = {}
          Headers = [Content-Type:"application/json;charset=UTF-8", Accept:"application/json", Content-Length:"40"]
             Body = {"username":"beomjun","password":"1234"}
    Session Attrs = {}

Handler:
             Type = com.table.order.domain.user.controller.UserController
           Method = com.table.order.domain.user.controller.UserController#login(RequestLoginUser)

Async:
    Async started = false
     Async result = null

Resolved Exception:
             Type = null

ModelAndView:
        View name = null
             View = null
            Model = null

FlashMap:
       Attributes = null

MockHttpServletResponse:
           Status = 200
    Error message = null
          Headers = [Content-Type:"application/json"]
     Content type = application/json
             Body = {"status":200,"message":"ë¡]]>&#x9c;<![CDATA[ê·¸ì]]>&#x9d;<![CDATA[¸ ì]]>&#x84;<![CDATA[±ê³µ","accessToken":"(accessToken)","expiredAt":"2021-06-10T02:23:30.735344","refreshToken":"(refreshToken)"}
    Forwarded URL = null
   Redirected URL = null
          Cookies = []
]]></system-out>
  <system-err><![CDATA[]]></system-err>
</testsuite>
