<?xml version="1.0" encoding="UTF-8"?>
<testsuite name="com.table.order.OrderApplicationTests" tests="1" skipped="0" failures="0" errors="0" timestamp="2021-06-29T10:26:34" hostname="ibeomjun-ui-MacBookPro.local" time="0.003">
  <properties/>
  <testcase name="contextLoads()" classname="com.table.order.OrderApplicationTests" time="0.003"/>
  <system-out><![CDATA[2021-06-29 19:26:31.262  INFO 69419 --- [    Test worker] .b.t.c.SpringBootTestContextBootstrapper : Neither @ContextConfiguration nor @ContextHierarchy found for test class [com.table.order.OrderApplicationTests], using SpringBootContextLoader
2021-06-29 19:26:31.263  INFO 69419 --- [    Test worker] o.s.t.c.support.AbstractContextLoader    : Could not detect default resource locations for test class [com.table.order.OrderApplicationTests]: no resource found for suffixes {-context.xml, Context.groovy}.
2021-06-29 19:26:31.263  INFO 69419 --- [    Test worker] t.c.s.AnnotationConfigContextLoaderUtils : Could not detect default configuration classes for test class [com.table.order.OrderApplicationTests]: OrderApplicationTests does not declare any static, non-private, non-final, nested classes annotated with @Configuration.
2021-06-29 19:26:31.268  INFO 69419 --- [    Test worker] .b.t.c.SpringBootTestContextBootstrapper : Found @SpringBootConfiguration com.table.order.OrderApplication for test class com.table.order.OrderApplicationTests
2021-06-29 19:26:31.274  INFO 69419 --- [    Test worker] .b.t.c.SpringBootTestContextBootstrapper : Loaded default TestExecutionListener class names from location [META-INF/spring.factories]: [org.springframework.security.test.context.support.WithSecurityContextTestExecutionListener, org.springframework.security.test.context.support.ReactorContextTestExecutionListener, org.springframework.boot.test.autoconfigure.restdocs.RestDocsTestExecutionListener, org.springframework.boot.test.autoconfigure.web.client.MockRestServiceServerResetTestExecutionListener, org.springframework.boot.test.autoconfigure.web.servlet.MockMvcPrintOnlyOnFailureTestExecutionListener, org.springframework.boot.test.autoconfigure.web.servlet.WebDriverTestExecutionListener, org.springframework.boot.test.autoconfigure.webservices.client.MockWebServiceServerTestExecutionListener, org.springframework.boot.test.mock.mockito.MockitoTestExecutionListener, org.springframework.boot.test.mock.mockito.ResetMocksTestExecutionListener, org.springframework.test.context.web.ServletTestExecutionListener, org.springframework.test.context.support.DirtiesContextBeforeModesTestExecutionListener, org.springframework.test.context.event.ApplicationEventsTestExecutionListener, org.springframework.test.context.support.DependencyInjectionTestExecutionListener, org.springframework.test.context.support.DirtiesContextTestExecutionListener, org.springframework.test.context.transaction.TransactionalTestExecutionListener, org.springframework.test.context.jdbc.SqlScriptsTestExecutionListener, org.springframework.test.context.event.EventPublishingTestExecutionListener]
2021-06-29 19:26:31.274  INFO 69419 --- [    Test worker] .b.t.c.SpringBootTestContextBootstrapper : Using TestExecutionListeners: [org.springframework.test.context.web.ServletTestExecutionListener@10b18315, org.springframework.test.context.support.DirtiesContextBeforeModesTestExecutionListener@24af771b, org.springframework.test.context.event.ApplicationEventsTestExecutionListener@7c2752cc, org.springframework.boot.test.mock.mockito.MockitoTestExecutionListener@1117ed51, org.springframework.boot.test.autoconfigure.SpringBootDependencyInjectionTestExecutionListener@d227d4d, org.springframework.test.context.support.DirtiesContextTestExecutionListener@526ac45d, org.springframework.test.context.transaction.TransactionalTestExecutionListener@149d4dee, org.springframework.test.context.jdbc.SqlScriptsTestExecutionListener@3ace5749, org.springframework.security.test.context.support.WithSecurityContextTestExecutionListener@24188d48, org.springframework.test.context.event.EventPublishingTestExecutionListener@2054edba, org.springframework.security.test.context.support.ReactorContextTestExecutionListener@5e582663, org.springframework.boot.test.autoconfigure.restdocs.RestDocsTestExecutionListener@166456fe, org.springframework.boot.test.autoconfigure.web.client.MockRestServiceServerResetTestExecutionListener@76f6fbb7, org.springframework.boot.test.autoconfigure.web.servlet.MockMvcPrintOnlyOnFailureTestExecutionListener@7148f1ee, org.springframework.boot.test.autoconfigure.web.servlet.WebDriverTestExecutionListener@6e3cba9a, org.springframework.boot.test.autoconfigure.webservices.client.MockWebServiceServerTestExecutionListener@5a5bd205, org.springframework.boot.test.mock.mockito.ResetMocksTestExecutionListener@1bb1b1ba]

  .   ____          _            __ _ _
 /\\ / ___'_ __ _ _(_)_ __  __ _ \ \ \ \
( ( )\___ | '_ | '_| | '_ \/ _` | \ \ \ \
 \\/  ___)| |_)| | | | | || (_| |  ) ) ) )
  '  |____| .__|_| |_|_| |_\__, | / / / /
 =========|_|==============|___/=/_/_/_/
 :: Spring Boot ::                (v2.4.5)

2021-06-29 19:26:31.303  INFO 69419 --- [    Test worker] com.table.order.OrderApplicationTests    : Starting OrderApplicationTests using Java 11.0.10 on ibeomjun-ui-MacBookPro.local with PID 69419 (started by leebeomjun in /Users/leebeomjun/Desktop/git/TableOrder/backend)
2021-06-29 19:26:31.303  INFO 69419 --- [    Test worker] com.table.order.OrderApplicationTests    : The following profiles are active: local
2021-06-29 19:26:31.649  INFO 69419 --- [    Test worker] .s.d.r.c.RepositoryConfigurationDelegate : Bootstrapping Spring Data JPA repositories in DEFAULT mode.
2021-06-29 19:26:31.739  INFO 69419 --- [    Test worker] .s.d.r.c.RepositoryConfigurationDelegate : Finished Spring Data repository scanning in 83 ms. Found 8 JPA repository interfaces.
2021-06-29 19:26:31.924  INFO 69419 --- [    Test worker] trationDelegate$BeanPostProcessorChecker : Bean 'org.springframework.security.access.expression.method.DefaultMethodSecurityExpressionHandler@75cc9d7d' of type [org.springframework.security.access.expression.method.DefaultMethodSecurityExpressionHandler] is not eligible for getting processed by all BeanPostProcessors (for example: not eligible for auto-proxying)
2021-06-29 19:26:31.930  INFO 69419 --- [    Test worker] trationDelegate$BeanPostProcessorChecker : Bean 'methodSecurityMetadataSource' of type [org.springframework.security.access.method.DelegatingMethodSecurityMetadataSource] is not eligible for getting processed by all BeanPostProcessors (for example: not eligible for auto-proxying)
2021-06-29 19:26:32.094  INFO 69419 --- [    Test worker] o.hibernate.jpa.internal.util.LogHelper  : HHH000204: Processing PersistenceUnitInfo [name: default]
2021-06-29 19:26:32.155  INFO 69419 --- [    Test worker] org.hibernate.Version                    : HHH000412: Hibernate ORM core version 5.4.30.Final
2021-06-29 19:26:32.210  INFO 69419 --- [    Test worker] o.hibernate.annotations.common.Version   : HCANN000001: Hibernate Commons Annotations {5.1.2.Final}
2021-06-29 19:26:32.310  INFO 69419 --- [    Test worker] com.zaxxer.hikari.HikariDataSource       : HikariPool-1 - Starting...
2021-06-29 19:26:32.383  INFO 69419 --- [    Test worker] com.zaxxer.hikari.HikariDataSource       : HikariPool-1 - Start completed.
2021-06-29 19:26:32.417  INFO 69419 --- [    Test worker] org.hibernate.dialect.Dialect            : HHH000400: Using dialect: org.hibernate.dialect.H2Dialect
2021-06-29 19:26:33.027  INFO 69419 --- [    Test worker] o.h.e.t.j.p.i.JtaPlatformInitiator       : HHH000490: Using JtaPlatform implementation: [org.hibernate.engine.transaction.jta.platform.internal.NoJtaPlatform]
2021-06-29 19:26:33.034  INFO 69419 --- [    Test worker] j.LocalContainerEntityManagerFactoryBean : Initialized JPA EntityManagerFactory for persistence unit 'default'
2021-06-29 19:26:33.669  WARN 69419 --- [    Test worker] JpaBaseConfiguration$JpaWebConfiguration : spring.jpa.open-in-view is enabled by default. Therefore, database queries may be performed during view rendering. Explicitly configure spring.jpa.open-in-view to disable this warning
2021-06-29 19:26:33.737  INFO 69419 --- [    Test worker] o.s.s.web.DefaultSecurityFilterChain     : Will secure Ant [pattern='/app/customers'] with []
2021-06-29 19:26:33.737  INFO 69419 --- [    Test worker] o.s.s.web.DefaultSecurityFilterChain     : Will secure Ant [pattern='/users/login'] with []
2021-06-29 19:26:33.737  INFO 69419 --- [    Test worker] o.s.s.web.DefaultSecurityFilterChain     : Will secure Ant [pattern='/users'] with []
2021-06-29 19:26:33.737  INFO 69419 --- [    Test worker] o.s.s.web.DefaultSecurityFilterChain     : Will secure Ant [pattern='/docs/**'] with []
2021-06-29 19:26:33.737  INFO 69419 --- [    Test worker] o.s.s.web.DefaultSecurityFilterChain     : Will secure Ant [pattern='/swagger-ui**'] with []
2021-06-29 19:26:33.769  INFO 69419 --- [    Test worker] o.s.s.web.DefaultSecurityFilterChain     : Will secure any request with [org.springframework.security.web.context.request.async.WebAsyncManagerIntegrationFilter@569d27b2, org.springframework.security.web.context.SecurityContextPersistenceFilter@1abd4466, org.springframework.security.web.header.HeaderWriterFilter@1a5b0dfe, org.springframework.security.web.authentication.logout.LogoutFilter@69ee238b, com.table.order.global.security.filter.JwtFilter@1d29e732, org.springframework.security.web.savedrequest.RequestCacheAwareFilter@d264d41, org.springframework.security.web.servletapi.SecurityContextHolderAwareRequestFilter@4f5085e6, org.springframework.security.web.authentication.AnonymousAuthenticationFilter@263a32c, org.springframework.security.web.session.SessionManagementFilter@5941e8f5, org.springframework.security.web.access.ExceptionTranslationFilter@6e3f2666]
2021-06-29 19:26:33.928  INFO 69419 --- [    Test worker] o.s.s.concurrent.ThreadPoolTaskExecutor  : Initializing ExecutorService 'applicationTaskExecutor'
2021-06-29 19:26:34.094  INFO 69419 --- [    Test worker] com.table.order.OrderApplicationTests    : Started OrderApplicationTests in 2.817 seconds (JVM running for 6.774)
]]></system-out>
  <system-err><![CDATA[]]></system-err>
</testsuite>
