<?xml version="1.0" encoding="UTF-8"?>
<testsuite name="com.table.order.domain.customer.controller.CustomerControllerTest" tests="1" skipped="0" failures="0" errors="0" timestamp="2021-06-08T17:42:09" hostname="ibeomjun-ui-MacBookPro.local" time="0.243">
  <properties/>
  <testcase name="QR 코드 스캔 테스트" classname="com.table.order.domain.customer.controller.CustomerControllerTest" time="0.243"/>
  <system-out><![CDATA[2021-06-09 02:42:08.411  INFO 95780 --- [    Test worker] .b.t.a.w.s.WebMvcTestContextBootstrapper : Neither @ContextConfiguration nor @ContextHierarchy found for test class [com.table.order.domain.customer.controller.CustomerControllerTest], using SpringBootContextLoader
2021-06-09 02:42:08.412  INFO 95780 --- [    Test worker] o.s.t.c.support.AbstractContextLoader    : Could not detect default resource locations for test class [com.table.order.domain.customer.controller.CustomerControllerTest]: no resource found for suffixes {-context.xml, Context.groovy}.
2021-06-09 02:42:08.412  INFO 95780 --- [    Test worker] t.c.s.AnnotationConfigContextLoaderUtils : Could not detect default configuration classes for test class [com.table.order.domain.customer.controller.CustomerControllerTest]: CustomerControllerTest does not declare any static, non-private, non-final, nested classes annotated with @Configuration.
2021-06-09 02:42:08.435  INFO 95780 --- [    Test worker] .b.t.c.SpringBootTestContextBootstrapper : Found @SpringBootConfiguration com.table.order.OrderApplication for test class com.table.order.domain.customer.controller.CustomerControllerTest
2021-06-09 02:42:08.436  INFO 95780 --- [    Test worker] .b.t.a.w.s.WebMvcTestContextBootstrapper : Loaded default TestExecutionListener class names from location [META-INF/spring.factories]: [org.springframework.security.test.context.support.WithSecurityContextTestExecutionListener, org.springframework.security.test.context.support.ReactorContextTestExecutionListener, org.springframework.boot.test.autoconfigure.restdocs.RestDocsTestExecutionListener, org.springframework.boot.test.autoconfigure.web.client.MockRestServiceServerResetTestExecutionListener, org.springframework.boot.test.autoconfigure.web.servlet.MockMvcPrintOnlyOnFailureTestExecutionListener, org.springframework.boot.test.autoconfigure.web.servlet.WebDriverTestExecutionListener, org.springframework.boot.test.autoconfigure.webservices.client.MockWebServiceServerTestExecutionListener, org.springframework.boot.test.mock.mockito.MockitoTestExecutionListener, org.springframework.boot.test.mock.mockito.ResetMocksTestExecutionListener, org.springframework.test.context.web.ServletTestExecutionListener, org.springframework.test.context.support.DirtiesContextBeforeModesTestExecutionListener, org.springframework.test.context.event.ApplicationEventsTestExecutionListener, org.springframework.test.context.support.DependencyInjectionTestExecutionListener, org.springframework.test.context.support.DirtiesContextTestExecutionListener, org.springframework.test.context.transaction.TransactionalTestExecutionListener, org.springframework.test.context.jdbc.SqlScriptsTestExecutionListener, org.springframework.test.context.event.EventPublishingTestExecutionListener]
2021-06-09 02:42:08.437  INFO 95780 --- [    Test worker] .b.t.a.w.s.WebMvcTestContextBootstrapper : Using TestExecutionListeners: [org.springframework.test.context.web.ServletTestExecutionListener@74cb054, org.springframework.test.context.support.DirtiesContextBeforeModesTestExecutionListener@69dbaef9, org.springframework.test.context.event.ApplicationEventsTestExecutionListener@7aebac44, org.springframework.boot.test.mock.mockito.MockitoTestExecutionListener@5f7b32f8, org.springframework.boot.test.autoconfigure.SpringBootDependencyInjectionTestExecutionListener@3dd7e753, org.springframework.test.context.support.DirtiesContextTestExecutionListener@94f2a76, org.springframework.test.context.transaction.TransactionalTestExecutionListener@2e612e97, org.springframework.test.context.jdbc.SqlScriptsTestExecutionListener@280b2551, org.springframework.security.test.context.support.WithSecurityContextTestExecutionListener@2a64b27c, org.springframework.test.context.event.EventPublishingTestExecutionListener@5a0821dc, org.springframework.security.test.context.support.ReactorContextTestExecutionListener@7dbab99c, org.springframework.boot.test.autoconfigure.restdocs.RestDocsTestExecutionListener@cea3ad7, org.springframework.boot.test.autoconfigure.web.client.MockRestServiceServerResetTestExecutionListener@3929e64, org.springframework.boot.test.autoconfigure.web.servlet.MockMvcPrintOnlyOnFailureTestExecutionListener@180f490b, org.springframework.boot.test.autoconfigure.web.servlet.WebDriverTestExecutionListener@30d165cf, org.springframework.boot.test.autoconfigure.webservices.client.MockWebServiceServerTestExecutionListener@6db0cd80, org.springframework.boot.test.mock.mockito.ResetMocksTestExecutionListener@7ac60fec]

  .   ____          _            __ _ _
 /\\ / ___'_ __ _ _(_)_ __  __ _ \ \ \ \
( ( )\___ | '_ | '_| | '_ \/ _` | \ \ \ \
 \\/  ___)| |_)| | | | | || (_| |  ) ) ) )
  '  |____| .__|_| |_|_| |_\__, | / / / /
 =========|_|==============|___/=/_/_/_/
 :: Spring Boot ::                (v2.4.5)

2021-06-09 02:42:08.484  INFO 95780 --- [    Test worker] c.t.o.d.c.c.CustomerControllerTest       : Starting CustomerControllerTest using Java 11.0.10 on ibeomjun-ui-MacBookPro.local with PID 95780 (started by leebeomjun in /Users/leebeomjun/Desktop/git/TableOrder/backend)
2021-06-09 02:42:08.484  INFO 95780 --- [    Test worker] c.t.o.d.c.c.CustomerControllerTest       : The following profiles are active: local
2021-06-09 02:42:08.486  WARN 95780 --- [    Test worker] o.s.b.c.config.ConfigDataEnvironment     : Property 'spring.profiles' imported from location 'class path resource [application.yml]' is invalid and should be replaced with 'spring.config.activate.on-profile' [origin: class path resource [application.yml] - 31:13]
2021-06-09 02:42:08.486  WARN 95780 --- [    Test worker] o.s.b.c.config.ConfigDataEnvironment     : Property 'spring.profiles' imported from location 'class path resource [application.yml]' is invalid and should be replaced with 'spring.config.activate.on-profile' [origin: class path resource [application.yml] - 27:13]
2021-06-09 02:42:08.831  INFO 95780 --- [    Test worker] trationDelegate$BeanPostProcessorChecker : Bean 'org.springframework.security.access.expression.method.DefaultMethodSecurityExpressionHandler@6c4d9d02' of type [org.springframework.security.access.expression.method.DefaultMethodSecurityExpressionHandler] is not eligible for getting processed by all BeanPostProcessors (for example: not eligible for auto-proxying)
2021-06-09 02:42:08.839  INFO 95780 --- [    Test worker] trationDelegate$BeanPostProcessorChecker : Bean 'methodSecurityMetadataSource' of type [org.springframework.security.access.method.DelegatingMethodSecurityMetadataSource] is not eligible for getting processed by all BeanPostProcessors (for example: not eligible for auto-proxying)
2021-06-09 02:42:08.973  INFO 95780 --- [    Test worker] .s.s.UserDetailsServiceAutoConfiguration : 

Using generated security password: ebd409c7-bf08-41b9-928e-90a487abb01c

2021-06-09 02:42:08.980  INFO 95780 --- [    Test worker] o.s.s.web.DefaultSecurityFilterChain     : Will secure Ant [pattern='/customers/login'] with []
2021-06-09 02:42:08.980  INFO 95780 --- [    Test worker] o.s.s.web.DefaultSecurityFilterChain     : Will secure Ant [pattern='/swagger-ui**'] with []
2021-06-09 02:42:09.044  INFO 95780 --- [    Test worker] o.s.s.web.DefaultSecurityFilterChain     : Will secure any request with [org.springframework.security.web.context.request.async.WebAsyncManagerIntegrationFilter@3469a6ba, org.springframework.security.web.context.SecurityContextPersistenceFilter@53b8a80e, org.springframework.security.web.header.HeaderWriterFilter@26a084ce, org.springframework.security.web.authentication.logout.LogoutFilter@4204c132, com.table.order.global.security.filter.JwtFilter@61341ad0, org.springframework.security.web.savedrequest.RequestCacheAwareFilter@28137c9b, org.springframework.security.web.servletapi.SecurityContextHolderAwareRequestFilter@ab70ba3, org.springframework.security.web.authentication.AnonymousAuthenticationFilter@6ddb35af, org.springframework.security.web.session.SessionManagementFilter@6fc61b0b, org.springframework.security.web.access.ExceptionTranslationFilter@60a37e7c, org.springframework.security.web.access.intercept.FilterSecurityInterceptor@50ce526e]
2021-06-09 02:42:09.151  INFO 95780 --- [    Test worker] o.s.s.concurrent.ThreadPoolTaskExecutor  : Initializing ExecutorService 'applicationTaskExecutor'
2021-06-09 02:42:09.379  INFO 95780 --- [    Test worker] o.s.b.t.m.w.SpringBootMockServletContext : Initializing Spring TestDispatcherServlet ''
2021-06-09 02:42:09.379  INFO 95780 --- [    Test worker] o.s.t.web.servlet.TestDispatcherServlet  : Initializing Servlet ''
2021-06-09 02:42:09.381  INFO 95780 --- [    Test worker] o.s.t.web.servlet.TestDispatcherServlet  : Completed initialization in 2 ms
2021-06-09 02:42:09.400  INFO 95780 --- [    Test worker] c.t.o.d.c.c.CustomerControllerTest       : Started CustomerControllerTest in 0.958 seconds (JVM running for 7.425)

MockHttpServletRequest:
      HTTP Method = POST
      Request URI = /customers/login
       Parameters = {}
          Headers = [Content-Type:"application/json;charset=UTF-8", Accept:"application/json", Content-Length:"43"]
             Body = {"username":"test","storeId":2,"tableId":1}
    Session Attrs = {}

Handler:
             Type = com.table.order.domain.customer.controller.CustomerController
           Method = com.table.order.domain.customer.controller.CustomerController#scanQrCode(RequestCustomerLogin)

Async:
    Async started = false
     Async result = null

Resolved Exception:
             Type = null

ModelAndView:
        View name = null
             View = null
            Model = null

FlashMap:
       Attributes = null

MockHttpServletResponse:
           Status = 200
    Error message = null
          Headers = [Content-Type:"application/json"]
     Content type = application/json
             Body = {"status":200,"message":"í]]>&#x9a;<![CDATA[]]>&#x8c;<![CDATA[ì]]>&#x9b;<![CDATA[]]>&#x90;<![CDATA[ê°]]>&#x80;<![CDATA[ì]]>&#x9e;<![CDATA[ ì]]>&#x84;<![CDATA[±ê³µ","accessToken":"accessToken","expiredAt":"2021-06-09T03:12:09.415996"}
    Forwarded URL = null
   Redirected URL = null
          Cookies = []
]]></system-out>
  <system-err><![CDATA[]]></system-err>
</testsuite>
