<?xml version="1.0" encoding="UTF-8"?>
<testsuite name="com.table.order.domain.order.OrderControllerTest" tests="4" skipped="0" failures="0" errors="0" timestamp="2021-09-28T11:54:12" hostname="ibeomjun-ui-MacBookPro.local" time="0.265">
  <properties/>
  <testcase name="주문 생성 테스트" classname="com.table.order.domain.order.OrderControllerTest" time="0.197"/>
  <testcase name="회원 주문 취소 테스트" classname="com.table.order.domain.order.OrderControllerTest" time="0.024"/>
  <testcase name="주문 상태 변경 테스트 (조리중)" classname="com.table.order.domain.order.OrderControllerTest" time="0.016"/>
  <testcase name="손님 주문 취소 테스트" classname="com.table.order.domain.order.OrderControllerTest" time="0.022"/>
  <system-out><![CDATA[2021-09-28 20:54:11.233  INFO 69363 --- [    Test worker] .b.t.a.w.s.WebMvcTestContextBootstrapper : Neither @ContextConfiguration nor @ContextHierarchy found for test class [com.table.order.domain.order.OrderControllerTest], using SpringBootContextLoader
2021-09-28 20:54:11.234  INFO 69363 --- [    Test worker] o.s.t.c.support.AbstractContextLoader    : Could not detect default resource locations for test class [com.table.order.domain.order.OrderControllerTest]: no resource found for suffixes {-context.xml, Context.groovy}.
2021-09-28 20:54:11.234  INFO 69363 --- [    Test worker] t.c.s.AnnotationConfigContextLoaderUtils : Could not detect default configuration classes for test class [com.table.order.domain.order.OrderControllerTest]: OrderControllerTest does not declare any static, non-private, non-final, nested classes annotated with @Configuration.
2021-09-28 20:54:11.252  INFO 69363 --- [    Test worker] .b.t.c.SpringBootTestContextBootstrapper : Found @SpringBootConfiguration com.table.order.OrderApplication for test class com.table.order.domain.order.OrderControllerTest
2021-09-28 20:54:11.253  INFO 69363 --- [    Test worker] .b.t.a.w.s.WebMvcTestContextBootstrapper : Loaded default TestExecutionListener class names from location [META-INF/spring.factories]: [org.springframework.security.test.context.support.WithSecurityContextTestExecutionListener, org.springframework.security.test.context.support.ReactorContextTestExecutionListener, org.springframework.boot.test.autoconfigure.restdocs.RestDocsTestExecutionListener, org.springframework.boot.test.autoconfigure.web.client.MockRestServiceServerResetTestExecutionListener, org.springframework.boot.test.autoconfigure.web.servlet.MockMvcPrintOnlyOnFailureTestExecutionListener, org.springframework.boot.test.autoconfigure.web.servlet.WebDriverTestExecutionListener, org.springframework.boot.test.autoconfigure.webservices.client.MockWebServiceServerTestExecutionListener, org.springframework.boot.test.mock.mockito.MockitoTestExecutionListener, org.springframework.boot.test.mock.mockito.ResetMocksTestExecutionListener, org.springframework.test.context.web.ServletTestExecutionListener, org.springframework.test.context.support.DirtiesContextBeforeModesTestExecutionListener, org.springframework.test.context.event.ApplicationEventsTestExecutionListener, org.springframework.test.context.support.DependencyInjectionTestExecutionListener, org.springframework.test.context.support.DirtiesContextTestExecutionListener, org.springframework.test.context.transaction.TransactionalTestExecutionListener, org.springframework.test.context.jdbc.SqlScriptsTestExecutionListener, org.springframework.test.context.event.EventPublishingTestExecutionListener]
2021-09-28 20:54:11.254  INFO 69363 --- [    Test worker] .b.t.a.w.s.WebMvcTestContextBootstrapper : Using TestExecutionListeners: [org.springframework.test.context.web.ServletTestExecutionListener@59fc487b, org.springframework.test.context.support.DirtiesContextBeforeModesTestExecutionListener@25433785, org.springframework.test.context.event.ApplicationEventsTestExecutionListener@7a2edeb1, org.springframework.boot.test.mock.mockito.MockitoTestExecutionListener@5ef3e800, org.springframework.boot.test.autoconfigure.SpringBootDependencyInjectionTestExecutionListener@65f7dc35, org.springframework.test.context.support.DirtiesContextTestExecutionListener@59b43011, org.springframework.test.context.transaction.TransactionalTestExecutionListener@55e3a6c0, org.springframework.test.context.jdbc.SqlScriptsTestExecutionListener@1411f794, org.springframework.security.test.context.support.WithSecurityContextTestExecutionListener@4fdc9757, org.springframework.test.context.event.EventPublishingTestExecutionListener@37900205, org.springframework.security.test.context.support.ReactorContextTestExecutionListener@7f0d6791, org.springframework.boot.test.autoconfigure.restdocs.RestDocsTestExecutionListener@643b82b3, org.springframework.boot.test.autoconfigure.web.client.MockRestServiceServerResetTestExecutionListener@4f76c74c, org.springframework.boot.test.autoconfigure.web.servlet.MockMvcPrintOnlyOnFailureTestExecutionListener@78c1648d, org.springframework.boot.test.autoconfigure.web.servlet.WebDriverTestExecutionListener@6c64b5eb, org.springframework.boot.test.autoconfigure.webservices.client.MockWebServiceServerTestExecutionListener@54f29cce, org.springframework.boot.test.mock.mockito.ResetMocksTestExecutionListener@2d477dbb]

  .   ____          _            __ _ _
 /\\ / ___'_ __ _ _(_)_ __  __ _ \ \ \ \
( ( )\___ | '_ | '_| | '_ \/ _` | \ \ \ \
 \\/  ___)| |_)| | | | | || (_| |  ) ) ) )
  '  |____| .__|_| |_|_| |_\__, | / / / /
 =========|_|==============|___/=/_/_/_/
 :: Spring Boot ::                (v2.4.5)

2021-09-28 20:54:11.300  INFO 69363 --- [    Test worker] c.t.o.domain.order.OrderControllerTest   : Starting OrderControllerTest using Java 11.0.10 on ibeomjun-ui-MacBookPro.local with PID 69363 (started by leebeomjun in /Users/leebeomjun/Desktop/git/TableOrder/backend)
2021-09-28 20:54:11.300  INFO 69363 --- [    Test worker] c.t.o.domain.order.OrderControllerTest   : The following profiles are active: real
2021-09-28 20:54:11.558  INFO 69363 --- [    Test worker] trationDelegate$BeanPostProcessorChecker : Bean 'org.springframework.security.access.expression.method.DefaultMethodSecurityExpressionHandler@37575bac' of type [org.springframework.security.access.expression.method.DefaultMethodSecurityExpressionHandler] is not eligible for getting processed by all BeanPostProcessors (for example: not eligible for auto-proxying)
2021-09-28 20:54:11.564  INFO 69363 --- [    Test worker] trationDelegate$BeanPostProcessorChecker : Bean 'methodSecurityMetadataSource' of type [org.springframework.security.access.method.DelegatingMethodSecurityMetadataSource] is not eligible for getting processed by all BeanPostProcessors (for example: not eligible for auto-proxying)
2021-09-28 20:54:11.711  INFO 69363 --- [    Test worker] o.s.s.web.DefaultSecurityFilterChain     : Will secure Ant [pattern='/app/customers', POST] with []
2021-09-28 20:54:11.712  INFO 69363 --- [    Test worker] o.s.s.web.DefaultSecurityFilterChain     : Will secure Ant [pattern='/users/login', POST] with []
2021-09-28 20:54:11.712  INFO 69363 --- [    Test worker] o.s.s.web.DefaultSecurityFilterChain     : Will secure Ant [pattern='/users', POST] with []
2021-09-28 20:54:11.712  INFO 69363 --- [    Test worker] o.s.s.web.DefaultSecurityFilterChain     : Will secure Ant [pattern='/app/customers/test', GET] with []
2021-09-28 20:54:11.712  INFO 69363 --- [    Test worker] o.s.s.web.DefaultSecurityFilterChain     : Will secure Ant [pattern='/docs/**'] with []
2021-09-28 20:54:11.712  INFO 69363 --- [    Test worker] o.s.s.web.DefaultSecurityFilterChain     : Will secure Ant [pattern='/swagger-ui**'] with []
2021-09-28 20:54:11.763  INFO 69363 --- [    Test worker] o.s.s.web.DefaultSecurityFilterChain     : Will secure any request with [org.springframework.security.web.context.request.async.WebAsyncManagerIntegrationFilter@d9c1b, org.springframework.security.web.context.SecurityContextPersistenceFilter@95a608a, org.springframework.security.web.header.HeaderWriterFilter@1ef7ea94, org.springframework.web.filter.CorsFilter@49e0c8e3, org.springframework.security.web.authentication.logout.LogoutFilter@3660db3f, com.table.order.global.security.filter.JwtFilter@79695bc3, org.springframework.security.web.savedrequest.RequestCacheAwareFilter@170de601, org.springframework.security.web.servletapi.SecurityContextHolderAwareRequestFilter@368f1d3e, org.springframework.security.web.authentication.AnonymousAuthenticationFilter@1f5a6f1c, org.springframework.security.web.session.SessionManagementFilter@4f22a264, org.springframework.security.web.access.ExceptionTranslationFilter@4f3a2e7e]
2021-09-28 20:54:11.880  INFO 69363 --- [    Test worker] o.s.s.concurrent.ThreadPoolTaskExecutor  : Initializing ExecutorService 'applicationTaskExecutor'
2021-09-28 20:54:12.055  INFO 69363 --- [    Test worker] o.s.b.t.m.w.SpringBootMockServletContext : Initializing Spring TestDispatcherServlet ''
2021-09-28 20:54:12.055  INFO 69363 --- [    Test worker] o.s.t.web.servlet.TestDispatcherServlet  : Initializing Servlet ''
2021-09-28 20:54:12.056  INFO 69363 --- [    Test worker] o.s.t.web.servlet.TestDispatcherServlet  : Completed initialization in 1 ms
2021-09-28 20:54:12.072  INFO 69363 --- [    Test worker] c.t.o.domain.order.OrderControllerTest   : Started OrderControllerTest in 0.813 seconds (JVM running for 7.252)
2021-09-28 20:54:12.140  INFO 69363 --- [    Test worker] c.t.o.global.security.filter.JwtFilter   : (accessToken) 추출 완료
2021-09-28 20:54:12.141  INFO 69363 --- [    Test worker] c.t.o.global.security.filter.JwtFilter   : UsernamePasswordAuthenticationToken [Principal=test, Credentials=[PROTECTED], Authenticated=true, Details=null, Granted Authorities=[ROLE_USER]] Authentication 생성

MockHttpServletRequest:
      HTTP Method = POST
      Request URI = /app/orders
       Parameters = {}
          Headers = [Content-Type:"application/json;charset=UTF-8", Authorization:"Bearer (accessToken)", Accept:"application/json", Content-Length:"102"]
             Body = {"items":[{"id":1,"count":1},{"id":2,"count":2},{"id":3,"count":3}],"request":"잘부탁드립니다"}
    Session Attrs = {}

Handler:
             Type = com.table.order.domain.order.controller.OrderController
           Method = com.table.order.domain.order.controller.OrderController#createOrder(RequestCreateOrder, Authentication)

Async:
    Async started = false
     Async result = null

Resolved Exception:
             Type = null

ModelAndView:
        View name = null
             View = null
            Model = null

FlashMap:
       Attributes = null

MockHttpServletResponse:
           Status = 201
    Error message = null
          Headers = [Vary:"Origin", "Access-Control-Request-Method", "Access-Control-Request-Headers", Content-Type:"application/json", X-Content-Type-Options:"nosniff", X-XSS-Protection:"1; mode=block", Cache-Control:"no-cache, no-store, max-age=0, must-revalidate", Pragma:"no-cache", Expires:"0", X-Frame-Options:"DENY"]
     Content type = application/json
             Body = {"status":201,"message":"ì£¼ë¬¸ ì]]>&#x83;<![CDATA[]]>&#x9d;<![CDATA[ì]]>&#x84;<![CDATA[± ì]]>&#x84;<![CDATA[±ê³µ","data":[{"id":1,"name":"ë©]]>&#x94;<![CDATA[ë]]>&#x89;<![CDATA[´1","orderPrice":1000,"count":1,"request":"ì]]>&#x9e;<![CDATA[]]>&#x98;<![CDATA[ë¶]]>&#x80;<![CDATA[í]]>&#x83;<![CDATA[]]>&#x81;<![CDATA[ë]]>&#x93;<![CDATA[]]>&#x9c;<![CDATA[ë¦½ë]]>&#x8b;<![CDATA[]]>&#x88;<![CDATA[ë]]>&#x8b;<![CDATA[¤","orderStatus":"ORDER"},{"id":2,"name":"ë©]]>&#x94;<![CDATA[ë]]>&#x89;<![CDATA[´2","orderPrice":2000,"count":2,"request":"ì]]>&#x9e;<![CDATA[]]>&#x98;<![CDATA[ë¶]]>&#x80;<![CDATA[í]]>&#x83;<![CDATA[]]>&#x81;<![CDATA[ë]]>&#x93;<![CDATA[]]>&#x9c;<![CDATA[ë¦½ë]]>&#x8b;<![CDATA[]]>&#x88;<![CDATA[ë]]>&#x8b;<![CDATA[¤","orderStatus":"ORDER"},{"id":3,"name":"ë©]]>&#x94;<![CDATA[ë]]>&#x89;<![CDATA[´3","orderPrice":3000,"count":3,"request":"ì]]>&#x9e;<![CDATA[]]>&#x98;<![CDATA[ë¶]]>&#x80;<![CDATA[í]]>&#x83;<![CDATA[]]>&#x81;<![CDATA[ë]]>&#x93;<![CDATA[]]>&#x9c;<![CDATA[ë¦½ë]]>&#x8b;<![CDATA[]]>&#x88;<![CDATA[ë]]>&#x8b;<![CDATA[¤","orderStatus":"ORDER"}]}
    Forwarded URL = null
   Redirected URL = null
          Cookies = []
2021-09-28 20:54:12.278  INFO 69363 --- [    Test worker] c.t.o.global.security.filter.JwtFilter   : (accessToken) 추출 완료
2021-09-28 20:54:12.279  INFO 69363 --- [    Test worker] c.t.o.global.security.filter.JwtFilter   : UsernamePasswordAuthenticationToken [Principal=test, Credentials=[PROTECTED], Authenticated=true, Details=null, Granted Authorities=[ROLE_USER]] Authentication 생성

MockHttpServletRequest:
      HTTP Method = POST
      Request URI = /orders/1/cancel
       Parameters = {}
          Headers = [Content-Type:"application/json;charset=UTF-8", Authorization:"Bearer (accessToken)", Accept:"application/json"]
             Body = null
    Session Attrs = {}

Handler:
             Type = com.table.order.domain.order.controller.OrderController
           Method = com.table.order.domain.order.controller.OrderController#cancelOrderUser(Long, Authentication)

Async:
    Async started = false
     Async result = null

Resolved Exception:
             Type = null

ModelAndView:
        View name = null
             View = null
            Model = null

FlashMap:
       Attributes = null

MockHttpServletResponse:
           Status = 200
    Error message = null
          Headers = [Vary:"Origin", "Access-Control-Request-Method", "Access-Control-Request-Headers", Content-Type:"application/json", X-Content-Type-Options:"nosniff", X-XSS-Protection:"1; mode=block", Cache-Control:"no-cache, no-store, max-age=0, must-revalidate", Pragma:"no-cache", Expires:"0", X-Frame-Options:"DENY"]
     Content type = application/json
             Body = {"status":200,"message":"ì£¼ë¬¸ ì·¨ì]]>&#x86;<![CDATA[]]>&#x8c;<![CDATA[ ì]]>&#x84;<![CDATA[±ê³µ"}
    Forwarded URL = null
   Redirected URL = null
          Cookies = []
2021-09-28 20:54:12.303  INFO 69363 --- [    Test worker] c.t.o.global.security.filter.JwtFilter   : (accessToken) 추출 완료
2021-09-28 20:54:12.304  INFO 69363 --- [    Test worker] c.t.o.global.security.filter.JwtFilter   : UsernamePasswordAuthenticationToken [Principal=test, Credentials=[PROTECTED], Authenticated=true, Details=null, Granted Authorities=[ROLE_USER]] Authentication 생성

MockHttpServletRequest:
      HTTP Method = POST
      Request URI = /orders/1/cook
       Parameters = {}
          Headers = [Content-Type:"application/json;charset=UTF-8", Authorization:"Bearer (accessToken)", Accept:"application/json"]
             Body = null
    Session Attrs = {}

Handler:
             Type = com.table.order.domain.order.controller.OrderController
           Method = com.table.order.domain.order.controller.OrderController#changeOrderStatusCooked(Long, Authentication)

Async:
    Async started = false
     Async result = null

Resolved Exception:
             Type = null

ModelAndView:
        View name = null
             View = null
            Model = null

FlashMap:
       Attributes = null

MockHttpServletResponse:
           Status = 200
    Error message = null
          Headers = [Vary:"Origin", "Access-Control-Request-Method", "Access-Control-Request-Headers", Content-Type:"application/json", X-Content-Type-Options:"nosniff", X-XSS-Protection:"1; mode=block", Cache-Control:"no-cache, no-store, max-age=0, must-revalidate", Pragma:"no-cache", Expires:"0", X-Frame-Options:"DENY"]
     Content type = application/json
             Body = {"status":200,"message":"ì£¼ë¬¸ ì]]>&#x83;<![CDATA[]]>&#x81;<![CDATA[í]]>&#x83;<![CDATA[]]>&#x9c;<![CDATA[ ë³]]>&#x80;<![CDATA[ê²½ ì]]>&#x84;<![CDATA[±ê³µ (ì¡°ë¦¬ì¤]]>&#x91;<![CDATA[)"}
    Forwarded URL = null
   Redirected URL = null
          Cookies = []
2021-09-28 20:54:12.323  INFO 69363 --- [    Test worker] c.t.o.global.security.filter.JwtFilter   : (accessToken) 추출 완료
2021-09-28 20:54:12.324  INFO 69363 --- [    Test worker] c.t.o.global.security.filter.JwtFilter   : UsernamePasswordAuthenticationToken [Principal=test, Credentials=[PROTECTED], Authenticated=true, Details=null, Granted Authorities=[ROLE_USER]] Authentication 생성

MockHttpServletRequest:
      HTTP Method = POST
      Request URI = /app/orders/1/cancel
       Parameters = {}
          Headers = [Content-Type:"application/json;charset=UTF-8", Authorization:"Bearer (accessToken)", Accept:"application/json"]
             Body = null
    Session Attrs = {}

Handler:
             Type = com.table.order.domain.order.controller.OrderController
           Method = com.table.order.domain.order.controller.OrderController#cancelOrderCustomer(Long, Authentication)

Async:
    Async started = false
     Async result = null

Resolved Exception:
             Type = null

ModelAndView:
        View name = null
             View = null
            Model = null

FlashMap:
       Attributes = null

MockHttpServletResponse:
           Status = 200
    Error message = null
          Headers = [Vary:"Origin", "Access-Control-Request-Method", "Access-Control-Request-Headers", Content-Type:"application/json", X-Content-Type-Options:"nosniff", X-XSS-Protection:"1; mode=block", Cache-Control:"no-cache, no-store, max-age=0, must-revalidate", Pragma:"no-cache", Expires:"0", X-Frame-Options:"DENY"]
     Content type = application/json
             Body = {"status":200,"message":"ì£¼ë¬¸ ì·¨ì]]>&#x86;<![CDATA[]]>&#x8c;<![CDATA[ ì]]>&#x84;<![CDATA[±ê³µ"}
    Forwarded URL = null
   Redirected URL = null
          Cookies = []
]]></system-out>
  <system-err><![CDATA[]]></system-err>
</testsuite>
