<?xml version="1.0" encoding="UTF-8"?>
<testsuite name="com.table.order.domain.customer.CustomerControllerTest" tests="4" skipped="0" failures="0" errors="0" timestamp="2021-10-08T08:41:31" hostname="ibeomjun-ui-MacBookPro.local" time="0.048">
  <properties/>
  <testcase name="QR 코드 스캔 테스트 (회원가입)" classname="com.table.order.domain.customer.CustomerControllerTest" time="0.014"/>
  <testcase name="QR 코드 스캔 테스트 (재로그인)" classname="com.table.order.domain.customer.CustomerControllerTest" time="0.009"/>
  <testcase name="QR 코드 스캔 테스트 (재방문)" classname="com.table.order.domain.customer.CustomerControllerTest" time="0.014"/>
  <testcase name="테스트" classname="com.table.order.domain.customer.CustomerControllerTest" time="0.009"/>
  <system-out><![CDATA[2021-10-08 17:41:31.302  INFO 2152 --- [    Test worker] .b.t.a.w.s.WebMvcTestContextBootstrapper : Neither @ContextConfiguration nor @ContextHierarchy found for test class [com.table.order.domain.customer.CustomerControllerTest], using SpringBootContextLoader
2021-10-08 17:41:31.303  INFO 2152 --- [    Test worker] o.s.t.c.support.AbstractContextLoader    : Could not detect default resource locations for test class [com.table.order.domain.customer.CustomerControllerTest]: no resource found for suffixes {-context.xml, Context.groovy}.
2021-10-08 17:41:31.303  INFO 2152 --- [    Test worker] t.c.s.AnnotationConfigContextLoaderUtils : Could not detect default configuration classes for test class [com.table.order.domain.customer.CustomerControllerTest]: CustomerControllerTest does not declare any static, non-private, non-final, nested classes annotated with @Configuration.
2021-10-08 17:41:31.309  INFO 2152 --- [    Test worker] .b.t.c.SpringBootTestContextBootstrapper : Found @SpringBootConfiguration com.table.order.OrderApplication for test class com.table.order.domain.customer.CustomerControllerTest
2021-10-08 17:41:31.310  INFO 2152 --- [    Test worker] .b.t.a.w.s.WebMvcTestContextBootstrapper : Loaded default TestExecutionListener class names from location [META-INF/spring.factories]: [org.springframework.security.test.context.support.WithSecurityContextTestExecutionListener, org.springframework.security.test.context.support.ReactorContextTestExecutionListener, org.springframework.boot.test.autoconfigure.restdocs.RestDocsTestExecutionListener, org.springframework.boot.test.autoconfigure.web.client.MockRestServiceServerResetTestExecutionListener, org.springframework.boot.test.autoconfigure.web.servlet.MockMvcPrintOnlyOnFailureTestExecutionListener, org.springframework.boot.test.autoconfigure.web.servlet.WebDriverTestExecutionListener, org.springframework.boot.test.autoconfigure.webservices.client.MockWebServiceServerTestExecutionListener, org.springframework.boot.test.mock.mockito.MockitoTestExecutionListener, org.springframework.boot.test.mock.mockito.ResetMocksTestExecutionListener, org.springframework.test.context.web.ServletTestExecutionListener, org.springframework.test.context.support.DirtiesContextBeforeModesTestExecutionListener, org.springframework.test.context.event.ApplicationEventsTestExecutionListener, org.springframework.test.context.support.DependencyInjectionTestExecutionListener, org.springframework.test.context.support.DirtiesContextTestExecutionListener, org.springframework.test.context.transaction.TransactionalTestExecutionListener, org.springframework.test.context.jdbc.SqlScriptsTestExecutionListener, org.springframework.test.context.event.EventPublishingTestExecutionListener]
2021-10-08 17:41:31.311  INFO 2152 --- [    Test worker] .b.t.a.w.s.WebMvcTestContextBootstrapper : Using TestExecutionListeners: [org.springframework.test.context.web.ServletTestExecutionListener@14d7c4b4, org.springframework.test.context.support.DirtiesContextBeforeModesTestExecutionListener@10e57f7e, org.springframework.test.context.event.ApplicationEventsTestExecutionListener@40b7f7e4, org.springframework.boot.test.mock.mockito.MockitoTestExecutionListener@668783a3, org.springframework.boot.test.autoconfigure.SpringBootDependencyInjectionTestExecutionListener@4c5f19a3, org.springframework.test.context.support.DirtiesContextTestExecutionListener@777a81d9, org.springframework.test.context.transaction.TransactionalTestExecutionListener@80d5005, org.springframework.test.context.jdbc.SqlScriptsTestExecutionListener@52cd503c, org.springframework.security.test.context.support.WithSecurityContextTestExecutionListener@66ebc9c7, org.springframework.test.context.event.EventPublishingTestExecutionListener@453ce88a, org.springframework.security.test.context.support.ReactorContextTestExecutionListener@27d31550, org.springframework.boot.test.autoconfigure.restdocs.RestDocsTestExecutionListener@1fa7ed26, org.springframework.boot.test.autoconfigure.web.client.MockRestServiceServerResetTestExecutionListener@27babae4, org.springframework.boot.test.autoconfigure.web.servlet.MockMvcPrintOnlyOnFailureTestExecutionListener@5606e21, org.springframework.boot.test.autoconfigure.web.servlet.WebDriverTestExecutionListener@3aa68248, org.springframework.boot.test.autoconfigure.webservices.client.MockWebServiceServerTestExecutionListener@1a4886e7, org.springframework.boot.test.mock.mockito.ResetMocksTestExecutionListener@685762d0]

  .   ____          _            __ _ _
 /\\ / ___'_ __ _ _(_)_ __  __ _ \ \ \ \
( ( )\___ | '_ | '_| | '_ \/ _` | \ \ \ \
 \\/  ___)| |_)| | | | | || (_| |  ) ) ) )
  '  |____| .__|_| |_|_| |_\__, | / / / /
 =========|_|==============|___/=/_/_/_/
 :: Spring Boot ::                (v2.4.5)

2021-10-08 17:41:31.329  INFO 2152 --- [    Test worker] c.t.o.d.customer.CustomerControllerTest  : Starting CustomerControllerTest using Java 11.0.10 on ibeomjun-ui-MacBookPro.local with PID 2152 (started by leebeomjun in /Users/leebeomjun/Desktop/git/TableOrder/backend)
2021-10-08 17:41:31.330  INFO 2152 --- [    Test worker] c.t.o.d.customer.CustomerControllerTest  : The following profiles are active: real
2021-10-08 17:41:31.451  INFO 2152 --- [    Test worker] trationDelegate$BeanPostProcessorChecker : Bean 'org.springframework.security.access.expression.method.DefaultMethodSecurityExpressionHandler@7ea4b07e' of type [org.springframework.security.access.expression.method.DefaultMethodSecurityExpressionHandler] is not eligible for getting processed by all BeanPostProcessors (for example: not eligible for auto-proxying)
2021-10-08 17:41:31.455  INFO 2152 --- [    Test worker] trationDelegate$BeanPostProcessorChecker : Bean 'methodSecurityMetadataSource' of type [org.springframework.security.access.method.DelegatingMethodSecurityMetadataSource] is not eligible for getting processed by all BeanPostProcessors (for example: not eligible for auto-proxying)
2021-10-08 17:41:31.542  INFO 2152 --- [    Test worker] o.s.s.web.DefaultSecurityFilterChain     : Will secure Ant [pattern='/app/customers', POST] with []
2021-10-08 17:41:31.542  INFO 2152 --- [    Test worker] o.s.s.web.DefaultSecurityFilterChain     : Will secure Ant [pattern='/users/login', POST] with []
2021-10-08 17:41:31.542  INFO 2152 --- [    Test worker] o.s.s.web.DefaultSecurityFilterChain     : Will secure Ant [pattern='/users', POST] with []
2021-10-08 17:41:31.542  INFO 2152 --- [    Test worker] o.s.s.web.DefaultSecurityFilterChain     : Will secure Ant [pattern='/app/customers/test', GET] with []
2021-10-08 17:41:31.542  INFO 2152 --- [    Test worker] o.s.s.web.DefaultSecurityFilterChain     : Will secure Ant [pattern='/docs/**'] with []
2021-10-08 17:41:31.542  INFO 2152 --- [    Test worker] o.s.s.web.DefaultSecurityFilterChain     : Will secure Ant [pattern='/swagger-ui**'] with []
2021-10-08 17:41:31.571  INFO 2152 --- [    Test worker] o.s.s.web.DefaultSecurityFilterChain     : Will secure any request with [org.springframework.security.web.context.request.async.WebAsyncManagerIntegrationFilter@38735e55, org.springframework.security.web.context.SecurityContextPersistenceFilter@7427334c, org.springframework.security.web.header.HeaderWriterFilter@7310b715, org.springframework.web.filter.CorsFilter@1d23a7bd, org.springframework.security.web.authentication.logout.LogoutFilter@3b1a932f, com.table.order.global.security.filter.JwtFilter@72cfdcdd, org.springframework.security.web.savedrequest.RequestCacheAwareFilter@cd8574c, org.springframework.security.web.servletapi.SecurityContextHolderAwareRequestFilter@7a06f1dd, org.springframework.security.web.authentication.AnonymousAuthenticationFilter@313314da, org.springframework.security.web.session.SessionManagementFilter@48c8851d, org.springframework.security.web.access.ExceptionTranslationFilter@392825e9]
2021-10-08 17:41:31.623  INFO 2152 --- [    Test worker] o.s.s.concurrent.ThreadPoolTaskExecutor  : Initializing ExecutorService 'applicationTaskExecutor'
2021-10-08 17:41:31.716  INFO 2152 --- [    Test worker] o.s.b.t.m.w.SpringBootMockServletContext : Initializing Spring TestDispatcherServlet ''
2021-10-08 17:41:31.716  INFO 2152 --- [    Test worker] o.s.t.web.servlet.TestDispatcherServlet  : Initializing Servlet ''
2021-10-08 17:41:31.717  INFO 2152 --- [    Test worker] o.s.t.web.servlet.TestDispatcherServlet  : Completed initialization in 1 ms
2021-10-08 17:41:31.727  INFO 2152 --- [    Test worker] c.t.o.d.customer.CustomerControllerTest  : Started CustomerControllerTest in 0.412 seconds (JVM running for 9.816)

MockHttpServletRequest:
      HTTP Method = POST
      Request URI = /app/customers
       Parameters = {}
          Headers = [Content-Type:"application/json;charset=UTF-8", Accept:"application/json", Content-Length:"55"]
             Body = {"username":"7c982859267771f3","storeId":2,"tableId":1}
    Session Attrs = {}

Handler:
             Type = com.table.order.domain.customer.controller.CustomerController
           Method = com.table.order.domain.customer.controller.CustomerController#scanQrCode(RequestLoginCustomer)

Async:
    Async started = false
     Async result = null

Resolved Exception:
             Type = null

ModelAndView:
        View name = null
             View = null
            Model = null

FlashMap:
       Attributes = null

MockHttpServletResponse:
           Status = 201
    Error message = null
          Headers = [Vary:"Origin", "Access-Control-Request-Method", "Access-Control-Request-Headers", Content-Type:"application/json"]
     Content type = application/json
             Body = {"status":201,"message":"í]]>&#x9a;<![CDATA[]]>&#x8c;<![CDATA[ì]]>&#x9b;<![CDATA[]]>&#x90;<![CDATA[ê°]]>&#x80;<![CDATA[ì]]>&#x9e;<![CDATA[ ì]]>&#x84;<![CDATA[±ê³µ","accessToken":"(accessToken)","expiredAt":"2021-10-08T18:11:31.730541"}
    Forwarded URL = null
   Redirected URL = null
          Cookies = []

MockHttpServletRequest:
      HTTP Method = POST
      Request URI = /app/customers
       Parameters = {}
          Headers = [Content-Type:"application/json;charset=UTF-8", Accept:"application/json", Content-Length:"55"]
             Body = {"username":"7c982859267771f3","storeId":2,"tableId":1}
    Session Attrs = {}

Handler:
             Type = com.table.order.domain.customer.controller.CustomerController
           Method = com.table.order.domain.customer.controller.CustomerController#scanQrCode(RequestLoginCustomer)

Async:
    Async started = false
     Async result = null

Resolved Exception:
             Type = null

ModelAndView:
        View name = null
             View = null
            Model = null

FlashMap:
       Attributes = null

MockHttpServletResponse:
           Status = 200
    Error message = null
          Headers = [Vary:"Origin", "Access-Control-Request-Method", "Access-Control-Request-Headers", Content-Type:"application/json"]
     Content type = application/json
             Body = {"status":200,"message":"ì]]>&#x9e;<![CDATA[¬ë¡]]>&#x9c;<![CDATA[ê·¸ì]]>&#x9d;<![CDATA[¸ ì]]>&#x84;<![CDATA[±ê³µ","accessToken":"(accessToken)","expiredAt":"2021-10-08T18:11:31.744757"}
    Forwarded URL = null
   Redirected URL = null
          Cookies = []

MockHttpServletRequest:
      HTTP Method = POST
      Request URI = /app/customers
       Parameters = {}
          Headers = [Content-Type:"application/json;charset=UTF-8", Accept:"application/json", Content-Length:"55"]
             Body = {"username":"7c982859267771f3","storeId":2,"tableId":1}
    Session Attrs = {}

Handler:
             Type = com.table.order.domain.customer.controller.CustomerController
           Method = com.table.order.domain.customer.controller.CustomerController#scanQrCode(RequestLoginCustomer)

Async:
    Async started = false
     Async result = null

Resolved Exception:
             Type = null

ModelAndView:
        View name = null
             View = null
            Model = null

FlashMap:
       Attributes = null

MockHttpServletResponse:
           Status = 200
    Error message = null
          Headers = [Vary:"Origin", "Access-Control-Request-Method", "Access-Control-Request-Headers", Content-Type:"application/json"]
     Content type = application/json
             Body = {"status":200,"message":"ì]]>&#x8b;<![CDATA[]]>&#x9d;<![CDATA[ë]]>&#x8b;<![CDATA[¹ ì]]>&#x9e;<![CDATA[¬ë°©ë¬¸ ì]]>&#x84;<![CDATA[±ê³µ","accessToken":"(accessToken)","expiredAt":"2021-10-08T18:11:31.754389"}
    Forwarded URL = null
   Redirected URL = null
          Cookies = []

MockHttpServletRequest:
      HTTP Method = GET
      Request URI = /app/customers/test
       Parameters = {}
          Headers = [Content-Type:"application/json;charset=UTF-8", Accept:"application/json"]
             Body = null
    Session Attrs = {}

Handler:
             Type = com.table.order.domain.customer.controller.CustomerController
           Method = com.table.order.domain.customer.controller.CustomerController#test()

Async:
    Async started = false
     Async result = null

Resolved Exception:
             Type = null

ModelAndView:
        View name = null
             View = null
            Model = null

FlashMap:
       Attributes = null

MockHttpServletResponse:
           Status = 200
    Error message = null
          Headers = [Vary:"Origin", "Access-Control-Request-Method", "Access-Control-Request-Headers", Content-Type:"application/json"]
     Content type = application/json
             Body = {"status":200,"message":"í]]>&#x8c;<![CDATA[ì]]>&#x8a;<![CDATA[¤í]]>&#x8a;<![CDATA[¸ ì]]>&#x84;<![CDATA[±ê³µ"}
    Forwarded URL = null
   Redirected URL = null
          Cookies = []
]]></system-out>
  <system-err><![CDATA[]]></system-err>
</testsuite>
