<?xml version="1.0" encoding="UTF-8"?>
<testsuite name="com.table.order.domain.store.StoreControllerTest" tests="2" skipped="0" failures="0" errors="0" timestamp="2021-10-07T11:05:28" hostname="ibeomjun-ui-MacBookPro.local" time="0.049">
  <properties/>
  <testcase name="식당 생성 테스트" classname="com.table.order.domain.store.StoreControllerTest" time="0.024"/>
  <testcase name="식당 조회 테스트" classname="com.table.order.domain.store.StoreControllerTest" time="0.024"/>
  <system-out><![CDATA[2021-10-07 20:05:28.123  INFO 97937 --- [    Test worker] .b.t.a.w.s.WebMvcTestContextBootstrapper : Neither @ContextConfiguration nor @ContextHierarchy found for test class [com.table.order.domain.store.StoreControllerTest], using SpringBootContextLoader
2021-10-07 20:05:28.123  INFO 97937 --- [    Test worker] o.s.t.c.support.AbstractContextLoader    : Could not detect default resource locations for test class [com.table.order.domain.store.StoreControllerTest]: no resource found for suffixes {-context.xml, Context.groovy}.
2021-10-07 20:05:28.123  INFO 97937 --- [    Test worker] t.c.s.AnnotationConfigContextLoaderUtils : Could not detect default configuration classes for test class [com.table.order.domain.store.StoreControllerTest]: StoreControllerTest does not declare any static, non-private, non-final, nested classes annotated with @Configuration.
2021-10-07 20:05:28.129  INFO 97937 --- [    Test worker] .b.t.c.SpringBootTestContextBootstrapper : Found @SpringBootConfiguration com.table.order.OrderApplication for test class com.table.order.domain.store.StoreControllerTest
2021-10-07 20:05:28.129  INFO 97937 --- [    Test worker] .b.t.a.w.s.WebMvcTestContextBootstrapper : Loaded default TestExecutionListener class names from location [META-INF/spring.factories]: [org.springframework.security.test.context.support.WithSecurityContextTestExecutionListener, org.springframework.security.test.context.support.ReactorContextTestExecutionListener, org.springframework.boot.test.autoconfigure.restdocs.RestDocsTestExecutionListener, org.springframework.boot.test.autoconfigure.web.client.MockRestServiceServerResetTestExecutionListener, org.springframework.boot.test.autoconfigure.web.servlet.MockMvcPrintOnlyOnFailureTestExecutionListener, org.springframework.boot.test.autoconfigure.web.servlet.WebDriverTestExecutionListener, org.springframework.boot.test.autoconfigure.webservices.client.MockWebServiceServerTestExecutionListener, org.springframework.boot.test.mock.mockito.MockitoTestExecutionListener, org.springframework.boot.test.mock.mockito.ResetMocksTestExecutionListener, org.springframework.test.context.web.ServletTestExecutionListener, org.springframework.test.context.support.DirtiesContextBeforeModesTestExecutionListener, org.springframework.test.context.event.ApplicationEventsTestExecutionListener, org.springframework.test.context.support.DependencyInjectionTestExecutionListener, org.springframework.test.context.support.DirtiesContextTestExecutionListener, org.springframework.test.context.transaction.TransactionalTestExecutionListener, org.springframework.test.context.jdbc.SqlScriptsTestExecutionListener, org.springframework.test.context.event.EventPublishingTestExecutionListener]
2021-10-07 20:05:28.130  INFO 97937 --- [    Test worker] .b.t.a.w.s.WebMvcTestContextBootstrapper : Using TestExecutionListeners: [org.springframework.test.context.web.ServletTestExecutionListener@225e23f6, org.springframework.test.context.support.DirtiesContextBeforeModesTestExecutionListener@71d20558, org.springframework.test.context.event.ApplicationEventsTestExecutionListener@4a9e00f, org.springframework.boot.test.mock.mockito.MockitoTestExecutionListener@3d58592, org.springframework.boot.test.autoconfigure.SpringBootDependencyInjectionTestExecutionListener@5047478d, org.springframework.test.context.support.DirtiesContextTestExecutionListener@315e7018, org.springframework.test.context.transaction.TransactionalTestExecutionListener@7a3c57a4, org.springframework.test.context.jdbc.SqlScriptsTestExecutionListener@55eab464, org.springframework.security.test.context.support.WithSecurityContextTestExecutionListener@3ffbea7b, org.springframework.test.context.event.EventPublishingTestExecutionListener@7d67832c, org.springframework.security.test.context.support.ReactorContextTestExecutionListener@657e7a53, org.springframework.boot.test.autoconfigure.restdocs.RestDocsTestExecutionListener@6537bb0c, org.springframework.boot.test.autoconfigure.web.client.MockRestServiceServerResetTestExecutionListener@57f3de3, org.springframework.boot.test.autoconfigure.web.servlet.MockMvcPrintOnlyOnFailureTestExecutionListener@4440a083, org.springframework.boot.test.autoconfigure.web.servlet.WebDriverTestExecutionListener@52fae6ba, org.springframework.boot.test.autoconfigure.webservices.client.MockWebServiceServerTestExecutionListener@a4dd832, org.springframework.boot.test.mock.mockito.ResetMocksTestExecutionListener@76216cbd]

  .   ____          _            __ _ _
 /\\ / ___'_ __ _ _(_)_ __  __ _ \ \ \ \
( ( )\___ | '_ | '_| | '_ \/ _` | \ \ \ \
 \\/  ___)| |_)| | | | | || (_| |  ) ) ) )
  '  |____| .__|_| |_|_| |_\__, | / / / /
 =========|_|==============|___/=/_/_/_/
 :: Spring Boot ::                (v2.4.5)

2021-10-07 20:05:28.152  INFO 97937 --- [    Test worker] c.t.o.domain.store.StoreControllerTest   : Starting StoreControllerTest using Java 11.0.10 on ibeomjun-ui-MacBookPro.local with PID 97937 (started by leebeomjun in /Users/leebeomjun/Desktop/git/TableOrder/backend)
2021-10-07 20:05:28.153  INFO 97937 --- [    Test worker] c.t.o.domain.store.StoreControllerTest   : The following profiles are active: real
2021-10-07 20:05:28.291  INFO 97937 --- [    Test worker] trationDelegate$BeanPostProcessorChecker : Bean 'org.springframework.security.access.expression.method.DefaultMethodSecurityExpressionHandler@5e34e9a' of type [org.springframework.security.access.expression.method.DefaultMethodSecurityExpressionHandler] is not eligible for getting processed by all BeanPostProcessors (for example: not eligible for auto-proxying)
2021-10-07 20:05:28.297  INFO 97937 --- [    Test worker] trationDelegate$BeanPostProcessorChecker : Bean 'methodSecurityMetadataSource' of type [org.springframework.security.access.method.DelegatingMethodSecurityMetadataSource] is not eligible for getting processed by all BeanPostProcessors (for example: not eligible for auto-proxying)
2021-10-07 20:05:28.388  INFO 97937 --- [    Test worker] o.s.s.web.DefaultSecurityFilterChain     : Will secure Ant [pattern='/app/customers', POST] with []
2021-10-07 20:05:28.388  INFO 97937 --- [    Test worker] o.s.s.web.DefaultSecurityFilterChain     : Will secure Ant [pattern='/users/login', POST] with []
2021-10-07 20:05:28.388  INFO 97937 --- [    Test worker] o.s.s.web.DefaultSecurityFilterChain     : Will secure Ant [pattern='/users', POST] with []
2021-10-07 20:05:28.388  INFO 97937 --- [    Test worker] o.s.s.web.DefaultSecurityFilterChain     : Will secure Ant [pattern='/app/customers/test', GET] with []
2021-10-07 20:05:28.388  INFO 97937 --- [    Test worker] o.s.s.web.DefaultSecurityFilterChain     : Will secure Ant [pattern='/docs/**'] with []
2021-10-07 20:05:28.388  INFO 97937 --- [    Test worker] o.s.s.web.DefaultSecurityFilterChain     : Will secure Ant [pattern='/swagger-ui**'] with []
2021-10-07 20:05:28.421  INFO 97937 --- [    Test worker] o.s.s.web.DefaultSecurityFilterChain     : Will secure any request with [org.springframework.security.web.context.request.async.WebAsyncManagerIntegrationFilter@6e0dffd1, org.springframework.security.web.context.SecurityContextPersistenceFilter@661b64bf, org.springframework.security.web.header.HeaderWriterFilter@4cd19f73, org.springframework.web.filter.CorsFilter@abb98e7, org.springframework.security.web.authentication.logout.LogoutFilter@7fd77aa6, com.table.order.global.security.filter.JwtFilter@4e7dd15c, org.springframework.security.web.savedrequest.RequestCacheAwareFilter@4a5bcdc7, org.springframework.security.web.servletapi.SecurityContextHolderAwareRequestFilter@ab1f9f8, org.springframework.security.web.authentication.AnonymousAuthenticationFilter@10fe5038, org.springframework.security.web.session.SessionManagementFilter@7d06a574, org.springframework.security.web.access.ExceptionTranslationFilter@1227c962]
2021-10-07 20:05:28.489  INFO 97937 --- [    Test worker] o.s.s.concurrent.ThreadPoolTaskExecutor  : Initializing ExecutorService 'applicationTaskExecutor'
2021-10-07 20:05:28.605  INFO 97937 --- [    Test worker] o.s.b.t.m.w.SpringBootMockServletContext : Initializing Spring TestDispatcherServlet ''
2021-10-07 20:05:28.605  INFO 97937 --- [    Test worker] o.s.t.web.servlet.TestDispatcherServlet  : Initializing Servlet ''
2021-10-07 20:05:28.606  INFO 97937 --- [    Test worker] o.s.t.web.servlet.TestDispatcherServlet  : Completed initialization in 1 ms
2021-10-07 20:05:28.619  INFO 97937 --- [    Test worker] c.t.o.domain.store.StoreControllerTest   : Started StoreControllerTest in 0.487 seconds (JVM running for 13.026)
2021-10-07 20:05:28.627  INFO 97937 --- [    Test worker] c.t.o.global.security.filter.JwtFilter   : (accessToken) 추출 완료
2021-10-07 20:05:28.627  INFO 97937 --- [    Test worker] c.t.o.global.security.filter.JwtFilter   : UsernamePasswordAuthenticationToken [Principal=test, Credentials=[PROTECTED], Authenticated=true, Details=null, Granted Authorities=[ROLE_USER]] Authentication 생성

MockHttpServletRequest:
      HTTP Method = POST
      Request URI = /stores
       Parameters = {}
          Headers = [Content-Type:"application/json;charset=UTF-8", Authorization:"Bearer (accessToken)", Accept:"application/json", Content-Length:"81"]
             Body = {"name":"식당","description":"식당 설명","licenseImage":"이미지 주소"}
    Session Attrs = {}

Handler:
             Type = com.table.order.domain.store.controller.StoreController
           Method = com.table.order.domain.store.controller.StoreController#createStore(RequestEnrollStore, Authentication)

Async:
    Async started = false
     Async result = null

Resolved Exception:
             Type = null

ModelAndView:
        View name = null
             View = null
            Model = null

FlashMap:
       Attributes = null

MockHttpServletResponse:
           Status = 201
    Error message = null
          Headers = [Vary:"Origin", "Access-Control-Request-Method", "Access-Control-Request-Headers", Content-Type:"application/json", X-Content-Type-Options:"nosniff", X-XSS-Protection:"1; mode=block", Cache-Control:"no-cache, no-store, max-age=0, must-revalidate", Pragma:"no-cache", Expires:"0", X-Frame-Options:"DENY"]
     Content type = application/json
             Body = {"status":201,"message":"ì]]>&#x8b;<![CDATA[]]>&#x9d;<![CDATA[ë]]>&#x8b;<![CDATA[¹ ë]]>&#x93;<![CDATA[±ë¡]]>&#x9d;<![CDATA[ ì]]>&#x84;<![CDATA[±ê³µ","data":{"id":1,"name":"ì]]>&#x8b;<![CDATA[]]>&#x9d;<![CDATA[ë]]>&#x8b;<![CDATA[¹","description":"ì]]>&#x8b;<![CDATA[]]>&#x9d;<![CDATA[ë]]>&#x8b;<![CDATA[¹ ì]]>&#x84;<![CDATA[¤ëª","licenseImage":"ì]]>&#x9d;<![CDATA[´ë¯¸ì§]]>&#x80;<![CDATA[ ì£¼ì]]>&#x86;<![CDATA[]]>&#x8c;<![CDATA[","storeStatus":"INVALID"}}
    Forwarded URL = null
   Redirected URL = null
          Cookies = []
2021-10-07 20:05:28.651  INFO 97937 --- [    Test worker] c.t.o.global.security.filter.JwtFilter   : (accessToken) 추출 완료
2021-10-07 20:05:28.652  INFO 97937 --- [    Test worker] c.t.o.global.security.filter.JwtFilter   : UsernamePasswordAuthenticationToken [Principal=test, Credentials=[PROTECTED], Authenticated=true, Details=null, Granted Authorities=[ROLE_USER]] Authentication 생성

MockHttpServletRequest:
      HTTP Method = GET
      Request URI = /stores
       Parameters = {}
          Headers = [Content-Type:"application/json;charset=UTF-8", Authorization:"Bearer (accessToken)", Accept:"application/json"]
             Body = null
    Session Attrs = {}

Handler:
             Type = com.table.order.domain.store.controller.StoreController
           Method = com.table.order.domain.store.controller.StoreController#findStore(Authentication)

Async:
    Async started = false
     Async result = null

Resolved Exception:
             Type = null

ModelAndView:
        View name = null
             View = null
            Model = null

FlashMap:
       Attributes = null

MockHttpServletResponse:
           Status = 200
    Error message = null
          Headers = [Vary:"Origin", "Access-Control-Request-Method", "Access-Control-Request-Headers", Content-Type:"application/json", X-Content-Type-Options:"nosniff", X-XSS-Protection:"1; mode=block", Cache-Control:"no-cache, no-store, max-age=0, must-revalidate", Pragma:"no-cache", Expires:"0", X-Frame-Options:"DENY"]
     Content type = application/json
             Body = {"status":200,"message":"ì]]>&#x8b;<![CDATA[]]>&#x9d;<![CDATA[ë]]>&#x8b;<![CDATA[¹ ì¡°í]]>&#x9a;<![CDATA[]]>&#x8c;<![CDATA[ ì]]>&#x84;<![CDATA[±ê³µ","data":{"id":1,"name":"ì]]>&#x8b;<![CDATA[]]>&#x9d;<![CDATA[ë]]>&#x8b;<![CDATA[¹","description":"ì]]>&#x8b;<![CDATA[]]>&#x9d;<![CDATA[ë]]>&#x8b;<![CDATA[¹ ì]]>&#x84;<![CDATA[¤ëª","licenseImage":"ì]]>&#x9d;<![CDATA[´ë¯¸ì§]]>&#x80;<![CDATA[ ì£¼ì]]>&#x86;<![CDATA[]]>&#x8c;<![CDATA[","storeStatus":"VALID"}}
    Forwarded URL = null
   Redirected URL = null
          Cookies = []
]]></system-out>
  <system-err><![CDATA[]]></system-err>
</testsuite>
