<?xml version="1.0" encoding="UTF-8"?>
<testsuite name="com.table.order.domain.item.ItemQueryRepositoryTest" tests="1" skipped="0" failures="0" errors="0" timestamp="2021-09-28T08:33:49" hostname="ibeomjun-ui-MacBookPro.local" time="0.724">
  <properties/>
  <testcase name="여러가지 메뉴를 한번에 주문할 때의 동적 쿼리 테스트" classname="com.table.order.domain.item.ItemQueryRepositoryTest" time="0.724"/>
  <system-out><![CDATA[2021-09-28 17:33:49.924  INFO 62541 --- [    Test worker] .b.t.c.SpringBootTestContextBootstrapper : Neither @ContextConfiguration nor @ContextHierarchy found for test class [com.table.order.domain.item.ItemQueryRepositoryTest], using SpringBootContextLoader
2021-09-28 17:33:49.925  INFO 62541 --- [    Test worker] o.s.t.c.support.AbstractContextLoader    : Could not detect default resource locations for test class [com.table.order.domain.item.ItemQueryRepositoryTest]: no resource found for suffixes {-context.xml, Context.groovy}.
2021-09-28 17:33:49.925  INFO 62541 --- [    Test worker] t.c.s.AnnotationConfigContextLoaderUtils : Could not detect default configuration classes for test class [com.table.order.domain.item.ItemQueryRepositoryTest]: ItemQueryRepositoryTest does not declare any static, non-private, non-final, nested classes annotated with @Configuration.
2021-09-28 17:33:49.934  INFO 62541 --- [    Test worker] .b.t.c.SpringBootTestContextBootstrapper : Found @SpringBootConfiguration com.table.order.OrderApplication for test class com.table.order.domain.item.ItemQueryRepositoryTest
2021-09-28 17:33:49.936  INFO 62541 --- [    Test worker] .b.t.c.SpringBootTestContextBootstrapper : Loaded default TestExecutionListener class names from location [META-INF/spring.factories]: [org.springframework.security.test.context.support.WithSecurityContextTestExecutionListener, org.springframework.security.test.context.support.ReactorContextTestExecutionListener, org.springframework.boot.test.autoconfigure.restdocs.RestDocsTestExecutionListener, org.springframework.boot.test.autoconfigure.web.client.MockRestServiceServerResetTestExecutionListener, org.springframework.boot.test.autoconfigure.web.servlet.MockMvcPrintOnlyOnFailureTestExecutionListener, org.springframework.boot.test.autoconfigure.web.servlet.WebDriverTestExecutionListener, org.springframework.boot.test.autoconfigure.webservices.client.MockWebServiceServerTestExecutionListener, org.springframework.boot.test.mock.mockito.MockitoTestExecutionListener, org.springframework.boot.test.mock.mockito.ResetMocksTestExecutionListener, org.springframework.test.context.web.ServletTestExecutionListener, org.springframework.test.context.support.DirtiesContextBeforeModesTestExecutionListener, org.springframework.test.context.event.ApplicationEventsTestExecutionListener, org.springframework.test.context.support.DependencyInjectionTestExecutionListener, org.springframework.test.context.support.DirtiesContextTestExecutionListener, org.springframework.test.context.transaction.TransactionalTestExecutionListener, org.springframework.test.context.jdbc.SqlScriptsTestExecutionListener, org.springframework.test.context.event.EventPublishingTestExecutionListener]
2021-09-28 17:33:49.936  INFO 62541 --- [    Test worker] .b.t.c.SpringBootTestContextBootstrapper : Using TestExecutionListeners: [org.springframework.test.context.web.ServletTestExecutionListener@2d35a371, org.springframework.test.context.support.DirtiesContextBeforeModesTestExecutionListener@39493ec, org.springframework.test.context.event.ApplicationEventsTestExecutionListener@78df7c16, org.springframework.boot.test.mock.mockito.MockitoTestExecutionListener@1e92473f, org.springframework.boot.test.autoconfigure.SpringBootDependencyInjectionTestExecutionListener@1ebc41b7, org.springframework.test.context.support.DirtiesContextTestExecutionListener@3910ba7f, org.springframework.test.context.transaction.TransactionalTestExecutionListener@3a2c5e87, org.springframework.test.context.jdbc.SqlScriptsTestExecutionListener@360b5d42, org.springframework.security.test.context.support.WithSecurityContextTestExecutionListener@4a4613cd, org.springframework.test.context.event.EventPublishingTestExecutionListener@76b98bb8, org.springframework.security.test.context.support.ReactorContextTestExecutionListener@2eb92b8e, org.springframework.boot.test.autoconfigure.restdocs.RestDocsTestExecutionListener@42348256, org.springframework.boot.test.autoconfigure.web.client.MockRestServiceServerResetTestExecutionListener@381629a6, org.springframework.boot.test.autoconfigure.web.servlet.MockMvcPrintOnlyOnFailureTestExecutionListener@2c89157, org.springframework.boot.test.autoconfigure.web.servlet.WebDriverTestExecutionListener@65ca3fdb, org.springframework.boot.test.autoconfigure.webservices.client.MockWebServiceServerTestExecutionListener@30a2706, org.springframework.boot.test.mock.mockito.ResetMocksTestExecutionListener@a5875d8]
2021-09-28 17:33:49.988  INFO 62541 --- [    Test worker] o.s.t.c.transaction.TransactionContext   : Began transaction (1) for test context [DefaultTestContext@8bda28f testClass = ItemQueryRepositoryTest, testInstance = com.table.order.domain.item.ItemQueryRepositoryTest@676864fe, testMethod = findAllByItemIds@ItemQueryRepositoryTest, testException = [null], mergedContextConfiguration = [WebMergedContextConfiguration@2e7f8755 testClass = ItemQueryRepositoryTest, locations = '{}', classes = '{class com.table.order.OrderApplication}', contextInitializerClasses = '[]', activeProfiles = '{}', propertySourceLocations = '{}', propertySourceProperties = '{org.springframework.boot.test.context.SpringBootTestContextBootstrapper=true}', contextCustomizers = set[org.springframework.boot.test.autoconfigure.actuate.metrics.MetricsExportContextCustomizerFactory$DisableMetricExportContextCustomizer@6484e9b6, org.springframework.boot.test.autoconfigure.properties.PropertyMappingContextCustomizer@0, org.springframework.boot.test.autoconfigure.web.servlet.WebDriverContextCustomizerFactory$Customizer@3b4a1b00, org.springframework.boot.test.context.filter.ExcludeFilterContextCustomizer@69f268ac, org.springframework.boot.test.json.DuplicateJsonObjectContextCustomizerFactory$DuplicateJsonObjectContextCustomizer@6a5e7eaf, org.springframework.boot.test.mock.mockito.MockitoContextCustomizer@0, org.springframework.boot.test.web.client.TestRestTemplateContextCustomizer@28b7f899, org.springframework.boot.test.context.SpringBootTestArgs@1, org.springframework.boot.test.context.SpringBootTestWebEnvironment@3f1d6528], resourceBasePath = 'src/main/webapp', contextLoader = 'org.springframework.boot.test.context.SpringBootContextLoader', parent = [null]], attributes = map['org.springframework.test.context.web.ServletTestExecutionListener.activateListener' -> true, 'org.springframework.test.context.web.ServletTestExecutionListener.populatedRequestContextHolder' -> true, 'org.springframework.test.context.web.ServletTestExecutionListener.resetRequestContextHolder' -> true, 'org.springframework.test.context.event.ApplicationEventsTestExecutionListener.recordApplicationEvents' -> false]]; transaction manager [org.springframework.orm.jpa.JpaTransactionManager@7011a737]; rollback [true]
Hibernate: 
    select
        next_val as id_val 
    from
        hibernate_sequence for update
            
Hibernate: 
    update
        hibernate_sequence 
    set
        next_val= ? 
    where
        next_val=?
Hibernate: 
    select
        next_val as id_val 
    from
        hibernate_sequence for update
            
Hibernate: 
    update
        hibernate_sequence 
    set
        next_val= ? 
    where
        next_val=?
Hibernate: 
    select
        next_val as id_val 
    from
        hibernate_sequence for update
            
Hibernate: 
    update
        hibernate_sequence 
    set
        next_val= ? 
    where
        next_val=?
Hibernate: 
    select
        next_val as id_val 
    from
        hibernate_sequence for update
            
Hibernate: 
    update
        hibernate_sequence 
    set
        next_val= ? 
    where
        next_val=?
Hibernate: 
    select
        next_val as id_val 
    from
        hibernate_sequence for update
            
Hibernate: 
    update
        hibernate_sequence 
    set
        next_val= ? 
    where
        next_val=?
Hibernate: 
    insert 
    into
        item
        (created_date, updated_date, category_id, description, image, name, price, store_id, item_id) 
    values
        (?, ?, ?, ?, ?, ?, ?, ?, ?)
Hibernate: 
    insert 
    into
        item
        (created_date, updated_date, category_id, description, image, name, price, store_id, item_id) 
    values
        (?, ?, ?, ?, ?, ?, ?, ?, ?)
Hibernate: 
    insert 
    into
        item
        (created_date, updated_date, category_id, description, image, name, price, store_id, item_id) 
    values
        (?, ?, ?, ?, ?, ?, ?, ?, ?)
Hibernate: 
    insert 
    into
        item
        (created_date, updated_date, category_id, description, image, name, price, store_id, item_id) 
    values
        (?, ?, ?, ?, ?, ?, ?, ?, ?)
Hibernate: 
    insert 
    into
        item
        (created_date, updated_date, category_id, description, image, name, price, store_id, item_id) 
    values
        (?, ?, ?, ?, ?, ?, ?, ?, ?)
Hibernate: 
    select
        item0_.item_id as item_id1_2_,
        item0_.created_date as created_2_2_,
        item0_.updated_date as updated_3_2_,
        item0_.category_id as category8_2_,
        item0_.description as descript4_2_,
        item0_.image as image5_2_,
        item0_.name as name6_2_,
        item0_.price as price7_2_,
        item0_.store_id as store_id9_2_ 
    from
        item item0_ 
    where
        item0_.item_id=? 
        or item0_.item_id=? 
        or item0_.item_id=? 
        or item0_.item_id=? 
        or item0_.item_id=?
Hibernate: 
    select
        item0_.item_id as item_id1_2_,
        item0_.created_date as created_2_2_,
        item0_.updated_date as updated_3_2_,
        item0_.category_id as category8_2_,
        item0_.description as descript4_2_,
        item0_.image as image5_2_,
        item0_.name as name6_2_,
        item0_.price as price7_2_,
        item0_.store_id as store_id9_2_ 
    from
        item item0_ 
    where
        item0_.item_id=? 
        or item0_.item_id=? 
        or item0_.item_id=?
2021-09-28 17:33:50.661  INFO 62541 --- [    Test worker] o.s.t.c.transaction.TransactionContext   : Rolled back transaction for test: [DefaultTestContext@8bda28f testClass = ItemQueryRepositoryTest, testInstance = com.table.order.domain.item.ItemQueryRepositoryTest@676864fe, testMethod = findAllByItemIds@ItemQueryRepositoryTest, testException = [null], mergedContextConfiguration = [WebMergedContextConfiguration@2e7f8755 testClass = ItemQueryRepositoryTest, locations = '{}', classes = '{class com.table.order.OrderApplication}', contextInitializerClasses = '[]', activeProfiles = '{}', propertySourceLocations = '{}', propertySourceProperties = '{org.springframework.boot.test.context.SpringBootTestContextBootstrapper=true}', contextCustomizers = set[org.springframework.boot.test.autoconfigure.actuate.metrics.MetricsExportContextCustomizerFactory$DisableMetricExportContextCustomizer@6484e9b6, org.springframework.boot.test.autoconfigure.properties.PropertyMappingContextCustomizer@0, org.springframework.boot.test.autoconfigure.web.servlet.WebDriverContextCustomizerFactory$Customizer@3b4a1b00, org.springframework.boot.test.context.filter.ExcludeFilterContextCustomizer@69f268ac, org.springframework.boot.test.json.DuplicateJsonObjectContextCustomizerFactory$DuplicateJsonObjectContextCustomizer@6a5e7eaf, org.springframework.boot.test.mock.mockito.MockitoContextCustomizer@0, org.springframework.boot.test.web.client.TestRestTemplateContextCustomizer@28b7f899, org.springframework.boot.test.context.SpringBootTestArgs@1, org.springframework.boot.test.context.SpringBootTestWebEnvironment@3f1d6528], resourceBasePath = 'src/main/webapp', contextLoader = 'org.springframework.boot.test.context.SpringBootContextLoader', parent = [null]], attributes = map['org.springframework.test.context.web.ServletTestExecutionListener.activateListener' -> true, 'org.springframework.test.context.web.ServletTestExecutionListener.populatedRequestContextHolder' -> true, 'org.springframework.test.context.web.ServletTestExecutionListener.resetRequestContextHolder' -> true, 'org.springframework.test.context.event.ApplicationEventsTestExecutionListener.recordApplicationEvents' -> false]]
]]></system-out>
  <system-err><![CDATA[]]></system-err>
</testsuite>
