<?xml version="1.0" encoding="UTF-8"?>
<testsuite name="com.table.order.OrderApplicationTests" tests="1" skipped="0" failures="0" errors="0" timestamp="2021-09-30T09:43:08" hostname="ibeomjun-ui-MacBookPro.local" time="0.013">
  <properties/>
  <testcase name="contextLoads()" classname="com.table.order.OrderApplicationTests" time="0.013"/>
  <system-out><![CDATA[18:43:03.404 [Test worker] DEBUG org.springframework.test.context.BootstrapUtils - Instantiating CacheAwareContextLoaderDelegate from class [org.springframework.test.context.cache.DefaultCacheAwareContextLoaderDelegate]
18:43:03.415 [Test worker] DEBUG org.springframework.test.context.BootstrapUtils - Instantiating BootstrapContext using constructor [public org.springframework.test.context.support.DefaultBootstrapContext(java.lang.Class,org.springframework.test.context.CacheAwareContextLoaderDelegate)]
18:43:03.448 [Test worker] DEBUG org.springframework.test.context.BootstrapUtils - Instantiating TestContextBootstrapper for test class [com.table.order.OrderApplicationTests] from class [org.springframework.boot.test.context.SpringBootTestContextBootstrapper]
18:43:03.458 [Test worker] INFO org.springframework.boot.test.context.SpringBootTestContextBootstrapper - Neither @ContextConfiguration nor @ContextHierarchy found for test class [com.table.order.OrderApplicationTests], using SpringBootContextLoader
18:43:03.461 [Test worker] DEBUG org.springframework.test.context.support.AbstractContextLoader - Did not detect default resource location for test class [com.table.order.OrderApplicationTests]: class path resource [com/table/order/OrderApplicationTests-context.xml] does not exist
18:43:03.462 [Test worker] DEBUG org.springframework.test.context.support.AbstractContextLoader - Did not detect default resource location for test class [com.table.order.OrderApplicationTests]: class path resource [com/table/order/OrderApplicationTestsContext.groovy] does not exist
18:43:03.462 [Test worker] INFO org.springframework.test.context.support.AbstractContextLoader - Could not detect default resource locations for test class [com.table.order.OrderApplicationTests]: no resource found for suffixes {-context.xml, Context.groovy}.
18:43:03.463 [Test worker] INFO org.springframework.test.context.support.AnnotationConfigContextLoaderUtils - Could not detect default configuration classes for test class [com.table.order.OrderApplicationTests]: OrderApplicationTests does not declare any static, non-private, non-final, nested classes annotated with @Configuration.
18:43:03.498 [Test worker] DEBUG org.springframework.test.context.support.ActiveProfilesUtils - Could not find an 'annotation declaring class' for annotation type [org.springframework.test.context.ActiveProfiles] and class [com.table.order.OrderApplicationTests]
18:43:03.539 [Test worker] DEBUG org.springframework.context.annotation.ClassPathScanningCandidateComponentProvider - Identified candidate component class: file [/Users/leebeomjun/Desktop/git/TableOrder/backend/build/classes/java/main/com/table/order/OrderApplication.class]
18:43:03.540 [Test worker] INFO org.springframework.boot.test.context.SpringBootTestContextBootstrapper - Found @SpringBootConfiguration com.table.order.OrderApplication for test class com.table.order.OrderApplicationTests
18:43:03.620 [Test worker] DEBUG org.springframework.boot.test.context.SpringBootTestContextBootstrapper - @TestExecutionListeners is not present for class [com.table.order.OrderApplicationTests]: using defaults.
18:43:03.620 [Test worker] INFO org.springframework.boot.test.context.SpringBootTestContextBootstrapper - Loaded default TestExecutionListener class names from location [META-INF/spring.factories]: [org.springframework.security.test.context.support.WithSecurityContextTestExecutionListener, org.springframework.security.test.context.support.ReactorContextTestExecutionListener, org.springframework.boot.test.autoconfigure.restdocs.RestDocsTestExecutionListener, org.springframework.boot.test.autoconfigure.web.client.MockRestServiceServerResetTestExecutionListener, org.springframework.boot.test.autoconfigure.web.servlet.MockMvcPrintOnlyOnFailureTestExecutionListener, org.springframework.boot.test.autoconfigure.web.servlet.WebDriverTestExecutionListener, org.springframework.boot.test.autoconfigure.webservices.client.MockWebServiceServerTestExecutionListener, org.springframework.boot.test.mock.mockito.MockitoTestExecutionListener, org.springframework.boot.test.mock.mockito.ResetMocksTestExecutionListener, org.springframework.test.context.web.ServletTestExecutionListener, org.springframework.test.context.support.DirtiesContextBeforeModesTestExecutionListener, org.springframework.test.context.event.ApplicationEventsTestExecutionListener, org.springframework.test.context.support.DependencyInjectionTestExecutionListener, org.springframework.test.context.support.DirtiesContextTestExecutionListener, org.springframework.test.context.transaction.TransactionalTestExecutionListener, org.springframework.test.context.jdbc.SqlScriptsTestExecutionListener, org.springframework.test.context.event.EventPublishingTestExecutionListener]
18:43:03.635 [Test worker] INFO org.springframework.boot.test.context.SpringBootTestContextBootstrapper - Using TestExecutionListeners: [org.springframework.test.context.web.ServletTestExecutionListener@17885926, org.springframework.test.context.support.DirtiesContextBeforeModesTestExecutionListener@7e0ed24d, org.springframework.test.context.event.ApplicationEventsTestExecutionListener@1736dc98, org.springframework.boot.test.mock.mockito.MockitoTestExecutionListener@2d4bfbc3, org.springframework.boot.test.autoconfigure.SpringBootDependencyInjectionTestExecutionListener@785fd625, org.springframework.test.context.support.DirtiesContextTestExecutionListener@70cbffd9, org.springframework.test.context.transaction.TransactionalTestExecutionListener@51383f44, org.springframework.test.context.jdbc.SqlScriptsTestExecutionListener@23df4343, org.springframework.security.test.context.support.WithSecurityContextTestExecutionListener@25b757e3, org.springframework.test.context.event.EventPublishingTestExecutionListener@aad41bb, org.springframework.security.test.context.support.ReactorContextTestExecutionListener@1aff8db5, org.springframework.boot.test.autoconfigure.restdocs.RestDocsTestExecutionListener@43e310f2, org.springframework.boot.test.autoconfigure.web.client.MockRestServiceServerResetTestExecutionListener@5cf44f22, org.springframework.boot.test.autoconfigure.web.servlet.MockMvcPrintOnlyOnFailureTestExecutionListener@3cb46d9e, org.springframework.boot.test.autoconfigure.web.servlet.WebDriverTestExecutionListener@5ac0dd98, org.springframework.boot.test.autoconfigure.webservices.client.MockWebServiceServerTestExecutionListener@17f22b2, org.springframework.boot.test.mock.mockito.ResetMocksTestExecutionListener@7f8cf0e0]
18:43:03.637 [Test worker] DEBUG org.springframework.test.context.support.AbstractDirtiesContextTestExecutionListener - Before test class: context [DefaultTestContext@73e2533d testClass = OrderApplicationTests, testInstance = [null], testMethod = [null], testException = [null], mergedContextConfiguration = [WebMergedContextConfiguration@6e4a2a84 testClass = OrderApplicationTests, locations = '{}', classes = '{class com.table.order.OrderApplication}', contextInitializerClasses = '[]', activeProfiles = '{}', propertySourceLocations = '{}', propertySourceProperties = '{org.springframework.boot.test.context.SpringBootTestContextBootstrapper=true}', contextCustomizers = set[org.springframework.boot.test.autoconfigure.actuate.metrics.MetricsExportContextCustomizerFactory$DisableMetricExportContextCustomizer@78612d2f, org.springframework.boot.test.autoconfigure.properties.PropertyMappingContextCustomizer@0, org.springframework.boot.test.autoconfigure.web.servlet.WebDriverContextCustomizerFactory$Customizer@1963fbfb, org.springframework.boot.test.context.filter.ExcludeFilterContextCustomizer@2217868a, org.springframework.boot.test.json.DuplicateJsonObjectContextCustomizerFactory$DuplicateJsonObjectContextCustomizer@2f767814, org.springframework.boot.test.mock.mockito.MockitoContextCustomizer@0, org.springframework.boot.test.web.client.TestRestTemplateContextCustomizer@15364ef1, org.springframework.boot.test.context.SpringBootTestArgs@1, org.springframework.boot.test.context.SpringBootTestWebEnvironment@30f4f3be], resourceBasePath = 'src/main/webapp', contextLoader = 'org.springframework.boot.test.context.SpringBootContextLoader', parent = [null]], attributes = map['org.springframework.test.context.web.ServletTestExecutionListener.activateListener' -> true]], class annotated with @DirtiesContext [false] with mode [null].
18:43:03.656 [Test worker] DEBUG org.springframework.test.context.support.TestPropertySourceUtils - Adding inlined properties to environment: {spring.jmx.enabled=false, org.springframework.boot.test.context.SpringBootTestContextBootstrapper=true}

  .   ____          _            __ _ _
 /\\ / ___'_ __ _ _(_)_ __  __ _ \ \ \ \
( ( )\___ | '_ | '_| | '_ \/ _` | \ \ \ \
 \\/  ___)| |_)| | | | | || (_| |  ) ) ) )
  '  |____| .__|_| |_|_| |_\__, | / / / /
 =========|_|==============|___/=/_/_/_/
 :: Spring Boot ::                (v2.4.5)

2021-09-30 18:43:03.972  INFO 76638 --- [    Test worker] com.table.order.OrderApplicationTests    : Starting OrderApplicationTests using Java 11.0.10 on ibeomjun-ui-MacBookPro.local with PID 76638 (started by leebeomjun in /Users/leebeomjun/Desktop/git/TableOrder/backend)
2021-09-30 18:43:03.973  INFO 76638 --- [    Test worker] com.table.order.OrderApplicationTests    : The following profiles are active: real
2021-09-30 18:43:04.738  INFO 76638 --- [    Test worker] .s.d.r.c.RepositoryConfigurationDelegate : Bootstrapping Spring Data JPA repositories in DEFAULT mode.
2021-09-30 18:43:04.828  INFO 76638 --- [    Test worker] .s.d.r.c.RepositoryConfigurationDelegate : Finished Spring Data repository scanning in 84 ms. Found 8 JPA repository interfaces.
2021-09-30 18:43:05.236  INFO 76638 --- [    Test worker] trationDelegate$BeanPostProcessorChecker : Bean 'org.springframework.security.access.expression.method.DefaultMethodSecurityExpressionHandler@2c7fa5f1' of type [org.springframework.security.access.expression.method.DefaultMethodSecurityExpressionHandler] is not eligible for getting processed by all BeanPostProcessors (for example: not eligible for auto-proxying)
2021-09-30 18:43:05.252  INFO 76638 --- [    Test worker] trationDelegate$BeanPostProcessorChecker : Bean 'methodSecurityMetadataSource' of type [org.springframework.security.access.method.DelegatingMethodSecurityMetadataSource] is not eligible for getting processed by all BeanPostProcessors (for example: not eligible for auto-proxying)
2021-09-30 18:43:05.489  INFO 76638 --- [    Test worker] o.hibernate.jpa.internal.util.LogHelper  : HHH000204: Processing PersistenceUnitInfo [name: default]
2021-09-30 18:43:05.544  INFO 76638 --- [    Test worker] org.hibernate.Version                    : HHH000412: Hibernate ORM core version 5.4.30.Final
2021-09-30 18:43:05.586  INFO 76638 --- [    Test worker] o.hibernate.annotations.common.Version   : HCANN000001: Hibernate Commons Annotations {5.1.2.Final}
2021-09-30 18:43:05.696  INFO 76638 --- [    Test worker] com.zaxxer.hikari.HikariDataSource       : HikariPool-1 - Starting...
2021-09-30 18:43:06.199  INFO 76638 --- [    Test worker] com.zaxxer.hikari.HikariDataSource       : HikariPool-1 - Start completed.
2021-09-30 18:43:06.223  INFO 76638 --- [    Test worker] org.hibernate.dialect.Dialect            : HHH000400: Using dialect: org.hibernate.dialect.MySQL57Dialect
2021-09-30 18:43:06.698  INFO 76638 --- [    Test worker] o.h.e.t.j.p.i.JtaPlatformInitiator       : HHH000490: Using JtaPlatform implementation: [org.hibernate.engine.transaction.jta.platform.internal.NoJtaPlatform]
2021-09-30 18:43:06.705  INFO 76638 --- [    Test worker] j.LocalContainerEntityManagerFactoryBean : Initialized JPA EntityManagerFactory for persistence unit 'default'
2021-09-30 18:43:07.512  WARN 76638 --- [    Test worker] JpaBaseConfiguration$JpaWebConfiguration : spring.jpa.open-in-view is enabled by default. Therefore, database queries may be performed during view rendering. Explicitly configure spring.jpa.open-in-view to disable this warning
2021-09-30 18:43:07.648  INFO 76638 --- [    Test worker] o.s.s.web.DefaultSecurityFilterChain     : Will secure Ant [pattern='/app/customers', POST] with []
2021-09-30 18:43:07.648  INFO 76638 --- [    Test worker] o.s.s.web.DefaultSecurityFilterChain     : Will secure Ant [pattern='/users/login', POST] with []
2021-09-30 18:43:07.648  INFO 76638 --- [    Test worker] o.s.s.web.DefaultSecurityFilterChain     : Will secure Ant [pattern='/users', POST] with []
2021-09-30 18:43:07.648  INFO 76638 --- [    Test worker] o.s.s.web.DefaultSecurityFilterChain     : Will secure Ant [pattern='/app/customers/test', GET] with []
2021-09-30 18:43:07.648  INFO 76638 --- [    Test worker] o.s.s.web.DefaultSecurityFilterChain     : Will secure Ant [pattern='/docs/**'] with []
2021-09-30 18:43:07.648  INFO 76638 --- [    Test worker] o.s.s.web.DefaultSecurityFilterChain     : Will secure Ant [pattern='/swagger-ui**'] with []
2021-09-30 18:43:07.715  INFO 76638 --- [    Test worker] o.s.s.web.DefaultSecurityFilterChain     : Will secure any request with [org.springframework.security.web.context.request.async.WebAsyncManagerIntegrationFilter@2491e601, org.springframework.security.web.context.SecurityContextPersistenceFilter@509bbb07, org.springframework.security.web.header.HeaderWriterFilter@9d51d9c, org.springframework.web.filter.CorsFilter@6c50024a, org.springframework.security.web.authentication.logout.LogoutFilter@6f04b036, com.table.order.global.security.filter.JwtFilter@42f286f, org.springframework.security.web.savedrequest.RequestCacheAwareFilter@674364be, org.springframework.security.web.servletapi.SecurityContextHolderAwareRequestFilter@1e22ef08, org.springframework.security.web.authentication.AnonymousAuthenticationFilter@1875b9c0, org.springframework.security.web.session.SessionManagementFilter@8b3b851, org.springframework.security.web.access.ExceptionTranslationFilter@203bd574]
2021-09-30 18:43:08.019  INFO 76638 --- [    Test worker] o.s.s.concurrent.ThreadPoolTaskExecutor  : Initializing ExecutorService 'applicationTaskExecutor'
2021-09-30 18:43:08.392  INFO 76638 --- [    Test worker] com.table.order.OrderApplicationTests    : Started OrderApplicationTests in 4.73 seconds (JVM running for 6.288)
]]></system-out>
  <system-err><![CDATA[]]></system-err>
</testsuite>
