<?xml version="1.0" encoding="UTF-8"?>
<testsuite name="com.table.order.domain.item.ItemQueryRepositoryTest" tests="1" skipped="0" failures="0" errors="0" timestamp="2021-10-08T08:41:29" hostname="ibeomjun-ui-MacBookPro.local" time="0.747">
  <properties/>
  <testcase name="여러가지 메뉴를 한번에 주문할 때의 동적 쿼리 테스트" classname="com.table.order.domain.item.ItemQueryRepositoryTest" time="0.747"/>
  <system-out><![CDATA[2021-10-08 17:41:29.922  INFO 2152 --- [    Test worker] .b.t.c.SpringBootTestContextBootstrapper : Neither @ContextConfiguration nor @ContextHierarchy found for test class [com.table.order.domain.item.ItemQueryRepositoryTest], using SpringBootContextLoader
2021-10-08 17:41:29.923  INFO 2152 --- [    Test worker] o.s.t.c.support.AbstractContextLoader    : Could not detect default resource locations for test class [com.table.order.domain.item.ItemQueryRepositoryTest]: no resource found for suffixes {-context.xml, Context.groovy}.
2021-10-08 17:41:29.923  INFO 2152 --- [    Test worker] t.c.s.AnnotationConfigContextLoaderUtils : Could not detect default configuration classes for test class [com.table.order.domain.item.ItemQueryRepositoryTest]: ItemQueryRepositoryTest does not declare any static, non-private, non-final, nested classes annotated with @Configuration.
2021-10-08 17:41:29.927  INFO 2152 --- [    Test worker] .b.t.c.SpringBootTestContextBootstrapper : Found @SpringBootConfiguration com.table.order.OrderApplication for test class com.table.order.domain.item.ItemQueryRepositoryTest
2021-10-08 17:41:29.928  INFO 2152 --- [    Test worker] .b.t.c.SpringBootTestContextBootstrapper : Loaded default TestExecutionListener class names from location [META-INF/spring.factories]: [org.springframework.security.test.context.support.WithSecurityContextTestExecutionListener, org.springframework.security.test.context.support.ReactorContextTestExecutionListener, org.springframework.boot.test.autoconfigure.restdocs.RestDocsTestExecutionListener, org.springframework.boot.test.autoconfigure.web.client.MockRestServiceServerResetTestExecutionListener, org.springframework.boot.test.autoconfigure.web.servlet.MockMvcPrintOnlyOnFailureTestExecutionListener, org.springframework.boot.test.autoconfigure.web.servlet.WebDriverTestExecutionListener, org.springframework.boot.test.autoconfigure.webservices.client.MockWebServiceServerTestExecutionListener, org.springframework.boot.test.mock.mockito.MockitoTestExecutionListener, org.springframework.boot.test.mock.mockito.ResetMocksTestExecutionListener, org.springframework.test.context.web.ServletTestExecutionListener, org.springframework.test.context.support.DirtiesContextBeforeModesTestExecutionListener, org.springframework.test.context.event.ApplicationEventsTestExecutionListener, org.springframework.test.context.support.DependencyInjectionTestExecutionListener, org.springframework.test.context.support.DirtiesContextTestExecutionListener, org.springframework.test.context.transaction.TransactionalTestExecutionListener, org.springframework.test.context.jdbc.SqlScriptsTestExecutionListener, org.springframework.test.context.event.EventPublishingTestExecutionListener]
2021-10-08 17:41:29.929  INFO 2152 --- [    Test worker] .b.t.c.SpringBootTestContextBootstrapper : Using TestExecutionListeners: [org.springframework.test.context.web.ServletTestExecutionListener@18119531, org.springframework.test.context.support.DirtiesContextBeforeModesTestExecutionListener@1c5026ba, org.springframework.test.context.event.ApplicationEventsTestExecutionListener@5caca2dc, org.springframework.boot.test.mock.mockito.MockitoTestExecutionListener@75745425, org.springframework.boot.test.autoconfigure.SpringBootDependencyInjectionTestExecutionListener@6158efa7, org.springframework.test.context.support.DirtiesContextTestExecutionListener@7c2070c0, org.springframework.test.context.transaction.TransactionalTestExecutionListener@45a387da, org.springframework.test.context.jdbc.SqlScriptsTestExecutionListener@12212637, org.springframework.security.test.context.support.WithSecurityContextTestExecutionListener@34a2d603, org.springframework.test.context.event.EventPublishingTestExecutionListener@4b7b1627, org.springframework.security.test.context.support.ReactorContextTestExecutionListener@12bfc5c5, org.springframework.boot.test.autoconfigure.restdocs.RestDocsTestExecutionListener@9b4593b, org.springframework.boot.test.autoconfigure.web.client.MockRestServiceServerResetTestExecutionListener@2b0494c0, org.springframework.boot.test.autoconfigure.web.servlet.MockMvcPrintOnlyOnFailureTestExecutionListener@38dd75a9, org.springframework.boot.test.autoconfigure.web.servlet.WebDriverTestExecutionListener@54200e9a, org.springframework.boot.test.autoconfigure.webservices.client.MockWebServiceServerTestExecutionListener@7f76f8a4, org.springframework.boot.test.mock.mockito.ResetMocksTestExecutionListener@70dbc11e]
2021-10-08 17:41:29.951  INFO 2152 --- [    Test worker] o.s.t.c.transaction.TransactionContext   : Began transaction (1) for test context [DefaultTestContext@6fc6397c testClass = ItemQueryRepositoryTest, testInstance = com.table.order.domain.item.ItemQueryRepositoryTest@53521b0a, testMethod = findAllByItemIds@ItemQueryRepositoryTest, testException = [null], mergedContextConfiguration = [WebMergedContextConfiguration@2abd7a9d testClass = ItemQueryRepositoryTest, locations = '{}', classes = '{class com.table.order.OrderApplication}', contextInitializerClasses = '[]', activeProfiles = '{}', propertySourceLocations = '{}', propertySourceProperties = '{org.springframework.boot.test.context.SpringBootTestContextBootstrapper=true}', contextCustomizers = set[org.springframework.boot.test.autoconfigure.actuate.metrics.MetricsExportContextCustomizerFactory$DisableMetricExportContextCustomizer@7710612e, org.springframework.boot.test.autoconfigure.properties.PropertyMappingContextCustomizer@0, org.springframework.boot.test.autoconfigure.web.servlet.WebDriverContextCustomizerFactory$Customizer@685d5ce9, org.springframework.boot.test.context.filter.ExcludeFilterContextCustomizer@3283718e, org.springframework.boot.test.json.DuplicateJsonObjectContextCustomizerFactory$DuplicateJsonObjectContextCustomizer@5e35a8b2, org.springframework.boot.test.mock.mockito.MockitoContextCustomizer@0, org.springframework.boot.test.web.client.TestRestTemplateContextCustomizer@1f983cd6, org.springframework.boot.test.context.SpringBootTestArgs@1, org.springframework.boot.test.context.SpringBootTestWebEnvironment@59b0859d], resourceBasePath = 'src/main/webapp', contextLoader = 'org.springframework.boot.test.context.SpringBootContextLoader', parent = [null]], attributes = map['org.springframework.test.context.web.ServletTestExecutionListener.activateListener' -> true, 'org.springframework.test.context.web.ServletTestExecutionListener.populatedRequestContextHolder' -> true, 'org.springframework.test.context.web.ServletTestExecutionListener.resetRequestContextHolder' -> true, 'org.springframework.test.context.event.ApplicationEventsTestExecutionListener.recordApplicationEvents' -> false]]; transaction manager [org.springframework.orm.jpa.JpaTransactionManager@7976d97e]; rollback [true]
Hibernate: 
    select
        next_val as id_val 
    from
        hibernate_sequence for update
            
Hibernate: 
    update
        hibernate_sequence 
    set
        next_val= ? 
    where
        next_val=?
Hibernate: 
    select
        next_val as id_val 
    from
        hibernate_sequence for update
            
Hibernate: 
    update
        hibernate_sequence 
    set
        next_val= ? 
    where
        next_val=?
Hibernate: 
    select
        next_val as id_val 
    from
        hibernate_sequence for update
            
Hibernate: 
    update
        hibernate_sequence 
    set
        next_val= ? 
    where
        next_val=?
Hibernate: 
    select
        next_val as id_val 
    from
        hibernate_sequence for update
            
Hibernate: 
    update
        hibernate_sequence 
    set
        next_val= ? 
    where
        next_val=?
Hibernate: 
    select
        next_val as id_val 
    from
        hibernate_sequence for update
            
Hibernate: 
    update
        hibernate_sequence 
    set
        next_val= ? 
    where
        next_val=?
Hibernate: 
    insert 
    into
        item
        (created_date, updated_date, category_id, description, image, name, price, store_id, item_id) 
    values
        (?, ?, ?, ?, ?, ?, ?, ?, ?)
Hibernate: 
    insert 
    into
        item
        (created_date, updated_date, category_id, description, image, name, price, store_id, item_id) 
    values
        (?, ?, ?, ?, ?, ?, ?, ?, ?)
Hibernate: 
    insert 
    into
        item
        (created_date, updated_date, category_id, description, image, name, price, store_id, item_id) 
    values
        (?, ?, ?, ?, ?, ?, ?, ?, ?)
Hibernate: 
    insert 
    into
        item
        (created_date, updated_date, category_id, description, image, name, price, store_id, item_id) 
    values
        (?, ?, ?, ?, ?, ?, ?, ?, ?)
Hibernate: 
    insert 
    into
        item
        (created_date, updated_date, category_id, description, image, name, price, store_id, item_id) 
    values
        (?, ?, ?, ?, ?, ?, ?, ?, ?)
Hibernate: 
    select
        item0_.item_id as item_id1_2_,
        item0_.created_date as created_2_2_,
        item0_.updated_date as updated_3_2_,
        item0_.category_id as category8_2_,
        item0_.description as descript4_2_,
        item0_.image as image5_2_,
        item0_.name as name6_2_,
        item0_.price as price7_2_,
        item0_.store_id as store_id9_2_ 
    from
        item item0_ 
    where
        item0_.item_id=? 
        or item0_.item_id=? 
        or item0_.item_id=? 
        or item0_.item_id=? 
        or item0_.item_id=?
Hibernate: 
    select
        item0_.item_id as item_id1_2_,
        item0_.created_date as created_2_2_,
        item0_.updated_date as updated_3_2_,
        item0_.category_id as category8_2_,
        item0_.description as descript4_2_,
        item0_.image as image5_2_,
        item0_.name as name6_2_,
        item0_.price as price7_2_,
        item0_.store_id as store_id9_2_ 
    from
        item item0_ 
    where
        item0_.item_id=? 
        or item0_.item_id=? 
        or item0_.item_id=?
2021-10-08 17:41:30.677  INFO 2152 --- [    Test worker] o.s.t.c.transaction.TransactionContext   : Rolled back transaction for test: [DefaultTestContext@6fc6397c testClass = ItemQueryRepositoryTest, testInstance = com.table.order.domain.item.ItemQueryRepositoryTest@53521b0a, testMethod = findAllByItemIds@ItemQueryRepositoryTest, testException = [null], mergedContextConfiguration = [WebMergedContextConfiguration@2abd7a9d testClass = ItemQueryRepositoryTest, locations = '{}', classes = '{class com.table.order.OrderApplication}', contextInitializerClasses = '[]', activeProfiles = '{}', propertySourceLocations = '{}', propertySourceProperties = '{org.springframework.boot.test.context.SpringBootTestContextBootstrapper=true}', contextCustomizers = set[org.springframework.boot.test.autoconfigure.actuate.metrics.MetricsExportContextCustomizerFactory$DisableMetricExportContextCustomizer@7710612e, org.springframework.boot.test.autoconfigure.properties.PropertyMappingContextCustomizer@0, org.springframework.boot.test.autoconfigure.web.servlet.WebDriverContextCustomizerFactory$Customizer@685d5ce9, org.springframework.boot.test.context.filter.ExcludeFilterContextCustomizer@3283718e, org.springframework.boot.test.json.DuplicateJsonObjectContextCustomizerFactory$DuplicateJsonObjectContextCustomizer@5e35a8b2, org.springframework.boot.test.mock.mockito.MockitoContextCustomizer@0, org.springframework.boot.test.web.client.TestRestTemplateContextCustomizer@1f983cd6, org.springframework.boot.test.context.SpringBootTestArgs@1, org.springframework.boot.test.context.SpringBootTestWebEnvironment@59b0859d], resourceBasePath = 'src/main/webapp', contextLoader = 'org.springframework.boot.test.context.SpringBootContextLoader', parent = [null]], attributes = map['org.springframework.test.context.web.ServletTestExecutionListener.activateListener' -> true, 'org.springframework.test.context.web.ServletTestExecutionListener.populatedRequestContextHolder' -> true, 'org.springframework.test.context.web.ServletTestExecutionListener.resetRequestContextHolder' -> true, 'org.springframework.test.context.event.ApplicationEventsTestExecutionListener.recordApplicationEvents' -> false]]
]]></system-out>
  <system-err><![CDATA[]]></system-err>
</testsuite>
