<?xml version="1.0" encoding="UTF-8"?>
<testsuite name="com.table.order.domain.customer.service.CustomerServiceTest" tests="2" skipped="0" failures="0" errors="0" timestamp="2021-06-08T17:42:09" hostname="ibeomjun-ui-MacBookPro.local" time="0.145">
  <properties/>
  <testcase name="Customer 검증 (존재시 재 로그인)" classname="com.table.order.domain.customer.service.CustomerServiceTest" time="0.136"/>
  <testcase name="테이블 식당 검증" classname="com.table.order.domain.customer.service.CustomerServiceTest" time="0.008"/>
  <system-out><![CDATA[]]></system-out>
  <system-err><![CDATA[]]></system-err>
</testsuite>
