<?xml version="1.0" encoding="UTF-8"?>
<testsuite name="com.table.order.domain.item.ItemControllerTest" tests="3" skipped="0" failures="0" errors="0" timestamp="2021-09-30T09:43:13" hostname="ibeomjun-ui-MacBookPro.local" time="0.091">
  <properties/>
  <testcase name="카테고리 추가 테스트" classname="com.table.order.domain.item.ItemControllerTest" time="0.034"/>
  <testcase name="메뉴 수정 테스트" classname="com.table.order.domain.item.ItemControllerTest" time="0.031"/>
  <testcase name="메뉴 삭제 테스트" classname="com.table.order.domain.item.ItemControllerTest" time="0.023"/>
  <system-out><![CDATA[2021-09-30 18:43:12.714  INFO 76638 --- [    Test worker] .b.t.a.w.s.WebMvcTestContextBootstrapper : Neither @ContextConfiguration nor @ContextHierarchy found for test class [com.table.order.domain.item.ItemControllerTest], using SpringBootContextLoader
2021-09-30 18:43:12.715  INFO 76638 --- [    Test worker] o.s.t.c.support.AbstractContextLoader    : Could not detect default resource locations for test class [com.table.order.domain.item.ItemControllerTest]: no resource found for suffixes {-context.xml, Context.groovy}.
2021-09-30 18:43:12.715  INFO 76638 --- [    Test worker] t.c.s.AnnotationConfigContextLoaderUtils : Could not detect default configuration classes for test class [com.table.order.domain.item.ItemControllerTest]: ItemControllerTest does not declare any static, non-private, non-final, nested classes annotated with @Configuration.
2021-09-30 18:43:12.718  INFO 76638 --- [    Test worker] .b.t.c.SpringBootTestContextBootstrapper : Found @SpringBootConfiguration com.table.order.OrderApplication for test class com.table.order.domain.item.ItemControllerTest
2021-09-30 18:43:12.718  INFO 76638 --- [    Test worker] .b.t.a.w.s.WebMvcTestContextBootstrapper : Loaded default TestExecutionListener class names from location [META-INF/spring.factories]: [org.springframework.security.test.context.support.WithSecurityContextTestExecutionListener, org.springframework.security.test.context.support.ReactorContextTestExecutionListener, org.springframework.boot.test.autoconfigure.restdocs.RestDocsTestExecutionListener, org.springframework.boot.test.autoconfigure.web.client.MockRestServiceServerResetTestExecutionListener, org.springframework.boot.test.autoconfigure.web.servlet.MockMvcPrintOnlyOnFailureTestExecutionListener, org.springframework.boot.test.autoconfigure.web.servlet.WebDriverTestExecutionListener, org.springframework.boot.test.autoconfigure.webservices.client.MockWebServiceServerTestExecutionListener, org.springframework.boot.test.mock.mockito.MockitoTestExecutionListener, org.springframework.boot.test.mock.mockito.ResetMocksTestExecutionListener, org.springframework.test.context.web.ServletTestExecutionListener, org.springframework.test.context.support.DirtiesContextBeforeModesTestExecutionListener, org.springframework.test.context.event.ApplicationEventsTestExecutionListener, org.springframework.test.context.support.DependencyInjectionTestExecutionListener, org.springframework.test.context.support.DirtiesContextTestExecutionListener, org.springframework.test.context.transaction.TransactionalTestExecutionListener, org.springframework.test.context.jdbc.SqlScriptsTestExecutionListener, org.springframework.test.context.event.EventPublishingTestExecutionListener]
2021-09-30 18:43:12.719  INFO 76638 --- [    Test worker] .b.t.a.w.s.WebMvcTestContextBootstrapper : Using TestExecutionListeners: [org.springframework.test.context.web.ServletTestExecutionListener@530d42c, org.springframework.test.context.support.DirtiesContextBeforeModesTestExecutionListener@1109a719, org.springframework.test.context.event.ApplicationEventsTestExecutionListener@47cf94a6, org.springframework.boot.test.mock.mockito.MockitoTestExecutionListener@24f3eaaf, org.springframework.boot.test.autoconfigure.SpringBootDependencyInjectionTestExecutionListener@27e1cba9, org.springframework.test.context.support.DirtiesContextTestExecutionListener@7b8c8123, org.springframework.test.context.transaction.TransactionalTestExecutionListener@40dd5050, org.springframework.test.context.jdbc.SqlScriptsTestExecutionListener@7bc07c76, org.springframework.security.test.context.support.WithSecurityContextTestExecutionListener@52d54c24, org.springframework.test.context.event.EventPublishingTestExecutionListener@4dcf4ac4, org.springframework.security.test.context.support.ReactorContextTestExecutionListener@67baccfd, org.springframework.boot.test.autoconfigure.restdocs.RestDocsTestExecutionListener@1fe12fb0, org.springframework.boot.test.autoconfigure.web.client.MockRestServiceServerResetTestExecutionListener@672df404, org.springframework.boot.test.autoconfigure.web.servlet.MockMvcPrintOnlyOnFailureTestExecutionListener@50830b4f, org.springframework.boot.test.autoconfigure.web.servlet.WebDriverTestExecutionListener@61eff886, org.springframework.boot.test.autoconfigure.webservices.client.MockWebServiceServerTestExecutionListener@7765d7a4, org.springframework.boot.test.mock.mockito.ResetMocksTestExecutionListener@7fe09098]

  .   ____          _            __ _ _
 /\\ / ___'_ __ _ _(_)_ __  __ _ \ \ \ \
( ( )\___ | '_ | '_| | '_ \/ _` | \ \ \ \
 \\/  ___)| |_)| | | | | || (_| |  ) ) ) )
  '  |____| .__|_| |_|_| |_\__, | / / / /
 =========|_|==============|___/=/_/_/_/
 :: Spring Boot ::                (v2.4.5)

2021-09-30 18:43:12.738  INFO 76638 --- [    Test worker] c.t.o.domain.item.ItemControllerTest     : Starting ItemControllerTest using Java 11.0.10 on ibeomjun-ui-MacBookPro.local with PID 76638 (started by leebeomjun in /Users/leebeomjun/Desktop/git/TableOrder/backend)
2021-09-30 18:43:12.738  INFO 76638 --- [    Test worker] c.t.o.domain.item.ItemControllerTest     : The following profiles are active: real
2021-09-30 18:43:12.883  INFO 76638 --- [    Test worker] trationDelegate$BeanPostProcessorChecker : Bean 'org.springframework.security.access.expression.method.DefaultMethodSecurityExpressionHandler@294e4354' of type [org.springframework.security.access.expression.method.DefaultMethodSecurityExpressionHandler] is not eligible for getting processed by all BeanPostProcessors (for example: not eligible for auto-proxying)
2021-09-30 18:43:12.889  INFO 76638 --- [    Test worker] trationDelegate$BeanPostProcessorChecker : Bean 'methodSecurityMetadataSource' of type [org.springframework.security.access.method.DelegatingMethodSecurityMetadataSource] is not eligible for getting processed by all BeanPostProcessors (for example: not eligible for auto-proxying)
2021-09-30 18:43:13.018  INFO 76638 --- [    Test worker] o.s.s.web.DefaultSecurityFilterChain     : Will secure Ant [pattern='/app/customers', POST] with []
2021-09-30 18:43:13.019  INFO 76638 --- [    Test worker] o.s.s.web.DefaultSecurityFilterChain     : Will secure Ant [pattern='/users/login', POST] with []
2021-09-30 18:43:13.019  INFO 76638 --- [    Test worker] o.s.s.web.DefaultSecurityFilterChain     : Will secure Ant [pattern='/users', POST] with []
2021-09-30 18:43:13.019  INFO 76638 --- [    Test worker] o.s.s.web.DefaultSecurityFilterChain     : Will secure Ant [pattern='/app/customers/test', GET] with []
2021-09-30 18:43:13.019  INFO 76638 --- [    Test worker] o.s.s.web.DefaultSecurityFilterChain     : Will secure Ant [pattern='/docs/**'] with []
2021-09-30 18:43:13.019  INFO 76638 --- [    Test worker] o.s.s.web.DefaultSecurityFilterChain     : Will secure Ant [pattern='/swagger-ui**'] with []
2021-09-30 18:43:13.063  INFO 76638 --- [    Test worker] o.s.s.web.DefaultSecurityFilterChain     : Will secure any request with [org.springframework.security.web.context.request.async.WebAsyncManagerIntegrationFilter@481ad119, org.springframework.security.web.context.SecurityContextPersistenceFilter@4d5cf1c2, org.springframework.security.web.header.HeaderWriterFilter@717cf7db, org.springframework.web.filter.CorsFilter@af86ec8, org.springframework.security.web.authentication.logout.LogoutFilter@796a1f15, com.table.order.global.security.filter.JwtFilter@23c34a35, org.springframework.security.web.savedrequest.RequestCacheAwareFilter@7ac27769, org.springframework.security.web.servletapi.SecurityContextHolderAwareRequestFilter@6c9695c5, org.springframework.security.web.authentication.AnonymousAuthenticationFilter@61c82115, org.springframework.security.web.session.SessionManagementFilter@6172596, org.springframework.security.web.access.ExceptionTranslationFilter@77181626]
2021-09-30 18:43:13.149  INFO 76638 --- [    Test worker] o.s.s.concurrent.ThreadPoolTaskExecutor  : Initializing ExecutorService 'applicationTaskExecutor'
2021-09-30 18:43:13.412  INFO 76638 --- [    Test worker] o.s.b.t.m.w.SpringBootMockServletContext : Initializing Spring TestDispatcherServlet ''
2021-09-30 18:43:13.412  INFO 76638 --- [    Test worker] o.s.t.web.servlet.TestDispatcherServlet  : Initializing Servlet ''
2021-09-30 18:43:13.412  INFO 76638 --- [    Test worker] o.s.t.web.servlet.TestDispatcherServlet  : Completed initialization in 0 ms
2021-09-30 18:43:13.436  INFO 76638 --- [    Test worker] c.t.o.domain.item.ItemControllerTest     : Started ItemControllerTest in 0.715 seconds (JVM running for 11.331)
2021-09-30 18:43:13.444  INFO 76638 --- [    Test worker] c.t.o.global.security.filter.JwtFilter   : (accessToken) 추출 완료
2021-09-30 18:43:13.444  INFO 76638 --- [    Test worker] c.t.o.global.security.filter.JwtFilter   : UsernamePasswordAuthenticationToken [Principal=test, Credentials=[PROTECTED], Authenticated=true, Details=null, Granted Authorities=[ROLE_USER]] Authentication 생성

MockHttpServletRequest:
      HTTP Method = POST
      Request URI = /items
       Parameters = {}
          Headers = [Content-Type:"application/json;charset=UTF-8", Authorization:"Bearer (accessToken)", Accept:"application/json", Content-Length:"97"]
             Body = {"name":"메뉴 1","description":"메뉴 설명","price":1000,"image":"이미지","categoryId":1}
    Session Attrs = {}

Handler:
             Type = com.table.order.domain.item.controller.ItemController
           Method = com.table.order.domain.item.controller.ItemController#addItem(RequestAddItem, Authentication)

Async:
    Async started = false
     Async result = null

Resolved Exception:
             Type = null

ModelAndView:
        View name = null
             View = null
            Model = null

FlashMap:
       Attributes = null

MockHttpServletResponse:
           Status = 201
    Error message = null
          Headers = [Vary:"Origin", "Access-Control-Request-Method", "Access-Control-Request-Headers", Content-Type:"application/json", X-Content-Type-Options:"nosniff", X-XSS-Protection:"1; mode=block", Cache-Control:"no-cache, no-store, max-age=0, must-revalidate", Pragma:"no-cache", Expires:"0", X-Frame-Options:"DENY"]
     Content type = application/json
             Body = {"status":201,"message":"ë©]]>&#x94;<![CDATA[ë]]>&#x89;<![CDATA[´ ì¶]]>&#x94;<![CDATA[ê°]]>&#x80;<![CDATA[ ì]]>&#x84;<![CDATA[±ê³µ","data":{"id":2,"name":"ë©]]>&#x94;<![CDATA[ë]]>&#x89;<![CDATA[´ 1","description":"ë©]]>&#x94;<![CDATA[ë]]>&#x89;<![CDATA[´ ì]]>&#x84;<![CDATA[¤ëª","price":1000,"image":"ì]]>&#x9d;<![CDATA[´ë¯¸ì§]]>&#x80;<![CDATA["}}
    Forwarded URL = null
   Redirected URL = null
          Cookies = []
2021-09-30 18:43:13.478  INFO 76638 --- [    Test worker] c.t.o.global.security.filter.JwtFilter   : (accessToken) 추출 완료
2021-09-30 18:43:13.479  INFO 76638 --- [    Test worker] c.t.o.global.security.filter.JwtFilter   : UsernamePasswordAuthenticationToken [Principal=test, Credentials=[PROTECTED], Authenticated=true, Details=null, Granted Authorities=[ROLE_USER]] Authentication 생성

MockHttpServletRequest:
      HTTP Method = PUT
      Request URI = /items/1
       Parameters = {}
          Headers = [Content-Type:"application/json;charset=UTF-8", Authorization:"Bearer (accessToken)", Accept:"application/json", Content-Length:"115"]
             Body = {"name":"수정된 메뉴명","description":"수정된 설명","price":100000,"image":"수정된 이미지 주소"}
    Session Attrs = {}

Handler:
             Type = com.table.order.domain.item.controller.ItemController
           Method = com.table.order.domain.item.controller.ItemController#updateItem(Long, RequestUpdateItem, Authentication)

Async:
    Async started = false
     Async result = null

Resolved Exception:
             Type = null

ModelAndView:
        View name = null
             View = null
            Model = null

FlashMap:
       Attributes = null

MockHttpServletResponse:
           Status = 200
    Error message = null
          Headers = [Vary:"Origin", "Access-Control-Request-Method", "Access-Control-Request-Headers", Content-Type:"application/json", X-Content-Type-Options:"nosniff", X-XSS-Protection:"1; mode=block", Cache-Control:"no-cache, no-store, max-age=0, must-revalidate", Pragma:"no-cache", Expires:"0", X-Frame-Options:"DENY"]
     Content type = application/json
             Body = {"status":200,"message":"ë©]]>&#x94;<![CDATA[ë]]>&#x89;<![CDATA[´ ì]]>&#x88;<![CDATA[]]>&#x98;<![CDATA[ì ]]>&#x95;<![CDATA[ ì]]>&#x84;<![CDATA[±ê³µ"}
    Forwarded URL = null
   Redirected URL = null
          Cookies = []
2021-09-30 18:43:13.510  INFO 76638 --- [    Test worker] c.t.o.global.security.filter.JwtFilter   : (accessToken) 추출 완료
2021-09-30 18:43:13.511  INFO 76638 --- [    Test worker] c.t.o.global.security.filter.JwtFilter   : UsernamePasswordAuthenticationToken [Principal=test, Credentials=[PROTECTED], Authenticated=true, Details=null, Granted Authorities=[ROLE_USER]] Authentication 생성

MockHttpServletRequest:
      HTTP Method = DELETE
      Request URI = /items/1
       Parameters = {}
          Headers = [Content-Type:"application/json;charset=UTF-8", Authorization:"Bearer (accessToken)", Accept:"application/json"]
             Body = null
    Session Attrs = {}

Handler:
             Type = com.table.order.domain.item.controller.ItemController
           Method = com.table.order.domain.item.controller.ItemController#deleteItem(Long, Authentication)

Async:
    Async started = false
     Async result = null

Resolved Exception:
             Type = null

ModelAndView:
        View name = null
             View = null
            Model = null

FlashMap:
       Attributes = null

MockHttpServletResponse:
           Status = 200
    Error message = null
          Headers = [Vary:"Origin", "Access-Control-Request-Method", "Access-Control-Request-Headers", Content-Type:"application/json", X-Content-Type-Options:"nosniff", X-XSS-Protection:"1; mode=block", Cache-Control:"no-cache, no-store, max-age=0, must-revalidate", Pragma:"no-cache", Expires:"0", X-Frame-Options:"DENY"]
     Content type = application/json
             Body = {"status":200,"message":"ë©]]>&#x94;<![CDATA[ë]]>&#x89;<![CDATA[´ ì]]>&#x82;<![CDATA[­ì ]]>&#x9c;<![CDATA[ ì]]>&#x84;<![CDATA[±ê³µ"}
    Forwarded URL = null
   Redirected URL = null
          Cookies = []
]]></system-out>
  <system-err><![CDATA[]]></system-err>
</testsuite>
