<?xml version="1.0" encoding="UTF-8"?>
<testsuite name="com.table.order.domain.item.ItemControllerTest" tests="3" skipped="0" failures="0" errors="0" timestamp="2021-09-19T12:04:40" hostname="ibeomjun-ui-MacBookPro.local" time="0.07">
  <properties/>
  <testcase name="카테고리 추가 테스트" classname="com.table.order.domain.item.ItemControllerTest" time="0.03"/>
  <testcase name="메뉴 수정 테스트" classname="com.table.order.domain.item.ItemControllerTest" time="0.021"/>
  <testcase name="메뉴 삭제 테스트" classname="com.table.order.domain.item.ItemControllerTest" time="0.016"/>
  <system-out><![CDATA[2021-09-19 21:04:40.096  INFO 11745 --- [    Test worker] .b.t.a.w.s.WebMvcTestContextBootstrapper : Neither @ContextConfiguration nor @ContextHierarchy found for test class [com.table.order.domain.item.ItemControllerTest], using SpringBootContextLoader
2021-09-19 21:04:40.096  INFO 11745 --- [    Test worker] o.s.t.c.support.AbstractContextLoader    : Could not detect default resource locations for test class [com.table.order.domain.item.ItemControllerTest]: no resource found for suffixes {-context.xml, Context.groovy}.
2021-09-19 21:04:40.096  INFO 11745 --- [    Test worker] t.c.s.AnnotationConfigContextLoaderUtils : Could not detect default configuration classes for test class [com.table.order.domain.item.ItemControllerTest]: ItemControllerTest does not declare any static, non-private, non-final, nested classes annotated with @Configuration.
2021-09-19 21:04:40.099  INFO 11745 --- [    Test worker] .b.t.c.SpringBootTestContextBootstrapper : Found @SpringBootConfiguration com.table.order.OrderApplication for test class com.table.order.domain.item.ItemControllerTest
2021-09-19 21:04:40.099  INFO 11745 --- [    Test worker] .b.t.a.w.s.WebMvcTestContextBootstrapper : Loaded default TestExecutionListener class names from location [META-INF/spring.factories]: [org.springframework.security.test.context.support.WithSecurityContextTestExecutionListener, org.springframework.security.test.context.support.ReactorContextTestExecutionListener, org.springframework.boot.test.autoconfigure.restdocs.RestDocsTestExecutionListener, org.springframework.boot.test.autoconfigure.web.client.MockRestServiceServerResetTestExecutionListener, org.springframework.boot.test.autoconfigure.web.servlet.MockMvcPrintOnlyOnFailureTestExecutionListener, org.springframework.boot.test.autoconfigure.web.servlet.WebDriverTestExecutionListener, org.springframework.boot.test.autoconfigure.webservices.client.MockWebServiceServerTestExecutionListener, org.springframework.boot.test.mock.mockito.MockitoTestExecutionListener, org.springframework.boot.test.mock.mockito.ResetMocksTestExecutionListener, org.springframework.test.context.web.ServletTestExecutionListener, org.springframework.test.context.support.DirtiesContextBeforeModesTestExecutionListener, org.springframework.test.context.event.ApplicationEventsTestExecutionListener, org.springframework.test.context.support.DependencyInjectionTestExecutionListener, org.springframework.test.context.support.DirtiesContextTestExecutionListener, org.springframework.test.context.transaction.TransactionalTestExecutionListener, org.springframework.test.context.jdbc.SqlScriptsTestExecutionListener, org.springframework.test.context.event.EventPublishingTestExecutionListener]
2021-09-19 21:04:40.100  INFO 11745 --- [    Test worker] .b.t.a.w.s.WebMvcTestContextBootstrapper : Using TestExecutionListeners: [org.springframework.test.context.web.ServletTestExecutionListener@2e3c330b, org.springframework.test.context.support.DirtiesContextBeforeModesTestExecutionListener@4fabfe1a, org.springframework.test.context.event.ApplicationEventsTestExecutionListener@40a81853, org.springframework.boot.test.mock.mockito.MockitoTestExecutionListener@19c9374e, org.springframework.boot.test.autoconfigure.SpringBootDependencyInjectionTestExecutionListener@5622fb17, org.springframework.test.context.support.DirtiesContextTestExecutionListener@46e984e7, org.springframework.test.context.transaction.TransactionalTestExecutionListener@460376e9, org.springframework.test.context.jdbc.SqlScriptsTestExecutionListener@16204a20, org.springframework.security.test.context.support.WithSecurityContextTestExecutionListener@579bf1b0, org.springframework.test.context.event.EventPublishingTestExecutionListener@5ddf8918, org.springframework.security.test.context.support.ReactorContextTestExecutionListener@361874, org.springframework.boot.test.autoconfigure.restdocs.RestDocsTestExecutionListener@14533318, org.springframework.boot.test.autoconfigure.web.client.MockRestServiceServerResetTestExecutionListener@1ccd4653, org.springframework.boot.test.autoconfigure.web.servlet.MockMvcPrintOnlyOnFailureTestExecutionListener@3d7b9b9b, org.springframework.boot.test.autoconfigure.web.servlet.WebDriverTestExecutionListener@dbed1f8, org.springframework.boot.test.autoconfigure.webservices.client.MockWebServiceServerTestExecutionListener@78e8a4, org.springframework.boot.test.mock.mockito.ResetMocksTestExecutionListener@76f1c926]

  .   ____          _            __ _ _
 /\\ / ___'_ __ _ _(_)_ __  __ _ \ \ \ \
( ( )\___ | '_ | '_| | '_ \/ _` | \ \ \ \
 \\/  ___)| |_)| | | | | || (_| |  ) ) ) )
  '  |____| .__|_| |_|_| |_\__, | / / / /
 =========|_|==============|___/=/_/_/_/
 :: Spring Boot ::                (v2.4.5)

2021-09-19 21:04:40.119  INFO 11745 --- [    Test worker] c.t.o.domain.item.ItemControllerTest     : Starting ItemControllerTest using Java 11.0.10 on ibeomjun-ui-MacBookPro.local with PID 11745 (started by leebeomjun in /Users/leebeomjun/Desktop/git/TableOrder/backend)
2021-09-19 21:04:40.119  INFO 11745 --- [    Test worker] c.t.o.domain.item.ItemControllerTest     : The following profiles are active: real
2021-09-19 21:04:40.266  INFO 11745 --- [    Test worker] trationDelegate$BeanPostProcessorChecker : Bean 'org.springframework.security.access.expression.method.DefaultMethodSecurityExpressionHandler@8123020' of type [org.springframework.security.access.expression.method.DefaultMethodSecurityExpressionHandler] is not eligible for getting processed by all BeanPostProcessors (for example: not eligible for auto-proxying)
2021-09-19 21:04:40.271  INFO 11745 --- [    Test worker] trationDelegate$BeanPostProcessorChecker : Bean 'methodSecurityMetadataSource' of type [org.springframework.security.access.method.DelegatingMethodSecurityMetadataSource] is not eligible for getting processed by all BeanPostProcessors (for example: not eligible for auto-proxying)
2021-09-19 21:04:40.382  INFO 11745 --- [    Test worker] o.s.s.web.DefaultSecurityFilterChain     : Will secure Ant [pattern='/app/customers'] with []
2021-09-19 21:04:40.382  INFO 11745 --- [    Test worker] o.s.s.web.DefaultSecurityFilterChain     : Will secure Ant [pattern='/app/customers/test'] with []
2021-09-19 21:04:40.382  INFO 11745 --- [    Test worker] o.s.s.web.DefaultSecurityFilterChain     : Will secure Ant [pattern='/users/login'] with []
2021-09-19 21:04:40.382  INFO 11745 --- [    Test worker] o.s.s.web.DefaultSecurityFilterChain     : Will secure Ant [pattern='/users'] with []
2021-09-19 21:04:40.382  INFO 11745 --- [    Test worker] o.s.s.web.DefaultSecurityFilterChain     : Will secure Ant [pattern='/docs/**'] with []
2021-09-19 21:04:40.382  INFO 11745 --- [    Test worker] o.s.s.web.DefaultSecurityFilterChain     : Will secure Ant [pattern='/swagger-ui**'] with []
2021-09-19 21:04:40.422  INFO 11745 --- [    Test worker] o.s.s.web.DefaultSecurityFilterChain     : Will secure any request with [org.springframework.security.web.context.request.async.WebAsyncManagerIntegrationFilter@54202b93, org.springframework.security.web.context.SecurityContextPersistenceFilter@420098d5, org.springframework.security.web.header.HeaderWriterFilter@21c9859f, org.springframework.security.web.authentication.logout.LogoutFilter@f1c1e79, com.table.order.global.security.filter.JwtFilter@26c98fe5, org.springframework.security.web.savedrequest.RequestCacheAwareFilter@33fd134a, org.springframework.security.web.servletapi.SecurityContextHolderAwareRequestFilter@5e759dd7, org.springframework.security.web.authentication.AnonymousAuthenticationFilter@876939a, org.springframework.security.web.session.SessionManagementFilter@2cf7613f, org.springframework.security.web.access.ExceptionTranslationFilter@61721fc0]
2021-09-19 21:04:40.510  INFO 11745 --- [    Test worker] o.s.s.concurrent.ThreadPoolTaskExecutor  : Initializing ExecutorService 'applicationTaskExecutor'
2021-09-19 21:04:40.666  INFO 11745 --- [    Test worker] o.s.b.t.m.w.SpringBootMockServletContext : Initializing Spring TestDispatcherServlet ''
2021-09-19 21:04:40.666  INFO 11745 --- [    Test worker] o.s.t.web.servlet.TestDispatcherServlet  : Initializing Servlet ''
2021-09-19 21:04:40.666  INFO 11745 --- [    Test worker] o.s.t.web.servlet.TestDispatcherServlet  : Completed initialization in 0 ms
2021-09-19 21:04:40.684  INFO 11745 --- [    Test worker] c.t.o.domain.item.ItemControllerTest     : Started ItemControllerTest in 0.582 seconds (JVM running for 11.486)
2021-09-19 21:04:40.695  INFO 11745 --- [    Test worker] c.t.o.global.security.filter.JwtFilter   : (accessToken) 추출 완료
2021-09-19 21:04:40.696  INFO 11745 --- [    Test worker] c.t.o.global.security.filter.JwtFilter   : UsernamePasswordAuthenticationToken [Principal=test, Credentials=[PROTECTED], Authenticated=true, Details=null, Granted Authorities=[ROLE_USER]] Authentication 생성

MockHttpServletRequest:
      HTTP Method = POST
      Request URI = /items
       Parameters = {}
          Headers = [Content-Type:"application/json;charset=UTF-8", Authorization:"Bearer (accessToken)", Accept:"application/json", Content-Length:"97"]
             Body = {"name":"메뉴 1","description":"메뉴 설명","price":1000,"image":"이미지","categoryId":1}
    Session Attrs = {}

Handler:
             Type = com.table.order.domain.item.controller.ItemController
           Method = com.table.order.domain.item.controller.ItemController#addItem(RequestAddItem, Authentication)

Async:
    Async started = false
     Async result = null

Resolved Exception:
             Type = null

ModelAndView:
        View name = null
             View = null
            Model = null

FlashMap:
       Attributes = null

MockHttpServletResponse:
           Status = 201
    Error message = null
          Headers = [Content-Type:"application/json", X-Content-Type-Options:"nosniff", X-XSS-Protection:"1; mode=block", Cache-Control:"no-cache, no-store, max-age=0, must-revalidate", Pragma:"no-cache", Expires:"0", X-Frame-Options:"DENY"]
     Content type = application/json
             Body = {"status":201,"message":"ë©]]>&#x94;<![CDATA[ë]]>&#x89;<![CDATA[´ ì¶]]>&#x94;<![CDATA[ê°]]>&#x80;<![CDATA[ ì]]>&#x84;<![CDATA[±ê³µ","data":{"id":2,"name":"ë©]]>&#x94;<![CDATA[ë]]>&#x89;<![CDATA[´ 1","description":"ë©]]>&#x94;<![CDATA[ë]]>&#x89;<![CDATA[´ ì]]>&#x84;<![CDATA[¤ëª","price":1000,"image":"ì]]>&#x9d;<![CDATA[´ë¯¸ì§]]>&#x80;<![CDATA["}}
    Forwarded URL = null
   Redirected URL = null
          Cookies = []
2021-09-19 21:04:40.723  INFO 11745 --- [    Test worker] c.t.o.global.security.filter.JwtFilter   : (accessToken) 추출 완료
2021-09-19 21:04:40.723  INFO 11745 --- [    Test worker] c.t.o.global.security.filter.JwtFilter   : UsernamePasswordAuthenticationToken [Principal=test, Credentials=[PROTECTED], Authenticated=true, Details=null, Granted Authorities=[ROLE_USER]] Authentication 생성

MockHttpServletRequest:
      HTTP Method = PUT
      Request URI = /items/1
       Parameters = {}
          Headers = [Content-Type:"application/json;charset=UTF-8", Authorization:"Bearer (accessToken)", Accept:"application/json", Content-Length:"115"]
             Body = {"name":"수정된 메뉴명","description":"수정된 설명","price":100000,"image":"수정된 이미지 주소"}
    Session Attrs = {}

Handler:
             Type = com.table.order.domain.item.controller.ItemController
           Method = com.table.order.domain.item.controller.ItemController#updateItem(Long, RequestUpdateItem, Authentication)

Async:
    Async started = false
     Async result = null

Resolved Exception:
             Type = null

ModelAndView:
        View name = null
             View = null
            Model = null

FlashMap:
       Attributes = null

MockHttpServletResponse:
           Status = 200
    Error message = null
          Headers = [Content-Type:"application/json", X-Content-Type-Options:"nosniff", X-XSS-Protection:"1; mode=block", Cache-Control:"no-cache, no-store, max-age=0, must-revalidate", Pragma:"no-cache", Expires:"0", X-Frame-Options:"DENY"]
     Content type = application/json
             Body = {"status":200,"message":"ë©]]>&#x94;<![CDATA[ë]]>&#x89;<![CDATA[´ ì]]>&#x88;<![CDATA[]]>&#x98;<![CDATA[ì ]]>&#x95;<![CDATA[ ì]]>&#x84;<![CDATA[±ê³µ"}
    Forwarded URL = null
   Redirected URL = null
          Cookies = []
2021-09-19 21:04:40.746  INFO 11745 --- [    Test worker] c.t.o.global.security.filter.JwtFilter   : (accessToken) 추출 완료
2021-09-19 21:04:40.746  INFO 11745 --- [    Test worker] c.t.o.global.security.filter.JwtFilter   : UsernamePasswordAuthenticationToken [Principal=test, Credentials=[PROTECTED], Authenticated=true, Details=null, Granted Authorities=[ROLE_USER]] Authentication 생성

MockHttpServletRequest:
      HTTP Method = DELETE
      Request URI = /items/1
       Parameters = {}
          Headers = [Content-Type:"application/json;charset=UTF-8", Authorization:"Bearer (accessToken)", Accept:"application/json"]
             Body = null
    Session Attrs = {}

Handler:
             Type = com.table.order.domain.item.controller.ItemController
           Method = com.table.order.domain.item.controller.ItemController#deleteItem(Long, Authentication)

Async:
    Async started = false
     Async result = null

Resolved Exception:
             Type = null

ModelAndView:
        View name = null
             View = null
            Model = null

FlashMap:
       Attributes = null

MockHttpServletResponse:
           Status = 200
    Error message = null
          Headers = [Content-Type:"application/json", X-Content-Type-Options:"nosniff", X-XSS-Protection:"1; mode=block", Cache-Control:"no-cache, no-store, max-age=0, must-revalidate", Pragma:"no-cache", Expires:"0", X-Frame-Options:"DENY"]
     Content type = application/json
             Body = {"status":200,"message":"ë©]]>&#x94;<![CDATA[ë]]>&#x89;<![CDATA[´ ì]]>&#x82;<![CDATA[­ì ]]>&#x9c;<![CDATA[ ì]]>&#x84;<![CDATA[±ê³µ"}
    Forwarded URL = null
   Redirected URL = null
          Cookies = []
]]></system-out>
  <system-err><![CDATA[]]></system-err>
</testsuite>
