<?xml version="1.0" encoding="UTF-8"?>
<testsuite name="com.table.order.domain.customer.CustomerControllerTest" tests="4" skipped="0" failures="0" errors="0" timestamp="2021-09-28T08:33:52" hostname="ibeomjun-ui-MacBookPro.local" time="0.065">
  <properties/>
  <testcase name="QR 코드 스캔 테스트 (회원가입)" classname="com.table.order.domain.customer.CustomerControllerTest" time="0.022"/>
  <testcase name="QR 코드 스캔 테스트 (재로그인)" classname="com.table.order.domain.customer.CustomerControllerTest" time="0.012"/>
  <testcase name="QR 코드 스캔 테스트 (재방문)" classname="com.table.order.domain.customer.CustomerControllerTest" time="0.015"/>
  <testcase name="테스트" classname="com.table.order.domain.customer.CustomerControllerTest" time="0.012"/>
  <system-out><![CDATA[2021-09-28 17:33:51.633  INFO 62541 --- [    Test worker] .b.t.a.w.s.WebMvcTestContextBootstrapper : Neither @ContextConfiguration nor @ContextHierarchy found for test class [com.table.order.domain.customer.CustomerControllerTest], using SpringBootContextLoader
2021-09-28 17:33:51.634  INFO 62541 --- [    Test worker] o.s.t.c.support.AbstractContextLoader    : Could not detect default resource locations for test class [com.table.order.domain.customer.CustomerControllerTest]: no resource found for suffixes {-context.xml, Context.groovy}.
2021-09-28 17:33:51.635  INFO 62541 --- [    Test worker] t.c.s.AnnotationConfigContextLoaderUtils : Could not detect default configuration classes for test class [com.table.order.domain.customer.CustomerControllerTest]: CustomerControllerTest does not declare any static, non-private, non-final, nested classes annotated with @Configuration.
2021-09-28 17:33:51.641  INFO 62541 --- [    Test worker] .b.t.c.SpringBootTestContextBootstrapper : Found @SpringBootConfiguration com.table.order.OrderApplication for test class com.table.order.domain.customer.CustomerControllerTest
2021-09-28 17:33:51.642  INFO 62541 --- [    Test worker] .b.t.a.w.s.WebMvcTestContextBootstrapper : Loaded default TestExecutionListener class names from location [META-INF/spring.factories]: [org.springframework.security.test.context.support.WithSecurityContextTestExecutionListener, org.springframework.security.test.context.support.ReactorContextTestExecutionListener, org.springframework.boot.test.autoconfigure.restdocs.RestDocsTestExecutionListener, org.springframework.boot.test.autoconfigure.web.client.MockRestServiceServerResetTestExecutionListener, org.springframework.boot.test.autoconfigure.web.servlet.MockMvcPrintOnlyOnFailureTestExecutionListener, org.springframework.boot.test.autoconfigure.web.servlet.WebDriverTestExecutionListener, org.springframework.boot.test.autoconfigure.webservices.client.MockWebServiceServerTestExecutionListener, org.springframework.boot.test.mock.mockito.MockitoTestExecutionListener, org.springframework.boot.test.mock.mockito.ResetMocksTestExecutionListener, org.springframework.test.context.web.ServletTestExecutionListener, org.springframework.test.context.support.DirtiesContextBeforeModesTestExecutionListener, org.springframework.test.context.event.ApplicationEventsTestExecutionListener, org.springframework.test.context.support.DependencyInjectionTestExecutionListener, org.springframework.test.context.support.DirtiesContextTestExecutionListener, org.springframework.test.context.transaction.TransactionalTestExecutionListener, org.springframework.test.context.jdbc.SqlScriptsTestExecutionListener, org.springframework.test.context.event.EventPublishingTestExecutionListener]
2021-09-28 17:33:51.643  INFO 62541 --- [    Test worker] .b.t.a.w.s.WebMvcTestContextBootstrapper : Using TestExecutionListeners: [org.springframework.test.context.web.ServletTestExecutionListener@791b8620, org.springframework.test.context.support.DirtiesContextBeforeModesTestExecutionListener@7f589450, org.springframework.test.context.event.ApplicationEventsTestExecutionListener@53e8fb5d, org.springframework.boot.test.mock.mockito.MockitoTestExecutionListener@574ffbb0, org.springframework.boot.test.autoconfigure.SpringBootDependencyInjectionTestExecutionListener@72405dff, org.springframework.test.context.support.DirtiesContextTestExecutionListener@4901bdf3, org.springframework.test.context.transaction.TransactionalTestExecutionListener@5d27859d, org.springframework.test.context.jdbc.SqlScriptsTestExecutionListener@759d77f2, org.springframework.security.test.context.support.WithSecurityContextTestExecutionListener@542631b, org.springframework.test.context.event.EventPublishingTestExecutionListener@4168b865, org.springframework.security.test.context.support.ReactorContextTestExecutionListener@2082d6b8, org.springframework.boot.test.autoconfigure.restdocs.RestDocsTestExecutionListener@3ebe07bd, org.springframework.boot.test.autoconfigure.web.client.MockRestServiceServerResetTestExecutionListener@2872f1ca, org.springframework.boot.test.autoconfigure.web.servlet.MockMvcPrintOnlyOnFailureTestExecutionListener@2cddcf31, org.springframework.boot.test.autoconfigure.web.servlet.WebDriverTestExecutionListener@1a5ceb04, org.springframework.boot.test.autoconfigure.webservices.client.MockWebServiceServerTestExecutionListener@5491941d, org.springframework.boot.test.mock.mockito.ResetMocksTestExecutionListener@6bd2d3e4]

  .   ____          _            __ _ _
 /\\ / ___'_ __ _ _(_)_ __  __ _ \ \ \ \
( ( )\___ | '_ | '_| | '_ \/ _` | \ \ \ \
 \\/  ___)| |_)| | | | | || (_| |  ) ) ) )
  '  |____| .__|_| |_|_| |_\__, | / / / /
 =========|_|==============|___/=/_/_/_/
 :: Spring Boot ::                (v2.4.5)

2021-09-28 17:33:51.670  INFO 62541 --- [    Test worker] c.t.o.d.customer.CustomerControllerTest  : Starting CustomerControllerTest using Java 11.0.10 on ibeomjun-ui-MacBookPro.local with PID 62541 (started by leebeomjun in /Users/leebeomjun/Desktop/git/TableOrder/backend)
2021-09-28 17:33:51.670  INFO 62541 --- [    Test worker] c.t.o.d.customer.CustomerControllerTest  : The following profiles are active: real
2021-09-28 17:33:51.850  INFO 62541 --- [    Test worker] trationDelegate$BeanPostProcessorChecker : Bean 'org.springframework.security.access.expression.method.DefaultMethodSecurityExpressionHandler@37189415' of type [org.springframework.security.access.expression.method.DefaultMethodSecurityExpressionHandler] is not eligible for getting processed by all BeanPostProcessors (for example: not eligible for auto-proxying)
2021-09-28 17:33:51.857  INFO 62541 --- [    Test worker] trationDelegate$BeanPostProcessorChecker : Bean 'methodSecurityMetadataSource' of type [org.springframework.security.access.method.DelegatingMethodSecurityMetadataSource] is not eligible for getting processed by all BeanPostProcessors (for example: not eligible for auto-proxying)
2021-09-28 17:33:51.964  INFO 62541 --- [    Test worker] o.s.s.web.DefaultSecurityFilterChain     : Will secure Ant [pattern='/app/customers'] with []
2021-09-28 17:33:51.964  INFO 62541 --- [    Test worker] o.s.s.web.DefaultSecurityFilterChain     : Will secure Ant [pattern='/app/customers/test'] with []
2021-09-28 17:33:51.964  INFO 62541 --- [    Test worker] o.s.s.web.DefaultSecurityFilterChain     : Will secure Ant [pattern='/users/login'] with []
2021-09-28 17:33:51.964  INFO 62541 --- [    Test worker] o.s.s.web.DefaultSecurityFilterChain     : Will secure Ant [pattern='/users'] with []
2021-09-28 17:33:51.964  INFO 62541 --- [    Test worker] o.s.s.web.DefaultSecurityFilterChain     : Will secure Ant [pattern='/docs/**'] with []
2021-09-28 17:33:51.964  INFO 62541 --- [    Test worker] o.s.s.web.DefaultSecurityFilterChain     : Will secure Ant [pattern='/swagger-ui**'] with []
2021-09-28 17:33:52.008  INFO 62541 --- [    Test worker] o.s.s.web.DefaultSecurityFilterChain     : Will secure any request with [org.springframework.security.web.context.request.async.WebAsyncManagerIntegrationFilter@22c5326f, org.springframework.security.web.context.SecurityContextPersistenceFilter@4383a433, org.springframework.security.web.header.HeaderWriterFilter@257c6dc0, org.springframework.web.filter.CorsFilter@6196afd4, org.springframework.security.web.authentication.logout.LogoutFilter@47a7c45e, com.table.order.global.security.filter.JwtFilter@18ea028c, org.springframework.security.web.savedrequest.RequestCacheAwareFilter@2efe6d72, org.springframework.security.web.servletapi.SecurityContextHolderAwareRequestFilter@682a1700, org.springframework.security.web.authentication.AnonymousAuthenticationFilter@7fc3d328, org.springframework.security.web.session.SessionManagementFilter@3c19a33c, org.springframework.security.web.access.ExceptionTranslationFilter@139fd1e0]
2021-09-28 17:33:52.112  INFO 62541 --- [    Test worker] o.s.s.concurrent.ThreadPoolTaskExecutor  : Initializing ExecutorService 'applicationTaskExecutor'
2021-09-28 17:33:52.260  INFO 62541 --- [    Test worker] o.s.b.t.m.w.SpringBootMockServletContext : Initializing Spring TestDispatcherServlet ''
2021-09-28 17:33:52.261  INFO 62541 --- [    Test worker] o.s.t.web.servlet.TestDispatcherServlet  : Initializing Servlet ''
2021-09-28 17:33:52.261  INFO 62541 --- [    Test worker] o.s.t.web.servlet.TestDispatcherServlet  : Completed initialization in 0 ms
2021-09-28 17:33:52.275  INFO 62541 --- [    Test worker] c.t.o.d.customer.CustomerControllerTest  : Started CustomerControllerTest in 0.629 seconds (JVM running for 15.152)

MockHttpServletRequest:
      HTTP Method = POST
      Request URI = /app/customers
       Parameters = {}
          Headers = [Content-Type:"application/json;charset=UTF-8", Accept:"application/json", Content-Length:"55"]
             Body = {"username":"7c982859267771f3","storeId":2,"tableId":1}
    Session Attrs = {}

Handler:
             Type = com.table.order.domain.customer.controller.CustomerController
           Method = com.table.order.domain.customer.controller.CustomerController#scanQrCode(RequestLoginCustomer)

Async:
    Async started = false
     Async result = null

Resolved Exception:
             Type = null

ModelAndView:
        View name = null
             View = null
            Model = null

FlashMap:
       Attributes = null

MockHttpServletResponse:
           Status = 201
    Error message = null
          Headers = [Vary:"Origin", "Access-Control-Request-Method", "Access-Control-Request-Headers", Content-Type:"application/json"]
     Content type = application/json
             Body = {"status":201,"message":"í]]>&#x9a;<![CDATA[]]>&#x8c;<![CDATA[ì]]>&#x9b;<![CDATA[]]>&#x90;<![CDATA[ê°]]>&#x80;<![CDATA[ì]]>&#x9e;<![CDATA[ ì]]>&#x84;<![CDATA[±ê³µ","accessToken":"(accessToken)","expiredAt":"2021-09-28T18:03:52.282147"}
    Forwarded URL = null
   Redirected URL = null
          Cookies = []

MockHttpServletRequest:
      HTTP Method = POST
      Request URI = /app/customers
       Parameters = {}
          Headers = [Content-Type:"application/json;charset=UTF-8", Accept:"application/json", Content-Length:"55"]
             Body = {"username":"7c982859267771f3","storeId":2,"tableId":1}
    Session Attrs = {}

Handler:
             Type = com.table.order.domain.customer.controller.CustomerController
           Method = com.table.order.domain.customer.controller.CustomerController#scanQrCode(RequestLoginCustomer)

Async:
    Async started = false
     Async result = null

Resolved Exception:
             Type = null

ModelAndView:
        View name = null
             View = null
            Model = null

FlashMap:
       Attributes = null

MockHttpServletResponse:
           Status = 200
    Error message = null
          Headers = [Vary:"Origin", "Access-Control-Request-Method", "Access-Control-Request-Headers", Content-Type:"application/json"]
     Content type = application/json
             Body = {"status":200,"message":"ì]]>&#x9e;<![CDATA[¬ë¡]]>&#x9c;<![CDATA[ê·¸ì]]>&#x9d;<![CDATA[¸ ì]]>&#x84;<![CDATA[±ê³µ","accessToken":"(accessToken)","expiredAt":"2021-09-28T18:03:52.302769"}
    Forwarded URL = null
   Redirected URL = null
          Cookies = []

MockHttpServletRequest:
      HTTP Method = POST
      Request URI = /app/customers
       Parameters = {}
          Headers = [Content-Type:"application/json;charset=UTF-8", Accept:"application/json", Content-Length:"55"]
             Body = {"username":"7c982859267771f3","storeId":2,"tableId":1}
    Session Attrs = {}

Handler:
             Type = com.table.order.domain.customer.controller.CustomerController
           Method = com.table.order.domain.customer.controller.CustomerController#scanQrCode(RequestLoginCustomer)

Async:
    Async started = false
     Async result = null

Resolved Exception:
             Type = null

ModelAndView:
        View name = null
             View = null
            Model = null

FlashMap:
       Attributes = null

MockHttpServletResponse:
           Status = 200
    Error message = null
          Headers = [Vary:"Origin", "Access-Control-Request-Method", "Access-Control-Request-Headers", Content-Type:"application/json"]
     Content type = application/json
             Body = {"status":200,"message":"ì]]>&#x8b;<![CDATA[]]>&#x9d;<![CDATA[ë]]>&#x8b;<![CDATA[¹ ì]]>&#x9e;<![CDATA[¬ë°©ë¬¸ ì]]>&#x84;<![CDATA[±ê³µ","accessToken":"(accessToken)","expiredAt":"2021-09-28T18:03:52.316851"}
    Forwarded URL = null
   Redirected URL = null
          Cookies = []

MockHttpServletRequest:
      HTTP Method = GET
      Request URI = /app/customers/test
       Parameters = {}
          Headers = [Content-Type:"application/json;charset=UTF-8", Accept:"application/json"]
             Body = null
    Session Attrs = {}

Handler:
             Type = com.table.order.domain.customer.controller.CustomerController
           Method = com.table.order.domain.customer.controller.CustomerController#test()

Async:
    Async started = false
     Async result = null

Resolved Exception:
             Type = null

ModelAndView:
        View name = null
             View = null
            Model = null

FlashMap:
       Attributes = null

MockHttpServletResponse:
           Status = 200
    Error message = null
          Headers = [Vary:"Origin", "Access-Control-Request-Method", "Access-Control-Request-Headers", Content-Type:"application/json"]
     Content type = application/json
             Body = {"status":200,"message":"í]]>&#x8c;<![CDATA[ì]]>&#x8a;<![CDATA[¤í]]>&#x8a;<![CDATA[¸ ì]]>&#x84;<![CDATA[±ê³µ"}
    Forwarded URL = null
   Redirected URL = null
          Cookies = []
]]></system-out>
  <system-err><![CDATA[]]></system-err>
</testsuite>
