<?xml version="1.0" encoding="UTF-8"?>
<testsuite name="com.table.order.domain.user.UserControllerTest" tests="3" skipped="0" failures="0" errors="0" timestamp="2021-10-07T11:05:25" hostname="ibeomjun-ui-MacBookPro.local" time="0.07">
  <properties/>
  <testcase name="user 회원 가입 테스트" classname="com.table.order.domain.user.UserControllerTest" time="0.024"/>
  <testcase name="회원 조회 테스트" classname="com.table.order.domain.user.UserControllerTest" time="0.018"/>
  <testcase name="로그인 테스트" classname="com.table.order.domain.user.UserControllerTest" time="0.026"/>
  <system-out><![CDATA[2021-10-07 20:05:24.665  INFO 97937 --- [    Test worker] .b.t.a.w.s.WebMvcTestContextBootstrapper : Neither @ContextConfiguration nor @ContextHierarchy found for test class [com.table.order.domain.user.UserControllerTest], using SpringBootContextLoader
2021-10-07 20:05:24.666  INFO 97937 --- [    Test worker] o.s.t.c.support.AbstractContextLoader    : Could not detect default resource locations for test class [com.table.order.domain.user.UserControllerTest]: no resource found for suffixes {-context.xml, Context.groovy}.
2021-10-07 20:05:24.666  INFO 97937 --- [    Test worker] t.c.s.AnnotationConfigContextLoaderUtils : Could not detect default configuration classes for test class [com.table.order.domain.user.UserControllerTest]: UserControllerTest does not declare any static, non-private, non-final, nested classes annotated with @Configuration.
2021-10-07 20:05:24.672  INFO 97937 --- [    Test worker] .b.t.c.SpringBootTestContextBootstrapper : Found @SpringBootConfiguration com.table.order.OrderApplication for test class com.table.order.domain.user.UserControllerTest
2021-10-07 20:05:24.673  INFO 97937 --- [    Test worker] .b.t.a.w.s.WebMvcTestContextBootstrapper : Loaded default TestExecutionListener class names from location [META-INF/spring.factories]: [org.springframework.security.test.context.support.WithSecurityContextTestExecutionListener, org.springframework.security.test.context.support.ReactorContextTestExecutionListener, org.springframework.boot.test.autoconfigure.restdocs.RestDocsTestExecutionListener, org.springframework.boot.test.autoconfigure.web.client.MockRestServiceServerResetTestExecutionListener, org.springframework.boot.test.autoconfigure.web.servlet.MockMvcPrintOnlyOnFailureTestExecutionListener, org.springframework.boot.test.autoconfigure.web.servlet.WebDriverTestExecutionListener, org.springframework.boot.test.autoconfigure.webservices.client.MockWebServiceServerTestExecutionListener, org.springframework.boot.test.mock.mockito.MockitoTestExecutionListener, org.springframework.boot.test.mock.mockito.ResetMocksTestExecutionListener, org.springframework.test.context.web.ServletTestExecutionListener, org.springframework.test.context.support.DirtiesContextBeforeModesTestExecutionListener, org.springframework.test.context.event.ApplicationEventsTestExecutionListener, org.springframework.test.context.support.DependencyInjectionTestExecutionListener, org.springframework.test.context.support.DirtiesContextTestExecutionListener, org.springframework.test.context.transaction.TransactionalTestExecutionListener, org.springframework.test.context.jdbc.SqlScriptsTestExecutionListener, org.springframework.test.context.event.EventPublishingTestExecutionListener]
2021-10-07 20:05:24.673  INFO 97937 --- [    Test worker] .b.t.a.w.s.WebMvcTestContextBootstrapper : Using TestExecutionListeners: [org.springframework.test.context.web.ServletTestExecutionListener@1ae9b8f9, org.springframework.test.context.support.DirtiesContextBeforeModesTestExecutionListener@7d46372e, org.springframework.test.context.event.ApplicationEventsTestExecutionListener@11e69619, org.springframework.boot.test.mock.mockito.MockitoTestExecutionListener@43e66ac4, org.springframework.boot.test.autoconfigure.SpringBootDependencyInjectionTestExecutionListener@149f3c31, org.springframework.test.context.support.DirtiesContextTestExecutionListener@582c86cb, org.springframework.test.context.transaction.TransactionalTestExecutionListener@7ddf8589, org.springframework.test.context.jdbc.SqlScriptsTestExecutionListener@d1f60bc, org.springframework.security.test.context.support.WithSecurityContextTestExecutionListener@608cbb9a, org.springframework.test.context.event.EventPublishingTestExecutionListener@5caa739e, org.springframework.security.test.context.support.ReactorContextTestExecutionListener@5d58464f, org.springframework.boot.test.autoconfigure.restdocs.RestDocsTestExecutionListener@2b34d7d8, org.springframework.boot.test.autoconfigure.web.client.MockRestServiceServerResetTestExecutionListener@2e61e94f, org.springframework.boot.test.autoconfigure.web.servlet.MockMvcPrintOnlyOnFailureTestExecutionListener@2158599e, org.springframework.boot.test.autoconfigure.web.servlet.WebDriverTestExecutionListener@3ead09c4, org.springframework.boot.test.autoconfigure.webservices.client.MockWebServiceServerTestExecutionListener@33aa83de, org.springframework.boot.test.mock.mockito.ResetMocksTestExecutionListener@12a03f75]

  .   ____          _            __ _ _
 /\\ / ___'_ __ _ _(_)_ __  __ _ \ \ \ \
( ( )\___ | '_ | '_| | '_ \/ _` | \ \ \ \
 \\/  ___)| |_)| | | | | || (_| |  ) ) ) )
  '  |____| .__|_| |_|_| |_\__, | / / / /
 =========|_|==============|___/=/_/_/_/
 :: Spring Boot ::                (v2.4.5)

2021-10-07 20:05:24.698  INFO 97937 --- [    Test worker] c.t.o.domain.user.UserControllerTest     : Starting UserControllerTest using Java 11.0.10 on ibeomjun-ui-MacBookPro.local with PID 97937 (started by leebeomjun in /Users/leebeomjun/Desktop/git/TableOrder/backend)
2021-10-07 20:05:24.698  INFO 97937 --- [    Test worker] c.t.o.domain.user.UserControllerTest     : The following profiles are active: real
2021-10-07 20:05:24.882  INFO 97937 --- [    Test worker] trationDelegate$BeanPostProcessorChecker : Bean 'org.springframework.security.access.expression.method.DefaultMethodSecurityExpressionHandler@2dfb1a5d' of type [org.springframework.security.access.expression.method.DefaultMethodSecurityExpressionHandler] is not eligible for getting processed by all BeanPostProcessors (for example: not eligible for auto-proxying)
2021-10-07 20:05:24.888  INFO 97937 --- [    Test worker] trationDelegate$BeanPostProcessorChecker : Bean 'methodSecurityMetadataSource' of type [org.springframework.security.access.method.DelegatingMethodSecurityMetadataSource] is not eligible for getting processed by all BeanPostProcessors (for example: not eligible for auto-proxying)
2021-10-07 20:05:25.031  INFO 97937 --- [    Test worker] o.s.s.web.DefaultSecurityFilterChain     : Will secure Ant [pattern='/app/customers', POST] with []
2021-10-07 20:05:25.031  INFO 97937 --- [    Test worker] o.s.s.web.DefaultSecurityFilterChain     : Will secure Ant [pattern='/users/login', POST] with []
2021-10-07 20:05:25.031  INFO 97937 --- [    Test worker] o.s.s.web.DefaultSecurityFilterChain     : Will secure Ant [pattern='/users', POST] with []
2021-10-07 20:05:25.031  INFO 97937 --- [    Test worker] o.s.s.web.DefaultSecurityFilterChain     : Will secure Ant [pattern='/app/customers/test', GET] with []
2021-10-07 20:05:25.031  INFO 97937 --- [    Test worker] o.s.s.web.DefaultSecurityFilterChain     : Will secure Ant [pattern='/docs/**'] with []
2021-10-07 20:05:25.031  INFO 97937 --- [    Test worker] o.s.s.web.DefaultSecurityFilterChain     : Will secure Ant [pattern='/swagger-ui**'] with []
2021-10-07 20:05:25.071  INFO 97937 --- [    Test worker] o.s.s.web.DefaultSecurityFilterChain     : Will secure any request with [org.springframework.security.web.context.request.async.WebAsyncManagerIntegrationFilter@2d9e83f, org.springframework.security.web.context.SecurityContextPersistenceFilter@456a2ffe, org.springframework.security.web.header.HeaderWriterFilter@1b64abb3, org.springframework.web.filter.CorsFilter@c528f40, org.springframework.security.web.authentication.logout.LogoutFilter@4920ae5, com.table.order.global.security.filter.JwtFilter@1803690d, org.springframework.security.web.savedrequest.RequestCacheAwareFilter@1ebdf5b3, org.springframework.security.web.servletapi.SecurityContextHolderAwareRequestFilter@20bafce4, org.springframework.security.web.authentication.AnonymousAuthenticationFilter@76a38b9b, org.springframework.security.web.session.SessionManagementFilter@38010306, org.springframework.security.web.access.ExceptionTranslationFilter@36fdbe2e]
2021-10-07 20:05:25.148  INFO 97937 --- [    Test worker] o.s.s.concurrent.ThreadPoolTaskExecutor  : Initializing ExecutorService 'applicationTaskExecutor'
2021-10-07 20:05:25.278  INFO 97937 --- [    Test worker] o.s.b.t.m.w.SpringBootMockServletContext : Initializing Spring TestDispatcherServlet ''
2021-10-07 20:05:25.278  INFO 97937 --- [    Test worker] o.s.t.web.servlet.TestDispatcherServlet  : Initializing Servlet ''
2021-10-07 20:05:25.279  INFO 97937 --- [    Test worker] o.s.t.web.servlet.TestDispatcherServlet  : Completed initialization in 1 ms
2021-10-07 20:05:25.297  INFO 97937 --- [    Test worker] c.t.o.domain.user.UserControllerTest     : Started UserControllerTest in 0.622 seconds (JVM running for 9.705)

MockHttpServletRequest:
      HTTP Method = POST
      Request URI = /users
       Parameters = {}
          Headers = [Content-Type:"application/json;charset=UTF-8", Accept:"application/json", Content-Length:"121"]
             Body = {"username":"beomjun","password":"1234","name":"이범준","phoneNum":"01012345678","address":"서울시 강남구 0000"}
    Session Attrs = {}

Handler:
             Type = com.table.order.domain.user.controller.UserController
           Method = com.table.order.domain.user.controller.UserController#signUpUser(RequestSignUpUser)

Async:
    Async started = false
     Async result = null

Resolved Exception:
             Type = null

ModelAndView:
        View name = null
             View = null
            Model = null

FlashMap:
       Attributes = null

MockHttpServletResponse:
           Status = 201
    Error message = null
          Headers = [Vary:"Origin", "Access-Control-Request-Method", "Access-Control-Request-Headers", Content-Type:"application/json"]
     Content type = application/json
             Body = {"status":201,"message":"í]]>&#x9a;<![CDATA[]]>&#x8c;<![CDATA[ì]]>&#x9b;<![CDATA[]]>&#x90;<![CDATA[ ê°]]>&#x80;<![CDATA[ì]]>&#x9e;<![CDATA[ ì]]>&#x84;<![CDATA[±ê³µ","data":{"id":1,"username":"beomjun","name":"ì]]>&#x9d;<![CDATA[´ë²]]>&#x94;<![CDATA[ì¤]]>&#x80;<![CDATA[","phoneNum":"01012345678","address":"ì]]>&#x84;<![CDATA[]]>&#x9c;<![CDATA[ì]]>&#x9a;<![CDATA[¸ì]]>&#x8b;<![CDATA[]]>&#x9c;<![CDATA[ ê°]]>&#x95;<![CDATA[ë]]>&#x82;<![CDATA[¨êµ¬ 0000"}}
    Forwarded URL = null
   Redirected URL = null
          Cookies = []
2021-10-07 20:05:25.329  INFO 97937 --- [    Test worker] c.t.o.global.security.filter.JwtFilter   : (accessToken) 추출 완료
2021-10-07 20:05:25.329  INFO 97937 --- [    Test worker] c.t.o.global.security.filter.JwtFilter   : UsernamePasswordAuthenticationToken [Principal=test, Credentials=[PROTECTED], Authenticated=true, Details=null, Granted Authorities=[ROLE_USER]] Authentication 생성

MockHttpServletRequest:
      HTTP Method = GET
      Request URI = /users
       Parameters = {}
          Headers = [Content-Type:"application/json;charset=UTF-8", Authorization:"Bearer (accessToken)", Accept:"application/json"]
             Body = null
    Session Attrs = {}

Handler:
             Type = com.table.order.domain.user.controller.UserController
           Method = com.table.order.domain.user.controller.UserController#findUser(Authentication)

Async:
    Async started = false
     Async result = null

Resolved Exception:
             Type = null

ModelAndView:
        View name = null
             View = null
            Model = null

FlashMap:
       Attributes = null

MockHttpServletResponse:
           Status = 200
    Error message = null
          Headers = [Vary:"Origin", "Access-Control-Request-Method", "Access-Control-Request-Headers", Content-Type:"application/json", X-Content-Type-Options:"nosniff", X-XSS-Protection:"1; mode=block", Cache-Control:"no-cache, no-store, max-age=0, must-revalidate", Pragma:"no-cache", Expires:"0", X-Frame-Options:"DENY"]
     Content type = application/json
             Body = {"status":200,"message":"í]]>&#x9a;<![CDATA[]]>&#x8c;<![CDATA[ì]]>&#x9b;<![CDATA[]]>&#x90;<![CDATA[ ì¡°í]]>&#x9a;<![CDATA[]]>&#x8c;<![CDATA[ ì]]>&#x84;<![CDATA[±ê³µ","data":{"id":1,"username":"beomjun","name":"ì]]>&#x9d;<![CDATA[´ë²]]>&#x94;<![CDATA[ì¤]]>&#x80;<![CDATA[","phoneNum":"01012345678","address":"ì]]>&#x84;<![CDATA[]]>&#x9c;<![CDATA[ì]]>&#x9a;<![CDATA[¸ì]]>&#x8b;<![CDATA[]]>&#x9c;<![CDATA[ ê°]]>&#x95;<![CDATA[ë]]>&#x82;<![CDATA[¨êµ¬ 0000"}}
    Forwarded URL = null
   Redirected URL = null
          Cookies = []

MockHttpServletRequest:
      HTTP Method = POST
      Request URI = /users/login
       Parameters = {}
          Headers = [Content-Type:"application/json;charset=UTF-8", Accept:"application/json", Content-Length:"40"]
             Body = {"username":"beomjun","password":"1234"}
    Session Attrs = {}

Handler:
             Type = com.table.order.domain.user.controller.UserController
           Method = com.table.order.domain.user.controller.UserController#login(RequestLoginUser)

Async:
    Async started = false
     Async result = null

Resolved Exception:
             Type = null

ModelAndView:
        View name = null
             View = null
            Model = null

FlashMap:
       Attributes = null

MockHttpServletResponse:
           Status = 200
    Error message = null
          Headers = [Vary:"Origin", "Access-Control-Request-Method", "Access-Control-Request-Headers", Content-Type:"application/json"]
     Content type = application/json
             Body = {"status":200,"message":"ë¡]]>&#x9c;<![CDATA[ê·¸ì]]>&#x9d;<![CDATA[¸ ì]]>&#x84;<![CDATA[±ê³µ","accessToken":"(accessToken)","expiredAt":"2021-10-07T20:35:25.352156","refreshToken":"(refreshToken)"}
    Forwarded URL = null
   Redirected URL = null
          Cookies = []
]]></system-out>
  <system-err><![CDATA[]]></system-err>
</testsuite>
