<?xml version="1.0" encoding="UTF-8"?>
<testsuite name="com.table.order.OrderApplicationTests" tests="1" skipped="0" failures="0" errors="0" timestamp="2021-06-08T18:04:46" hostname="ibeomjun-ui-MacBookPro.local" time="0.106">
  <properties/>
  <testcase name="contextLoads()" classname="com.table.order.OrderApplicationTests" time="0.106"/>
  <system-out><![CDATA[03:04:40.498 [Test worker] DEBUG org.springframework.test.context.BootstrapUtils - Instantiating CacheAwareContextLoaderDelegate from class [org.springframework.test.context.cache.DefaultCacheAwareContextLoaderDelegate]
03:04:40.510 [Test worker] DEBUG org.springframework.test.context.BootstrapUtils - Instantiating BootstrapContext using constructor [public org.springframework.test.context.support.DefaultBootstrapContext(java.lang.Class,org.springframework.test.context.CacheAwareContextLoaderDelegate)]
03:04:40.544 [Test worker] DEBUG org.springframework.test.context.BootstrapUtils - Instantiating TestContextBootstrapper for test class [com.table.order.OrderApplicationTests] from class [org.springframework.boot.test.context.SpringBootTestContextBootstrapper]
03:04:40.555 [Test worker] INFO org.springframework.boot.test.context.SpringBootTestContextBootstrapper - Neither @ContextConfiguration nor @ContextHierarchy found for test class [com.table.order.OrderApplicationTests], using SpringBootContextLoader
03:04:40.559 [Test worker] DEBUG org.springframework.test.context.support.AbstractContextLoader - Did not detect default resource location for test class [com.table.order.OrderApplicationTests]: class path resource [com/table/order/OrderApplicationTests-context.xml] does not exist
03:04:40.559 [Test worker] DEBUG org.springframework.test.context.support.AbstractContextLoader - Did not detect default resource location for test class [com.table.order.OrderApplicationTests]: class path resource [com/table/order/OrderApplicationTestsContext.groovy] does not exist
03:04:40.560 [Test worker] INFO org.springframework.test.context.support.AbstractContextLoader - Could not detect default resource locations for test class [com.table.order.OrderApplicationTests]: no resource found for suffixes {-context.xml, Context.groovy}.
03:04:40.561 [Test worker] INFO org.springframework.test.context.support.AnnotationConfigContextLoaderUtils - Could not detect default configuration classes for test class [com.table.order.OrderApplicationTests]: OrderApplicationTests does not declare any static, non-private, non-final, nested classes annotated with @Configuration.
03:04:40.606 [Test worker] DEBUG org.springframework.test.context.support.ActiveProfilesUtils - Could not find an 'annotation declaring class' for annotation type [org.springframework.test.context.ActiveProfiles] and class [com.table.order.OrderApplicationTests]
03:04:40.667 [Test worker] DEBUG org.springframework.context.annotation.ClassPathScanningCandidateComponentProvider - Identified candidate component class: file [/Users/leebeomjun/Desktop/git/TableOrder/backend/build/classes/java/main/com/table/order/OrderApplication.class]
03:04:40.668 [Test worker] INFO org.springframework.boot.test.context.SpringBootTestContextBootstrapper - Found @SpringBootConfiguration com.table.order.OrderApplication for test class com.table.order.OrderApplicationTests
03:04:40.771 [Test worker] DEBUG org.springframework.boot.test.context.SpringBootTestContextBootstrapper - @TestExecutionListeners is not present for class [com.table.order.OrderApplicationTests]: using defaults.
03:04:40.772 [Test worker] INFO org.springframework.boot.test.context.SpringBootTestContextBootstrapper - Loaded default TestExecutionListener class names from location [META-INF/spring.factories]: [org.springframework.security.test.context.support.WithSecurityContextTestExecutionListener, org.springframework.security.test.context.support.ReactorContextTestExecutionListener, org.springframework.boot.test.autoconfigure.restdocs.RestDocsTestExecutionListener, org.springframework.boot.test.autoconfigure.web.client.MockRestServiceServerResetTestExecutionListener, org.springframework.boot.test.autoconfigure.web.servlet.MockMvcPrintOnlyOnFailureTestExecutionListener, org.springframework.boot.test.autoconfigure.web.servlet.WebDriverTestExecutionListener, org.springframework.boot.test.autoconfigure.webservices.client.MockWebServiceServerTestExecutionListener, org.springframework.boot.test.mock.mockito.MockitoTestExecutionListener, org.springframework.boot.test.mock.mockito.ResetMocksTestExecutionListener, org.springframework.test.context.web.ServletTestExecutionListener, org.springframework.test.context.support.DirtiesContextBeforeModesTestExecutionListener, org.springframework.test.context.event.ApplicationEventsTestExecutionListener, org.springframework.test.context.support.DependencyInjectionTestExecutionListener, org.springframework.test.context.support.DirtiesContextTestExecutionListener, org.springframework.test.context.transaction.TransactionalTestExecutionListener, org.springframework.test.context.jdbc.SqlScriptsTestExecutionListener, org.springframework.test.context.event.EventPublishingTestExecutionListener]
03:04:40.791 [Test worker] INFO org.springframework.boot.test.context.SpringBootTestContextBootstrapper - Using TestExecutionListeners: [org.springframework.test.context.web.ServletTestExecutionListener@7d3b66f, org.springframework.test.context.support.DirtiesContextBeforeModesTestExecutionListener@2005ccef, org.springframework.test.context.event.ApplicationEventsTestExecutionListener@63d4da2c, org.springframework.boot.test.mock.mockito.MockitoTestExecutionListener@4ec74e4b, org.springframework.boot.test.autoconfigure.SpringBootDependencyInjectionTestExecutionListener@54bde932, org.springframework.test.context.support.DirtiesContextTestExecutionListener@5a5135fe, org.springframework.test.context.transaction.TransactionalTestExecutionListener@1f119122, org.springframework.test.context.jdbc.SqlScriptsTestExecutionListener@6bd0219d, org.springframework.security.test.context.support.WithSecurityContextTestExecutionListener@509fb1ac, org.springframework.test.context.event.EventPublishingTestExecutionListener@3328084, org.springframework.security.test.context.support.ReactorContextTestExecutionListener@10b99941, org.springframework.boot.test.autoconfigure.restdocs.RestDocsTestExecutionListener@7a0f8e02, org.springframework.boot.test.autoconfigure.web.client.MockRestServiceServerResetTestExecutionListener@57b0423e, org.springframework.boot.test.autoconfigure.web.servlet.MockMvcPrintOnlyOnFailureTestExecutionListener@4011ceec, org.springframework.boot.test.autoconfigure.web.servlet.WebDriverTestExecutionListener@1cbe243e, org.springframework.boot.test.autoconfigure.webservices.client.MockWebServiceServerTestExecutionListener@1ac7d635, org.springframework.boot.test.mock.mockito.ResetMocksTestExecutionListener@4f33d6e1]
03:04:40.795 [Test worker] DEBUG org.springframework.test.context.support.AbstractDirtiesContextTestExecutionListener - Before test class: context [DefaultTestContext@25aced29 testClass = OrderApplicationTests, testInstance = [null], testMethod = [null], testException = [null], mergedContextConfiguration = [WebMergedContextConfiguration@d55a5e0 testClass = OrderApplicationTests, locations = '{}', classes = '{class com.table.order.OrderApplication}', contextInitializerClasses = '[]', activeProfiles = '{}', propertySourceLocations = '{}', propertySourceProperties = '{org.springframework.boot.test.context.SpringBootTestContextBootstrapper=true}', contextCustomizers = set[org.springframework.boot.test.autoconfigure.actuate.metrics.MetricsExportContextCustomizerFactory$DisableMetricExportContextCustomizer@176b0422, org.springframework.boot.test.autoconfigure.properties.PropertyMappingContextCustomizer@0, org.springframework.boot.test.autoconfigure.web.servlet.WebDriverContextCustomizerFactory$Customizer@597d5595, org.springframework.boot.test.context.filter.ExcludeFilterContextCustomizer@716f76d5, org.springframework.boot.test.json.DuplicateJsonObjectContextCustomizerFactory$DuplicateJsonObjectContextCustomizer@4ff1f927, org.springframework.boot.test.mock.mockito.MockitoContextCustomizer@0, org.springframework.boot.test.web.client.TestRestTemplateContextCustomizer@46524167, org.springframework.boot.test.context.SpringBootTestArgs@1, org.springframework.boot.test.context.SpringBootTestWebEnvironment@495cf3d6], resourceBasePath = 'src/main/webapp', contextLoader = 'org.springframework.boot.test.context.SpringBootContextLoader', parent = [null]], attributes = map['org.springframework.test.context.web.ServletTestExecutionListener.activateListener' -> true]], class annotated with @DirtiesContext [false] with mode [null].
03:04:40.826 [Test worker] DEBUG org.springframework.test.context.support.TestPropertySourceUtils - Adding inlined properties to environment: {spring.jmx.enabled=false, org.springframework.boot.test.context.SpringBootTestContextBootstrapper=true}

  .   ____          _            __ _ _
 /\\ / ___'_ __ _ _(_)_ __  __ _ \ \ \ \
( ( )\___ | '_ | '_| | '_ \/ _` | \ \ \ \
 \\/  ___)| |_)| | | | | || (_| |  ) ) ) )
  '  |____| .__|_| |_|_| |_\__, | / / / /
 =========|_|==============|___/=/_/_/_/
 :: Spring Boot ::                (v2.4.5)

2021-06-09 03:04:41.173  INFO 1725 --- [    Test worker] com.table.order.OrderApplicationTests    : Starting OrderApplicationTests using Java 11.0.10 on ibeomjun-ui-MacBookPro.local with PID 1725 (started by leebeomjun in /Users/leebeomjun/Desktop/git/TableOrder/backend)
2021-06-09 03:04:41.174  INFO 1725 --- [    Test worker] com.table.order.OrderApplicationTests    : The following profiles are active: local
2021-06-09 03:04:42.047  INFO 1725 --- [    Test worker] .s.d.r.c.RepositoryConfigurationDelegate : Bootstrapping Spring Data JPA repositories in DEFAULT mode.
2021-06-09 03:04:42.152  INFO 1725 --- [    Test worker] .s.d.r.c.RepositoryConfigurationDelegate : Finished Spring Data repository scanning in 96 ms. Found 8 JPA repository interfaces.
2021-06-09 03:04:42.641  INFO 1725 --- [    Test worker] trationDelegate$BeanPostProcessorChecker : Bean 'org.springframework.security.access.expression.method.DefaultMethodSecurityExpressionHandler@29b4adb' of type [org.springframework.security.access.expression.method.DefaultMethodSecurityExpressionHandler] is not eligible for getting processed by all BeanPostProcessors (for example: not eligible for auto-proxying)
2021-06-09 03:04:42.656  INFO 1725 --- [    Test worker] trationDelegate$BeanPostProcessorChecker : Bean 'methodSecurityMetadataSource' of type [org.springframework.security.access.method.DelegatingMethodSecurityMetadataSource] is not eligible for getting processed by all BeanPostProcessors (for example: not eligible for auto-proxying)
2021-06-09 03:04:42.907  INFO 1725 --- [    Test worker] o.hibernate.jpa.internal.util.LogHelper  : HHH000204: Processing PersistenceUnitInfo [name: default]
2021-06-09 03:04:42.972  INFO 1725 --- [    Test worker] org.hibernate.Version                    : HHH000412: Hibernate ORM core version 5.4.30.Final
2021-06-09 03:04:43.158  INFO 1725 --- [    Test worker] o.hibernate.annotations.common.Version   : HCANN000001: Hibernate Commons Annotations {5.1.2.Final}
2021-06-09 03:04:43.295  INFO 1725 --- [    Test worker] com.zaxxer.hikari.HikariDataSource       : HikariPool-1 - Starting...
2021-06-09 03:04:43.377  INFO 1725 --- [    Test worker] com.zaxxer.hikari.HikariDataSource       : HikariPool-1 - Start completed.
2021-06-09 03:04:43.414  INFO 1725 --- [    Test worker] org.hibernate.dialect.Dialect            : HHH000400: Using dialect: org.hibernate.dialect.H2Dialect
Hibernate: 
    
    drop table if exists category CASCADE 
Hibernate: 
    
    drop table if exists customer CASCADE 
Hibernate: 
    
    drop table if exists item CASCADE 
Hibernate: 
    
    drop table if exists order_table CASCADE 
Hibernate: 
    
    drop table if exists orders CASCADE 
Hibernate: 
    
    drop table if exists store CASCADE 
Hibernate: 
    
    drop table if exists table_log CASCADE 
Hibernate: 
    
    drop table if exists users CASCADE 
Hibernate: 
    
    drop sequence if exists hibernate_sequence
Hibernate: create sequence hibernate_sequence start with 1 increment by 1
Hibernate: 
    
    create table category (
       category_id bigint not null,
        name varchar(255) not null,
        store_id bigint,
        primary key (category_id)
    )
Hibernate: 
    
    create table customer (
       customer_id bigint not null,
        created_date timestamp,
        updated_date timestamp,
        customer_status varchar(255) not null,
        username varchar(255) not null,
        visit_count integer not null,
        store_id bigint,
        table_id bigint,
        primary key (customer_id)
    )
Hibernate: 
    
    create table item (
       item_id bigint not null,
        created_date timestamp,
        updated_date timestamp,
        description varchar(255) not null,
        image varchar(255),
        name varchar(255) not null,
        price integer not null,
        category_id bigint,
        store_id bigint,
        primary key (item_id)
    )
Hibernate: 
    
    create table order_table (
       table_id bigint not null,
        name varchar(255) not null,
        number_of_people integer not null,
        table_status varchar(255) not null,
        total_price integer not null,
        store_id bigint,
        primary key (table_id)
    )
Hibernate: 
    
    create table orders (
       order_id bigint not null,
        created_date timestamp,
        updated_date timestamp,
        count integer not null,
        order_price integer not null,
        order_status varchar(255) not null,
        request varchar(255) not null,
        customer_id bigint,
        item_id bigint,
        table_id bigint,
        primary key (order_id)
    )
Hibernate: 
    
    create table store (
       store_id bigint not null,
        created_date timestamp,
        updated_date timestamp,
        name varchar(255) not null,
        user_id bigint,
        primary key (store_id)
    )
Hibernate: 
    
    create table table_log (
       table_log_id bigint not null,
        created_date timestamp,
        updated_date timestamp,
        name varchar(255) not null,
        number_of_people integer not null,
        total_price integer not null,
        store_id bigint,
        primary key (table_log_id)
    )
Hibernate: 
    
    create table users (
       user_id bigint not null,
        created_date timestamp,
        updated_date timestamp,
        address varchar(255) not null,
        license_image varchar(255) not null,
        name varchar(255) not null,
        password varchar(255) not null,
        phone_num varchar(255) not null,
        user_role varchar(255) not null,
        username varchar(255) not null,
        store_id bigint,
        table_id bigint,
        primary key (user_id)
    )
Hibernate: 
    
    alter table users 
       add constraint UK_r43af9ap4edm43mmtq01oddj6 unique (username)
Hibernate: 
    
    alter table category 
       add constraint FKqdaotwkf5g9vmdox82ttt50i5 
       foreign key (store_id) 
       references store
Hibernate: 
    
    alter table customer 
       add constraint FK4b6xs77vaijup4s0q2s06mvdo 
       foreign key (store_id) 
       references store
Hibernate: 
    
    alter table customer 
       add constraint FKakooxgfnpaex1cpvb17u99bg4 
       foreign key (table_id) 
       references order_table
Hibernate: 
    
    alter table item 
       add constraint FK2n9w8d0dp4bsfra9dcg0046l4 
       foreign key (category_id) 
       references category
Hibernate: 
    
    alter table item 
       add constraint FKi0c87m5jy5qxw8orrf2pugs6h 
       foreign key (store_id) 
       references store
Hibernate: 
    
    alter table order_table 
       add constraint FK7r53cdaofcjmrickykbcbe0qc 
       foreign key (store_id) 
       references store
Hibernate: 
    
    alter table orders 
       add constraint FK624gtjin3po807j3vix093tlf 
       foreign key (customer_id) 
       references customer
Hibernate: 
    
    alter table orders 
       add constraint FK1f1jovhxtx7fax217fq0gi17 
       foreign key (item_id) 
       references item
Hibernate: 
    
    alter table orders 
       add constraint FKcd7x3pjy025j43yii2uav1qi7 
       foreign key (table_id) 
       references order_table
Hibernate: 
    
    alter table store 
       add constraint FK7ybuab3162rs43dkcpsmrd0ub 
       foreign key (user_id) 
       references users
Hibernate: 
    
    alter table table_log 
       add constraint FKhvoymv6o9gl3rnxarkv76vxt6 
       foreign key (store_id) 
       references store
Hibernate: 
    
    alter table users 
       add constraint FKhmd3m5tgfs282j7f6svl8kalp 
       foreign key (store_id) 
       references store
Hibernate: 
    
    alter table users 
       add constraint FK3k3k3msyysfg08k24lyh781st 
       foreign key (table_id) 
       references order_table
2021-06-09 03:04:44.273  INFO 1725 --- [    Test worker] o.h.e.t.j.p.i.JtaPlatformInitiator       : HHH000490: Using JtaPlatform implementation: [org.hibernate.engine.transaction.jta.platform.internal.NoJtaPlatform]
2021-06-09 03:04:44.282  INFO 1725 --- [    Test worker] j.LocalContainerEntityManagerFactoryBean : Initialized JPA EntityManagerFactory for persistence unit 'default'
2021-06-09 03:04:44.896  WARN 1725 --- [    Test worker] JpaBaseConfiguration$JpaWebConfiguration : spring.jpa.open-in-view is enabled by default. Therefore, database queries may be performed during view rendering. Explicitly configure spring.jpa.open-in-view to disable this warning
2021-06-09 03:04:45.033  INFO 1725 --- [    Test worker] .s.s.UserDetailsServiceAutoConfiguration : 

Using generated security password: 34d7f70c-cff8-4b50-9c12-a64a78897f38

2021-06-09 03:04:45.085  INFO 1725 --- [    Test worker] o.s.s.web.DefaultSecurityFilterChain     : Will secure Ant [pattern='/**'] with []
2021-06-09 03:04:45.086  INFO 1725 --- [    Test worker] o.s.s.web.DefaultSecurityFilterChain     : Will secure Ant [pattern='/customers/login'] with []
2021-06-09 03:04:45.086  INFO 1725 --- [    Test worker] o.s.s.web.DefaultSecurityFilterChain     : Will secure Ant [pattern='/docs/**'] with []
2021-06-09 03:04:45.086  INFO 1725 --- [    Test worker] o.s.s.web.DefaultSecurityFilterChain     : Will secure Ant [pattern='/swagger-ui**'] with []
2021-06-09 03:04:45.139  INFO 1725 --- [    Test worker] o.s.s.web.DefaultSecurityFilterChain     : Will secure any request with [org.springframework.security.web.context.request.async.WebAsyncManagerIntegrationFilter@2bd7279a, org.springframework.security.web.context.SecurityContextPersistenceFilter@72f5968b, org.springframework.security.web.header.HeaderWriterFilter@3d3aeee2, org.springframework.security.web.authentication.logout.LogoutFilter@7e42b232, com.table.order.global.security.filter.JwtFilter@40efd3f0, org.springframework.security.web.savedrequest.RequestCacheAwareFilter@cb3e26c, org.springframework.security.web.servletapi.SecurityContextHolderAwareRequestFilter@6a8b5f93, org.springframework.security.web.authentication.AnonymousAuthenticationFilter@4415ef86, org.springframework.security.web.session.SessionManagementFilter@748d6b0c, org.springframework.security.web.access.ExceptionTranslationFilter@285733a0]
2021-06-09 03:04:45.757  INFO 1725 --- [    Test worker] o.s.s.concurrent.ThreadPoolTaskExecutor  : Initializing ExecutorService 'applicationTaskExecutor'
2021-06-09 03:04:46.278  INFO 1725 --- [    Test worker] com.table.order.OrderApplicationTests    : Started OrderApplicationTests in 5.43 seconds (JVM running for 6.641)
]]></system-out>
  <system-err><![CDATA[]]></system-err>
</testsuite>
