<?xml version="1.0" encoding="UTF-8"?>
<testsuite name="com.table.order.domain.store.StoreControllerTest" tests="1" skipped="0" failures="0" errors="0" timestamp="2021-06-29T10:26:38" hostname="ibeomjun-ui-MacBookPro.local" time="0.022">
  <properties/>
  <testcase name="식당 생성 테스트" classname="com.table.order.domain.store.StoreControllerTest" time="0.022"/>
  <system-out><![CDATA[2021-06-29 19:26:37.782  INFO 69419 --- [    Test worker] .b.t.a.w.s.WebMvcTestContextBootstrapper : Neither @ContextConfiguration nor @ContextHierarchy found for test class [com.table.order.domain.store.StoreControllerTest], using SpringBootContextLoader
2021-06-29 19:26:37.782  INFO 69419 --- [    Test worker] o.s.t.c.support.AbstractContextLoader    : Could not detect default resource locations for test class [com.table.order.domain.store.StoreControllerTest]: no resource found for suffixes {-context.xml, Context.groovy}.
2021-06-29 19:26:37.782  INFO 69419 --- [    Test worker] t.c.s.AnnotationConfigContextLoaderUtils : Could not detect default configuration classes for test class [com.table.order.domain.store.StoreControllerTest]: StoreControllerTest does not declare any static, non-private, non-final, nested classes annotated with @Configuration.
2021-06-29 19:26:37.787  INFO 69419 --- [    Test worker] .b.t.c.SpringBootTestContextBootstrapper : Found @SpringBootConfiguration com.table.order.OrderApplication for test class com.table.order.domain.store.StoreControllerTest
2021-06-29 19:26:37.787  INFO 69419 --- [    Test worker] .b.t.a.w.s.WebMvcTestContextBootstrapper : Loaded default TestExecutionListener class names from location [META-INF/spring.factories]: [org.springframework.security.test.context.support.WithSecurityContextTestExecutionListener, org.springframework.security.test.context.support.ReactorContextTestExecutionListener, org.springframework.boot.test.autoconfigure.restdocs.RestDocsTestExecutionListener, org.springframework.boot.test.autoconfigure.web.client.MockRestServiceServerResetTestExecutionListener, org.springframework.boot.test.autoconfigure.web.servlet.MockMvcPrintOnlyOnFailureTestExecutionListener, org.springframework.boot.test.autoconfigure.web.servlet.WebDriverTestExecutionListener, org.springframework.boot.test.autoconfigure.webservices.client.MockWebServiceServerTestExecutionListener, org.springframework.boot.test.mock.mockito.MockitoTestExecutionListener, org.springframework.boot.test.mock.mockito.ResetMocksTestExecutionListener, org.springframework.test.context.web.ServletTestExecutionListener, org.springframework.test.context.support.DirtiesContextBeforeModesTestExecutionListener, org.springframework.test.context.event.ApplicationEventsTestExecutionListener, org.springframework.test.context.support.DependencyInjectionTestExecutionListener, org.springframework.test.context.support.DirtiesContextTestExecutionListener, org.springframework.test.context.transaction.TransactionalTestExecutionListener, org.springframework.test.context.jdbc.SqlScriptsTestExecutionListener, org.springframework.test.context.event.EventPublishingTestExecutionListener]
2021-06-29 19:26:37.788  INFO 69419 --- [    Test worker] .b.t.a.w.s.WebMvcTestContextBootstrapper : Using TestExecutionListeners: [org.springframework.test.context.web.ServletTestExecutionListener@43ef3c01, org.springframework.test.context.support.DirtiesContextBeforeModesTestExecutionListener@592ee2f4, org.springframework.test.context.event.ApplicationEventsTestExecutionListener@76d0081a, org.springframework.boot.test.mock.mockito.MockitoTestExecutionListener@579f662b, org.springframework.boot.test.autoconfigure.SpringBootDependencyInjectionTestExecutionListener@6daa57ed, org.springframework.test.context.support.DirtiesContextTestExecutionListener@43bd21ee, org.springframework.test.context.transaction.TransactionalTestExecutionListener@35db615b, org.springframework.test.context.jdbc.SqlScriptsTestExecutionListener@19d9e7f5, org.springframework.security.test.context.support.WithSecurityContextTestExecutionListener@26f3ce1c, org.springframework.test.context.event.EventPublishingTestExecutionListener@ceb297d, org.springframework.security.test.context.support.ReactorContextTestExecutionListener@62545002, org.springframework.boot.test.autoconfigure.restdocs.RestDocsTestExecutionListener@3464e5f2, org.springframework.boot.test.autoconfigure.web.client.MockRestServiceServerResetTestExecutionListener@c5f4e4c, org.springframework.boot.test.autoconfigure.web.servlet.MockMvcPrintOnlyOnFailureTestExecutionListener@592a3e7b, org.springframework.boot.test.autoconfigure.web.servlet.WebDriverTestExecutionListener@19bea11c, org.springframework.boot.test.autoconfigure.webservices.client.MockWebServiceServerTestExecutionListener@ae69cac, org.springframework.boot.test.mock.mockito.ResetMocksTestExecutionListener@7cbd9e92]

  .   ____          _            __ _ _
 /\\ / ___'_ __ _ _(_)_ __  __ _ \ \ \ \
( ( )\___ | '_ | '_| | '_ \/ _` | \ \ \ \
 \\/  ___)| |_)| | | | | || (_| |  ) ) ) )
  '  |____| .__|_| |_|_| |_\__, | / / / /
 =========|_|==============|___/=/_/_/_/
 :: Spring Boot ::                (v2.4.5)

2021-06-29 19:26:37.801  INFO 69419 --- [    Test worker] c.t.o.domain.store.StoreControllerTest   : Starting StoreControllerTest using Java 11.0.10 on ibeomjun-ui-MacBookPro.local with PID 69419 (started by leebeomjun in /Users/leebeomjun/Desktop/git/TableOrder/backend)
2021-06-29 19:26:37.801  INFO 69419 --- [    Test worker] c.t.o.domain.store.StoreControllerTest   : The following profiles are active: local
2021-06-29 19:26:37.944  INFO 69419 --- [    Test worker] trationDelegate$BeanPostProcessorChecker : Bean 'org.springframework.security.access.expression.method.DefaultMethodSecurityExpressionHandler@703d0d04' of type [org.springframework.security.access.expression.method.DefaultMethodSecurityExpressionHandler] is not eligible for getting processed by all BeanPostProcessors (for example: not eligible for auto-proxying)
2021-06-29 19:26:37.949  INFO 69419 --- [    Test worker] trationDelegate$BeanPostProcessorChecker : Bean 'methodSecurityMetadataSource' of type [org.springframework.security.access.method.DelegatingMethodSecurityMetadataSource] is not eligible for getting processed by all BeanPostProcessors (for example: not eligible for auto-proxying)
2021-06-29 19:26:38.031  INFO 69419 --- [    Test worker] o.s.s.web.DefaultSecurityFilterChain     : Will secure Ant [pattern='/app/customers'] with []
2021-06-29 19:26:38.032  INFO 69419 --- [    Test worker] o.s.s.web.DefaultSecurityFilterChain     : Will secure Ant [pattern='/users/login'] with []
2021-06-29 19:26:38.032  INFO 69419 --- [    Test worker] o.s.s.web.DefaultSecurityFilterChain     : Will secure Ant [pattern='/users'] with []
2021-06-29 19:26:38.032  INFO 69419 --- [    Test worker] o.s.s.web.DefaultSecurityFilterChain     : Will secure Ant [pattern='/docs/**'] with []
2021-06-29 19:26:38.032  INFO 69419 --- [    Test worker] o.s.s.web.DefaultSecurityFilterChain     : Will secure Ant [pattern='/swagger-ui**'] with []
2021-06-29 19:26:38.065  INFO 69419 --- [    Test worker] o.s.s.web.DefaultSecurityFilterChain     : Will secure any request with [org.springframework.security.web.context.request.async.WebAsyncManagerIntegrationFilter@6aeb5eca, org.springframework.security.web.context.SecurityContextPersistenceFilter@32638302, org.springframework.security.web.header.HeaderWriterFilter@22b0a269, org.springframework.security.web.authentication.logout.LogoutFilter@34ab9bb9, com.table.order.global.security.filter.JwtFilter@37a3acb7, org.springframework.security.web.savedrequest.RequestCacheAwareFilter@210d8c1a, org.springframework.security.web.servletapi.SecurityContextHolderAwareRequestFilter@609d1b8, org.springframework.security.web.authentication.AnonymousAuthenticationFilter@55e6862, org.springframework.security.web.session.SessionManagementFilter@39eb384d, org.springframework.security.web.access.ExceptionTranslationFilter@745ce430]
2021-06-29 19:26:38.130  INFO 69419 --- [    Test worker] o.s.s.concurrent.ThreadPoolTaskExecutor  : Initializing ExecutorService 'applicationTaskExecutor'
2021-06-29 19:26:38.229  INFO 69419 --- [    Test worker] o.s.b.t.m.w.SpringBootMockServletContext : Initializing Spring TestDispatcherServlet ''
2021-06-29 19:26:38.229  INFO 69419 --- [    Test worker] o.s.t.web.servlet.TestDispatcherServlet  : Initializing Servlet ''
2021-06-29 19:26:38.229  INFO 69419 --- [    Test worker] o.s.t.web.servlet.TestDispatcherServlet  : Completed initialization in 0 ms
2021-06-29 19:26:38.241  INFO 69419 --- [    Test worker] c.t.o.domain.store.StoreControllerTest   : Started StoreControllerTest in 0.451 seconds (JVM running for 10.921)
2021-06-29 19:26:38.248  INFO 69419 --- [    Test worker] c.t.o.global.security.filter.JwtFilter   : (accessToken) 추출 완료
2021-06-29 19:26:38.248  INFO 69419 --- [    Test worker] c.t.o.global.security.filter.JwtFilter   : UsernamePasswordAuthenticationToken [Principal=test, Credentials=[PROTECTED], Authenticated=true, Details=null, Granted Authorities=[ROLE_USER]] Authentication 생성

MockHttpServletRequest:
      HTTP Method = POST
      Request URI = /stores
       Parameters = {}
          Headers = [Content-Type:"application/json;charset=UTF-8", Authorization:"Bearer (accessToken)", Accept:"application/json", Content-Length:"81"]
             Body = {"name":"식당","description":"식당 설명","licenseImage":"이미지 주소"}
    Session Attrs = {}

Handler:
             Type = com.table.order.domain.store.controller.StoreController
           Method = com.table.order.domain.store.controller.StoreController#createStore(RequestEnrollStore, Authentication)

Async:
    Async started = false
     Async result = null

Resolved Exception:
             Type = null

ModelAndView:
        View name = null
             View = null
            Model = null

FlashMap:
       Attributes = null

MockHttpServletResponse:
           Status = 201
    Error message = null
          Headers = [Content-Type:"application/json", X-Content-Type-Options:"nosniff", X-XSS-Protection:"1; mode=block", Cache-Control:"no-cache, no-store, max-age=0, must-revalidate", Pragma:"no-cache", Expires:"0", X-Frame-Options:"DENY"]
     Content type = application/json
             Body = {"status":201,"message":"ì]]>&#x8b;<![CDATA[]]>&#x9d;<![CDATA[ë]]>&#x8b;<![CDATA[¹ ë]]>&#x93;<![CDATA[±ë¡]]>&#x9d;<![CDATA[ ì]]>&#x84;<![CDATA[±ê³µ","data":{"id":1,"name":"ì]]>&#x8b;<![CDATA[]]>&#x9d;<![CDATA[ë]]>&#x8b;<![CDATA[¹","description":"ì]]>&#x8b;<![CDATA[]]>&#x9d;<![CDATA[ë]]>&#x8b;<![CDATA[¹ ì]]>&#x84;<![CDATA[¤ëª","licenseImage":"ì]]>&#x9d;<![CDATA[´ë¯¸ì§]]>&#x80;<![CDATA[ ì£¼ì]]>&#x86;<![CDATA[]]>&#x8c;<![CDATA["}}
    Forwarded URL = null
   Redirected URL = null
          Cookies = []
]]></system-out>
  <system-err><![CDATA[]]></system-err>
</testsuite>
