<?xml version="1.0" encoding="UTF-8"?>
<testsuite name="com.table.order.domain.table.TableControllerTest" tests="3" skipped="0" failures="0" errors="0" timestamp="2021-09-27T08:04:26" hostname="ibeomjun-ui-MacBookPro.local" time="0.089">
  <properties/>
  <testcase name="테이블 추가 테스트" classname="com.table.order.domain.table.TableControllerTest" time="0.026"/>
  <testcase name="테이블 수정 테스트" classname="com.table.order.domain.table.TableControllerTest" time="0.018"/>
  <testcase name="테이블 전체 조회 테스트" classname="com.table.order.domain.table.TableControllerTest" time="0.043"/>
  <system-out><![CDATA[2021-09-27 17:04:26.122  INFO 45826 --- [    Test worker] .b.t.a.w.s.WebMvcTestContextBootstrapper : Neither @ContextConfiguration nor @ContextHierarchy found for test class [com.table.order.domain.table.TableControllerTest], using SpringBootContextLoader
2021-09-27 17:04:26.122  INFO 45826 --- [    Test worker] o.s.t.c.support.AbstractContextLoader    : Could not detect default resource locations for test class [com.table.order.domain.table.TableControllerTest]: no resource found for suffixes {-context.xml, Context.groovy}.
2021-09-27 17:04:26.122  INFO 45826 --- [    Test worker] t.c.s.AnnotationConfigContextLoaderUtils : Could not detect default configuration classes for test class [com.table.order.domain.table.TableControllerTest]: TableControllerTest does not declare any static, non-private, non-final, nested classes annotated with @Configuration.
2021-09-27 17:04:26.128  INFO 45826 --- [    Test worker] .b.t.c.SpringBootTestContextBootstrapper : Found @SpringBootConfiguration com.table.order.OrderApplication for test class com.table.order.domain.table.TableControllerTest
2021-09-27 17:04:26.128  INFO 45826 --- [    Test worker] .b.t.a.w.s.WebMvcTestContextBootstrapper : Loaded default TestExecutionListener class names from location [META-INF/spring.factories]: [org.springframework.security.test.context.support.WithSecurityContextTestExecutionListener, org.springframework.security.test.context.support.ReactorContextTestExecutionListener, org.springframework.boot.test.autoconfigure.restdocs.RestDocsTestExecutionListener, org.springframework.boot.test.autoconfigure.web.client.MockRestServiceServerResetTestExecutionListener, org.springframework.boot.test.autoconfigure.web.servlet.MockMvcPrintOnlyOnFailureTestExecutionListener, org.springframework.boot.test.autoconfigure.web.servlet.WebDriverTestExecutionListener, org.springframework.boot.test.autoconfigure.webservices.client.MockWebServiceServerTestExecutionListener, org.springframework.boot.test.mock.mockito.MockitoTestExecutionListener, org.springframework.boot.test.mock.mockito.ResetMocksTestExecutionListener, org.springframework.test.context.web.ServletTestExecutionListener, org.springframework.test.context.support.DirtiesContextBeforeModesTestExecutionListener, org.springframework.test.context.event.ApplicationEventsTestExecutionListener, org.springframework.test.context.support.DependencyInjectionTestExecutionListener, org.springframework.test.context.support.DirtiesContextTestExecutionListener, org.springframework.test.context.transaction.TransactionalTestExecutionListener, org.springframework.test.context.jdbc.SqlScriptsTestExecutionListener, org.springframework.test.context.event.EventPublishingTestExecutionListener]
2021-09-27 17:04:26.129  INFO 45826 --- [    Test worker] .b.t.a.w.s.WebMvcTestContextBootstrapper : Using TestExecutionListeners: [org.springframework.test.context.web.ServletTestExecutionListener@d03e09, org.springframework.test.context.support.DirtiesContextBeforeModesTestExecutionListener@d36634, org.springframework.test.context.event.ApplicationEventsTestExecutionListener@796ba05e, org.springframework.boot.test.mock.mockito.MockitoTestExecutionListener@528fedcd, org.springframework.boot.test.autoconfigure.SpringBootDependencyInjectionTestExecutionListener@53aeb1e3, org.springframework.test.context.support.DirtiesContextTestExecutionListener@48579f64, org.springframework.test.context.transaction.TransactionalTestExecutionListener@6c1aaf60, org.springframework.test.context.jdbc.SqlScriptsTestExecutionListener@41d6c6ab, org.springframework.security.test.context.support.WithSecurityContextTestExecutionListener@67d146db, org.springframework.test.context.event.EventPublishingTestExecutionListener@138959fa, org.springframework.security.test.context.support.ReactorContextTestExecutionListener@2a518544, org.springframework.boot.test.autoconfigure.restdocs.RestDocsTestExecutionListener@5d45fd3b, org.springframework.boot.test.autoconfigure.web.client.MockRestServiceServerResetTestExecutionListener@304f9fd6, org.springframework.boot.test.autoconfigure.web.servlet.MockMvcPrintOnlyOnFailureTestExecutionListener@69d056ac, org.springframework.boot.test.autoconfigure.web.servlet.WebDriverTestExecutionListener@4f0d9577, org.springframework.boot.test.autoconfigure.webservices.client.MockWebServiceServerTestExecutionListener@3d531588, org.springframework.boot.test.mock.mockito.ResetMocksTestExecutionListener@71ae9cdb]

  .   ____          _            __ _ _
 /\\ / ___'_ __ _ _(_)_ __  __ _ \ \ \ \
( ( )\___ | '_ | '_| | '_ \/ _` | \ \ \ \
 \\/  ___)| |_)| | | | | || (_| |  ) ) ) )
  '  |____| .__|_| |_|_| |_\__, | / / / /
 =========|_|==============|___/=/_/_/_/
 :: Spring Boot ::                (v2.4.5)

2021-09-27 17:04:26.151  INFO 45826 --- [    Test worker] c.t.o.domain.table.TableControllerTest   : Starting TableControllerTest using Java 11.0.10 on ibeomjun-ui-MacBookPro.local with PID 45826 (started by leebeomjun in /Users/leebeomjun/Desktop/git/TableOrder/backend)
2021-09-27 17:04:26.151  INFO 45826 --- [    Test worker] c.t.o.domain.table.TableControllerTest   : The following profiles are active: real
2021-09-27 17:04:26.293  INFO 45826 --- [    Test worker] trationDelegate$BeanPostProcessorChecker : Bean 'org.springframework.security.access.expression.method.DefaultMethodSecurityExpressionHandler@5f91085b' of type [org.springframework.security.access.expression.method.DefaultMethodSecurityExpressionHandler] is not eligible for getting processed by all BeanPostProcessors (for example: not eligible for auto-proxying)
2021-09-27 17:04:26.299  INFO 45826 --- [    Test worker] trationDelegate$BeanPostProcessorChecker : Bean 'methodSecurityMetadataSource' of type [org.springframework.security.access.method.DelegatingMethodSecurityMetadataSource] is not eligible for getting processed by all BeanPostProcessors (for example: not eligible for auto-proxying)
2021-09-27 17:04:26.396  INFO 45826 --- [    Test worker] o.s.s.web.DefaultSecurityFilterChain     : Will secure Ant [pattern='/app/customers'] with []
2021-09-27 17:04:26.396  INFO 45826 --- [    Test worker] o.s.s.web.DefaultSecurityFilterChain     : Will secure Ant [pattern='/app/customers/test'] with []
2021-09-27 17:04:26.396  INFO 45826 --- [    Test worker] o.s.s.web.DefaultSecurityFilterChain     : Will secure Ant [pattern='/users/login'] with []
2021-09-27 17:04:26.396  INFO 45826 --- [    Test worker] o.s.s.web.DefaultSecurityFilterChain     : Will secure Ant [pattern='/users'] with []
2021-09-27 17:04:26.396  INFO 45826 --- [    Test worker] o.s.s.web.DefaultSecurityFilterChain     : Will secure Ant [pattern='/docs/**'] with []
2021-09-27 17:04:26.396  INFO 45826 --- [    Test worker] o.s.s.web.DefaultSecurityFilterChain     : Will secure Ant [pattern='/swagger-ui**'] with []
2021-09-27 17:04:26.430  INFO 45826 --- [    Test worker] o.s.s.web.DefaultSecurityFilterChain     : Will secure any request with [org.springframework.security.web.context.request.async.WebAsyncManagerIntegrationFilter@3a1d76eb, org.springframework.security.web.context.SecurityContextPersistenceFilter@34749efb, org.springframework.security.web.header.HeaderWriterFilter@2b4664c1, org.springframework.security.web.authentication.logout.LogoutFilter@8ce94f0, com.table.order.global.security.filter.JwtFilter@50b532ca, org.springframework.security.web.savedrequest.RequestCacheAwareFilter@3e719210, org.springframework.security.web.servletapi.SecurityContextHolderAwareRequestFilter@26098973, org.springframework.security.web.authentication.AnonymousAuthenticationFilter@22089568, org.springframework.security.web.session.SessionManagementFilter@3b00ad41, org.springframework.security.web.access.ExceptionTranslationFilter@15de64c2]
2021-09-27 17:04:26.529  INFO 45826 --- [    Test worker] o.s.s.concurrent.ThreadPoolTaskExecutor  : Initializing ExecutorService 'applicationTaskExecutor'
2021-09-27 17:04:26.715  INFO 45826 --- [    Test worker] o.s.b.t.m.w.SpringBootMockServletContext : Initializing Spring TestDispatcherServlet ''
2021-09-27 17:04:26.715  INFO 45826 --- [    Test worker] o.s.t.web.servlet.TestDispatcherServlet  : Initializing Servlet ''
2021-09-27 17:04:26.716  INFO 45826 --- [    Test worker] o.s.t.web.servlet.TestDispatcherServlet  : Completed initialization in 0 ms
2021-09-27 17:04:26.729  INFO 45826 --- [    Test worker] c.t.o.domain.table.TableControllerTest   : Started TableControllerTest in 0.599 seconds (JVM running for 9.693)
2021-09-27 17:04:26.737  INFO 45826 --- [    Test worker] c.t.o.global.security.filter.JwtFilter   : (accessToken) 추출 완료
2021-09-27 17:04:26.738  INFO 45826 --- [    Test worker] c.t.o.global.security.filter.JwtFilter   : UsernamePasswordAuthenticationToken [Principal=test, Credentials=[PROTECTED], Authenticated=true, Details=null, Granted Authorities=[ROLE_USER]] Authentication 생성

MockHttpServletRequest:
      HTTP Method = POST
      Request URI = /tables
       Parameters = {}
          Headers = [Content-Type:"application/json;charset=UTF-8", Authorization:"Bearer (accessToken)", Accept:"application/json", Content-Length:"41"]
             Body = {"name":"테이블 1","numberOfPeople":5}
    Session Attrs = {}

Handler:
             Type = com.table.order.domain.table.controller.TableController
           Method = com.table.order.domain.table.controller.TableController#addTable(RequestAddTable, Authentication)

Async:
    Async started = false
     Async result = null

Resolved Exception:
             Type = null

ModelAndView:
        View name = null
             View = null
            Model = null

FlashMap:
       Attributes = null

MockHttpServletResponse:
           Status = 201
    Error message = null
          Headers = [Vary:"Origin", "Access-Control-Request-Method", "Access-Control-Request-Headers", Content-Type:"application/json", X-Content-Type-Options:"nosniff", X-XSS-Protection:"1; mode=block", Cache-Control:"no-cache, no-store, max-age=0, must-revalidate", Pragma:"no-cache", Expires:"0", X-Frame-Options:"DENY"]
     Content type = application/json
             Body = {"status":201,"message":"í]]>&#x8c;<![CDATA[ì]]>&#x9d;<![CDATA[´ë¸]]>&#x94;<![CDATA[ ì¶]]>&#x94;<![CDATA[ê°]]>&#x80;<![CDATA[ ì]]>&#x84;<![CDATA[±ê³µ","data":{"id":1,"name":"í]]>&#x8c;<![CDATA[ì]]>&#x9d;<![CDATA[´ë¸]]>&#x94;<![CDATA[ 1","numberOfPeople":5,"totalPrice":10000,"tableStatus":"OPEN","orders":null}}
    Forwarded URL = null
   Redirected URL = null
          Cookies = []
2021-09-27 17:04:26.762  INFO 45826 --- [    Test worker] c.t.o.global.security.filter.JwtFilter   : (accessToken) 추출 완료
2021-09-27 17:04:26.763  INFO 45826 --- [    Test worker] c.t.o.global.security.filter.JwtFilter   : UsernamePasswordAuthenticationToken [Principal=test, Credentials=[PROTECTED], Authenticated=true, Details=null, Granted Authorities=[ROLE_USER]] Authentication 생성

MockHttpServletRequest:
      HTTP Method = PUT
      Request URI = /tables/1
       Parameters = {}
          Headers = [Content-Type:"application/json;charset=UTF-8", Authorization:"Bearer (accessToken)", Accept:"application/json", Content-Length:"52"]
             Body = {"name":"수정된 테이블명","numberOfPeople":5}
    Session Attrs = {}

Handler:
             Type = com.table.order.domain.table.controller.TableController
           Method = com.table.order.domain.table.controller.TableController#updateTable(Long, RequestUpdateTable, Authentication)

Async:
    Async started = false
     Async result = null

Resolved Exception:
             Type = null

ModelAndView:
        View name = null
             View = null
            Model = null

FlashMap:
       Attributes = null

MockHttpServletResponse:
           Status = 200
    Error message = null
          Headers = [Vary:"Origin", "Access-Control-Request-Method", "Access-Control-Request-Headers", Content-Type:"application/json", X-Content-Type-Options:"nosniff", X-XSS-Protection:"1; mode=block", Cache-Control:"no-cache, no-store, max-age=0, must-revalidate", Pragma:"no-cache", Expires:"0", X-Frame-Options:"DENY"]
     Content type = application/json
             Body = {"status":200,"message":"í]]>&#x8c;<![CDATA[ì]]>&#x9d;<![CDATA[´ë¸]]>&#x94;<![CDATA[ ì]]>&#x88;<![CDATA[]]>&#x98;<![CDATA[ì ]]>&#x95;<![CDATA[ ì]]>&#x84;<![CDATA[±ê³µ"}
    Forwarded URL = null
   Redirected URL = null
          Cookies = []
2021-09-27 17:04:26.781  INFO 45826 --- [    Test worker] c.t.o.global.security.filter.JwtFilter   : (accessToken) 추출 완료
2021-09-27 17:04:26.781  INFO 45826 --- [    Test worker] c.t.o.global.security.filter.JwtFilter   : UsernamePasswordAuthenticationToken [Principal=test, Credentials=[PROTECTED], Authenticated=true, Details=null, Granted Authorities=[ROLE_USER]] Authentication 생성

MockHttpServletRequest:
      HTTP Method = GET
      Request URI = /tables
       Parameters = {page=[0], size=[10]}
          Headers = [Content-Type:"application/json;charset=UTF-8", Authorization:"Bearer (accessToken)", Accept:"application/json"]
             Body = null
    Session Attrs = {}

Handler:
             Type = com.table.order.domain.table.controller.TableController
           Method = com.table.order.domain.table.controller.TableController#findTables(Pageable, Authentication)

Async:
    Async started = false
     Async result = null

Resolved Exception:
             Type = null

ModelAndView:
        View name = null
             View = null
            Model = null

FlashMap:
       Attributes = null

MockHttpServletResponse:
           Status = 200
    Error message = null
          Headers = [Vary:"Origin", "Access-Control-Request-Method", "Access-Control-Request-Headers", Content-Type:"application/json", X-Content-Type-Options:"nosniff", X-XSS-Protection:"1; mode=block", Cache-Control:"no-cache, no-store, max-age=0, must-revalidate", Pragma:"no-cache", Expires:"0", X-Frame-Options:"DENY"]
     Content type = application/json
             Body = {"status":200,"message":"í]]>&#x8c;<![CDATA[ì]]>&#x9d;<![CDATA[´ë¸]]>&#x94;<![CDATA[ ê²]]>&#x80;<![CDATA[ì]]>&#x83;<![CDATA[]]>&#x89;<![CDATA[ ì]]>&#x84;<![CDATA[±ê³µ","data":{"content":[{"id":1,"name":"í]]>&#x8c;<![CDATA[ì]]>&#x9d;<![CDATA[´ë¸]]>&#x94;<![CDATA[ 1","numberOfPeople":5,"totalPrice":15000,"tableStatus":"OPEN","orders":[{"id":1,"name":"ì]]>&#x9d;<![CDATA[]]>&#x8c;<![CDATA[ì]]>&#x8b;<![CDATA[]]>&#x9d;<![CDATA[1","orderPrice":5000,"count":1,"request":"ì]]>&#x9e;<![CDATA[]]>&#x98;<![CDATA[ë¶]]>&#x80;<![CDATA[í]]>&#x83;<![CDATA[]]>&#x81;<![CDATA[ë]]>&#x93;<![CDATA[]]>&#x9c;<![CDATA[ë¦½ë]]>&#x8b;<![CDATA[]]>&#x88;<![CDATA[ë]]>&#x8b;<![CDATA[¤","orderStatus":"ORDER"},{"id":2,"name":"ì]]>&#x9d;<![CDATA[]]>&#x8c;<![CDATA[ì]]>&#x8b;<![CDATA[]]>&#x9d;<![CDATA[2","orderPrice":10000,"count":2,"request":"ì]]>&#x9e;<![CDATA[]]>&#x98;<![CDATA[ë¶]]>&#x80;<![CDATA[í]]>&#x83;<![CDATA[]]>&#x81;<![CDATA[ë]]>&#x93;<![CDATA[]]>&#x9c;<![CDATA[ë¦½ë]]>&#x8b;<![CDATA[]]>&#x88;<![CDATA[ë]]>&#x8b;<![CDATA[¤","orderStatus":"ORDER"}]},{"id":1,"name":"í]]>&#x8c;<![CDATA[ì]]>&#x9d;<![CDATA[´ë¸]]>&#x94;<![CDATA[ 1","numberOfPeople":5,"totalPrice":15000,"tableStatus":"OPEN","orders":[{"id":1,"name":"ì]]>&#x9d;<![CDATA[]]>&#x8c;<![CDATA[ì]]>&#x8b;<![CDATA[]]>&#x9d;<![CDATA[1","orderPrice":5000,"count":1,"request":"ì]]>&#x9e;<![CDATA[]]>&#x98;<![CDATA[ë¶]]>&#x80;<![CDATA[í]]>&#x83;<![CDATA[]]>&#x81;<![CDATA[ë]]>&#x93;<![CDATA[]]>&#x9c;<![CDATA[ë¦½ë]]>&#x8b;<![CDATA[]]>&#x88;<![CDATA[ë]]>&#x8b;<![CDATA[¤","orderStatus":"ORDER"},{"id":2,"name":"ì]]>&#x9d;<![CDATA[]]>&#x8c;<![CDATA[ì]]>&#x8b;<![CDATA[]]>&#x9d;<![CDATA[2","orderPrice":10000,"count":2,"request":"ì]]>&#x9e;<![CDATA[]]>&#x98;<![CDATA[ë¶]]>&#x80;<![CDATA[í]]>&#x83;<![CDATA[]]>&#x81;<![CDATA[ë]]>&#x93;<![CDATA[]]>&#x9c;<![CDATA[ë¦½ë]]>&#x8b;<![CDATA[]]>&#x88;<![CDATA[ë]]>&#x8b;<![CDATA[¤","orderStatus":"ORDER"}]}],"pageable":{"sort":{"sorted":false,"unsorted":true,"empty":true},"pageNumber":0,"pageSize":10,"offset":0,"paged":true,"unpaged":false},"totalPages":1,"totalElements":2,"last":true,"numberOfElements":2,"first":true,"number":0,"size":10,"sort":{"sorted":false,"unsorted":true,"empty":true},"empty":false}}
    Forwarded URL = null
   Redirected URL = null
          Cookies = []
]]></system-out>
  <system-err><![CDATA[]]></system-err>
</testsuite>
