<?xml version="1.0" encoding="UTF-8"?>
<testsuite name="com.table.order.domain.item.ItemControllerTest" tests="1" skipped="0" failures="0" errors="0" timestamp="2021-06-12T18:38:39" hostname="ibeomjun-ui-MacBookPro.local" time="0.025">
  <properties/>
  <testcase name="카테고리 추가 테스트" classname="com.table.order.domain.item.ItemControllerTest" time="0.025"/>
  <system-out><![CDATA[2021-06-13 03:38:38.684  INFO 89534 --- [    Test worker] .b.t.a.w.s.WebMvcTestContextBootstrapper : Neither @ContextConfiguration nor @ContextHierarchy found for test class [com.table.order.domain.item.ItemControllerTest], using SpringBootContextLoader
2021-06-13 03:38:38.684  INFO 89534 --- [    Test worker] o.s.t.c.support.AbstractContextLoader    : Could not detect default resource locations for test class [com.table.order.domain.item.ItemControllerTest]: no resource found for suffixes {-context.xml, Context.groovy}.
2021-06-13 03:38:38.684  INFO 89534 --- [    Test worker] t.c.s.AnnotationConfigContextLoaderUtils : Could not detect default configuration classes for test class [com.table.order.domain.item.ItemControllerTest]: ItemControllerTest does not declare any static, non-private, non-final, nested classes annotated with @Configuration.
2021-06-13 03:38:38.690  INFO 89534 --- [    Test worker] .b.t.c.SpringBootTestContextBootstrapper : Found @SpringBootConfiguration com.table.order.OrderApplication for test class com.table.order.domain.item.ItemControllerTest
2021-06-13 03:38:38.690  INFO 89534 --- [    Test worker] .b.t.a.w.s.WebMvcTestContextBootstrapper : Loaded default TestExecutionListener class names from location [META-INF/spring.factories]: [org.springframework.security.test.context.support.WithSecurityContextTestExecutionListener, org.springframework.security.test.context.support.ReactorContextTestExecutionListener, org.springframework.boot.test.autoconfigure.restdocs.RestDocsTestExecutionListener, org.springframework.boot.test.autoconfigure.web.client.MockRestServiceServerResetTestExecutionListener, org.springframework.boot.test.autoconfigure.web.servlet.MockMvcPrintOnlyOnFailureTestExecutionListener, org.springframework.boot.test.autoconfigure.web.servlet.WebDriverTestExecutionListener, org.springframework.boot.test.autoconfigure.webservices.client.MockWebServiceServerTestExecutionListener, org.springframework.boot.test.mock.mockito.MockitoTestExecutionListener, org.springframework.boot.test.mock.mockito.ResetMocksTestExecutionListener, org.springframework.test.context.web.ServletTestExecutionListener, org.springframework.test.context.support.DirtiesContextBeforeModesTestExecutionListener, org.springframework.test.context.event.ApplicationEventsTestExecutionListener, org.springframework.test.context.support.DependencyInjectionTestExecutionListener, org.springframework.test.context.support.DirtiesContextTestExecutionListener, org.springframework.test.context.transaction.TransactionalTestExecutionListener, org.springframework.test.context.jdbc.SqlScriptsTestExecutionListener, org.springframework.test.context.event.EventPublishingTestExecutionListener]
2021-06-13 03:38:38.691  INFO 89534 --- [    Test worker] .b.t.a.w.s.WebMvcTestContextBootstrapper : Using TestExecutionListeners: [org.springframework.test.context.web.ServletTestExecutionListener@3adbe348, org.springframework.test.context.support.DirtiesContextBeforeModesTestExecutionListener@189cbada, org.springframework.test.context.event.ApplicationEventsTestExecutionListener@683cfce3, org.springframework.boot.test.mock.mockito.MockitoTestExecutionListener@792e24b0, org.springframework.boot.test.autoconfigure.SpringBootDependencyInjectionTestExecutionListener@1c0a597e, org.springframework.test.context.support.DirtiesContextTestExecutionListener@613d7a4f, org.springframework.test.context.transaction.TransactionalTestExecutionListener@6ee9496f, org.springframework.test.context.jdbc.SqlScriptsTestExecutionListener@666aeba6, org.springframework.security.test.context.support.WithSecurityContextTestExecutionListener@28e59fbc, org.springframework.test.context.event.EventPublishingTestExecutionListener@228067ed, org.springframework.security.test.context.support.ReactorContextTestExecutionListener@606f0e3, org.springframework.boot.test.autoconfigure.restdocs.RestDocsTestExecutionListener@37801c5e, org.springframework.boot.test.autoconfigure.web.client.MockRestServiceServerResetTestExecutionListener@331c6d6d, org.springframework.boot.test.autoconfigure.web.servlet.MockMvcPrintOnlyOnFailureTestExecutionListener@1282dbec, org.springframework.boot.test.autoconfigure.web.servlet.WebDriverTestExecutionListener@2332b0b7, org.springframework.boot.test.autoconfigure.webservices.client.MockWebServiceServerTestExecutionListener@14e73a63, org.springframework.boot.test.mock.mockito.ResetMocksTestExecutionListener@44405a97]

  .   ____          _            __ _ _
 /\\ / ___'_ __ _ _(_)_ __  __ _ \ \ \ \
( ( )\___ | '_ | '_| | '_ \/ _` | \ \ \ \
 \\/  ___)| |_)| | | | | || (_| |  ) ) ) )
  '  |____| .__|_| |_|_| |_\__, | / / / /
 =========|_|==============|___/=/_/_/_/
 :: Spring Boot ::                (v2.4.5)

2021-06-13 03:38:38.708  INFO 89534 --- [    Test worker] c.t.o.domain.item.ItemControllerTest     : Starting ItemControllerTest using Java 11.0.10 on ibeomjun-ui-MacBookPro.local with PID 89534 (started by leebeomjun in /Users/leebeomjun/Desktop/git/TableOrder/backend)
2021-06-13 03:38:38.708  INFO 89534 --- [    Test worker] c.t.o.domain.item.ItemControllerTest     : The following profiles are active: local
2021-06-13 03:38:38.849  INFO 89534 --- [    Test worker] trationDelegate$BeanPostProcessorChecker : Bean 'org.springframework.security.access.expression.method.DefaultMethodSecurityExpressionHandler@366bb65c' of type [org.springframework.security.access.expression.method.DefaultMethodSecurityExpressionHandler] is not eligible for getting processed by all BeanPostProcessors (for example: not eligible for auto-proxying)
2021-06-13 03:38:38.854  INFO 89534 --- [    Test worker] trationDelegate$BeanPostProcessorChecker : Bean 'methodSecurityMetadataSource' of type [org.springframework.security.access.method.DelegatingMethodSecurityMetadataSource] is not eligible for getting processed by all BeanPostProcessors (for example: not eligible for auto-proxying)
2021-06-13 03:38:38.947  INFO 89534 --- [    Test worker] o.s.s.web.DefaultSecurityFilterChain     : Will secure Ant [pattern='/app/customers'] with []
2021-06-13 03:38:38.947  INFO 89534 --- [    Test worker] o.s.s.web.DefaultSecurityFilterChain     : Will secure Ant [pattern='/users/login'] with []
2021-06-13 03:38:38.947  INFO 89534 --- [    Test worker] o.s.s.web.DefaultSecurityFilterChain     : Will secure Ant [pattern='/users'] with []
2021-06-13 03:38:38.947  INFO 89534 --- [    Test worker] o.s.s.web.DefaultSecurityFilterChain     : Will secure Ant [pattern='/docs/**'] with []
2021-06-13 03:38:38.947  INFO 89534 --- [    Test worker] o.s.s.web.DefaultSecurityFilterChain     : Will secure Ant [pattern='/swagger-ui**'] with []
2021-06-13 03:38:38.984  INFO 89534 --- [    Test worker] o.s.s.web.DefaultSecurityFilterChain     : Will secure any request with [org.springframework.security.web.context.request.async.WebAsyncManagerIntegrationFilter@73d608c6, org.springframework.security.web.context.SecurityContextPersistenceFilter@426f576b, org.springframework.security.web.header.HeaderWriterFilter@10ec3bd7, org.springframework.security.web.authentication.logout.LogoutFilter@592a6f7e, com.table.order.global.security.filter.JwtFilter@3539426a, org.springframework.security.web.savedrequest.RequestCacheAwareFilter@36c392b7, org.springframework.security.web.servletapi.SecurityContextHolderAwareRequestFilter@4700353b, org.springframework.security.web.authentication.AnonymousAuthenticationFilter@61eaebd7, org.springframework.security.web.session.SessionManagementFilter@6248850c, org.springframework.security.web.access.ExceptionTranslationFilter@51f4a594]
2021-06-13 03:38:39.054  INFO 89534 --- [    Test worker] o.s.s.concurrent.ThreadPoolTaskExecutor  : Initializing ExecutorService 'applicationTaskExecutor'
2021-06-13 03:38:39.183  INFO 89534 --- [    Test worker] o.s.b.t.m.w.SpringBootMockServletContext : Initializing Spring TestDispatcherServlet ''
2021-06-13 03:38:39.183  INFO 89534 --- [    Test worker] o.s.t.web.servlet.TestDispatcherServlet  : Initializing Servlet ''
2021-06-13 03:38:39.183  INFO 89534 --- [    Test worker] o.s.t.web.servlet.TestDispatcherServlet  : Completed initialization in 0 ms
2021-06-13 03:38:39.198  INFO 89534 --- [    Test worker] c.t.o.domain.item.ItemControllerTest     : Started ItemControllerTest in 0.505 seconds (JVM running for 8.457)
2021-06-13 03:38:39.204  INFO 89534 --- [    Test worker] c.t.o.global.security.filter.JwtFilter   : (accessToken) 추출 완료
2021-06-13 03:38:39.205  INFO 89534 --- [    Test worker] c.t.o.global.security.filter.JwtFilter   : UsernamePasswordAuthenticationToken [Principal=test, Credentials=[PROTECTED], Authenticated=true, Details=null, Granted Authorities=[ROLE_USER]] Authentication 생성

MockHttpServletRequest:
      HTTP Method = POST
      Request URI = /items
       Parameters = {}
          Headers = [Content-Type:"application/json;charset=UTF-8", Authorization:"Bearer (accessToken)", Accept:"application/json", Content-Length:"97"]
             Body = {"name":"메뉴 1","description":"메뉴 설명","price":1000,"image":"이미지","categoryId":1}
    Session Attrs = {}

Handler:
             Type = com.table.order.domain.item.controller.ItemController
           Method = com.table.order.domain.item.controller.ItemController#addItem(RequestAddItem, Authentication)

Async:
    Async started = false
     Async result = null

Resolved Exception:
             Type = null

ModelAndView:
        View name = null
             View = null
            Model = null

FlashMap:
       Attributes = null

MockHttpServletResponse:
           Status = 201
    Error message = null
          Headers = [Content-Type:"application/json", X-Content-Type-Options:"nosniff", X-XSS-Protection:"1; mode=block", Cache-Control:"no-cache, no-store, max-age=0, must-revalidate", Pragma:"no-cache", Expires:"0", X-Frame-Options:"DENY"]
     Content type = application/json
             Body = {"status":201,"message":"ë©]]>&#x94;<![CDATA[ë]]>&#x89;<![CDATA[´ ì¶]]>&#x94;<![CDATA[ê°]]>&#x80;<![CDATA[ ì]]>&#x84;<![CDATA[±ê³µ","data":{"id":2,"name":"ë©]]>&#x94;<![CDATA[ë]]>&#x89;<![CDATA[´ 1","description":"ë©]]>&#x94;<![CDATA[ë]]>&#x89;<![CDATA[´ ì]]>&#x84;<![CDATA[¤ëª","price":1000,"image":"ì]]>&#x9d;<![CDATA[´ë¯¸ì§]]>&#x80;<![CDATA["}}
    Forwarded URL = null
   Redirected URL = null
          Cookies = []
]]></system-out>
  <system-err><![CDATA[]]></system-err>
</testsuite>
