<?xml version="1.0" encoding="UTF-8"?>
<testsuite name="com.table.order.domain.table.TableControllerTest" tests="2" skipped="0" failures="0" errors="0" timestamp="2021-06-29T10:28:10" hostname="ibeomjun-ui-MacBookPro.local" time="0.067">
  <properties/>
  <testcase name="테이블 추가 테스트" classname="com.table.order.domain.table.TableControllerTest" time="0.022"/>
  <testcase name="테이블 전체 조회 테스트" classname="com.table.order.domain.table.TableControllerTest" time="0.044"/>
  <system-out><![CDATA[2021-06-29 19:28:09.960  INFO 69701 --- [    Test worker] .b.t.a.w.s.WebMvcTestContextBootstrapper : Neither @ContextConfiguration nor @ContextHierarchy found for test class [com.table.order.domain.table.TableControllerTest], using SpringBootContextLoader
2021-06-29 19:28:09.960  INFO 69701 --- [    Test worker] o.s.t.c.support.AbstractContextLoader    : Could not detect default resource locations for test class [com.table.order.domain.table.TableControllerTest]: no resource found for suffixes {-context.xml, Context.groovy}.
2021-06-29 19:28:09.960  INFO 69701 --- [    Test worker] t.c.s.AnnotationConfigContextLoaderUtils : Could not detect default configuration classes for test class [com.table.order.domain.table.TableControllerTest]: TableControllerTest does not declare any static, non-private, non-final, nested classes annotated with @Configuration.
2021-06-29 19:28:09.966  INFO 69701 --- [    Test worker] .b.t.c.SpringBootTestContextBootstrapper : Found @SpringBootConfiguration com.table.order.OrderApplication for test class com.table.order.domain.table.TableControllerTest
2021-06-29 19:28:09.967  INFO 69701 --- [    Test worker] .b.t.a.w.s.WebMvcTestContextBootstrapper : Loaded default TestExecutionListener class names from location [META-INF/spring.factories]: [org.springframework.security.test.context.support.WithSecurityContextTestExecutionListener, org.springframework.security.test.context.support.ReactorContextTestExecutionListener, org.springframework.boot.test.autoconfigure.restdocs.RestDocsTestExecutionListener, org.springframework.boot.test.autoconfigure.web.client.MockRestServiceServerResetTestExecutionListener, org.springframework.boot.test.autoconfigure.web.servlet.MockMvcPrintOnlyOnFailureTestExecutionListener, org.springframework.boot.test.autoconfigure.web.servlet.WebDriverTestExecutionListener, org.springframework.boot.test.autoconfigure.webservices.client.MockWebServiceServerTestExecutionListener, org.springframework.boot.test.mock.mockito.MockitoTestExecutionListener, org.springframework.boot.test.mock.mockito.ResetMocksTestExecutionListener, org.springframework.test.context.web.ServletTestExecutionListener, org.springframework.test.context.support.DirtiesContextBeforeModesTestExecutionListener, org.springframework.test.context.event.ApplicationEventsTestExecutionListener, org.springframework.test.context.support.DependencyInjectionTestExecutionListener, org.springframework.test.context.support.DirtiesContextTestExecutionListener, org.springframework.test.context.transaction.TransactionalTestExecutionListener, org.springframework.test.context.jdbc.SqlScriptsTestExecutionListener, org.springframework.test.context.event.EventPublishingTestExecutionListener]
2021-06-29 19:28:09.967  INFO 69701 --- [    Test worker] .b.t.a.w.s.WebMvcTestContextBootstrapper : Using TestExecutionListeners: [org.springframework.test.context.web.ServletTestExecutionListener@62826680, org.springframework.test.context.support.DirtiesContextBeforeModesTestExecutionListener@53d56bc2, org.springframework.test.context.event.ApplicationEventsTestExecutionListener@74e70da6, org.springframework.boot.test.mock.mockito.MockitoTestExecutionListener@20dbb6e7, org.springframework.boot.test.autoconfigure.SpringBootDependencyInjectionTestExecutionListener@519c621a, org.springframework.test.context.support.DirtiesContextTestExecutionListener@296f8890, org.springframework.test.context.transaction.TransactionalTestExecutionListener@65a92a26, org.springframework.test.context.jdbc.SqlScriptsTestExecutionListener@1838d4fa, org.springframework.security.test.context.support.WithSecurityContextTestExecutionListener@2a86e955, org.springframework.test.context.event.EventPublishingTestExecutionListener@7f78cf9d, org.springframework.security.test.context.support.ReactorContextTestExecutionListener@532c324e, org.springframework.boot.test.autoconfigure.restdocs.RestDocsTestExecutionListener@d6da3d5, org.springframework.boot.test.autoconfigure.web.client.MockRestServiceServerResetTestExecutionListener@10bc3f6c, org.springframework.boot.test.autoconfigure.web.servlet.MockMvcPrintOnlyOnFailureTestExecutionListener@29810ec1, org.springframework.boot.test.autoconfigure.web.servlet.WebDriverTestExecutionListener@1b0de7fd, org.springframework.boot.test.autoconfigure.webservices.client.MockWebServiceServerTestExecutionListener@7b9e8c42, org.springframework.boot.test.mock.mockito.ResetMocksTestExecutionListener@aa89b02]

  .   ____          _            __ _ _
 /\\ / ___'_ __ _ _(_)_ __  __ _ \ \ \ \
( ( )\___ | '_ | '_| | '_ \/ _` | \ \ \ \
 \\/  ___)| |_)| | | | | || (_| |  ) ) ) )
  '  |____| .__|_| |_|_| |_\__, | / / / /
 =========|_|==============|___/=/_/_/_/
 :: Spring Boot ::                (v2.4.5)

2021-06-29 19:28:09.989  INFO 69701 --- [    Test worker] c.t.o.domain.table.TableControllerTest   : Starting TableControllerTest using Java 11.0.10 on ibeomjun-ui-MacBookPro.local with PID 69701 (started by leebeomjun in /Users/leebeomjun/Desktop/git/TableOrder/backend)
2021-06-29 19:28:09.989  INFO 69701 --- [    Test worker] c.t.o.domain.table.TableControllerTest   : The following profiles are active: local
2021-06-29 19:28:10.128  INFO 69701 --- [    Test worker] trationDelegate$BeanPostProcessorChecker : Bean 'org.springframework.security.access.expression.method.DefaultMethodSecurityExpressionHandler@2f009aa1' of type [org.springframework.security.access.expression.method.DefaultMethodSecurityExpressionHandler] is not eligible for getting processed by all BeanPostProcessors (for example: not eligible for auto-proxying)
2021-06-29 19:28:10.132  INFO 69701 --- [    Test worker] trationDelegate$BeanPostProcessorChecker : Bean 'methodSecurityMetadataSource' of type [org.springframework.security.access.method.DelegatingMethodSecurityMetadataSource] is not eligible for getting processed by all BeanPostProcessors (for example: not eligible for auto-proxying)
2021-06-29 19:28:10.203  INFO 69701 --- [    Test worker] o.s.s.web.DefaultSecurityFilterChain     : Will secure Ant [pattern='/app/customers'] with []
2021-06-29 19:28:10.204  INFO 69701 --- [    Test worker] o.s.s.web.DefaultSecurityFilterChain     : Will secure Ant [pattern='/users/login'] with []
2021-06-29 19:28:10.204  INFO 69701 --- [    Test worker] o.s.s.web.DefaultSecurityFilterChain     : Will secure Ant [pattern='/users'] with []
2021-06-29 19:28:10.204  INFO 69701 --- [    Test worker] o.s.s.web.DefaultSecurityFilterChain     : Will secure Ant [pattern='/docs/**'] with []
2021-06-29 19:28:10.204  INFO 69701 --- [    Test worker] o.s.s.web.DefaultSecurityFilterChain     : Will secure Ant [pattern='/swagger-ui**'] with []
2021-06-29 19:28:10.230  INFO 69701 --- [    Test worker] o.s.s.web.DefaultSecurityFilterChain     : Will secure any request with [org.springframework.security.web.context.request.async.WebAsyncManagerIntegrationFilter@5d6d6bae, org.springframework.security.web.context.SecurityContextPersistenceFilter@1a38002c, org.springframework.security.web.header.HeaderWriterFilter@2470dc83, org.springframework.security.web.authentication.logout.LogoutFilter@61736097, com.table.order.global.security.filter.JwtFilter@71127e8a, org.springframework.security.web.savedrequest.RequestCacheAwareFilter@450f35b2, org.springframework.security.web.servletapi.SecurityContextHolderAwareRequestFilter@67397d54, org.springframework.security.web.authentication.AnonymousAuthenticationFilter@4b4d63e7, org.springframework.security.web.session.SessionManagementFilter@79a4ba30, org.springframework.security.web.access.ExceptionTranslationFilter@38dcf697]
2021-06-29 19:28:10.292  INFO 69701 --- [    Test worker] o.s.s.concurrent.ThreadPoolTaskExecutor  : Initializing ExecutorService 'applicationTaskExecutor'
2021-06-29 19:28:10.407  INFO 69701 --- [    Test worker] o.s.b.t.m.w.SpringBootMockServletContext : Initializing Spring TestDispatcherServlet ''
2021-06-29 19:28:10.407  INFO 69701 --- [    Test worker] o.s.t.web.servlet.TestDispatcherServlet  : Initializing Servlet ''
2021-06-29 19:28:10.408  INFO 69701 --- [    Test worker] o.s.t.web.servlet.TestDispatcherServlet  : Completed initialization in 0 ms
2021-06-29 19:28:10.420  INFO 69701 --- [    Test worker] c.t.o.domain.table.TableControllerTest   : Started TableControllerTest in 0.449 seconds (JVM running for 8.189)
2021-06-29 19:28:10.425  INFO 69701 --- [    Test worker] c.t.o.global.security.filter.JwtFilter   : (accessToken) 추출 완료
2021-06-29 19:28:10.426  INFO 69701 --- [    Test worker] c.t.o.global.security.filter.JwtFilter   : UsernamePasswordAuthenticationToken [Principal=test, Credentials=[PROTECTED], Authenticated=true, Details=null, Granted Authorities=[ROLE_USER]] Authentication 생성

MockHttpServletRequest:
      HTTP Method = POST
      Request URI = /tables
       Parameters = {}
          Headers = [Content-Type:"application/json;charset=UTF-8", Authorization:"Bearer (accessToken)", Accept:"application/json", Content-Length:"41"]
             Body = {"name":"테이블 1","numberOfPeople":5}
    Session Attrs = {}

Handler:
             Type = com.table.order.domain.table.controller.TableController
           Method = com.table.order.domain.table.controller.TableController#addTable(RequestAddTable, Authentication)

Async:
    Async started = false
     Async result = null

Resolved Exception:
             Type = null

ModelAndView:
        View name = null
             View = null
            Model = null

FlashMap:
       Attributes = null

MockHttpServletResponse:
           Status = 201
    Error message = null
          Headers = [Content-Type:"application/json", X-Content-Type-Options:"nosniff", X-XSS-Protection:"1; mode=block", Cache-Control:"no-cache, no-store, max-age=0, must-revalidate", Pragma:"no-cache", Expires:"0", X-Frame-Options:"DENY"]
     Content type = application/json
             Body = {"status":201,"message":"í]]>&#x8c;<![CDATA[ì]]>&#x9d;<![CDATA[´ë¸]]>&#x94;<![CDATA[ ì¶]]>&#x94;<![CDATA[ê°]]>&#x80;<![CDATA[ ì]]>&#x84;<![CDATA[±ê³µ","data":{"id":1,"name":"í]]>&#x8c;<![CDATA[ì]]>&#x9d;<![CDATA[´ë¸]]>&#x94;<![CDATA[ 1","numberOfPeople":5,"totalPrice":10000,"tableStatus":"OPEN","orders":null}}
    Forwarded URL = null
   Redirected URL = null
          Cookies = []
2021-06-29 19:28:10.448  INFO 69701 --- [    Test worker] c.t.o.global.security.filter.JwtFilter   : (accessToken) 추출 완료
2021-06-29 19:28:10.448  INFO 69701 --- [    Test worker] c.t.o.global.security.filter.JwtFilter   : UsernamePasswordAuthenticationToken [Principal=test, Credentials=[PROTECTED], Authenticated=true, Details=null, Granted Authorities=[ROLE_USER]] Authentication 생성

MockHttpServletRequest:
      HTTP Method = GET
      Request URI = /tables
       Parameters = {page=[0], size=[10]}
          Headers = [Content-Type:"application/json;charset=UTF-8", Authorization:"Bearer (accessToken)", Accept:"application/json"]
             Body = null
    Session Attrs = {}

Handler:
             Type = com.table.order.domain.table.controller.TableController
           Method = com.table.order.domain.table.controller.TableController#findTables(Pageable, Authentication)

Async:
    Async started = false
     Async result = null

Resolved Exception:
             Type = null

ModelAndView:
        View name = null
             View = null
            Model = null

FlashMap:
       Attributes = null

MockHttpServletResponse:
           Status = 200
    Error message = null
          Headers = [Content-Type:"application/json", X-Content-Type-Options:"nosniff", X-XSS-Protection:"1; mode=block", Cache-Control:"no-cache, no-store, max-age=0, must-revalidate", Pragma:"no-cache", Expires:"0", X-Frame-Options:"DENY"]
     Content type = application/json
             Body = {"status":200,"message":"í]]>&#x8c;<![CDATA[ì]]>&#x9d;<![CDATA[´ë¸]]>&#x94;<![CDATA[ ê²]]>&#x80;<![CDATA[ì]]>&#x83;<![CDATA[]]>&#x89;<![CDATA[ ì]]>&#x84;<![CDATA[±ê³µ","data":{"content":[{"id":1,"name":"í]]>&#x8c;<![CDATA[ì]]>&#x9d;<![CDATA[´ë¸]]>&#x94;<![CDATA[ 1","numberOfPeople":5,"totalPrice":15000,"tableStatus":"OPEN","orders":[{"id":1,"name":"ì]]>&#x9d;<![CDATA[]]>&#x8c;<![CDATA[ì]]>&#x8b;<![CDATA[]]>&#x9d;<![CDATA[1","orderPrice":5000,"count":1,"request":"ì]]>&#x9e;<![CDATA[]]>&#x98;<![CDATA[ë¶]]>&#x80;<![CDATA[í]]>&#x83;<![CDATA[]]>&#x81;<![CDATA[ë]]>&#x93;<![CDATA[]]>&#x9c;<![CDATA[ë¦½ë]]>&#x8b;<![CDATA[]]>&#x88;<![CDATA[ë]]>&#x8b;<![CDATA[¤","orderStatus":"ORDER"},{"id":2,"name":"ì]]>&#x9d;<![CDATA[]]>&#x8c;<![CDATA[ì]]>&#x8b;<![CDATA[]]>&#x9d;<![CDATA[2","orderPrice":10000,"count":2,"request":"ì]]>&#x9e;<![CDATA[]]>&#x98;<![CDATA[ë¶]]>&#x80;<![CDATA[í]]>&#x83;<![CDATA[]]>&#x81;<![CDATA[ë]]>&#x93;<![CDATA[]]>&#x9c;<![CDATA[ë¦½ë]]>&#x8b;<![CDATA[]]>&#x88;<![CDATA[ë]]>&#x8b;<![CDATA[¤","orderStatus":"ORDER"}]},{"id":1,"name":"í]]>&#x8c;<![CDATA[ì]]>&#x9d;<![CDATA[´ë¸]]>&#x94;<![CDATA[ 1","numberOfPeople":5,"totalPrice":15000,"tableStatus":"OPEN","orders":[{"id":1,"name":"ì]]>&#x9d;<![CDATA[]]>&#x8c;<![CDATA[ì]]>&#x8b;<![CDATA[]]>&#x9d;<![CDATA[1","orderPrice":5000,"count":1,"request":"ì]]>&#x9e;<![CDATA[]]>&#x98;<![CDATA[ë¶]]>&#x80;<![CDATA[í]]>&#x83;<![CDATA[]]>&#x81;<![CDATA[ë]]>&#x93;<![CDATA[]]>&#x9c;<![CDATA[ë¦½ë]]>&#x8b;<![CDATA[]]>&#x88;<![CDATA[ë]]>&#x8b;<![CDATA[¤","orderStatus":"ORDER"},{"id":2,"name":"ì]]>&#x9d;<![CDATA[]]>&#x8c;<![CDATA[ì]]>&#x8b;<![CDATA[]]>&#x9d;<![CDATA[2","orderPrice":10000,"count":2,"request":"ì]]>&#x9e;<![CDATA[]]>&#x98;<![CDATA[ë¶]]>&#x80;<![CDATA[í]]>&#x83;<![CDATA[]]>&#x81;<![CDATA[ë]]>&#x93;<![CDATA[]]>&#x9c;<![CDATA[ë¦½ë]]>&#x8b;<![CDATA[]]>&#x88;<![CDATA[ë]]>&#x8b;<![CDATA[¤","orderStatus":"ORDER"}]}],"pageable":{"sort":{"sorted":false,"unsorted":true,"empty":true},"offset":0,"pageNumber":0,"pageSize":10,"unpaged":false,"paged":true},"totalPages":1,"totalElements":2,"last":true,"size":10,"sort":{"sorted":false,"unsorted":true,"empty":true},"numberOfElements":2,"first":true,"number":0,"empty":false}}
    Forwarded URL = null
   Redirected URL = null
          Cookies = []
]]></system-out>
  <system-err><![CDATA[]]></system-err>
</testsuite>
