<?xml version="1.0" encoding="UTF-8"?>
<testsuite name="com.table.order.domain.table.TableServiceTest" tests="4" skipped="0" failures="0" errors="0" timestamp="2021-06-30T04:37:18" hostname="ibeomjun-ui-MacBookPro.local" time="0.045">
  <properties/>
  <testcase name="테이블 추가 테스트" classname="com.table.order.domain.table.TableServiceTest" time="0.029"/>
  <testcase name="테이블 추가 실패 테스트 (승인되지 않은 식당)" classname="com.table.order.domain.table.TableServiceTest" time="0.001"/>
  <testcase name="테이블 전체 조회 테스트" classname="com.table.order.domain.table.TableServiceTest" time="0.012"/>
  <testcase name="테이블 추가 테스트 (식당을 찾을 수 없음)" classname="com.table.order.domain.table.TableServiceTest" time="0.002"/>
  <system-out><![CDATA[]]></system-out>
  <system-err><![CDATA[]]></system-err>
</testsuite>
