<?xml version="1.0" encoding="UTF-8"?>
<testsuite name="com.table.order.domain.customer.controller.CustomerControllerTest" tests="1" skipped="0" failures="0" errors="0" timestamp="2021-06-08T18:04:47" hostname="ibeomjun-ui-MacBookPro.local" time="0.198">
  <properties/>
  <testcase name="QR 코드 스캔 테스트" classname="com.table.order.domain.customer.controller.CustomerControllerTest" time="0.198"/>
  <system-out><![CDATA[2021-06-09 03:04:46.411  INFO 1725 --- [    Test worker] .b.t.a.w.s.WebMvcTestContextBootstrapper : Neither @ContextConfiguration nor @ContextHierarchy found for test class [com.table.order.domain.customer.controller.CustomerControllerTest], using SpringBootContextLoader
2021-06-09 03:04:46.412  INFO 1725 --- [    Test worker] o.s.t.c.support.AbstractContextLoader    : Could not detect default resource locations for test class [com.table.order.domain.customer.controller.CustomerControllerTest]: no resource found for suffixes {-context.xml, Context.groovy}.
2021-06-09 03:04:46.412  INFO 1725 --- [    Test worker] t.c.s.AnnotationConfigContextLoaderUtils : Could not detect default configuration classes for test class [com.table.order.domain.customer.controller.CustomerControllerTest]: CustomerControllerTest does not declare any static, non-private, non-final, nested classes annotated with @Configuration.
2021-06-09 03:04:46.432  INFO 1725 --- [    Test worker] .b.t.c.SpringBootTestContextBootstrapper : Found @SpringBootConfiguration com.table.order.OrderApplication for test class com.table.order.domain.customer.controller.CustomerControllerTest
2021-06-09 03:04:46.433  INFO 1725 --- [    Test worker] .b.t.a.w.s.WebMvcTestContextBootstrapper : Loaded default TestExecutionListener class names from location [META-INF/spring.factories]: [org.springframework.security.test.context.support.WithSecurityContextTestExecutionListener, org.springframework.security.test.context.support.ReactorContextTestExecutionListener, org.springframework.boot.test.autoconfigure.restdocs.RestDocsTestExecutionListener, org.springframework.boot.test.autoconfigure.web.client.MockRestServiceServerResetTestExecutionListener, org.springframework.boot.test.autoconfigure.web.servlet.MockMvcPrintOnlyOnFailureTestExecutionListener, org.springframework.boot.test.autoconfigure.web.servlet.WebDriverTestExecutionListener, org.springframework.boot.test.autoconfigure.webservices.client.MockWebServiceServerTestExecutionListener, org.springframework.boot.test.mock.mockito.MockitoTestExecutionListener, org.springframework.boot.test.mock.mockito.ResetMocksTestExecutionListener, org.springframework.test.context.web.ServletTestExecutionListener, org.springframework.test.context.support.DirtiesContextBeforeModesTestExecutionListener, org.springframework.test.context.event.ApplicationEventsTestExecutionListener, org.springframework.test.context.support.DependencyInjectionTestExecutionListener, org.springframework.test.context.support.DirtiesContextTestExecutionListener, org.springframework.test.context.transaction.TransactionalTestExecutionListener, org.springframework.test.context.jdbc.SqlScriptsTestExecutionListener, org.springframework.test.context.event.EventPublishingTestExecutionListener]
2021-06-09 03:04:46.433  INFO 1725 --- [    Test worker] .b.t.a.w.s.WebMvcTestContextBootstrapper : Using TestExecutionListeners: [org.springframework.test.context.web.ServletTestExecutionListener@4d86734f, org.springframework.test.context.support.DirtiesContextBeforeModesTestExecutionListener@1a3b7cd, org.springframework.test.context.event.ApplicationEventsTestExecutionListener@28b58161, org.springframework.boot.test.mock.mockito.MockitoTestExecutionListener@616b098e, org.springframework.boot.test.autoconfigure.SpringBootDependencyInjectionTestExecutionListener@1f8912e7, org.springframework.test.context.support.DirtiesContextTestExecutionListener@308c304, org.springframework.test.context.transaction.TransactionalTestExecutionListener@732f48d, org.springframework.test.context.jdbc.SqlScriptsTestExecutionListener@3e2cba9c, org.springframework.security.test.context.support.WithSecurityContextTestExecutionListener@69e59994, org.springframework.test.context.event.EventPublishingTestExecutionListener@2cb0674f, org.springframework.security.test.context.support.ReactorContextTestExecutionListener@3c3668c8, org.springframework.boot.test.autoconfigure.restdocs.RestDocsTestExecutionListener@6715cd88, org.springframework.boot.test.autoconfigure.web.client.MockRestServiceServerResetTestExecutionListener@2279c1c7, org.springframework.boot.test.autoconfigure.web.servlet.MockMvcPrintOnlyOnFailureTestExecutionListener@d5c40d8, org.springframework.boot.test.autoconfigure.web.servlet.WebDriverTestExecutionListener@2a31993, org.springframework.boot.test.autoconfigure.webservices.client.MockWebServiceServerTestExecutionListener@4b93fdc2, org.springframework.boot.test.mock.mockito.ResetMocksTestExecutionListener@27886a8e]

  .   ____          _            __ _ _
 /\\ / ___'_ __ _ _(_)_ __  __ _ \ \ \ \
( ( )\___ | '_ | '_| | '_ \/ _` | \ \ \ \
 \\/  ___)| |_)| | | | | || (_| |  ) ) ) )
  '  |____| .__|_| |_|_| |_\__, | / / / /
 =========|_|==============|___/=/_/_/_/
 :: Spring Boot ::                (v2.4.5)

2021-06-09 03:04:46.478  INFO 1725 --- [    Test worker] c.t.o.d.c.c.CustomerControllerTest       : Starting CustomerControllerTest using Java 11.0.10 on ibeomjun-ui-MacBookPro.local with PID 1725 (started by leebeomjun in /Users/leebeomjun/Desktop/git/TableOrder/backend)
2021-06-09 03:04:46.478  INFO 1725 --- [    Test worker] c.t.o.d.c.c.CustomerControllerTest       : The following profiles are active: local
2021-06-09 03:04:46.783  INFO 1725 --- [    Test worker] trationDelegate$BeanPostProcessorChecker : Bean 'org.springframework.security.access.expression.method.DefaultMethodSecurityExpressionHandler@1d464458' of type [org.springframework.security.access.expression.method.DefaultMethodSecurityExpressionHandler] is not eligible for getting processed by all BeanPostProcessors (for example: not eligible for auto-proxying)
2021-06-09 03:04:46.789  INFO 1725 --- [    Test worker] trationDelegate$BeanPostProcessorChecker : Bean 'methodSecurityMetadataSource' of type [org.springframework.security.access.method.DelegatingMethodSecurityMetadataSource] is not eligible for getting processed by all BeanPostProcessors (for example: not eligible for auto-proxying)
2021-06-09 03:04:46.919  INFO 1725 --- [    Test worker] .s.s.UserDetailsServiceAutoConfiguration : 

Using generated security password: 644ee31e-47c2-4250-aaad-dd9eae8ed5eb

2021-06-09 03:04:46.926  INFO 1725 --- [    Test worker] o.s.s.web.DefaultSecurityFilterChain     : Will secure Ant [pattern='/**'] with []
2021-06-09 03:04:46.926  INFO 1725 --- [    Test worker] o.s.s.web.DefaultSecurityFilterChain     : Will secure Ant [pattern='/customers/login'] with []
2021-06-09 03:04:46.926  INFO 1725 --- [    Test worker] o.s.s.web.DefaultSecurityFilterChain     : Will secure Ant [pattern='/docs/**'] with []
2021-06-09 03:04:46.926  INFO 1725 --- [    Test worker] o.s.s.web.DefaultSecurityFilterChain     : Will secure Ant [pattern='/swagger-ui**'] with []
2021-06-09 03:04:46.964  INFO 1725 --- [    Test worker] o.s.s.web.DefaultSecurityFilterChain     : Will secure any request with [org.springframework.security.web.context.request.async.WebAsyncManagerIntegrationFilter@3b8e5c1c, org.springframework.security.web.context.SecurityContextPersistenceFilter@6b9099b3, org.springframework.security.web.header.HeaderWriterFilter@347f4302, org.springframework.security.web.authentication.logout.LogoutFilter@28e6712a, com.table.order.global.security.filter.JwtFilter@2f7975ec, org.springframework.security.web.savedrequest.RequestCacheAwareFilter@13200b69, org.springframework.security.web.servletapi.SecurityContextHolderAwareRequestFilter@5d093d5c, org.springframework.security.web.authentication.AnonymousAuthenticationFilter@49603a44, org.springframework.security.web.session.SessionManagementFilter@16a19cdb, org.springframework.security.web.access.ExceptionTranslationFilter@65b3bf6f]
2021-06-09 03:04:47.048  INFO 1725 --- [    Test worker] o.s.s.concurrent.ThreadPoolTaskExecutor  : Initializing ExecutorService 'applicationTaskExecutor'
2021-06-09 03:04:47.210  INFO 1725 --- [    Test worker] o.s.b.t.m.w.SpringBootMockServletContext : Initializing Spring TestDispatcherServlet ''
2021-06-09 03:04:47.210  INFO 1725 --- [    Test worker] o.s.t.web.servlet.TestDispatcherServlet  : Initializing Servlet ''
2021-06-09 03:04:47.211  INFO 1725 --- [    Test worker] o.s.t.web.servlet.TestDispatcherServlet  : Completed initialization in 1 ms
2021-06-09 03:04:47.226  INFO 1725 --- [    Test worker] c.t.o.d.c.c.CustomerControllerTest       : Started CustomerControllerTest in 0.789 seconds (JVM running for 7.589)

MockHttpServletRequest:
      HTTP Method = POST
      Request URI = /customers/login
       Parameters = {}
          Headers = [Content-Type:"application/json;charset=UTF-8", Accept:"application/json", Content-Length:"43"]
             Body = {"username":"test","storeId":2,"tableId":1}
    Session Attrs = {}

Handler:
             Type = com.table.order.domain.customer.controller.CustomerController
           Method = com.table.order.domain.customer.controller.CustomerController#scanQrCode(RequestCustomerLogin)

Async:
    Async started = false
     Async result = null

Resolved Exception:
             Type = null

ModelAndView:
        View name = null
             View = null
            Model = null

FlashMap:
       Attributes = null

MockHttpServletResponse:
           Status = 200
    Error message = null
          Headers = [Content-Type:"application/json"]
     Content type = application/json
             Body = {"status":200,"message":"í]]>&#x9a;<![CDATA[]]>&#x8c;<![CDATA[ì]]>&#x9b;<![CDATA[]]>&#x90;<![CDATA[ê°]]>&#x80;<![CDATA[ì]]>&#x9e;<![CDATA[ ì]]>&#x84;<![CDATA[±ê³µ","accessToken":"accessToken","expiredAt":"2021-06-09T03:34:47.238206"}
    Forwarded URL = null
   Redirected URL = null
          Cookies = []
]]></system-out>
  <system-err><![CDATA[]]></system-err>
</testsuite>
