<?xml version="1.0" encoding="UTF-8"?>
<testsuite name="com.table.order.domain.order.OrderControllerTest" tests="4" skipped="0" failures="0" errors="0" timestamp="2021-06-30T14:05:49" hostname="ibeomjun-ui-MacBookPro.local" time="0.266">
  <properties/>
  <testcase name="주문 생성 테스트" classname="com.table.order.domain.order.OrderControllerTest" time="0.189"/>
  <testcase name="회원 주문 취소 테스트" classname="com.table.order.domain.order.OrderControllerTest" time="0.033"/>
  <testcase name="주문 상태 변경 테스트 (조리중)" classname="com.table.order.domain.order.OrderControllerTest" time="0.018"/>
  <testcase name="손님 주문 취소 테스트" classname="com.table.order.domain.order.OrderControllerTest" time="0.02"/>
  <system-out><![CDATA[2021-06-30 23:05:48.499  INFO 83182 --- [    Test worker] .b.t.a.w.s.WebMvcTestContextBootstrapper : Neither @ContextConfiguration nor @ContextHierarchy found for test class [com.table.order.domain.order.OrderControllerTest], using SpringBootContextLoader
2021-06-30 23:05:48.500  INFO 83182 --- [    Test worker] o.s.t.c.support.AbstractContextLoader    : Could not detect default resource locations for test class [com.table.order.domain.order.OrderControllerTest]: no resource found for suffixes {-context.xml, Context.groovy}.
2021-06-30 23:05:48.500  INFO 83182 --- [    Test worker] t.c.s.AnnotationConfigContextLoaderUtils : Could not detect default configuration classes for test class [com.table.order.domain.order.OrderControllerTest]: OrderControllerTest does not declare any static, non-private, non-final, nested classes annotated with @Configuration.
2021-06-30 23:05:48.516  INFO 83182 --- [    Test worker] .b.t.c.SpringBootTestContextBootstrapper : Found @SpringBootConfiguration com.table.order.OrderApplication for test class com.table.order.domain.order.OrderControllerTest
2021-06-30 23:05:48.517  INFO 83182 --- [    Test worker] .b.t.a.w.s.WebMvcTestContextBootstrapper : Loaded default TestExecutionListener class names from location [META-INF/spring.factories]: [org.springframework.security.test.context.support.WithSecurityContextTestExecutionListener, org.springframework.security.test.context.support.ReactorContextTestExecutionListener, org.springframework.boot.test.autoconfigure.restdocs.RestDocsTestExecutionListener, org.springframework.boot.test.autoconfigure.web.client.MockRestServiceServerResetTestExecutionListener, org.springframework.boot.test.autoconfigure.web.servlet.MockMvcPrintOnlyOnFailureTestExecutionListener, org.springframework.boot.test.autoconfigure.web.servlet.WebDriverTestExecutionListener, org.springframework.boot.test.autoconfigure.webservices.client.MockWebServiceServerTestExecutionListener, org.springframework.boot.test.mock.mockito.MockitoTestExecutionListener, org.springframework.boot.test.mock.mockito.ResetMocksTestExecutionListener, org.springframework.test.context.web.ServletTestExecutionListener, org.springframework.test.context.support.DirtiesContextBeforeModesTestExecutionListener, org.springframework.test.context.event.ApplicationEventsTestExecutionListener, org.springframework.test.context.support.DependencyInjectionTestExecutionListener, org.springframework.test.context.support.DirtiesContextTestExecutionListener, org.springframework.test.context.transaction.TransactionalTestExecutionListener, org.springframework.test.context.jdbc.SqlScriptsTestExecutionListener, org.springframework.test.context.event.EventPublishingTestExecutionListener]
2021-06-30 23:05:48.518  INFO 83182 --- [    Test worker] .b.t.a.w.s.WebMvcTestContextBootstrapper : Using TestExecutionListeners: [org.springframework.test.context.web.ServletTestExecutionListener@604b7e7f, org.springframework.test.context.support.DirtiesContextBeforeModesTestExecutionListener@e885175, org.springframework.test.context.event.ApplicationEventsTestExecutionListener@1628eff2, org.springframework.boot.test.mock.mockito.MockitoTestExecutionListener@3cd0b861, org.springframework.boot.test.autoconfigure.SpringBootDependencyInjectionTestExecutionListener@7d38102, org.springframework.test.context.support.DirtiesContextTestExecutionListener@4b1c6b74, org.springframework.test.context.transaction.TransactionalTestExecutionListener@1a1a4a9a, org.springframework.test.context.jdbc.SqlScriptsTestExecutionListener@23b0ea08, org.springframework.security.test.context.support.WithSecurityContextTestExecutionListener@3870b4ed, org.springframework.test.context.event.EventPublishingTestExecutionListener@109f2f5c, org.springframework.security.test.context.support.ReactorContextTestExecutionListener@5819f94f, org.springframework.boot.test.autoconfigure.restdocs.RestDocsTestExecutionListener@7cdda8ee, org.springframework.boot.test.autoconfigure.web.client.MockRestServiceServerResetTestExecutionListener@4137bc44, org.springframework.boot.test.autoconfigure.web.servlet.MockMvcPrintOnlyOnFailureTestExecutionListener@283b8ef1, org.springframework.boot.test.autoconfigure.web.servlet.WebDriverTestExecutionListener@3fffd938, org.springframework.boot.test.autoconfigure.webservices.client.MockWebServiceServerTestExecutionListener@2e749cf1, org.springframework.boot.test.mock.mockito.ResetMocksTestExecutionListener@52ddd0e7]

  .   ____          _            __ _ _
 /\\ / ___'_ __ _ _(_)_ __  __ _ \ \ \ \
( ( )\___ | '_ | '_| | '_ \/ _` | \ \ \ \
 \\/  ___)| |_)| | | | | || (_| |  ) ) ) )
  '  |____| .__|_| |_|_| |_\__, | / / / /
 =========|_|==============|___/=/_/_/_/
 :: Spring Boot ::                (v2.4.5)

2021-06-30 23:05:48.542  INFO 83182 --- [    Test worker] c.t.o.domain.order.OrderControllerTest   : Starting OrderControllerTest using Java 11.0.10 on ibeomjun-ui-MacBookPro.local with PID 83182 (started by leebeomjun in /Users/leebeomjun/Desktop/git/TableOrder/backend)
2021-06-30 23:05:48.542  INFO 83182 --- [    Test worker] c.t.o.domain.order.OrderControllerTest   : The following profiles are active: local
2021-06-30 23:05:48.780  INFO 83182 --- [    Test worker] trationDelegate$BeanPostProcessorChecker : Bean 'org.springframework.security.access.expression.method.DefaultMethodSecurityExpressionHandler@1da33ca7' of type [org.springframework.security.access.expression.method.DefaultMethodSecurityExpressionHandler] is not eligible for getting processed by all BeanPostProcessors (for example: not eligible for auto-proxying)
2021-06-30 23:05:48.784  INFO 83182 --- [    Test worker] trationDelegate$BeanPostProcessorChecker : Bean 'methodSecurityMetadataSource' of type [org.springframework.security.access.method.DelegatingMethodSecurityMetadataSource] is not eligible for getting processed by all BeanPostProcessors (for example: not eligible for auto-proxying)
2021-06-30 23:05:48.884  INFO 83182 --- [    Test worker] o.s.s.web.DefaultSecurityFilterChain     : Will secure Ant [pattern='/app/customers'] with []
2021-06-30 23:05:48.884  INFO 83182 --- [    Test worker] o.s.s.web.DefaultSecurityFilterChain     : Will secure Ant [pattern='/users/login'] with []
2021-06-30 23:05:48.884  INFO 83182 --- [    Test worker] o.s.s.web.DefaultSecurityFilterChain     : Will secure Ant [pattern='/users'] with []
2021-06-30 23:05:48.884  INFO 83182 --- [    Test worker] o.s.s.web.DefaultSecurityFilterChain     : Will secure Ant [pattern='/docs/**'] with []
2021-06-30 23:05:48.884  INFO 83182 --- [    Test worker] o.s.s.web.DefaultSecurityFilterChain     : Will secure Ant [pattern='/swagger-ui**'] with []
2021-06-30 23:05:48.924  INFO 83182 --- [    Test worker] o.s.s.web.DefaultSecurityFilterChain     : Will secure any request with [org.springframework.security.web.context.request.async.WebAsyncManagerIntegrationFilter@6f16a217, org.springframework.security.web.context.SecurityContextPersistenceFilter@782f0b07, org.springframework.security.web.header.HeaderWriterFilter@36254a9, org.springframework.security.web.authentication.logout.LogoutFilter@60e914f3, com.table.order.global.security.filter.JwtFilter@47c48c96, org.springframework.security.web.savedrequest.RequestCacheAwareFilter@161c223, org.springframework.security.web.servletapi.SecurityContextHolderAwareRequestFilter@10b709ba, org.springframework.security.web.authentication.AnonymousAuthenticationFilter@552e9056, org.springframework.security.web.session.SessionManagementFilter@25aabe76, org.springframework.security.web.access.ExceptionTranslationFilter@163df150]
2021-06-30 23:05:49.003  INFO 83182 --- [    Test worker] o.s.s.concurrent.ThreadPoolTaskExecutor  : Initializing ExecutorService 'applicationTaskExecutor'
2021-06-30 23:05:49.184  INFO 83182 --- [    Test worker] o.s.b.t.m.w.SpringBootMockServletContext : Initializing Spring TestDispatcherServlet ''
2021-06-30 23:05:49.184  INFO 83182 --- [    Test worker] o.s.t.web.servlet.TestDispatcherServlet  : Initializing Servlet ''
2021-06-30 23:05:49.185  INFO 83182 --- [    Test worker] o.s.t.web.servlet.TestDispatcherServlet  : Completed initialization in 1 ms
2021-06-30 23:05:49.205  INFO 83182 --- [    Test worker] c.t.o.domain.order.OrderControllerTest   : Started OrderControllerTest in 0.684 seconds (JVM running for 6.345)
2021-06-30 23:05:49.265  INFO 83182 --- [    Test worker] c.t.o.global.security.filter.JwtFilter   : (accessToken) 추출 완료
2021-06-30 23:05:49.266  INFO 83182 --- [    Test worker] c.t.o.global.security.filter.JwtFilter   : UsernamePasswordAuthenticationToken [Principal=test, Credentials=[PROTECTED], Authenticated=true, Details=null, Granted Authorities=[ROLE_USER]] Authentication 생성

MockHttpServletRequest:
      HTTP Method = POST
      Request URI = /app/orders
       Parameters = {}
          Headers = [Content-Type:"application/json;charset=UTF-8", Authorization:"Bearer (accessToken)", Accept:"application/json", Content-Length:"102"]
             Body = {"items":[{"id":1,"count":1},{"id":2,"count":2},{"id":3,"count":3}],"request":"잘부탁드립니다"}
    Session Attrs = {}

Handler:
             Type = com.table.order.domain.order.controller.OrderController
           Method = com.table.order.domain.order.controller.OrderController#createOrder(RequestCreateOrder, Authentication)

Async:
    Async started = false
     Async result = null

Resolved Exception:
             Type = null

ModelAndView:
        View name = null
             View = null
            Model = null

FlashMap:
       Attributes = null

MockHttpServletResponse:
           Status = 201
    Error message = null
          Headers = [Content-Type:"application/json", X-Content-Type-Options:"nosniff", X-XSS-Protection:"1; mode=block", Cache-Control:"no-cache, no-store, max-age=0, must-revalidate", Pragma:"no-cache", Expires:"0", X-Frame-Options:"DENY"]
     Content type = application/json
             Body = {"status":201,"message":"ì£¼ë¬¸ ì]]>&#x83;<![CDATA[]]>&#x9d;<![CDATA[ì]]>&#x84;<![CDATA[± ì]]>&#x84;<![CDATA[±ê³µ","data":[{"id":1,"name":"ë©]]>&#x94;<![CDATA[ë]]>&#x89;<![CDATA[´1","orderPrice":1000,"count":1,"request":"ì]]>&#x9e;<![CDATA[]]>&#x98;<![CDATA[ë¶]]>&#x80;<![CDATA[í]]>&#x83;<![CDATA[]]>&#x81;<![CDATA[ë]]>&#x93;<![CDATA[]]>&#x9c;<![CDATA[ë¦½ë]]>&#x8b;<![CDATA[]]>&#x88;<![CDATA[ë]]>&#x8b;<![CDATA[¤","orderStatus":"ORDER"},{"id":2,"name":"ë©]]>&#x94;<![CDATA[ë]]>&#x89;<![CDATA[´2","orderPrice":2000,"count":2,"request":"ì]]>&#x9e;<![CDATA[]]>&#x98;<![CDATA[ë¶]]>&#x80;<![CDATA[í]]>&#x83;<![CDATA[]]>&#x81;<![CDATA[ë]]>&#x93;<![CDATA[]]>&#x9c;<![CDATA[ë¦½ë]]>&#x8b;<![CDATA[]]>&#x88;<![CDATA[ë]]>&#x8b;<![CDATA[¤","orderStatus":"ORDER"},{"id":3,"name":"ë©]]>&#x94;<![CDATA[ë]]>&#x89;<![CDATA[´3","orderPrice":3000,"count":3,"request":"ì]]>&#x9e;<![CDATA[]]>&#x98;<![CDATA[ë¶]]>&#x80;<![CDATA[í]]>&#x83;<![CDATA[]]>&#x81;<![CDATA[ë]]>&#x93;<![CDATA[]]>&#x9c;<![CDATA[ë¦½ë]]>&#x8b;<![CDATA[]]>&#x88;<![CDATA[ë]]>&#x8b;<![CDATA[¤","orderStatus":"ORDER"}]}
    Forwarded URL = null
   Redirected URL = null
          Cookies = []
2021-06-30 23:05:49.402  INFO 83182 --- [    Test worker] c.t.o.global.security.filter.JwtFilter   : (accessToken) 추출 완료
2021-06-30 23:05:49.402  INFO 83182 --- [    Test worker] c.t.o.global.security.filter.JwtFilter   : UsernamePasswordAuthenticationToken [Principal=test, Credentials=[PROTECTED], Authenticated=true, Details=null, Granted Authorities=[ROLE_USER]] Authentication 생성

MockHttpServletRequest:
      HTTP Method = POST
      Request URI = /orders/1/cancel
       Parameters = {}
          Headers = [Content-Type:"application/json;charset=UTF-8", Authorization:"Bearer (accessToken)", Accept:"application/json"]
             Body = null
    Session Attrs = {}

Handler:
             Type = com.table.order.domain.order.controller.OrderController
           Method = com.table.order.domain.order.controller.OrderController#cancelOrderUser(Long, Authentication)

Async:
    Async started = false
     Async result = null

Resolved Exception:
             Type = null

ModelAndView:
        View name = null
             View = null
            Model = null

FlashMap:
       Attributes = null

MockHttpServletResponse:
           Status = 200
    Error message = null
          Headers = [Content-Type:"application/json", X-Content-Type-Options:"nosniff", X-XSS-Protection:"1; mode=block", Cache-Control:"no-cache, no-store, max-age=0, must-revalidate", Pragma:"no-cache", Expires:"0", X-Frame-Options:"DENY"]
     Content type = application/json
             Body = {"status":200,"message":"ì£¼ë¬¸ ì·¨ì]]>&#x86;<![CDATA[]]>&#x8c;<![CDATA[ ì]]>&#x84;<![CDATA[±ê³µ"}
    Forwarded URL = null
   Redirected URL = null
          Cookies = []
2021-06-30 23:05:49.436  INFO 83182 --- [    Test worker] c.t.o.global.security.filter.JwtFilter   : (accessToken) 추출 완료
2021-06-30 23:05:49.436  INFO 83182 --- [    Test worker] c.t.o.global.security.filter.JwtFilter   : UsernamePasswordAuthenticationToken [Principal=test, Credentials=[PROTECTED], Authenticated=true, Details=null, Granted Authorities=[ROLE_USER]] Authentication 생성

MockHttpServletRequest:
      HTTP Method = POST
      Request URI = /orders/1/cook
       Parameters = {}
          Headers = [Content-Type:"application/json;charset=UTF-8", Authorization:"Bearer (accessToken)", Accept:"application/json"]
             Body = null
    Session Attrs = {}

Handler:
             Type = com.table.order.domain.order.controller.OrderController
           Method = com.table.order.domain.order.controller.OrderController#changeOrderStatusCooked(Long, Authentication)

Async:
    Async started = false
     Async result = null

Resolved Exception:
             Type = null

ModelAndView:
        View name = null
             View = null
            Model = null

FlashMap:
       Attributes = null

MockHttpServletResponse:
           Status = 200
    Error message = null
          Headers = [Content-Type:"application/json", X-Content-Type-Options:"nosniff", X-XSS-Protection:"1; mode=block", Cache-Control:"no-cache, no-store, max-age=0, must-revalidate", Pragma:"no-cache", Expires:"0", X-Frame-Options:"DENY"]
     Content type = application/json
             Body = {"status":200,"message":"ì£¼ë¬¸ ì]]>&#x83;<![CDATA[]]>&#x81;<![CDATA[í]]>&#x83;<![CDATA[]]>&#x9c;<![CDATA[ ë³]]>&#x80;<![CDATA[ê²½ ì]]>&#x84;<![CDATA[±ê³µ (ì¡°ë¦¬ì¤]]>&#x91;<![CDATA[)"}
    Forwarded URL = null
   Redirected URL = null
          Cookies = []
2021-06-30 23:05:49.458  INFO 83182 --- [    Test worker] c.t.o.global.security.filter.JwtFilter   : (accessToken) 추출 완료
2021-06-30 23:05:49.458  INFO 83182 --- [    Test worker] c.t.o.global.security.filter.JwtFilter   : UsernamePasswordAuthenticationToken [Principal=test, Credentials=[PROTECTED], Authenticated=true, Details=null, Granted Authorities=[ROLE_USER]] Authentication 생성

MockHttpServletRequest:
      HTTP Method = POST
      Request URI = /app/orders/1/cancel
       Parameters = {}
          Headers = [Content-Type:"application/json;charset=UTF-8", Authorization:"Bearer (accessToken)", Accept:"application/json"]
             Body = null
    Session Attrs = {}

Handler:
             Type = com.table.order.domain.order.controller.OrderController
           Method = com.table.order.domain.order.controller.OrderController#cancelOrderCustomer(Long, Authentication)

Async:
    Async started = false
     Async result = null

Resolved Exception:
             Type = null

ModelAndView:
        View name = null
             View = null
            Model = null

FlashMap:
       Attributes = null

MockHttpServletResponse:
           Status = 200
    Error message = null
          Headers = [Content-Type:"application/json", X-Content-Type-Options:"nosniff", X-XSS-Protection:"1; mode=block", Cache-Control:"no-cache, no-store, max-age=0, must-revalidate", Pragma:"no-cache", Expires:"0", X-Frame-Options:"DENY"]
     Content type = application/json
             Body = {"status":200,"message":"ì£¼ë¬¸ ì·¨ì]]>&#x86;<![CDATA[]]>&#x8c;<![CDATA[ ì]]>&#x84;<![CDATA[±ê³µ"}
    Forwarded URL = null
   Redirected URL = null
          Cookies = []
]]></system-out>
  <system-err><![CDATA[]]></system-err>
</testsuite>
