<?xml version="1.0" encoding="UTF-8"?>
<testsuite name="com.table.order.domain.item.ItemControllerTest" tests="1" skipped="0" failures="0" errors="0" timestamp="2021-06-29T10:26:37" hostname="ibeomjun-ui-MacBookPro.local" time="0.022">
  <properties/>
  <testcase name="카테고리 추가 테스트" classname="com.table.order.domain.item.ItemControllerTest" time="0.022"/>
  <system-out><![CDATA[2021-06-29 19:26:36.544  INFO 69419 --- [    Test worker] .b.t.a.w.s.WebMvcTestContextBootstrapper : Neither @ContextConfiguration nor @ContextHierarchy found for test class [com.table.order.domain.item.ItemControllerTest], using SpringBootContextLoader
2021-06-29 19:26:36.545  INFO 69419 --- [    Test worker] o.s.t.c.support.AbstractContextLoader    : Could not detect default resource locations for test class [com.table.order.domain.item.ItemControllerTest]: no resource found for suffixes {-context.xml, Context.groovy}.
2021-06-29 19:26:36.545  INFO 69419 --- [    Test worker] t.c.s.AnnotationConfigContextLoaderUtils : Could not detect default configuration classes for test class [com.table.order.domain.item.ItemControllerTest]: ItemControllerTest does not declare any static, non-private, non-final, nested classes annotated with @Configuration.
2021-06-29 19:26:36.547  INFO 69419 --- [    Test worker] .b.t.c.SpringBootTestContextBootstrapper : Found @SpringBootConfiguration com.table.order.OrderApplication for test class com.table.order.domain.item.ItemControllerTest
2021-06-29 19:26:36.548  INFO 69419 --- [    Test worker] .b.t.a.w.s.WebMvcTestContextBootstrapper : Loaded default TestExecutionListener class names from location [META-INF/spring.factories]: [org.springframework.security.test.context.support.WithSecurityContextTestExecutionListener, org.springframework.security.test.context.support.ReactorContextTestExecutionListener, org.springframework.boot.test.autoconfigure.restdocs.RestDocsTestExecutionListener, org.springframework.boot.test.autoconfigure.web.client.MockRestServiceServerResetTestExecutionListener, org.springframework.boot.test.autoconfigure.web.servlet.MockMvcPrintOnlyOnFailureTestExecutionListener, org.springframework.boot.test.autoconfigure.web.servlet.WebDriverTestExecutionListener, org.springframework.boot.test.autoconfigure.webservices.client.MockWebServiceServerTestExecutionListener, org.springframework.boot.test.mock.mockito.MockitoTestExecutionListener, org.springframework.boot.test.mock.mockito.ResetMocksTestExecutionListener, org.springframework.test.context.web.ServletTestExecutionListener, org.springframework.test.context.support.DirtiesContextBeforeModesTestExecutionListener, org.springframework.test.context.event.ApplicationEventsTestExecutionListener, org.springframework.test.context.support.DependencyInjectionTestExecutionListener, org.springframework.test.context.support.DirtiesContextTestExecutionListener, org.springframework.test.context.transaction.TransactionalTestExecutionListener, org.springframework.test.context.jdbc.SqlScriptsTestExecutionListener, org.springframework.test.context.event.EventPublishingTestExecutionListener]
2021-06-29 19:26:36.548  INFO 69419 --- [    Test worker] .b.t.a.w.s.WebMvcTestContextBootstrapper : Using TestExecutionListeners: [org.springframework.test.context.web.ServletTestExecutionListener@139d1259, org.springframework.test.context.support.DirtiesContextBeforeModesTestExecutionListener@59d73f05, org.springframework.test.context.event.ApplicationEventsTestExecutionListener@9d95b7b, org.springframework.boot.test.mock.mockito.MockitoTestExecutionListener@522db7cd, org.springframework.boot.test.autoconfigure.SpringBootDependencyInjectionTestExecutionListener@29d9680b, org.springframework.test.context.support.DirtiesContextTestExecutionListener@49964522, org.springframework.test.context.transaction.TransactionalTestExecutionListener@ad7dde8, org.springframework.test.context.jdbc.SqlScriptsTestExecutionListener@357b80a0, org.springframework.security.test.context.support.WithSecurityContextTestExecutionListener@57803f34, org.springframework.test.context.event.EventPublishingTestExecutionListener@2c44cfb3, org.springframework.security.test.context.support.ReactorContextTestExecutionListener@18487f4e, org.springframework.boot.test.autoconfigure.restdocs.RestDocsTestExecutionListener@715f9267, org.springframework.boot.test.autoconfigure.web.client.MockRestServiceServerResetTestExecutionListener@27f06ae7, org.springframework.boot.test.autoconfigure.web.servlet.MockMvcPrintOnlyOnFailureTestExecutionListener@2d4300fd, org.springframework.boot.test.autoconfigure.web.servlet.WebDriverTestExecutionListener@762aa814, org.springframework.boot.test.autoconfigure.webservices.client.MockWebServiceServerTestExecutionListener@7bebc01c, org.springframework.boot.test.mock.mockito.ResetMocksTestExecutionListener@5fe83ad4]

  .   ____          _            __ _ _
 /\\ / ___'_ __ _ _(_)_ __  __ _ \ \ \ \
( ( )\___ | '_ | '_| | '_ \/ _` | \ \ \ \
 \\/  ___)| |_)| | | | | || (_| |  ) ) ) )
  '  |____| .__|_| |_|_| |_\__, | / / / /
 =========|_|==============|___/=/_/_/_/
 :: Spring Boot ::                (v2.4.5)

2021-06-29 19:26:36.565  INFO 69419 --- [    Test worker] c.t.o.domain.item.ItemControllerTest     : Starting ItemControllerTest using Java 11.0.10 on ibeomjun-ui-MacBookPro.local with PID 69419 (started by leebeomjun in /Users/leebeomjun/Desktop/git/TableOrder/backend)
2021-06-29 19:26:36.565  INFO 69419 --- [    Test worker] c.t.o.domain.item.ItemControllerTest     : The following profiles are active: local
2021-06-29 19:26:36.687  INFO 69419 --- [    Test worker] trationDelegate$BeanPostProcessorChecker : Bean 'org.springframework.security.access.expression.method.DefaultMethodSecurityExpressionHandler@50f60fb0' of type [org.springframework.security.access.expression.method.DefaultMethodSecurityExpressionHandler] is not eligible for getting processed by all BeanPostProcessors (for example: not eligible for auto-proxying)
2021-06-29 19:26:36.691  INFO 69419 --- [    Test worker] trationDelegate$BeanPostProcessorChecker : Bean 'methodSecurityMetadataSource' of type [org.springframework.security.access.method.DelegatingMethodSecurityMetadataSource] is not eligible for getting processed by all BeanPostProcessors (for example: not eligible for auto-proxying)
2021-06-29 19:26:36.842  INFO 69419 --- [    Test worker] o.s.s.web.DefaultSecurityFilterChain     : Will secure Ant [pattern='/app/customers'] with []
2021-06-29 19:26:36.842  INFO 69419 --- [    Test worker] o.s.s.web.DefaultSecurityFilterChain     : Will secure Ant [pattern='/users/login'] with []
2021-06-29 19:26:36.842  INFO 69419 --- [    Test worker] o.s.s.web.DefaultSecurityFilterChain     : Will secure Ant [pattern='/users'] with []
2021-06-29 19:26:36.842  INFO 69419 --- [    Test worker] o.s.s.web.DefaultSecurityFilterChain     : Will secure Ant [pattern='/docs/**'] with []
2021-06-29 19:26:36.842  INFO 69419 --- [    Test worker] o.s.s.web.DefaultSecurityFilterChain     : Will secure Ant [pattern='/swagger-ui**'] with []
2021-06-29 19:26:36.891  INFO 69419 --- [    Test worker] o.s.s.web.DefaultSecurityFilterChain     : Will secure any request with [org.springframework.security.web.context.request.async.WebAsyncManagerIntegrationFilter@7bb9ad47, org.springframework.security.web.context.SecurityContextPersistenceFilter@361e3be4, org.springframework.security.web.header.HeaderWriterFilter@71e20c67, org.springframework.security.web.authentication.logout.LogoutFilter@242a5034, com.table.order.global.security.filter.JwtFilter@693ff2a3, org.springframework.security.web.savedrequest.RequestCacheAwareFilter@1eaba325, org.springframework.security.web.servletapi.SecurityContextHolderAwareRequestFilter@7f4b05a3, org.springframework.security.web.authentication.AnonymousAuthenticationFilter@4832ff2c, org.springframework.security.web.session.SessionManagementFilter@fd5ed57, org.springframework.security.web.access.ExceptionTranslationFilter@24418b81]
2021-06-29 19:26:36.984  INFO 69419 --- [    Test worker] o.s.s.concurrent.ThreadPoolTaskExecutor  : Initializing ExecutorService 'applicationTaskExecutor'
2021-06-29 19:26:37.153  INFO 69419 --- [    Test worker] o.s.b.t.m.w.SpringBootMockServletContext : Initializing Spring TestDispatcherServlet ''
2021-06-29 19:26:37.153  INFO 69419 --- [    Test worker] o.s.t.web.servlet.TestDispatcherServlet  : Initializing Servlet ''
2021-06-29 19:26:37.154  INFO 69419 --- [    Test worker] o.s.t.web.servlet.TestDispatcherServlet  : Completed initialization in 1 ms
2021-06-29 19:26:37.177  INFO 69419 --- [    Test worker] c.t.o.domain.item.ItemControllerTest     : Started ItemControllerTest in 0.627 seconds (JVM running for 9.858)
2021-06-29 19:26:37.184  INFO 69419 --- [    Test worker] c.t.o.global.security.filter.JwtFilter   : (accessToken) 추출 완료
2021-06-29 19:26:37.184  INFO 69419 --- [    Test worker] c.t.o.global.security.filter.JwtFilter   : UsernamePasswordAuthenticationToken [Principal=test, Credentials=[PROTECTED], Authenticated=true, Details=null, Granted Authorities=[ROLE_USER]] Authentication 생성

MockHttpServletRequest:
      HTTP Method = POST
      Request URI = /items
       Parameters = {}
          Headers = [Content-Type:"application/json;charset=UTF-8", Authorization:"Bearer (accessToken)", Accept:"application/json", Content-Length:"97"]
             Body = {"name":"메뉴 1","description":"메뉴 설명","price":1000,"image":"이미지","categoryId":1}
    Session Attrs = {}

Handler:
             Type = com.table.order.domain.item.controller.ItemController
           Method = com.table.order.domain.item.controller.ItemController#addItem(RequestAddItem, Authentication)

Async:
    Async started = false
     Async result = null

Resolved Exception:
             Type = null

ModelAndView:
        View name = null
             View = null
            Model = null

FlashMap:
       Attributes = null

MockHttpServletResponse:
           Status = 201
    Error message = null
          Headers = [Content-Type:"application/json", X-Content-Type-Options:"nosniff", X-XSS-Protection:"1; mode=block", Cache-Control:"no-cache, no-store, max-age=0, must-revalidate", Pragma:"no-cache", Expires:"0", X-Frame-Options:"DENY"]
     Content type = application/json
             Body = {"status":201,"message":"ë©]]>&#x94;<![CDATA[ë]]>&#x89;<![CDATA[´ ì¶]]>&#x94;<![CDATA[ê°]]>&#x80;<![CDATA[ ì]]>&#x84;<![CDATA[±ê³µ","data":{"id":2,"name":"ë©]]>&#x94;<![CDATA[ë]]>&#x89;<![CDATA[´ 1","description":"ë©]]>&#x94;<![CDATA[ë]]>&#x89;<![CDATA[´ ì]]>&#x84;<![CDATA[¤ëª","price":1000,"image":"ì]]>&#x9d;<![CDATA[´ë¯¸ì§]]>&#x80;<![CDATA["}}
    Forwarded URL = null
   Redirected URL = null
          Cookies = []
]]></system-out>
  <system-err><![CDATA[]]></system-err>
</testsuite>
