<?xml version="1.0" encoding="UTF-8"?>
<testsuite name="com.table.order.domain.store.StoreControllerTest" tests="1" skipped="0" failures="0" errors="0" timestamp="2021-06-30T14:05:53" hostname="ibeomjun-ui-MacBookPro.local" time="0.022">
  <properties/>
  <testcase name="식당 생성 테스트" classname="com.table.order.domain.store.StoreControllerTest" time="0.022"/>
  <system-out><![CDATA[2021-06-30 23:05:52.914  INFO 83182 --- [    Test worker] .b.t.a.w.s.WebMvcTestContextBootstrapper : Neither @ContextConfiguration nor @ContextHierarchy found for test class [com.table.order.domain.store.StoreControllerTest], using SpringBootContextLoader
2021-06-30 23:05:52.915  INFO 83182 --- [    Test worker] o.s.t.c.support.AbstractContextLoader    : Could not detect default resource locations for test class [com.table.order.domain.store.StoreControllerTest]: no resource found for suffixes {-context.xml, Context.groovy}.
2021-06-30 23:05:52.915  INFO 83182 --- [    Test worker] t.c.s.AnnotationConfigContextLoaderUtils : Could not detect default configuration classes for test class [com.table.order.domain.store.StoreControllerTest]: StoreControllerTest does not declare any static, non-private, non-final, nested classes annotated with @Configuration.
2021-06-30 23:05:52.921  INFO 83182 --- [    Test worker] .b.t.c.SpringBootTestContextBootstrapper : Found @SpringBootConfiguration com.table.order.OrderApplication for test class com.table.order.domain.store.StoreControllerTest
2021-06-30 23:05:52.921  INFO 83182 --- [    Test worker] .b.t.a.w.s.WebMvcTestContextBootstrapper : Loaded default TestExecutionListener class names from location [META-INF/spring.factories]: [org.springframework.security.test.context.support.WithSecurityContextTestExecutionListener, org.springframework.security.test.context.support.ReactorContextTestExecutionListener, org.springframework.boot.test.autoconfigure.restdocs.RestDocsTestExecutionListener, org.springframework.boot.test.autoconfigure.web.client.MockRestServiceServerResetTestExecutionListener, org.springframework.boot.test.autoconfigure.web.servlet.MockMvcPrintOnlyOnFailureTestExecutionListener, org.springframework.boot.test.autoconfigure.web.servlet.WebDriverTestExecutionListener, org.springframework.boot.test.autoconfigure.webservices.client.MockWebServiceServerTestExecutionListener, org.springframework.boot.test.mock.mockito.MockitoTestExecutionListener, org.springframework.boot.test.mock.mockito.ResetMocksTestExecutionListener, org.springframework.test.context.web.ServletTestExecutionListener, org.springframework.test.context.support.DirtiesContextBeforeModesTestExecutionListener, org.springframework.test.context.event.ApplicationEventsTestExecutionListener, org.springframework.test.context.support.DependencyInjectionTestExecutionListener, org.springframework.test.context.support.DirtiesContextTestExecutionListener, org.springframework.test.context.transaction.TransactionalTestExecutionListener, org.springframework.test.context.jdbc.SqlScriptsTestExecutionListener, org.springframework.test.context.event.EventPublishingTestExecutionListener]
2021-06-30 23:05:52.922  INFO 83182 --- [    Test worker] .b.t.a.w.s.WebMvcTestContextBootstrapper : Using TestExecutionListeners: [org.springframework.test.context.web.ServletTestExecutionListener@7cdd41e8, org.springframework.test.context.support.DirtiesContextBeforeModesTestExecutionListener@de3f0cc, org.springframework.test.context.event.ApplicationEventsTestExecutionListener@2bacf224, org.springframework.boot.test.mock.mockito.MockitoTestExecutionListener@282d0fbc, org.springframework.boot.test.autoconfigure.SpringBootDependencyInjectionTestExecutionListener@3e69c950, org.springframework.test.context.support.DirtiesContextTestExecutionListener@2c1e3bc1, org.springframework.test.context.transaction.TransactionalTestExecutionListener@60efd1b4, org.springframework.test.context.jdbc.SqlScriptsTestExecutionListener@207f72fa, org.springframework.security.test.context.support.WithSecurityContextTestExecutionListener@502c1cec, org.springframework.test.context.event.EventPublishingTestExecutionListener@d31e51b, org.springframework.security.test.context.support.ReactorContextTestExecutionListener@13cde778, org.springframework.boot.test.autoconfigure.restdocs.RestDocsTestExecutionListener@48feaf59, org.springframework.boot.test.autoconfigure.web.client.MockRestServiceServerResetTestExecutionListener@780501d6, org.springframework.boot.test.autoconfigure.web.servlet.MockMvcPrintOnlyOnFailureTestExecutionListener@7a1e3af0, org.springframework.boot.test.autoconfigure.web.servlet.WebDriverTestExecutionListener@694f4ec, org.springframework.boot.test.autoconfigure.webservices.client.MockWebServiceServerTestExecutionListener@3b2d0700, org.springframework.boot.test.mock.mockito.ResetMocksTestExecutionListener@6bf6aa02]

  .   ____          _            __ _ _
 /\\ / ___'_ __ _ _(_)_ __  __ _ \ \ \ \
( ( )\___ | '_ | '_| | '_ \/ _` | \ \ \ \
 \\/  ___)| |_)| | | | | || (_| |  ) ) ) )
  '  |____| .__|_| |_|_| |_\__, | / / / /
 =========|_|==============|___/=/_/_/_/
 :: Spring Boot ::                (v2.4.5)

2021-06-30 23:05:52.937  INFO 83182 --- [    Test worker] c.t.o.domain.store.StoreControllerTest   : Starting StoreControllerTest using Java 11.0.10 on ibeomjun-ui-MacBookPro.local with PID 83182 (started by leebeomjun in /Users/leebeomjun/Desktop/git/TableOrder/backend)
2021-06-30 23:05:52.937  INFO 83182 --- [    Test worker] c.t.o.domain.store.StoreControllerTest   : The following profiles are active: local
2021-06-30 23:05:53.082  INFO 83182 --- [    Test worker] trationDelegate$BeanPostProcessorChecker : Bean 'org.springframework.security.access.expression.method.DefaultMethodSecurityExpressionHandler@44735112' of type [org.springframework.security.access.expression.method.DefaultMethodSecurityExpressionHandler] is not eligible for getting processed by all BeanPostProcessors (for example: not eligible for auto-proxying)
2021-06-30 23:05:53.087  INFO 83182 --- [    Test worker] trationDelegate$BeanPostProcessorChecker : Bean 'methodSecurityMetadataSource' of type [org.springframework.security.access.method.DelegatingMethodSecurityMetadataSource] is not eligible for getting processed by all BeanPostProcessors (for example: not eligible for auto-proxying)
2021-06-30 23:05:53.178  INFO 83182 --- [    Test worker] o.s.s.web.DefaultSecurityFilterChain     : Will secure Ant [pattern='/app/customers'] with []
2021-06-30 23:05:53.178  INFO 83182 --- [    Test worker] o.s.s.web.DefaultSecurityFilterChain     : Will secure Ant [pattern='/users/login'] with []
2021-06-30 23:05:53.178  INFO 83182 --- [    Test worker] o.s.s.web.DefaultSecurityFilterChain     : Will secure Ant [pattern='/users'] with []
2021-06-30 23:05:53.178  INFO 83182 --- [    Test worker] o.s.s.web.DefaultSecurityFilterChain     : Will secure Ant [pattern='/docs/**'] with []
2021-06-30 23:05:53.178  INFO 83182 --- [    Test worker] o.s.s.web.DefaultSecurityFilterChain     : Will secure Ant [pattern='/swagger-ui**'] with []
2021-06-30 23:05:53.214  INFO 83182 --- [    Test worker] o.s.s.web.DefaultSecurityFilterChain     : Will secure any request with [org.springframework.security.web.context.request.async.WebAsyncManagerIntegrationFilter@6626def6, org.springframework.security.web.context.SecurityContextPersistenceFilter@427fab5f, org.springframework.security.web.header.HeaderWriterFilter@1eb6011, org.springframework.security.web.authentication.logout.LogoutFilter@32cf4c57, com.table.order.global.security.filter.JwtFilter@60dae773, org.springframework.security.web.savedrequest.RequestCacheAwareFilter@69b7b141, org.springframework.security.web.servletapi.SecurityContextHolderAwareRequestFilter@3306bf8e, org.springframework.security.web.authentication.AnonymousAuthenticationFilter@44f4d22a, org.springframework.security.web.session.SessionManagementFilter@2d126ff0, org.springframework.security.web.access.ExceptionTranslationFilter@5c6ef1a0]
2021-06-30 23:05:53.280  INFO 83182 --- [    Test worker] o.s.s.concurrent.ThreadPoolTaskExecutor  : Initializing ExecutorService 'applicationTaskExecutor'
2021-06-30 23:05:53.402  INFO 83182 --- [    Test worker] o.s.b.t.m.w.SpringBootMockServletContext : Initializing Spring TestDispatcherServlet ''
2021-06-30 23:05:53.402  INFO 83182 --- [    Test worker] o.s.t.web.servlet.TestDispatcherServlet  : Initializing Servlet ''
2021-06-30 23:05:53.403  INFO 83182 --- [    Test worker] o.s.t.web.servlet.TestDispatcherServlet  : Completed initialization in 1 ms
2021-06-30 23:05:53.418  INFO 83182 --- [    Test worker] c.t.o.domain.store.StoreControllerTest   : Started StoreControllerTest in 0.494 seconds (JVM running for 10.558)
2021-06-30 23:05:53.426  INFO 83182 --- [    Test worker] c.t.o.global.security.filter.JwtFilter   : (accessToken) 추출 완료
2021-06-30 23:05:53.427  INFO 83182 --- [    Test worker] c.t.o.global.security.filter.JwtFilter   : UsernamePasswordAuthenticationToken [Principal=test, Credentials=[PROTECTED], Authenticated=true, Details=null, Granted Authorities=[ROLE_USER]] Authentication 생성

MockHttpServletRequest:
      HTTP Method = POST
      Request URI = /stores
       Parameters = {}
          Headers = [Content-Type:"application/json;charset=UTF-8", Authorization:"Bearer (accessToken)", Accept:"application/json", Content-Length:"81"]
             Body = {"name":"식당","description":"식당 설명","licenseImage":"이미지 주소"}
    Session Attrs = {}

Handler:
             Type = com.table.order.domain.store.controller.StoreController
           Method = com.table.order.domain.store.controller.StoreController#createStore(RequestEnrollStore, Authentication)

Async:
    Async started = false
     Async result = null

Resolved Exception:
             Type = null

ModelAndView:
        View name = null
             View = null
            Model = null

FlashMap:
       Attributes = null

MockHttpServletResponse:
           Status = 201
    Error message = null
          Headers = [Content-Type:"application/json", X-Content-Type-Options:"nosniff", X-XSS-Protection:"1; mode=block", Cache-Control:"no-cache, no-store, max-age=0, must-revalidate", Pragma:"no-cache", Expires:"0", X-Frame-Options:"DENY"]
     Content type = application/json
             Body = {"status":201,"message":"ì]]>&#x8b;<![CDATA[]]>&#x9d;<![CDATA[ë]]>&#x8b;<![CDATA[¹ ë]]>&#x93;<![CDATA[±ë¡]]>&#x9d;<![CDATA[ ì]]>&#x84;<![CDATA[±ê³µ","data":{"id":1,"name":"ì]]>&#x8b;<![CDATA[]]>&#x9d;<![CDATA[ë]]>&#x8b;<![CDATA[¹","description":"ì]]>&#x8b;<![CDATA[]]>&#x9d;<![CDATA[ë]]>&#x8b;<![CDATA[¹ ì]]>&#x84;<![CDATA[¤ëª","licenseImage":"ì]]>&#x9d;<![CDATA[´ë¯¸ì§]]>&#x80;<![CDATA[ ì£¼ì]]>&#x86;<![CDATA[]]>&#x8c;<![CDATA["}}
    Forwarded URL = null
   Redirected URL = null
          Cookies = []
]]></system-out>
  <system-err><![CDATA[]]></system-err>
</testsuite>
