<?xml version="1.0" encoding="UTF-8"?>
<testsuite name="com.table.order.domain.item.ItemServiceTest" tests="3" skipped="0" failures="0" errors="0" timestamp="2021-06-12T18:38:39" hostname="ibeomjun-ui-MacBookPro.local" time="0.022">
  <properties/>
  <testcase name="메뉴 추가 테스트" classname="com.table.order.domain.item.ItemServiceTest" time="0.018"/>
  <testcase name="메뉴 추가 실패 테스트 (미승인된 식당" classname="com.table.order.domain.item.ItemServiceTest" time="0.002"/>
  <testcase name="메뉴 추가 실패 테스트 (식당을 찾을 수 없음" classname="com.table.order.domain.item.ItemServiceTest" time="0.001"/>
  <system-out><![CDATA[]]></system-out>
  <system-err><![CDATA[]]></system-err>
</testsuite>
