<?xml version="1.0" encoding="UTF-8"?>
<testsuite name="com.table.order.domain.item.ItemQueryRepositoryTest" tests="1" skipped="0" failures="0" errors="0" timestamp="2021-06-30T14:05:51" hostname="ibeomjun-ui-MacBookPro.local" time="0.277">
  <properties/>
  <testcase name="여러가지 메뉴를 한번에 주문할 때의 동적 쿼리 테스트" classname="com.table.order.domain.item.ItemQueryRepositoryTest" time="0.277"/>
  <system-out><![CDATA[2021-06-30 23:05:51.337  INFO 83182 --- [    Test worker] .b.t.c.SpringBootTestContextBootstrapper : Neither @ContextConfiguration nor @ContextHierarchy found for test class [com.table.order.domain.item.ItemQueryRepositoryTest], using SpringBootContextLoader
2021-06-30 23:05:51.338  INFO 83182 --- [    Test worker] o.s.t.c.support.AbstractContextLoader    : Could not detect default resource locations for test class [com.table.order.domain.item.ItemQueryRepositoryTest]: no resource found for suffixes {-context.xml, Context.groovy}.
2021-06-30 23:05:51.338  INFO 83182 --- [    Test worker] t.c.s.AnnotationConfigContextLoaderUtils : Could not detect default configuration classes for test class [com.table.order.domain.item.ItemQueryRepositoryTest]: ItemQueryRepositoryTest does not declare any static, non-private, non-final, nested classes annotated with @Configuration.
2021-06-30 23:05:51.342  INFO 83182 --- [    Test worker] .b.t.c.SpringBootTestContextBootstrapper : Found @SpringBootConfiguration com.table.order.OrderApplication for test class com.table.order.domain.item.ItemQueryRepositoryTest
2021-06-30 23:05:51.344  INFO 83182 --- [    Test worker] .b.t.c.SpringBootTestContextBootstrapper : Loaded default TestExecutionListener class names from location [META-INF/spring.factories]: [org.springframework.security.test.context.support.WithSecurityContextTestExecutionListener, org.springframework.security.test.context.support.ReactorContextTestExecutionListener, org.springframework.boot.test.autoconfigure.restdocs.RestDocsTestExecutionListener, org.springframework.boot.test.autoconfigure.web.client.MockRestServiceServerResetTestExecutionListener, org.springframework.boot.test.autoconfigure.web.servlet.MockMvcPrintOnlyOnFailureTestExecutionListener, org.springframework.boot.test.autoconfigure.web.servlet.WebDriverTestExecutionListener, org.springframework.boot.test.autoconfigure.webservices.client.MockWebServiceServerTestExecutionListener, org.springframework.boot.test.mock.mockito.MockitoTestExecutionListener, org.springframework.boot.test.mock.mockito.ResetMocksTestExecutionListener, org.springframework.test.context.web.ServletTestExecutionListener, org.springframework.test.context.support.DirtiesContextBeforeModesTestExecutionListener, org.springframework.test.context.event.ApplicationEventsTestExecutionListener, org.springframework.test.context.support.DependencyInjectionTestExecutionListener, org.springframework.test.context.support.DirtiesContextTestExecutionListener, org.springframework.test.context.transaction.TransactionalTestExecutionListener, org.springframework.test.context.jdbc.SqlScriptsTestExecutionListener, org.springframework.test.context.event.EventPublishingTestExecutionListener]
2021-06-30 23:05:51.345  INFO 83182 --- [    Test worker] .b.t.c.SpringBootTestContextBootstrapper : Using TestExecutionListeners: [org.springframework.test.context.web.ServletTestExecutionListener@427a2506, org.springframework.test.context.support.DirtiesContextBeforeModesTestExecutionListener@99d71b0, org.springframework.test.context.event.ApplicationEventsTestExecutionListener@7963417f, org.springframework.boot.test.mock.mockito.MockitoTestExecutionListener@1c71d81a, org.springframework.boot.test.autoconfigure.SpringBootDependencyInjectionTestExecutionListener@fb08c87, org.springframework.test.context.support.DirtiesContextTestExecutionListener@6d426c30, org.springframework.test.context.transaction.TransactionalTestExecutionListener@ec9a05e, org.springframework.test.context.jdbc.SqlScriptsTestExecutionListener@1c6a1895, org.springframework.security.test.context.support.WithSecurityContextTestExecutionListener@17357b2b, org.springframework.test.context.event.EventPublishingTestExecutionListener@69e8a611, org.springframework.security.test.context.support.ReactorContextTestExecutionListener@2a603022, org.springframework.boot.test.autoconfigure.restdocs.RestDocsTestExecutionListener@66822b4b, org.springframework.boot.test.autoconfigure.web.client.MockRestServiceServerResetTestExecutionListener@5a52e893, org.springframework.boot.test.autoconfigure.web.servlet.MockMvcPrintOnlyOnFailureTestExecutionListener@76a615e6, org.springframework.boot.test.autoconfigure.web.servlet.WebDriverTestExecutionListener@5d6cda30, org.springframework.boot.test.autoconfigure.webservices.client.MockWebServiceServerTestExecutionListener@2ac37aa5, org.springframework.boot.test.mock.mockito.ResetMocksTestExecutionListener@6718191e]
2021-06-30 23:05:51.357  INFO 83182 --- [    Test worker] o.s.t.c.transaction.TransactionContext   : Began transaction (1) for test context [DefaultTestContext@79310087 testClass = ItemQueryRepositoryTest, testInstance = com.table.order.domain.item.ItemQueryRepositoryTest@1ff06850, testMethod = findAllByItemIds@ItemQueryRepositoryTest, testException = [null], mergedContextConfiguration = [WebMergedContextConfiguration@68368f3e testClass = ItemQueryRepositoryTest, locations = '{}', classes = '{class com.table.order.OrderApplication}', contextInitializerClasses = '[]', activeProfiles = '{}', propertySourceLocations = '{}', propertySourceProperties = '{org.springframework.boot.test.context.SpringBootTestContextBootstrapper=true}', contextCustomizers = set[org.springframework.boot.test.autoconfigure.actuate.metrics.MetricsExportContextCustomizerFactory$DisableMetricExportContextCustomizer@bc6b058, org.springframework.boot.test.autoconfigure.properties.PropertyMappingContextCustomizer@0, org.springframework.boot.test.autoconfigure.web.servlet.WebDriverContextCustomizerFactory$Customizer@30997a79, org.springframework.boot.test.context.filter.ExcludeFilterContextCustomizer@32d7bfa7, org.springframework.boot.test.json.DuplicateJsonObjectContextCustomizerFactory$DuplicateJsonObjectContextCustomizer@769f0bf6, org.springframework.boot.test.mock.mockito.MockitoContextCustomizer@0, org.springframework.boot.test.web.client.TestRestTemplateContextCustomizer@1f777aee, org.springframework.boot.test.context.SpringBootTestArgs@1, org.springframework.boot.test.context.SpringBootTestWebEnvironment@59b0859d], resourceBasePath = 'src/main/webapp', contextLoader = 'org.springframework.boot.test.context.SpringBootContextLoader', parent = [null]], attributes = map['org.springframework.test.context.web.ServletTestExecutionListener.activateListener' -> true, 'org.springframework.test.context.web.ServletTestExecutionListener.populatedRequestContextHolder' -> true, 'org.springframework.test.context.web.ServletTestExecutionListener.resetRequestContextHolder' -> true, 'org.springframework.test.context.event.ApplicationEventsTestExecutionListener.recordApplicationEvents' -> false]]; transaction manager [org.springframework.orm.jpa.JpaTransactionManager@742e9a19]; rollback [true]
Hibernate: 
    call next value for hibernate_sequence
Hibernate: 
    call next value for hibernate_sequence
Hibernate: 
    call next value for hibernate_sequence
Hibernate: 
    call next value for hibernate_sequence
Hibernate: 
    call next value for hibernate_sequence
Hibernate: 
    insert 
    into
        item
        (created_date, updated_date, category_id, description, image, name, price, store_id, item_id) 
    values
        (?, ?, ?, ?, ?, ?, ?, ?, ?)
Hibernate: 
    insert 
    into
        item
        (created_date, updated_date, category_id, description, image, name, price, store_id, item_id) 
    values
        (?, ?, ?, ?, ?, ?, ?, ?, ?)
Hibernate: 
    insert 
    into
        item
        (created_date, updated_date, category_id, description, image, name, price, store_id, item_id) 
    values
        (?, ?, ?, ?, ?, ?, ?, ?, ?)
Hibernate: 
    insert 
    into
        item
        (created_date, updated_date, category_id, description, image, name, price, store_id, item_id) 
    values
        (?, ?, ?, ?, ?, ?, ?, ?, ?)
Hibernate: 
    insert 
    into
        item
        (created_date, updated_date, category_id, description, image, name, price, store_id, item_id) 
    values
        (?, ?, ?, ?, ?, ?, ?, ?, ?)
Hibernate: 
    select
        item0_.item_id as item_id1_2_,
        item0_.created_date as created_2_2_,
        item0_.updated_date as updated_3_2_,
        item0_.category_id as category8_2_,
        item0_.description as descript4_2_,
        item0_.image as image5_2_,
        item0_.name as name6_2_,
        item0_.price as price7_2_,
        item0_.store_id as store_id9_2_ 
    from
        item item0_ 
    where
        item0_.item_id=? 
        or item0_.item_id=? 
        or item0_.item_id=? 
        or item0_.item_id=? 
        or item0_.item_id=?
Hibernate: 
    select
        item0_.item_id as item_id1_2_,
        item0_.created_date as created_2_2_,
        item0_.updated_date as updated_3_2_,
        item0_.category_id as category8_2_,
        item0_.description as descript4_2_,
        item0_.image as image5_2_,
        item0_.name as name6_2_,
        item0_.price as price7_2_,
        item0_.store_id as store_id9_2_ 
    from
        item item0_ 
    where
        item0_.item_id=? 
        or item0_.item_id=? 
        or item0_.item_id=?
2021-06-30 23:05:51.624  INFO 83182 --- [    Test worker] o.s.t.c.transaction.TransactionContext   : Rolled back transaction for test: [DefaultTestContext@79310087 testClass = ItemQueryRepositoryTest, testInstance = com.table.order.domain.item.ItemQueryRepositoryTest@1ff06850, testMethod = findAllByItemIds@ItemQueryRepositoryTest, testException = [null], mergedContextConfiguration = [WebMergedContextConfiguration@68368f3e testClass = ItemQueryRepositoryTest, locations = '{}', classes = '{class com.table.order.OrderApplication}', contextInitializerClasses = '[]', activeProfiles = '{}', propertySourceLocations = '{}', propertySourceProperties = '{org.springframework.boot.test.context.SpringBootTestContextBootstrapper=true}', contextCustomizers = set[org.springframework.boot.test.autoconfigure.actuate.metrics.MetricsExportContextCustomizerFactory$DisableMetricExportContextCustomizer@bc6b058, org.springframework.boot.test.autoconfigure.properties.PropertyMappingContextCustomizer@0, org.springframework.boot.test.autoconfigure.web.servlet.WebDriverContextCustomizerFactory$Customizer@30997a79, org.springframework.boot.test.context.filter.ExcludeFilterContextCustomizer@32d7bfa7, org.springframework.boot.test.json.DuplicateJsonObjectContextCustomizerFactory$DuplicateJsonObjectContextCustomizer@769f0bf6, org.springframework.boot.test.mock.mockito.MockitoContextCustomizer@0, org.springframework.boot.test.web.client.TestRestTemplateContextCustomizer@1f777aee, org.springframework.boot.test.context.SpringBootTestArgs@1, org.springframework.boot.test.context.SpringBootTestWebEnvironment@59b0859d], resourceBasePath = 'src/main/webapp', contextLoader = 'org.springframework.boot.test.context.SpringBootContextLoader', parent = [null]], attributes = map['org.springframework.test.context.web.ServletTestExecutionListener.activateListener' -> true, 'org.springframework.test.context.web.ServletTestExecutionListener.populatedRequestContextHolder' -> true, 'org.springframework.test.context.web.ServletTestExecutionListener.resetRequestContextHolder' -> true, 'org.springframework.test.context.event.ApplicationEventsTestExecutionListener.recordApplicationEvents' -> false]]
]]></system-out>
  <system-err><![CDATA[]]></system-err>
</testsuite>
