<?xml version="1.0" encoding="UTF-8"?>
<testsuite name="com.table.order.domain.item.ItemControllerTest" tests="3" skipped="0" failures="0" errors="0" timestamp="2021-09-28T11:54:16" hostname="ibeomjun-ui-MacBookPro.local" time="0.069">
  <properties/>
  <testcase name="카테고리 추가 테스트" classname="com.table.order.domain.item.ItemControllerTest" time="0.028"/>
  <testcase name="메뉴 수정 테스트" classname="com.table.order.domain.item.ItemControllerTest" time="0.022"/>
  <testcase name="메뉴 삭제 테스트" classname="com.table.order.domain.item.ItemControllerTest" time="0.017"/>
  <system-out><![CDATA[2021-09-28 20:54:15.534  INFO 69363 --- [    Test worker] .b.t.a.w.s.WebMvcTestContextBootstrapper : Neither @ContextConfiguration nor @ContextHierarchy found for test class [com.table.order.domain.item.ItemControllerTest], using SpringBootContextLoader
2021-09-28 20:54:15.535  INFO 69363 --- [    Test worker] o.s.t.c.support.AbstractContextLoader    : Could not detect default resource locations for test class [com.table.order.domain.item.ItemControllerTest]: no resource found for suffixes {-context.xml, Context.groovy}.
2021-09-28 20:54:15.535  INFO 69363 --- [    Test worker] t.c.s.AnnotationConfigContextLoaderUtils : Could not detect default configuration classes for test class [com.table.order.domain.item.ItemControllerTest]: ItemControllerTest does not declare any static, non-private, non-final, nested classes annotated with @Configuration.
2021-09-28 20:54:15.538  INFO 69363 --- [    Test worker] .b.t.c.SpringBootTestContextBootstrapper : Found @SpringBootConfiguration com.table.order.OrderApplication for test class com.table.order.domain.item.ItemControllerTest
2021-09-28 20:54:15.538  INFO 69363 --- [    Test worker] .b.t.a.w.s.WebMvcTestContextBootstrapper : Loaded default TestExecutionListener class names from location [META-INF/spring.factories]: [org.springframework.security.test.context.support.WithSecurityContextTestExecutionListener, org.springframework.security.test.context.support.ReactorContextTestExecutionListener, org.springframework.boot.test.autoconfigure.restdocs.RestDocsTestExecutionListener, org.springframework.boot.test.autoconfigure.web.client.MockRestServiceServerResetTestExecutionListener, org.springframework.boot.test.autoconfigure.web.servlet.MockMvcPrintOnlyOnFailureTestExecutionListener, org.springframework.boot.test.autoconfigure.web.servlet.WebDriverTestExecutionListener, org.springframework.boot.test.autoconfigure.webservices.client.MockWebServiceServerTestExecutionListener, org.springframework.boot.test.mock.mockito.MockitoTestExecutionListener, org.springframework.boot.test.mock.mockito.ResetMocksTestExecutionListener, org.springframework.test.context.web.ServletTestExecutionListener, org.springframework.test.context.support.DirtiesContextBeforeModesTestExecutionListener, org.springframework.test.context.event.ApplicationEventsTestExecutionListener, org.springframework.test.context.support.DependencyInjectionTestExecutionListener, org.springframework.test.context.support.DirtiesContextTestExecutionListener, org.springframework.test.context.transaction.TransactionalTestExecutionListener, org.springframework.test.context.jdbc.SqlScriptsTestExecutionListener, org.springframework.test.context.event.EventPublishingTestExecutionListener]
2021-09-28 20:54:15.539  INFO 69363 --- [    Test worker] .b.t.a.w.s.WebMvcTestContextBootstrapper : Using TestExecutionListeners: [org.springframework.test.context.web.ServletTestExecutionListener@5bc9c876, org.springframework.test.context.support.DirtiesContextBeforeModesTestExecutionListener@6f9842db, org.springframework.test.context.event.ApplicationEventsTestExecutionListener@5ebd4c7e, org.springframework.boot.test.mock.mockito.MockitoTestExecutionListener@4719a3bd, org.springframework.boot.test.autoconfigure.SpringBootDependencyInjectionTestExecutionListener@52864950, org.springframework.test.context.support.DirtiesContextTestExecutionListener@7f254741, org.springframework.test.context.transaction.TransactionalTestExecutionListener@4bcf3a67, org.springframework.test.context.jdbc.SqlScriptsTestExecutionListener@41c16ce8, org.springframework.security.test.context.support.WithSecurityContextTestExecutionListener@21ed7149, org.springframework.test.context.event.EventPublishingTestExecutionListener@7427257a, org.springframework.security.test.context.support.ReactorContextTestExecutionListener@4689259b, org.springframework.boot.test.autoconfigure.restdocs.RestDocsTestExecutionListener@ce5a78e, org.springframework.boot.test.autoconfigure.web.client.MockRestServiceServerResetTestExecutionListener@46c8e862, org.springframework.boot.test.autoconfigure.web.servlet.MockMvcPrintOnlyOnFailureTestExecutionListener@b090934, org.springframework.boot.test.autoconfigure.web.servlet.WebDriverTestExecutionListener@4a35033, org.springframework.boot.test.autoconfigure.webservices.client.MockWebServiceServerTestExecutionListener@25db5efe, org.springframework.boot.test.mock.mockito.ResetMocksTestExecutionListener@24d139df]

  .   ____          _            __ _ _
 /\\ / ___'_ __ _ _(_)_ __  __ _ \ \ \ \
( ( )\___ | '_ | '_| | '_ \/ _` | \ \ \ \
 \\/  ___)| |_)| | | | | || (_| |  ) ) ) )
  '  |____| .__|_| |_|_| |_\__, | / / / /
 =========|_|==============|___/=/_/_/_/
 :: Spring Boot ::                (v2.4.5)

2021-09-28 20:54:15.559  INFO 69363 --- [    Test worker] c.t.o.domain.item.ItemControllerTest     : Starting ItemControllerTest using Java 11.0.10 on ibeomjun-ui-MacBookPro.local with PID 69363 (started by leebeomjun in /Users/leebeomjun/Desktop/git/TableOrder/backend)
2021-09-28 20:54:15.559  INFO 69363 --- [    Test worker] c.t.o.domain.item.ItemControllerTest     : The following profiles are active: real
2021-09-28 20:54:15.739  INFO 69363 --- [    Test worker] trationDelegate$BeanPostProcessorChecker : Bean 'org.springframework.security.access.expression.method.DefaultMethodSecurityExpressionHandler@663e9497' of type [org.springframework.security.access.expression.method.DefaultMethodSecurityExpressionHandler] is not eligible for getting processed by all BeanPostProcessors (for example: not eligible for auto-proxying)
2021-09-28 20:54:15.745  INFO 69363 --- [    Test worker] trationDelegate$BeanPostProcessorChecker : Bean 'methodSecurityMetadataSource' of type [org.springframework.security.access.method.DelegatingMethodSecurityMetadataSource] is not eligible for getting processed by all BeanPostProcessors (for example: not eligible for auto-proxying)
2021-09-28 20:54:15.879  INFO 69363 --- [    Test worker] o.s.s.web.DefaultSecurityFilterChain     : Will secure Ant [pattern='/app/customers', POST] with []
2021-09-28 20:54:15.879  INFO 69363 --- [    Test worker] o.s.s.web.DefaultSecurityFilterChain     : Will secure Ant [pattern='/users/login', POST] with []
2021-09-28 20:54:15.879  INFO 69363 --- [    Test worker] o.s.s.web.DefaultSecurityFilterChain     : Will secure Ant [pattern='/users', POST] with []
2021-09-28 20:54:15.879  INFO 69363 --- [    Test worker] o.s.s.web.DefaultSecurityFilterChain     : Will secure Ant [pattern='/app/customers/test', GET] with []
2021-09-28 20:54:15.879  INFO 69363 --- [    Test worker] o.s.s.web.DefaultSecurityFilterChain     : Will secure Ant [pattern='/docs/**'] with []
2021-09-28 20:54:15.879  INFO 69363 --- [    Test worker] o.s.s.web.DefaultSecurityFilterChain     : Will secure Ant [pattern='/swagger-ui**'] with []
2021-09-28 20:54:15.957  INFO 69363 --- [    Test worker] o.s.s.web.DefaultSecurityFilterChain     : Will secure any request with [org.springframework.security.web.context.request.async.WebAsyncManagerIntegrationFilter@6fdc2d8b, org.springframework.security.web.context.SecurityContextPersistenceFilter@291c15d2, org.springframework.security.web.header.HeaderWriterFilter@172adc36, org.springframework.web.filter.CorsFilter@3cf5ac5e, org.springframework.security.web.authentication.logout.LogoutFilter@7bb707d6, com.table.order.global.security.filter.JwtFilter@7f3f95a1, org.springframework.security.web.savedrequest.RequestCacheAwareFilter@4fbad2ad, org.springframework.security.web.servletapi.SecurityContextHolderAwareRequestFilter@eb06c00, org.springframework.security.web.authentication.AnonymousAuthenticationFilter@113d43c4, org.springframework.security.web.session.SessionManagementFilter@79d8b315, org.springframework.security.web.access.ExceptionTranslationFilter@55d672de]
2021-09-28 20:54:16.070  INFO 69363 --- [    Test worker] o.s.s.concurrent.ThreadPoolTaskExecutor  : Initializing ExecutorService 'applicationTaskExecutor'
2021-09-28 20:54:16.295  INFO 69363 --- [    Test worker] o.s.b.t.m.w.SpringBootMockServletContext : Initializing Spring TestDispatcherServlet ''
2021-09-28 20:54:16.295  INFO 69363 --- [    Test worker] o.s.t.web.servlet.TestDispatcherServlet  : Initializing Servlet ''
2021-09-28 20:54:16.296  INFO 69363 --- [    Test worker] o.s.t.web.servlet.TestDispatcherServlet  : Completed initialization in 1 ms
2021-09-28 20:54:16.325  INFO 69363 --- [    Test worker] c.t.o.domain.item.ItemControllerTest     : Started ItemControllerTest in 0.783 seconds (JVM running for 11.502)
2021-09-28 20:54:16.333  INFO 69363 --- [    Test worker] c.t.o.global.security.filter.JwtFilter   : (accessToken) 추출 완료
2021-09-28 20:54:16.333  INFO 69363 --- [    Test worker] c.t.o.global.security.filter.JwtFilter   : UsernamePasswordAuthenticationToken [Principal=test, Credentials=[PROTECTED], Authenticated=true, Details=null, Granted Authorities=[ROLE_USER]] Authentication 생성

MockHttpServletRequest:
      HTTP Method = POST
      Request URI = /items
       Parameters = {}
          Headers = [Content-Type:"application/json;charset=UTF-8", Authorization:"Bearer (accessToken)", Accept:"application/json", Content-Length:"97"]
             Body = {"name":"메뉴 1","description":"메뉴 설명","price":1000,"image":"이미지","categoryId":1}
    Session Attrs = {}

Handler:
             Type = com.table.order.domain.item.controller.ItemController
           Method = com.table.order.domain.item.controller.ItemController#addItem(RequestAddItem, Authentication)

Async:
    Async started = false
     Async result = null

Resolved Exception:
             Type = null

ModelAndView:
        View name = null
             View = null
            Model = null

FlashMap:
       Attributes = null

MockHttpServletResponse:
           Status = 201
    Error message = null
          Headers = [Vary:"Origin", "Access-Control-Request-Method", "Access-Control-Request-Headers", Content-Type:"application/json", X-Content-Type-Options:"nosniff", X-XSS-Protection:"1; mode=block", Cache-Control:"no-cache, no-store, max-age=0, must-revalidate", Pragma:"no-cache", Expires:"0", X-Frame-Options:"DENY"]
     Content type = application/json
             Body = {"status":201,"message":"ë©]]>&#x94;<![CDATA[ë]]>&#x89;<![CDATA[´ ì¶]]>&#x94;<![CDATA[ê°]]>&#x80;<![CDATA[ ì]]>&#x84;<![CDATA[±ê³µ","data":{"id":2,"name":"ë©]]>&#x94;<![CDATA[ë]]>&#x89;<![CDATA[´ 1","description":"ë©]]>&#x94;<![CDATA[ë]]>&#x89;<![CDATA[´ ì]]>&#x84;<![CDATA[¤ëª","price":1000,"image":"ì]]>&#x9d;<![CDATA[´ë¯¸ì§]]>&#x80;<![CDATA["}}
    Forwarded URL = null
   Redirected URL = null
          Cookies = []
2021-09-28 20:54:16.361  INFO 69363 --- [    Test worker] c.t.o.global.security.filter.JwtFilter   : (accessToken) 추출 완료
2021-09-28 20:54:16.361  INFO 69363 --- [    Test worker] c.t.o.global.security.filter.JwtFilter   : UsernamePasswordAuthenticationToken [Principal=test, Credentials=[PROTECTED], Authenticated=true, Details=null, Granted Authorities=[ROLE_USER]] Authentication 생성

MockHttpServletRequest:
      HTTP Method = PUT
      Request URI = /items/1
       Parameters = {}
          Headers = [Content-Type:"application/json;charset=UTF-8", Authorization:"Bearer (accessToken)", Accept:"application/json", Content-Length:"115"]
             Body = {"name":"수정된 메뉴명","description":"수정된 설명","price":100000,"image":"수정된 이미지 주소"}
    Session Attrs = {}

Handler:
             Type = com.table.order.domain.item.controller.ItemController
           Method = com.table.order.domain.item.controller.ItemController#updateItem(Long, RequestUpdateItem, Authentication)

Async:
    Async started = false
     Async result = null

Resolved Exception:
             Type = null

ModelAndView:
        View name = null
             View = null
            Model = null

FlashMap:
       Attributes = null

MockHttpServletResponse:
           Status = 200
    Error message = null
          Headers = [Vary:"Origin", "Access-Control-Request-Method", "Access-Control-Request-Headers", Content-Type:"application/json", X-Content-Type-Options:"nosniff", X-XSS-Protection:"1; mode=block", Cache-Control:"no-cache, no-store, max-age=0, must-revalidate", Pragma:"no-cache", Expires:"0", X-Frame-Options:"DENY"]
     Content type = application/json
             Body = {"status":200,"message":"ë©]]>&#x94;<![CDATA[ë]]>&#x89;<![CDATA[´ ì]]>&#x88;<![CDATA[]]>&#x98;<![CDATA[ì ]]>&#x95;<![CDATA[ ì]]>&#x84;<![CDATA[±ê³µ"}
    Forwarded URL = null
   Redirected URL = null
          Cookies = []
2021-09-28 20:54:16.383  INFO 69363 --- [    Test worker] c.t.o.global.security.filter.JwtFilter   : (accessToken) 추출 완료
2021-09-28 20:54:16.383  INFO 69363 --- [    Test worker] c.t.o.global.security.filter.JwtFilter   : UsernamePasswordAuthenticationToken [Principal=test, Credentials=[PROTECTED], Authenticated=true, Details=null, Granted Authorities=[ROLE_USER]] Authentication 생성

MockHttpServletRequest:
      HTTP Method = DELETE
      Request URI = /items/1
       Parameters = {}
          Headers = [Content-Type:"application/json;charset=UTF-8", Authorization:"Bearer (accessToken)", Accept:"application/json"]
             Body = null
    Session Attrs = {}

Handler:
             Type = com.table.order.domain.item.controller.ItemController
           Method = com.table.order.domain.item.controller.ItemController#deleteItem(Long, Authentication)

Async:
    Async started = false
     Async result = null

Resolved Exception:
             Type = null

ModelAndView:
        View name = null
             View = null
            Model = null

FlashMap:
       Attributes = null

MockHttpServletResponse:
           Status = 200
    Error message = null
          Headers = [Vary:"Origin", "Access-Control-Request-Method", "Access-Control-Request-Headers", Content-Type:"application/json", X-Content-Type-Options:"nosniff", X-XSS-Protection:"1; mode=block", Cache-Control:"no-cache, no-store, max-age=0, must-revalidate", Pragma:"no-cache", Expires:"0", X-Frame-Options:"DENY"]
     Content type = application/json
             Body = {"status":200,"message":"ë©]]>&#x94;<![CDATA[ë]]>&#x89;<![CDATA[´ ì]]>&#x82;<![CDATA[­ì ]]>&#x9c;<![CDATA[ ì]]>&#x84;<![CDATA[±ê³µ"}
    Forwarded URL = null
   Redirected URL = null
          Cookies = []
]]></system-out>
  <system-err><![CDATA[]]></system-err>
</testsuite>
