<?xml version="1.0" encoding="UTF-8"?>
<testsuite name="com.table.order.domain.customer.CustomerControllerTest" tests="4" skipped="0" failures="0" errors="0" timestamp="2021-10-07T11:05:28" hostname="ibeomjun-ui-MacBookPro.local" time="0.061">
  <properties/>
  <testcase name="QR 코드 스캔 테스트 (회원가입)" classname="com.table.order.domain.customer.CustomerControllerTest" time="0.017"/>
  <testcase name="QR 코드 스캔 테스트 (재로그인)" classname="com.table.order.domain.customer.CustomerControllerTest" time="0.02"/>
  <testcase name="QR 코드 스캔 테스트 (재방문)" classname="com.table.order.domain.customer.CustomerControllerTest" time="0.011"/>
  <testcase name="테스트" classname="com.table.order.domain.customer.CustomerControllerTest" time="0.01"/>
  <system-out><![CDATA[2021-10-07 20:05:27.472  INFO 97937 --- [    Test worker] .b.t.a.w.s.WebMvcTestContextBootstrapper : Neither @ContextConfiguration nor @ContextHierarchy found for test class [com.table.order.domain.customer.CustomerControllerTest], using SpringBootContextLoader
2021-10-07 20:05:27.473  INFO 97937 --- [    Test worker] o.s.t.c.support.AbstractContextLoader    : Could not detect default resource locations for test class [com.table.order.domain.customer.CustomerControllerTest]: no resource found for suffixes {-context.xml, Context.groovy}.
2021-10-07 20:05:27.473  INFO 97937 --- [    Test worker] t.c.s.AnnotationConfigContextLoaderUtils : Could not detect default configuration classes for test class [com.table.order.domain.customer.CustomerControllerTest]: CustomerControllerTest does not declare any static, non-private, non-final, nested classes annotated with @Configuration.
2021-10-07 20:05:27.479  INFO 97937 --- [    Test worker] .b.t.c.SpringBootTestContextBootstrapper : Found @SpringBootConfiguration com.table.order.OrderApplication for test class com.table.order.domain.customer.CustomerControllerTest
2021-10-07 20:05:27.480  INFO 97937 --- [    Test worker] .b.t.a.w.s.WebMvcTestContextBootstrapper : Loaded default TestExecutionListener class names from location [META-INF/spring.factories]: [org.springframework.security.test.context.support.WithSecurityContextTestExecutionListener, org.springframework.security.test.context.support.ReactorContextTestExecutionListener, org.springframework.boot.test.autoconfigure.restdocs.RestDocsTestExecutionListener, org.springframework.boot.test.autoconfigure.web.client.MockRestServiceServerResetTestExecutionListener, org.springframework.boot.test.autoconfigure.web.servlet.MockMvcPrintOnlyOnFailureTestExecutionListener, org.springframework.boot.test.autoconfigure.web.servlet.WebDriverTestExecutionListener, org.springframework.boot.test.autoconfigure.webservices.client.MockWebServiceServerTestExecutionListener, org.springframework.boot.test.mock.mockito.MockitoTestExecutionListener, org.springframework.boot.test.mock.mockito.ResetMocksTestExecutionListener, org.springframework.test.context.web.ServletTestExecutionListener, org.springframework.test.context.support.DirtiesContextBeforeModesTestExecutionListener, org.springframework.test.context.event.ApplicationEventsTestExecutionListener, org.springframework.test.context.support.DependencyInjectionTestExecutionListener, org.springframework.test.context.support.DirtiesContextTestExecutionListener, org.springframework.test.context.transaction.TransactionalTestExecutionListener, org.springframework.test.context.jdbc.SqlScriptsTestExecutionListener, org.springframework.test.context.event.EventPublishingTestExecutionListener]
2021-10-07 20:05:27.480  INFO 97937 --- [    Test worker] .b.t.a.w.s.WebMvcTestContextBootstrapper : Using TestExecutionListeners: [org.springframework.test.context.web.ServletTestExecutionListener@4688505d, org.springframework.test.context.support.DirtiesContextBeforeModesTestExecutionListener@15bf060, org.springframework.test.context.event.ApplicationEventsTestExecutionListener@364ff282, org.springframework.boot.test.mock.mockito.MockitoTestExecutionListener@53f4d6cf, org.springframework.boot.test.autoconfigure.SpringBootDependencyInjectionTestExecutionListener@577a6e54, org.springframework.test.context.support.DirtiesContextTestExecutionListener@97c5c2b, org.springframework.test.context.transaction.TransactionalTestExecutionListener@406e6464, org.springframework.test.context.jdbc.SqlScriptsTestExecutionListener@35d99008, org.springframework.security.test.context.support.WithSecurityContextTestExecutionListener@31d55029, org.springframework.test.context.event.EventPublishingTestExecutionListener@5aa3cf3c, org.springframework.security.test.context.support.ReactorContextTestExecutionListener@695ddd48, org.springframework.boot.test.autoconfigure.restdocs.RestDocsTestExecutionListener@10fd59bb, org.springframework.boot.test.autoconfigure.web.client.MockRestServiceServerResetTestExecutionListener@b320795, org.springframework.boot.test.autoconfigure.web.servlet.MockMvcPrintOnlyOnFailureTestExecutionListener@4f2cf3e0, org.springframework.boot.test.autoconfigure.web.servlet.WebDriverTestExecutionListener@481cc0d0, org.springframework.boot.test.autoconfigure.webservices.client.MockWebServiceServerTestExecutionListener@325678e9, org.springframework.boot.test.mock.mockito.ResetMocksTestExecutionListener@29c3df99]

  .   ____          _            __ _ _
 /\\ / ___'_ __ _ _(_)_ __  __ _ \ \ \ \
( ( )\___ | '_ | '_| | '_ \/ _` | \ \ \ \
 \\/  ___)| |_)| | | | | || (_| |  ) ) ) )
  '  |____| .__|_| |_|_| |_\__, | / / / /
 =========|_|==============|___/=/_/_/_/
 :: Spring Boot ::                (v2.4.5)

2021-10-07 20:05:27.501  INFO 97937 --- [    Test worker] c.t.o.d.customer.CustomerControllerTest  : Starting CustomerControllerTest using Java 11.0.10 on ibeomjun-ui-MacBookPro.local with PID 97937 (started by leebeomjun in /Users/leebeomjun/Desktop/git/TableOrder/backend)
2021-10-07 20:05:27.502  INFO 97937 --- [    Test worker] c.t.o.d.customer.CustomerControllerTest  : The following profiles are active: real
2021-10-07 20:05:27.662  INFO 97937 --- [    Test worker] trationDelegate$BeanPostProcessorChecker : Bean 'org.springframework.security.access.expression.method.DefaultMethodSecurityExpressionHandler@6905cdb6' of type [org.springframework.security.access.expression.method.DefaultMethodSecurityExpressionHandler] is not eligible for getting processed by all BeanPostProcessors (for example: not eligible for auto-proxying)
2021-10-07 20:05:27.667  INFO 97937 --- [    Test worker] trationDelegate$BeanPostProcessorChecker : Bean 'methodSecurityMetadataSource' of type [org.springframework.security.access.method.DelegatingMethodSecurityMetadataSource] is not eligible for getting processed by all BeanPostProcessors (for example: not eligible for auto-proxying)
2021-10-07 20:05:27.757  INFO 97937 --- [    Test worker] o.s.s.web.DefaultSecurityFilterChain     : Will secure Ant [pattern='/app/customers', POST] with []
2021-10-07 20:05:27.757  INFO 97937 --- [    Test worker] o.s.s.web.DefaultSecurityFilterChain     : Will secure Ant [pattern='/users/login', POST] with []
2021-10-07 20:05:27.757  INFO 97937 --- [    Test worker] o.s.s.web.DefaultSecurityFilterChain     : Will secure Ant [pattern='/users', POST] with []
2021-10-07 20:05:27.757  INFO 97937 --- [    Test worker] o.s.s.web.DefaultSecurityFilterChain     : Will secure Ant [pattern='/app/customers/test', GET] with []
2021-10-07 20:05:27.757  INFO 97937 --- [    Test worker] o.s.s.web.DefaultSecurityFilterChain     : Will secure Ant [pattern='/docs/**'] with []
2021-10-07 20:05:27.757  INFO 97937 --- [    Test worker] o.s.s.web.DefaultSecurityFilterChain     : Will secure Ant [pattern='/swagger-ui**'] with []
2021-10-07 20:05:27.794  INFO 97937 --- [    Test worker] o.s.s.web.DefaultSecurityFilterChain     : Will secure any request with [org.springframework.security.web.context.request.async.WebAsyncManagerIntegrationFilter@5ded416, org.springframework.security.web.context.SecurityContextPersistenceFilter@6aaf1be9, org.springframework.security.web.header.HeaderWriterFilter@35d0a2c7, org.springframework.web.filter.CorsFilter@410f989b, org.springframework.security.web.authentication.logout.LogoutFilter@7f800e6, com.table.order.global.security.filter.JwtFilter@6374f6c, org.springframework.security.web.savedrequest.RequestCacheAwareFilter@30ccdda5, org.springframework.security.web.servletapi.SecurityContextHolderAwareRequestFilter@3a97e1, org.springframework.security.web.authentication.AnonymousAuthenticationFilter@29357e7f, org.springframework.security.web.session.SessionManagementFilter@5fa9539a, org.springframework.security.web.access.ExceptionTranslationFilter@2bee3afb]
2021-10-07 20:05:27.876  INFO 97937 --- [    Test worker] o.s.s.concurrent.ThreadPoolTaskExecutor  : Initializing ExecutorService 'applicationTaskExecutor'
2021-10-07 20:05:28.008  INFO 97937 --- [    Test worker] o.s.b.t.m.w.SpringBootMockServletContext : Initializing Spring TestDispatcherServlet ''
2021-10-07 20:05:28.008  INFO 97937 --- [    Test worker] o.s.t.web.servlet.TestDispatcherServlet  : Initializing Servlet ''
2021-10-07 20:05:28.009  INFO 97937 --- [    Test worker] o.s.t.web.servlet.TestDispatcherServlet  : Completed initialization in 1 ms
2021-10-07 20:05:28.021  INFO 97937 --- [    Test worker] c.t.o.d.customer.CustomerControllerTest  : Started CustomerControllerTest in 0.539 seconds (JVM running for 12.429)

MockHttpServletRequest:
      HTTP Method = POST
      Request URI = /app/customers
       Parameters = {}
          Headers = [Content-Type:"application/json;charset=UTF-8", Accept:"application/json", Content-Length:"55"]
             Body = {"username":"7c982859267771f3","storeId":2,"tableId":1}
    Session Attrs = {}

Handler:
             Type = com.table.order.domain.customer.controller.CustomerController
           Method = com.table.order.domain.customer.controller.CustomerController#scanQrCode(RequestLoginCustomer)

Async:
    Async started = false
     Async result = null

Resolved Exception:
             Type = null

ModelAndView:
        View name = null
             View = null
            Model = null

FlashMap:
       Attributes = null

MockHttpServletResponse:
           Status = 201
    Error message = null
          Headers = [Vary:"Origin", "Access-Control-Request-Method", "Access-Control-Request-Headers", Content-Type:"application/json"]
     Content type = application/json
             Body = {"status":201,"message":"í]]>&#x9a;<![CDATA[]]>&#x8c;<![CDATA[ì]]>&#x9b;<![CDATA[]]>&#x90;<![CDATA[ê°]]>&#x80;<![CDATA[ì]]>&#x9e;<![CDATA[ ì]]>&#x84;<![CDATA[±ê³µ","accessToken":"(accessToken)","expiredAt":"2021-10-07T20:35:28.02672"}
    Forwarded URL = null
   Redirected URL = null
          Cookies = []

MockHttpServletRequest:
      HTTP Method = POST
      Request URI = /app/customers
       Parameters = {}
          Headers = [Content-Type:"application/json;charset=UTF-8", Accept:"application/json", Content-Length:"55"]
             Body = {"username":"7c982859267771f3","storeId":2,"tableId":1}
    Session Attrs = {}

Handler:
             Type = com.table.order.domain.customer.controller.CustomerController
           Method = com.table.order.domain.customer.controller.CustomerController#scanQrCode(RequestLoginCustomer)

Async:
    Async started = false
     Async result = null

Resolved Exception:
             Type = null

ModelAndView:
        View name = null
             View = null
            Model = null

FlashMap:
       Attributes = null

MockHttpServletResponse:
           Status = 200
    Error message = null
          Headers = [Vary:"Origin", "Access-Control-Request-Method", "Access-Control-Request-Headers", Content-Type:"application/json"]
     Content type = application/json
             Body = {"status":200,"message":"ì]]>&#x9e;<![CDATA[¬ë¡]]>&#x9c;<![CDATA[ê·¸ì]]>&#x9d;<![CDATA[¸ ì]]>&#x84;<![CDATA[±ê³µ","accessToken":"(accessToken)","expiredAt":"2021-10-07T20:35:28.05233"}
    Forwarded URL = null
   Redirected URL = null
          Cookies = []

MockHttpServletRequest:
      HTTP Method = POST
      Request URI = /app/customers
       Parameters = {}
          Headers = [Content-Type:"application/json;charset=UTF-8", Accept:"application/json", Content-Length:"55"]
             Body = {"username":"7c982859267771f3","storeId":2,"tableId":1}
    Session Attrs = {}

Handler:
             Type = com.table.order.domain.customer.controller.CustomerController
           Method = com.table.order.domain.customer.controller.CustomerController#scanQrCode(RequestLoginCustomer)

Async:
    Async started = false
     Async result = null

Resolved Exception:
             Type = null

ModelAndView:
        View name = null
             View = null
            Model = null

FlashMap:
       Attributes = null

MockHttpServletResponse:
           Status = 200
    Error message = null
          Headers = [Vary:"Origin", "Access-Control-Request-Method", "Access-Control-Request-Headers", Content-Type:"application/json"]
     Content type = application/json
             Body = {"status":200,"message":"ì]]>&#x8b;<![CDATA[]]>&#x9d;<![CDATA[ë]]>&#x8b;<![CDATA[¹ ì]]>&#x9e;<![CDATA[¬ë°©ë¬¸ ì]]>&#x84;<![CDATA[±ê³µ","accessToken":"(accessToken)","expiredAt":"2021-10-07T20:35:28.064285"}
    Forwarded URL = null
   Redirected URL = null
          Cookies = []

MockHttpServletRequest:
      HTTP Method = GET
      Request URI = /app/customers/test
       Parameters = {}
          Headers = [Content-Type:"application/json;charset=UTF-8", Accept:"application/json"]
             Body = null
    Session Attrs = {}

Handler:
             Type = com.table.order.domain.customer.controller.CustomerController
           Method = com.table.order.domain.customer.controller.CustomerController#test()

Async:
    Async started = false
     Async result = null

Resolved Exception:
             Type = null

ModelAndView:
        View name = null
             View = null
            Model = null

FlashMap:
       Attributes = null

MockHttpServletResponse:
           Status = 200
    Error message = null
          Headers = [Vary:"Origin", "Access-Control-Request-Method", "Access-Control-Request-Headers", Content-Type:"application/json"]
     Content type = application/json
             Body = {"status":200,"message":"í]]>&#x8c;<![CDATA[ì]]>&#x8a;<![CDATA[¤í]]>&#x8a;<![CDATA[¸ ì]]>&#x84;<![CDATA[±ê³µ"}
    Forwarded URL = null
   Redirected URL = null
          Cookies = []
]]></system-out>
  <system-err><![CDATA[]]></system-err>
</testsuite>
