<?xml version="1.0" encoding="UTF-8"?>
<testsuite name="com.table.order.OrderApplicationTests" tests="1" skipped="0" failures="0" errors="0" timestamp="2021-09-27T08:04:23" hostname="ibeomjun-ui-MacBookPro.local" time="0.107">
  <properties/>
  <testcase name="contextLoads()" classname="com.table.order.OrderApplicationTests" time="0.107"/>
  <system-out><![CDATA[17:04:17.850 [Test worker] DEBUG org.springframework.test.context.BootstrapUtils - Instantiating CacheAwareContextLoaderDelegate from class [org.springframework.test.context.cache.DefaultCacheAwareContextLoaderDelegate]
17:04:17.863 [Test worker] DEBUG org.springframework.test.context.BootstrapUtils - Instantiating BootstrapContext using constructor [public org.springframework.test.context.support.DefaultBootstrapContext(java.lang.Class,org.springframework.test.context.CacheAwareContextLoaderDelegate)]
17:04:17.898 [Test worker] DEBUG org.springframework.test.context.BootstrapUtils - Instantiating TestContextBootstrapper for test class [com.table.order.OrderApplicationTests] from class [org.springframework.boot.test.context.SpringBootTestContextBootstrapper]
17:04:17.911 [Test worker] INFO org.springframework.boot.test.context.SpringBootTestContextBootstrapper - Neither @ContextConfiguration nor @ContextHierarchy found for test class [com.table.order.OrderApplicationTests], using SpringBootContextLoader
17:04:17.915 [Test worker] DEBUG org.springframework.test.context.support.AbstractContextLoader - Did not detect default resource location for test class [com.table.order.OrderApplicationTests]: class path resource [com/table/order/OrderApplicationTests-context.xml] does not exist
17:04:17.916 [Test worker] DEBUG org.springframework.test.context.support.AbstractContextLoader - Did not detect default resource location for test class [com.table.order.OrderApplicationTests]: class path resource [com/table/order/OrderApplicationTestsContext.groovy] does not exist
17:04:17.916 [Test worker] INFO org.springframework.test.context.support.AbstractContextLoader - Could not detect default resource locations for test class [com.table.order.OrderApplicationTests]: no resource found for suffixes {-context.xml, Context.groovy}.
17:04:17.917 [Test worker] INFO org.springframework.test.context.support.AnnotationConfigContextLoaderUtils - Could not detect default configuration classes for test class [com.table.order.OrderApplicationTests]: OrderApplicationTests does not declare any static, non-private, non-final, nested classes annotated with @Configuration.
17:04:17.962 [Test worker] DEBUG org.springframework.test.context.support.ActiveProfilesUtils - Could not find an 'annotation declaring class' for annotation type [org.springframework.test.context.ActiveProfiles] and class [com.table.order.OrderApplicationTests]
17:04:18.017 [Test worker] DEBUG org.springframework.context.annotation.ClassPathScanningCandidateComponentProvider - Identified candidate component class: file [/Users/leebeomjun/Desktop/git/TableOrder/backend/build/classes/java/main/com/table/order/OrderApplication.class]
17:04:18.018 [Test worker] INFO org.springframework.boot.test.context.SpringBootTestContextBootstrapper - Found @SpringBootConfiguration com.table.order.OrderApplication for test class com.table.order.OrderApplicationTests
17:04:18.117 [Test worker] DEBUG org.springframework.boot.test.context.SpringBootTestContextBootstrapper - @TestExecutionListeners is not present for class [com.table.order.OrderApplicationTests]: using defaults.
17:04:18.117 [Test worker] INFO org.springframework.boot.test.context.SpringBootTestContextBootstrapper - Loaded default TestExecutionListener class names from location [META-INF/spring.factories]: [org.springframework.security.test.context.support.WithSecurityContextTestExecutionListener, org.springframework.security.test.context.support.ReactorContextTestExecutionListener, org.springframework.boot.test.autoconfigure.restdocs.RestDocsTestExecutionListener, org.springframework.boot.test.autoconfigure.web.client.MockRestServiceServerResetTestExecutionListener, org.springframework.boot.test.autoconfigure.web.servlet.MockMvcPrintOnlyOnFailureTestExecutionListener, org.springframework.boot.test.autoconfigure.web.servlet.WebDriverTestExecutionListener, org.springframework.boot.test.autoconfigure.webservices.client.MockWebServiceServerTestExecutionListener, org.springframework.boot.test.mock.mockito.MockitoTestExecutionListener, org.springframework.boot.test.mock.mockito.ResetMocksTestExecutionListener, org.springframework.test.context.web.ServletTestExecutionListener, org.springframework.test.context.support.DirtiesContextBeforeModesTestExecutionListener, org.springframework.test.context.event.ApplicationEventsTestExecutionListener, org.springframework.test.context.support.DependencyInjectionTestExecutionListener, org.springframework.test.context.support.DirtiesContextTestExecutionListener, org.springframework.test.context.transaction.TransactionalTestExecutionListener, org.springframework.test.context.jdbc.SqlScriptsTestExecutionListener, org.springframework.test.context.event.EventPublishingTestExecutionListener]
17:04:18.147 [Test worker] INFO org.springframework.boot.test.context.SpringBootTestContextBootstrapper - Using TestExecutionListeners: [org.springframework.test.context.web.ServletTestExecutionListener@4ae7a668, org.springframework.test.context.support.DirtiesContextBeforeModesTestExecutionListener@4751e1a7, org.springframework.test.context.event.ApplicationEventsTestExecutionListener@45d7726c, org.springframework.boot.test.mock.mockito.MockitoTestExecutionListener@a656fc2, org.springframework.boot.test.autoconfigure.SpringBootDependencyInjectionTestExecutionListener@7dc64c00, org.springframework.test.context.support.DirtiesContextTestExecutionListener@35d2d6c6, org.springframework.test.context.transaction.TransactionalTestExecutionListener@4be89602, org.springframework.test.context.jdbc.SqlScriptsTestExecutionListener@6a52ebc2, org.springframework.security.test.context.support.WithSecurityContextTestExecutionListener@253b0cc4, org.springframework.test.context.event.EventPublishingTestExecutionListener@67c9a43, org.springframework.security.test.context.support.ReactorContextTestExecutionListener@9ab5408, org.springframework.boot.test.autoconfigure.restdocs.RestDocsTestExecutionListener@745aa204, org.springframework.boot.test.autoconfigure.web.client.MockRestServiceServerResetTestExecutionListener@97acd67, org.springframework.boot.test.autoconfigure.web.servlet.MockMvcPrintOnlyOnFailureTestExecutionListener@6bb6f089, org.springframework.boot.test.autoconfigure.web.servlet.WebDriverTestExecutionListener@38eef2e3, org.springframework.boot.test.autoconfigure.webservices.client.MockWebServiceServerTestExecutionListener@19852d78, org.springframework.boot.test.mock.mockito.ResetMocksTestExecutionListener@46cbdada]
17:04:18.155 [Test worker] DEBUG org.springframework.test.context.support.AbstractDirtiesContextTestExecutionListener - Before test class: context [DefaultTestContext@7534c149 testClass = OrderApplicationTests, testInstance = [null], testMethod = [null], testException = [null], mergedContextConfiguration = [WebMergedContextConfiguration@34282759 testClass = OrderApplicationTests, locations = '{}', classes = '{class com.table.order.OrderApplication}', contextInitializerClasses = '[]', activeProfiles = '{}', propertySourceLocations = '{}', propertySourceProperties = '{org.springframework.boot.test.context.SpringBootTestContextBootstrapper=true}', contextCustomizers = set[org.springframework.boot.test.autoconfigure.actuate.metrics.MetricsExportContextCustomizerFactory$DisableMetricExportContextCustomizer@6ad922ca, org.springframework.boot.test.autoconfigure.properties.PropertyMappingContextCustomizer@0, org.springframework.boot.test.autoconfigure.web.servlet.WebDriverContextCustomizerFactory$Customizer@48516c24, org.springframework.boot.test.context.filter.ExcludeFilterContextCustomizer@628b0944, org.springframework.boot.test.json.DuplicateJsonObjectContextCustomizerFactory$DuplicateJsonObjectContextCustomizer@21f05f9e, org.springframework.boot.test.mock.mockito.MockitoContextCustomizer@0, org.springframework.boot.test.web.client.TestRestTemplateContextCustomizer@1d02b55e, org.springframework.boot.test.context.SpringBootTestArgs@1, org.springframework.boot.test.context.SpringBootTestWebEnvironment@5e018e67], resourceBasePath = 'src/main/webapp', contextLoader = 'org.springframework.boot.test.context.SpringBootContextLoader', parent = [null]], attributes = map['org.springframework.test.context.web.ServletTestExecutionListener.activateListener' -> true]], class annotated with @DirtiesContext [false] with mode [null].
17:04:18.185 [Test worker] DEBUG org.springframework.test.context.support.TestPropertySourceUtils - Adding inlined properties to environment: {spring.jmx.enabled=false, org.springframework.boot.test.context.SpringBootTestContextBootstrapper=true}

  .   ____          _            __ _ _
 /\\ / ___'_ __ _ _(_)_ __  __ _ \ \ \ \
( ( )\___ | '_ | '_| | '_ \/ _` | \ \ \ \
 \\/  ___)| |_)| | | | | || (_| |  ) ) ) )
  '  |____| .__|_| |_|_| |_\__, | / / / /
 =========|_|==============|___/=/_/_/_/
 :: Spring Boot ::                (v2.4.5)

2021-09-27 17:04:18.474  INFO 45826 --- [    Test worker] com.table.order.OrderApplicationTests    : Starting OrderApplicationTests using Java 11.0.10 on ibeomjun-ui-MacBookPro.local with PID 45826 (started by leebeomjun in /Users/leebeomjun/Desktop/git/TableOrder/backend)
2021-09-27 17:04:18.475  INFO 45826 --- [    Test worker] com.table.order.OrderApplicationTests    : The following profiles are active: real
2021-09-27 17:04:19.202  INFO 45826 --- [    Test worker] .s.d.r.c.RepositoryConfigurationDelegate : Bootstrapping Spring Data JPA repositories in DEFAULT mode.
2021-09-27 17:04:19.292  INFO 45826 --- [    Test worker] .s.d.r.c.RepositoryConfigurationDelegate : Finished Spring Data repository scanning in 83 ms. Found 8 JPA repository interfaces.
2021-09-27 17:04:19.631  INFO 45826 --- [    Test worker] trationDelegate$BeanPostProcessorChecker : Bean 'org.springframework.security.access.expression.method.DefaultMethodSecurityExpressionHandler@2b10de2f' of type [org.springframework.security.access.expression.method.DefaultMethodSecurityExpressionHandler] is not eligible for getting processed by all BeanPostProcessors (for example: not eligible for auto-proxying)
2021-09-27 17:04:19.643  INFO 45826 --- [    Test worker] trationDelegate$BeanPostProcessorChecker : Bean 'methodSecurityMetadataSource' of type [org.springframework.security.access.method.DelegatingMethodSecurityMetadataSource] is not eligible for getting processed by all BeanPostProcessors (for example: not eligible for auto-proxying)
2021-09-27 17:04:19.855  INFO 45826 --- [    Test worker] o.hibernate.jpa.internal.util.LogHelper  : HHH000204: Processing PersistenceUnitInfo [name: default]
2021-09-27 17:04:19.917  INFO 45826 --- [    Test worker] org.hibernate.Version                    : HHH000412: Hibernate ORM core version 5.4.30.Final
2021-09-27 17:04:20.071  INFO 45826 --- [    Test worker] o.hibernate.annotations.common.Version   : HCANN000001: Hibernate Commons Annotations {5.1.2.Final}
2021-09-27 17:04:20.170  INFO 45826 --- [    Test worker] com.zaxxer.hikari.HikariDataSource       : HikariPool-1 - Starting...
2021-09-27 17:04:20.542  INFO 45826 --- [    Test worker] com.zaxxer.hikari.HikariDataSource       : HikariPool-1 - Start completed.
2021-09-27 17:04:20.573  INFO 45826 --- [    Test worker] org.hibernate.dialect.Dialect            : HHH000400: Using dialect: org.hibernate.dialect.MySQL57Dialect
2021-09-27 17:04:21.284  INFO 45826 --- [    Test worker] o.h.e.t.j.p.i.JtaPlatformInitiator       : HHH000490: Using JtaPlatform implementation: [org.hibernate.engine.transaction.jta.platform.internal.NoJtaPlatform]
2021-09-27 17:04:21.294  INFO 45826 --- [    Test worker] j.LocalContainerEntityManagerFactoryBean : Initialized JPA EntityManagerFactory for persistence unit 'default'
2021-09-27 17:04:22.156  WARN 45826 --- [    Test worker] JpaBaseConfiguration$JpaWebConfiguration : spring.jpa.open-in-view is enabled by default. Therefore, database queries may be performed during view rendering. Explicitly configure spring.jpa.open-in-view to disable this warning
2021-09-27 17:04:22.319  INFO 45826 --- [    Test worker] o.s.s.web.DefaultSecurityFilterChain     : Will secure Ant [pattern='/app/customers'] with []
2021-09-27 17:04:22.319  INFO 45826 --- [    Test worker] o.s.s.web.DefaultSecurityFilterChain     : Will secure Ant [pattern='/app/customers/test'] with []
2021-09-27 17:04:22.319  INFO 45826 --- [    Test worker] o.s.s.web.DefaultSecurityFilterChain     : Will secure Ant [pattern='/users/login'] with []
2021-09-27 17:04:22.320  INFO 45826 --- [    Test worker] o.s.s.web.DefaultSecurityFilterChain     : Will secure Ant [pattern='/users'] with []
2021-09-27 17:04:22.320  INFO 45826 --- [    Test worker] o.s.s.web.DefaultSecurityFilterChain     : Will secure Ant [pattern='/docs/**'] with []
2021-09-27 17:04:22.320  INFO 45826 --- [    Test worker] o.s.s.web.DefaultSecurityFilterChain     : Will secure Ant [pattern='/swagger-ui**'] with []
2021-09-27 17:04:22.382  INFO 45826 --- [    Test worker] o.s.s.web.DefaultSecurityFilterChain     : Will secure any request with [org.springframework.security.web.context.request.async.WebAsyncManagerIntegrationFilter@3d940bf9, org.springframework.security.web.context.SecurityContextPersistenceFilter@3aa6b3c4, org.springframework.security.web.header.HeaderWriterFilter@81c0852, org.springframework.security.web.authentication.logout.LogoutFilter@62c93fc0, com.table.order.global.security.filter.JwtFilter@160804b4, org.springframework.security.web.savedrequest.RequestCacheAwareFilter@600d3437, org.springframework.security.web.servletapi.SecurityContextHolderAwareRequestFilter@16e22d05, org.springframework.security.web.authentication.AnonymousAuthenticationFilter@7374ed74, org.springframework.security.web.session.SessionManagementFilter@2f3898d0, org.springframework.security.web.access.ExceptionTranslationFilter@50adfd0a]
2021-09-27 17:04:22.711  INFO 45826 --- [    Test worker] o.s.s.concurrent.ThreadPoolTaskExecutor  : Initializing ExecutorService 'applicationTaskExecutor'
2021-09-27 17:04:23.127  INFO 45826 --- [    Test worker] com.table.order.OrderApplicationTests    : Started OrderApplicationTests in 4.935 seconds (JVM running for 6.091)
]]></system-out>
  <system-err><![CDATA[]]></system-err>
</testsuite>
